#
# There is insufficient memory for the Java Runtime Environment to continue.
# Native memory allocation (malloc) failed to allocate 32744 bytes for ChunkPool::allocate
# Possible reasons:
#   The system is out of physical RAM or swap space
#   The process is running with CompressedOops enabled, and the Java Heap may be blocking the growth of the native heap
# Possible solutions:
#   Reduce memory load on the system
#   Increase physical memory or swap space
#   Check if swap backing store is full
#   Decrease Java heap size (-Xmx/-Xms)
#   Decrease number of Java threads
#   Decrease Java thread stack sizes (-Xss)
#   Set larger code cache with -XX:ReservedCodeCacheSize=
#   JVM is running with Zero Based Compressed Oops mode in which the Java heap is
#     placed in the first 32GB address space. The Java Heap base address is the
#     maximum limit for the native heap growth. Please use -XX:HeapBaseMinAddress
#     to set the Java Heap base and to place the Java Heap above 32GB virtual address.
# This output file may be truncated or incomplete.
#
#  Out of Memory Error (t:/workspace/open/src/hotspot/share/memory/arena.cpp:82), pid=31500, tid=28140
#
# JRE version: Java(TM) SE Runtime Environment (10.0.2+13) (build 10.0.2+13)
# Java VM: Java HotSpot(TM) 64-Bit Server VM (10.0.2+13, mixed mode, tiered, compressed oops, g1 gc, windows-amd64)
# Core dump will be written. Default location: C:\Users\Administrator\Desktop\hassen_hosni\spring\vistaprintapi\api\hs_err_pid31500.mdmp
#

---------------  S U M M A R Y ------------

Command Line: com.vistaprint.api.ApiRethinkdbApplication

Host: Intel(R) Xeon(R) CPU E5-2697 v3 @ 2.60GHz, 4 cores, 15G,  Windows Server 2008 R2 , 64 bit Build 7601 (6.1.7601.23796)
Time: Tue Oct 02 11:03:25 2018 GMT Daylight Time elapsed time: 712 seconds (0d 0h 11m 52s)

---------------  T H R E A D  ---------------

Current thread (0x000000002943f800):  VMThread "VM Thread" [stack: 0x000000002a880000,0x000000002a980000] [id=28140] _threads_hazard_ptr=0x00000000303233a0

Stack: [0x000000002a880000,0x000000002a980000]
[error occurred during error reporting (printing stack bounds), id 0xe0000001]

Native frames: (J=compiled Java code, j=interpreted, Vv=VM code, C=native code)
V  [jvm.dll+0x5a01a9]
V  [jvm.dll+0x6bcf31]
V  [jvm.dll+0x6be126]
V  [jvm.dll+0x6be715]
V  [jvm.dll+0x6be6cb]
V  [jvm.dll+0x59f993]
V  [jvm.dll+0x59fda8]
C  [ntdll.dll+0x2812d]
C  [ntdll.dll+0x1855f]
C  [ntdll.dll+0x4bcb8]
C  0x000000000d6f0e97

VM_Operation (0x0000000039a0f760): BulkRevokeBias, mode: safepoint, requested by thread 0x000000002e844800


---------------  P R O C E S S  ---------------

Threads class SMR info:
_java_thread_list=0x00000000303233a0, length=178, elements={
0x0000000029442800, 0x000000002944e800, 0x0000000029459000, 0x000000002945a000,
0x000000002945d000, 0x000000002946a000, 0x000000002946d000, 0x000000002a4e5000,
0x000000002a697800, 0x000000002a69c800, 0x00000000302f1800, 0x000000002bed3800,
0x0000000030709800, 0x0000000030552800, 0x000000002d332000, 0x000000002bff5000,
0x000000002ec88800, 0x000000002f31c800, 0x000000002f31d000, 0x000000002f31e000,
0x000000002f31e800, 0x000000002f31f800, 0x000000002f320000, 0x000000002f321000,
0x000000002f322000, 0x000000002f322800, 0x00000000300b0000, 0x00000000300b0800,
0x00000000300b1800, 0x00000000300b2000, 0x00000000300b3000, 0x00000000300b3800,
0x00000000300b4800, 0x00000000300b5800, 0x00000000300b6000, 0x0000000035c57800,
0x0000000035c58800, 0x0000000035c59000, 0x0000000035c5b800, 0x0000000035c5c000,
0x0000000035c5d000, 0x0000000035c5e000, 0x0000000035c5a800, 0x0000000035c5a000,
0x0000000035c56800, 0x00000000300b7000, 0x00000000327ec000, 0x00000000327ec800,
0x00000000327ed800, 0x00000000327ee000, 0x00000000327ef000, 0x00000000327f0000,
0x00000000327f0800, 0x00000000327f1800, 0x00000000327f2000, 0x00000000327f3000,
0x000000002c987800, 0x000000002c988000, 0x000000002c989000, 0x000000002c989800,
0x000000002c98a800, 0x000000002c98b000, 0x000000002c98c000, 0x000000002c98d000,
0x000000002c98d800, 0x000000002c98e800, 0x000000002a491000, 0x000000002a492000,
0x000000002a493000, 0x000000002a493800, 0x000000002a494800, 0x000000002a495000,
0x000000002a496000, 0x000000002a496800, 0x000000002a497800, 0x000000002a498800,
0x000000002e83f000, 0x000000002e840000, 0x000000002e840800, 0x000000002e841800,
0x000000002e842000, 0x000000002e843000, 0x000000002e843800, 0x000000002e844800,
0x000000002e845800, 0x000000002e846000, 0x000000002a5ea000, 0x000000002a5eb000,
0x000000002a5eb800, 0x000000002a5ec800, 0x000000002a5ed000, 0x000000002a5ee000,
0x000000002a5ef000, 0x000000002a5ef800, 0x000000002a5f0800, 0x000000002a5f1000,
0x000000002f20b000, 0x000000002f20c000, 0x000000002f20d000, 0x000000002f20d800,
0x000000002f20e800, 0x000000002f20f000, 0x000000002f210000, 0x000000002f210800,
0x000000002f211800, 0x000000002f212800, 0x000000002d249800, 0x000000002d24a000,
0x000000002d24b000, 0x000000002d24b800, 0x000000002d24c800, 0x000000002d24d800,
0x000000002d24e000, 0x000000002d24f000, 0x000000002d24f800, 0x000000002d250800,
0x000000002c94b800, 0x000000002c94c800, 0x000000002c94d000, 0x000000002c94e000,
0x000000002c94e800, 0x000000002c94f800, 0x000000002c950800, 0x000000002c951000,
0x000000002c952000, 0x000000002c952800, 0x000000002cc99800, 0x000000002cc9a000,
0x000000002cc9b000, 0x000000002cc9b800, 0x000000002cc9c800, 0x000000002cc9d000,
0x000000002cc9e000, 0x000000002cc9f000, 0x000000002cc9f800, 0x000000002cca0800,
0x000000002f351000, 0x000000002f352000, 0x000000002f352800, 0x000000002f353800,
0x000000002f354000, 0x000000002f355000, 0x000000002f355800, 0x000000002f356800,
0x000000002f357800, 0x000000002f358000, 0x000000002ed7d000, 0x000000002ed7d800,
0x000000002ed7e800, 0x000000002ed7f800, 0x000000002ed80000, 0x000000002ed81000,
0x000000002ed81800, 0x000000002ed82800, 0x000000002ed83000, 0x000000002ed84000,
0x000000002bf9e000, 0x000000002bf9f000, 0x000000002bf9f800, 0x000000002bfa0800,
0x000000002bfa1800, 0x000000002bfa2000, 0x000000002bfa3000, 0x000000002bfa3800,
0x000000002bfa4800, 0x000000002bfa5000, 0x000000002f3c3000, 0x000000002f3c4000,
0x000000002f3c5000, 0x000000002f3c5800, 0x000000002f3c6800, 0x000000002f3c7000,
0x000000002f3c8000, 0x000000002f3c8800, 0x000000002f3c9800, 0x000000002f3ca800,
0x000000002c391000, 0x000000002c392000
}

Java Threads: ( => current thread )
  0x0000000029442800 JavaThread "Reference Handler" daemon [_thread_blocked, id=63840, stack(0x0000000029470000,0x0000000029570000)]
  0x000000002944e800 JavaThread "Finalizer" daemon [_thread_blocked, id=81912, stack(0x000000002a9b0000,0x000000002aab0000)]
  0x0000000029459000 JavaThread "Signal Dispatcher" daemon [_thread_blocked, id=59532, stack(0x000000002abb0000,0x000000002acb0000)]
  0x000000002945a000 JavaThread "Attach Listener" daemon [_thread_blocked, id=16520, stack(0x000000002ad10000,0x000000002ae10000)]
  0x000000002945d000 JavaThread "C2 CompilerThread0" daemon [_thread_blocked, id=80784, stack(0x000000002ae40000,0x000000002af40000)]
  0x000000002946a000 JavaThread "C2 CompilerThread1" daemon [_thread_blocked, id=17380, stack(0x000000002afb0000,0x000000002b0b0000)]
  0x000000002946d000 JavaThread "C1 CompilerThread2" daemon [_thread_blocked, id=35568, stack(0x000000002b220000,0x000000002b320000)]
  0x000000002a4e5000 JavaThread "Sweeper thread" daemon [_thread_blocked, id=22100, stack(0x000000002b420000,0x000000002b520000)]
  0x000000002a697800 JavaThread "Service Thread" daemon [_thread_blocked, id=71096, stack(0x000000002b580000,0x000000002b680000)]
  0x000000002a69c800 JavaThread "Common-Cleaner" daemon [_thread_blocked, id=26508, stack(0x000000002b760000,0x000000002b860000)]
  0x00000000302f1800 JavaThread "ContainerBackgroundProcessor[StandardEngine[Tomcat]]" daemon [_thread_blocked, id=46740, stack(0x00000000317c0000,0x00000000318c0000)]
  0x000000002bed3800 JavaThread "container-0" [_thread_blocked, id=21684, stack(0x00000000318d0000,0x00000000319d0000)]
  0x0000000030709800 JavaThread "MessageBroker-1" [_thread_blocked, id=74404, stack(0x000000002d990000,0x000000002da90000)]
  0x0000000030552800 JavaThread "File Watcher" daemon [_thread_in_native, id=32980, stack(0x00000000313a0000,0x00000000314a0000)]
  0x000000002d332000 JavaThread "MessageBroker-2" [_thread_blocked, id=30916, stack(0x00000000314c0000,0x00000000315c0000)]
  0x000000002bff5000 JavaThread "MessageBroker-3" [_thread_blocked, id=14896, stack(0x0000000032e40000,0x0000000032f40000)]
  0x000000002ec88800 JavaThread "NioBlockingSelector.BlockPoller-1" daemon [_thread_in_native, id=11212, stack(0x00000000316c0000,0x00000000317c0000)]
  0x000000002f31c800 JavaThread "http-nio-1330-exec-1" daemon [_thread_blocked, id=21576, stack(0x0000000033050000,0x0000000033150000)]
  0x000000002f31d000 JavaThread "http-nio-1330-exec-2" daemon [_thread_blocked, id=69052, stack(0x0000000033290000,0x0000000033390000)]
  0x000000002f31e000 JavaThread "http-nio-1330-exec-3" daemon [_thread_blocked, id=31640, stack(0x00000000334c0000,0x00000000335c0000)]
  0x000000002f31e800 JavaThread "http-nio-1330-exec-4" daemon [_thread_blocked, id=6376, stack(0x00000000333c0000,0x00000000334c0000)]
  0x000000002f31f800 JavaThread "http-nio-1330-exec-5" daemon [_thread_blocked, id=51228, stack(0x00000000336a0000,0x00000000337a0000)]
  0x000000002f320000 JavaThread "http-nio-1330-exec-6" daemon [_thread_blocked, id=66828, stack(0x00000000338a0000,0x00000000339a0000)]
  0x000000002f321000 JavaThread "http-nio-1330-exec-7" daemon [_thread_blocked, id=58212, stack(0x0000000033180000,0x0000000033280000)]
  0x000000002f322000 JavaThread "http-nio-1330-exec-8" daemon [_thread_blocked, id=78704, stack(0x00000000310a0000,0x00000000311a0000)]
  0x000000002f322800 JavaThread "http-nio-1330-exec-9" daemon [_thread_blocked, id=32656, stack(0x0000000033ac0000,0x0000000033bc0000)]
  0x00000000300b0000 JavaThread "http-nio-1330-exec-10" daemon [_thread_blocked, id=43392, stack(0x0000000033c00000,0x0000000033d00000)]
  0x00000000300b0800 JavaThread "http-nio-1330-ClientPoller-0" daemon [_thread_in_native, id=17316, stack(0x0000000032f50000,0x0000000033050000)]
  0x00000000300b1800 JavaThread "http-nio-1330-ClientPoller-1" daemon [_thread_in_native, id=49804, stack(0x0000000033e80000,0x0000000033f80000)]
  0x00000000300b2000 JavaThread "http-nio-1330-Acceptor-0" daemon [_thread_in_native, id=24788, stack(0x0000000033d40000,0x0000000033e40000)]
  0x00000000300b3000 JavaThread "http-nio-1330-AsyncTimeout" daemon [_thread_blocked, id=53824, stack(0x0000000034250000,0x0000000034350000)]
  0x00000000300b3800 JavaThread "pool-1-thread-1" [_thread_in_native, id=70556, stack(0x0000000034370000,0x0000000034470000)]
  0x00000000300b4800 JavaThread "MessageBroker-4" [_thread_blocked, id=34508, stack(0x00000000315c0000,0x00000000316c0000)]
  0x00000000300b5800 JavaThread "pool-2-thread-1" [_thread_in_native, id=39472, stack(0x00000000344b0000,0x00000000345b0000)]
  0x00000000300b6000 JavaThread "WebSocket background processing" daemon [_thread_blocked, id=74940, stack(0x0000000034f70000,0x0000000035070000)]
  0x0000000035c57800 JavaThread "pool-3-thread-1" [_thread_in_native, id=13844, stack(0x0000000035070000,0x0000000035170000)]
  0x0000000035c58800 JavaThread "pool-4-thread-1" [_thread_in_native, id=11624, stack(0x00000000345d0000,0x00000000346d0000)]
  0x0000000035c59000 JavaThread "pool-5-thread-1" [_thread_in_native, id=19992, stack(0x0000000035170000,0x0000000035270000)]
  0x0000000035c5b800 JavaThread "ContainerBackgroundProcessor[StandardEngine[Tomcat-1]]" daemon [_thread_blocked, id=53324, stack(0x0000000037170000,0x0000000037270000)]
  0x0000000035c5c000 JavaThread "container-1" [_thread_blocked, id=78172, stack(0x0000000037330000,0x0000000037430000)]
  0x0000000035c5d000 JavaThread "MessageBroker-1" [_thread_blocked, id=87712, stack(0x0000000037850000,0x0000000037950000)]
  0x0000000035c5e000 JavaThread "pool-6-thread-1" [_thread_in_native, id=44316, stack(0x0000000037480000,0x0000000037580000)]
  0x0000000035c5a800 JavaThread "pool-7-thread-1" [_thread_in_native, id=82736, stack(0x0000000034e60000,0x0000000034f60000)]
  0x0000000035c5a000 JavaThread "pool-8-thread-1" [_thread_in_native, id=55952, stack(0x0000000036f40000,0x0000000037040000)]
  0x0000000035c56800 JavaThread "File Watcher" daemon [_thread_in_native, id=29956, stack(0x0000000034bd0000,0x0000000034cd0000)]
  0x00000000300b7000 JavaThread "MessageBroker-2" [_thread_blocked, id=57204, stack(0x0000000035280000,0x0000000035380000)]
  0x00000000327ec000 JavaThread "MessageBroker-3" [_thread_blocked, id=74676, stack(0x0000000034d60000,0x0000000034e60000)]
  0x00000000327ec800 JavaThread "NioBlockingSelector.BlockPoller-2" daemon [_thread_in_native, id=22872, stack(0x00000000339c0000,0x0000000033ac0000)]
  0x00000000327ed800 JavaThread "http-nio-auto-1-exec-1" daemon [_thread_blocked, id=50940, stack(0x00000000347f0000,0x00000000348f0000)]
  0x00000000327ee000 JavaThread "http-nio-auto-1-exec-2" daemon [_thread_blocked, id=18016, stack(0x0000000035420000,0x0000000035520000)]
  0x00000000327ef000 JavaThread "http-nio-auto-1-exec-3" daemon [_thread_blocked, id=73176, stack(0x0000000035650000,0x0000000035750000)]
  0x00000000327f0000 JavaThread "http-nio-auto-1-exec-4" daemon [_thread_blocked, id=53164, stack(0x0000000035520000,0x0000000035620000)]
  0x00000000327f0800 JavaThread "http-nio-auto-1-exec-5" daemon [_thread_blocked, id=22600, stack(0x00000000358f0000,0x00000000359f0000)]
  0x00000000327f1800 JavaThread "http-nio-auto-1-exec-6" daemon [_thread_blocked, id=47192, stack(0x0000000035a60000,0x0000000035b60000)]
  0x00000000327f2000 JavaThread "http-nio-auto-1-exec-7" daemon [_thread_blocked, id=61060, stack(0x0000000036c30000,0x0000000036d30000)]
  0x00000000327f3000 JavaThread "http-nio-auto-1-exec-8" daemon [_thread_blocked, id=51860, stack(0x0000000036df0000,0x0000000036ef0000)]
  0x000000002c987800 JavaThread "http-nio-auto-1-exec-9" daemon [_thread_blocked, id=21488, stack(0x00000000375f0000,0x00000000376f0000)]
  0x000000002c988000 JavaThread "http-nio-auto-1-exec-10" daemon [_thread_blocked, id=1596, stack(0x0000000037950000,0x0000000037a50000)]
  0x000000002c989000 JavaThread "http-nio-auto-1-ClientPoller-0" daemon [_thread_in_native, id=16888, stack(0x0000000035780000,0x0000000035880000)]
  0x000000002c989800 JavaThread "http-nio-auto-1-ClientPoller-1" daemon [_thread_in_native, id=46936, stack(0x0000000037730000,0x0000000037830000)]
  0x000000002c98a800 JavaThread "http-nio-auto-1-Acceptor-0" daemon [_thread_in_native, id=65800, stack(0x0000000037b50000,0x0000000037c50000)]
  0x000000002c98b000 JavaThread "http-nio-auto-1-63377-AsyncTimeout" daemon [_thread_blocked, id=35916, stack(0x0000000037d30000,0x0000000037e30000)]
  0x000000002c98c000 JavaThread "pool-9-thread-1" [_thread_in_native, id=74884, stack(0x0000000037e40000,0x0000000037f40000)]
  0x000000002c98d000 JavaThread "MessageBroker-4" [_thread_blocked, id=83636, stack(0x00000000380a0000,0x00000000381a0000)]
  0x000000002c98d800 JavaThread "pool-10-thread-1" [_thread_in_native, id=288, stack(0x0000000037f50000,0x0000000038050000)]
  0x000000002c98e800 JavaThread "DestroyJavaVM" [_thread_blocked, id=26872, stack(0x0000000001e90000,0x0000000001f90000)]
  0x000000002a491000 JavaThread "pool-11-thread-1" [_thread_in_native, id=19904, stack(0x000000002d810000,0x000000002d910000)]
  0x000000002a492000 JavaThread "pool-12-thread-1" [_thread_in_native, id=25328, stack(0x0000000037070000,0x0000000037170000)]
  0x000000002a493000 JavaThread "pool-13-thread-1" [_thread_in_native, id=76096, stack(0x00000000381f0000,0x00000000382f0000)]
  0x000000002a493800 JavaThread "pool-14-thread-1" [_thread_in_native, id=4568, stack(0x0000000038350000,0x0000000038450000)]
  0x000000002a494800 JavaThread "pool-15-thread-1" [_thread_in_native, id=50728, stack(0x0000000038510000,0x0000000038610000)]
  0x000000002a495000 JavaThread "pool-16-thread-1" [_thread_in_native, id=76784, stack(0x0000000038610000,0x0000000038710000)]
  0x000000002a496000 JavaThread "pool-17-thread-1" [_thread_in_native, id=83840, stack(0x00000000346d0000,0x00000000347d0000)]
  0x000000002a496800 JavaThread "pool-18-thread-1" [_thread_in_native, id=77692, stack(0x0000000038a00000,0x0000000038b00000)]
  0x000000002a497800 JavaThread "pool-19-thread-1" [_thread_in_native, id=52952, stack(0x0000000038c70000,0x0000000038d70000)]
  0x000000002a498800 JavaThread "pool-20-thread-1" [_thread_in_native, id=38620, stack(0x0000000038b60000,0x0000000038c60000)]
  0x000000002e83f000 JavaThread "pool-21-thread-1" [_thread_in_native, id=53828, stack(0x0000000038e00000,0x0000000038f00000)]
  0x000000002e840000 JavaThread "pool-22-thread-1" [_thread_in_native, id=81916, stack(0x0000000038ff0000,0x00000000390f0000)]
  0x000000002e840800 JavaThread "pool-23-thread-1" [_thread_in_native, id=17744, stack(0x0000000039210000,0x0000000039310000)]
  0x000000002e841800 JavaThread "pool-24-thread-1" [_thread_in_native, id=17864, stack(0x0000000039400000,0x0000000039500000)]
  0x000000002e842000 JavaThread "pool-25-thread-1" [_thread_in_native, id=78612, stack(0x00000000395f0000,0x00000000396f0000)]
  0x000000002e843000 JavaThread "pool-26-thread-1" [_thread_in_native, id=63536, stack(0x0000000039780000,0x0000000039880000)]
  0x000000002e843800 JavaThread "pool-27-thread-1" [_thread_in_native, id=13488, stack(0x000000002b320000,0x000000002b420000)]
  0x000000002e844800 JavaThread "pool-28-thread-1" [_thread_blocked, id=24016, stack(0x0000000039910000,0x0000000039a10000)]
  0x000000002e845800 JavaThread "pool-29-thread-1" [_thread_in_native, id=55320, stack(0x0000000039b80000,0x0000000039c80000)]
  0x000000002e846000 JavaThread "pool-30-thread-1" [_thread_in_native, id=72752, stack(0x000000002ba60000,0x000000002bb60000)]
  0x000000002a5ea000 JavaThread "pool-31-thread-1" [_thread_in_native, id=34824, stack(0x0000000038880000,0x0000000038980000)]
  0x000000002a5eb000 JavaThread "pool-32-thread-1" [_thread_in_native, id=37784, stack(0x0000000039c80000,0x0000000039d80000)]
  0x000000002a5eb800 JavaThread "pool-33-thread-1" [_thread_in_native, id=85960, stack(0x0000000039d90000,0x0000000039e90000)]
  0x000000002a5ec800 JavaThread "pool-34-thread-1" [_thread_in_native, id=57248, stack(0x0000000039f30000,0x000000003a030000)]
  0x000000002a5ed000 JavaThread "pool-35-thread-1" [_thread_in_native, id=30348, stack(0x0000000038780000,0x0000000038880000)]
  0x000000002a5ee000 JavaThread "pool-36-thread-1" [_thread_in_native, id=77116, stack(0x000000003a080000,0x000000003a180000)]
  0x000000002a5ef000 JavaThread "pool-37-thread-1" [_thread_in_native, id=86336, stack(0x000000003a300000,0x000000003a400000)]
  0x000000002a5ef800 JavaThread "pool-38-thread-1" [_thread_in_native, id=42148, stack(0x000000003a490000,0x000000003a590000)]
  0x000000002a5f0800 JavaThread "pool-39-thread-1" [_thread_in_native, id=66212, stack(0x000000003a610000,0x000000003a710000)]
  0x000000002a5f1000 JavaThread "pool-40-thread-1" [_thread_in_native, id=17340, stack(0x000000003a840000,0x000000003a940000)]
  0x000000002f20b000 JavaThread "pool-41-thread-1" [_thread_in_native, id=8628, stack(0x000000003a940000,0x000000003aa40000)]
  0x000000002f20c000 JavaThread "pool-42-thread-1" [_thread_in_native, id=9932, stack(0x000000003a200000,0x000000003a300000)]
  0x000000002f20d000 JavaThread "pool-43-thread-1" [_thread_in_native, id=16128, stack(0x000000003ab60000,0x000000003ac60000)]
  0x000000002f20d800 JavaThread "pool-44-thread-1" [_thread_in_native, id=74160, stack(0x000000003a720000,0x000000003a820000)]
  0x000000002f20e800 JavaThread "pool-45-thread-1" [_thread_in_native, id=42104, stack(0x000000003acf0000,0x000000003adf0000)]
  0x000000002f20f000 JavaThread "pool-46-thread-1" [_thread_in_native, id=51932, stack(0x000000003aef0000,0x000000003aff0000)]
  0x000000002f210000 JavaThread "pool-47-thread-1" [_thread_in_native, id=36264, stack(0x000000003b0c0000,0x000000003b1c0000)]
  0x000000002f210800 JavaThread "pool-48-thread-1" [_thread_in_native, id=73496, stack(0x0000000039a30000,0x0000000039b30000)]
  0x000000002f211800 JavaThread "pool-49-thread-1" [_thread_in_native, id=87888, stack(0x000000003b1d0000,0x000000003b2d0000)]
  0x000000002f212800 JavaThread "pool-50-thread-1" [_thread_in_native, id=74080, stack(0x000000003b2d0000,0x000000003b3d0000)]
  0x000000002d249800 JavaThread "pool-51-thread-1" [_thread_in_native, id=17032, stack(0x000000003b520000,0x000000003b620000)]
  0x000000002d24a000 JavaThread "pool-52-thread-1" [_thread_in_native, id=36204, stack(0x000000003b620000,0x000000003b720000)]
  0x000000002d24b000 JavaThread "pool-53-thread-1" [_thread_in_native, id=32348, stack(0x000000003b7d0000,0x000000003b8d0000)]
  0x000000002d24b800 JavaThread "pool-54-thread-1" [_thread_in_native, id=15588, stack(0x000000003b9e0000,0x000000003bae0000)]
  0x000000002d24c800 JavaThread "pool-55-thread-1" [_thread_in_native, id=23192, stack(0x000000003aa40000,0x000000003ab40000)]
  0x000000002d24d800 JavaThread "pool-56-thread-1" [_thread_in_native, id=42344, stack(0x000000003b420000,0x000000003b520000)]
  0x000000002d24e000 JavaThread "pool-57-thread-1" [_thread_in_native, id=76152, stack(0x000000003bc30000,0x000000003bd30000)]
  0x000000002d24f000 JavaThread "pool-58-thread-1" [_thread_in_native, id=76400, stack(0x000000003be30000,0x000000003bf30000)]
  0x000000002d24f800 JavaThread "pool-59-thread-1" [_thread_in_native, id=38032, stack(0x000000003c020000,0x000000003c120000)]
  0x000000002d250800 JavaThread "pool-60-thread-1" [_thread_in_native, id=52308, stack(0x000000003c220000,0x000000003c320000)]
  0x000000002c94b800 JavaThread "pool-61-thread-1" [_thread_in_native, id=46324, stack(0x000000003c370000,0x000000003c470000)]
  0x000000002c94c800 JavaThread "pool-62-thread-1" [_thread_in_native, id=16264, stack(0x000000003c4e0000,0x000000003c5e0000)]
  0x000000002c94d000 JavaThread "pool-63-thread-1" [_thread_in_native, id=45168, stack(0x000000003c700000,0x000000003c800000)]
  0x000000002c94e000 JavaThread "pool-64-thread-1" [_thread_in_native, id=82920, stack(0x000000003c5f0000,0x000000003c6f0000)]
  0x000000002c94e800 JavaThread "pool-65-thread-1" [_thread_in_native, id=68300, stack(0x000000003c890000,0x000000003c990000)]
  0x000000002c94f800 JavaThread "pool-66-thread-1" [_thread_in_native, id=64776, stack(0x000000003c9c0000,0x000000003cac0000)]
  0x000000002c950800 JavaThread "pool-67-thread-1" [_thread_in_native, id=64144, stack(0x000000003cb60000,0x000000003cc60000)]
  0x000000002c951000 JavaThread "pool-68-thread-1" [_thread_in_native, id=70536, stack(0x000000003bd30000,0x000000003be30000)]
  0x000000002c952000 JavaThread "pool-69-thread-1" [_thread_in_native, id=34064, stack(0x000000003cc80000,0x000000003cd80000)]
  0x000000002c952800 JavaThread "pool-70-thread-1" [_thread_in_native, id=56956, stack(0x000000003cdd0000,0x000000003ced0000)]
  0x000000002cc99800 JavaThread "pool-71-thread-1" [_thread_in_native, id=21480, stack(0x000000003cef0000,0x000000003cff0000)]
  0x000000002cc9a000 JavaThread "pool-72-thread-1" [_thread_in_native, id=24180, stack(0x000000003d0e0000,0x000000003d1e0000)]
  0x000000002cc9b000 JavaThread "pool-73-thread-1" [_thread_in_native, id=20732, stack(0x000000003d300000,0x000000003d400000)]
  0x000000002cc9b800 JavaThread "pool-74-thread-1" [_thread_in_native, id=75272, stack(0x000000003d490000,0x000000003d590000)]
  0x000000002cc9c800 JavaThread "pool-75-thread-1" [_thread_in_native, id=57596, stack(0x000000003d200000,0x000000003d300000)]
  0x000000002cc9d000 JavaThread "pool-76-thread-1" [_thread_in_native, id=58616, stack(0x0000000039110000,0x0000000039210000)]
  0x000000002cc9e000 JavaThread "pool-77-thread-1" [_thread_in_native, id=75304, stack(0x000000003d6e0000,0x000000003d7e0000)]
  0x000000002cc9f000 JavaThread "pool-78-thread-1" [_thread_in_native, id=31108, stack(0x00000000337a0000,0x00000000338a0000)]
  0x000000002cc9f800 JavaThread "pool-79-thread-1" [_thread_in_native, id=58572, stack(0x000000003d5a0000,0x000000003d6a0000)]
  0x000000002cca0800 JavaThread "pool-80-thread-1" [_thread_in_native, id=57800, stack(0x000000003d860000,0x000000003d960000)]
  0x000000002f351000 JavaThread "pool-81-thread-1" [_thread_in_native, id=14892, stack(0x000000003d9a0000,0x000000003daa0000)]
  0x000000002f352000 JavaThread "pool-82-thread-1" [_thread_in_native, id=19996, stack(0x000000003dba0000,0x000000003dca0000)]
  0x000000002f352800 JavaThread "pool-83-thread-1" [_thread_in_native, id=82876, stack(0x000000003b8e0000,0x000000003b9e0000)]
  0x000000002f353800 JavaThread "pool-84-thread-1" [_thread_in_native, id=14060, stack(0x000000003bb30000,0x000000003bc30000)]
  0x000000002f354000 JavaThread "pool-85-thread-1" [_thread_in_native, id=3892, stack(0x000000003ddf0000,0x000000003def0000)]
  0x000000002f355000 JavaThread "pool-86-thread-1" [_thread_in_native, id=75880, stack(0x000000003dca0000,0x000000003dda0000)]
  0x000000002f355800 JavaThread "pool-87-thread-1" [_thread_in_native, id=10228, stack(0x000000003e020000,0x000000003e120000)]
  0x000000002f356800 JavaThread "pool-88-thread-1" [_thread_in_native, id=67008, stack(0x000000003e140000,0x000000003e240000)]
  0x000000002f357800 JavaThread "pool-89-thread-1" [_thread_in_native, id=59916, stack(0x000000003e480000,0x000000003e580000)]
  0x000000002f358000 JavaThread "pool-90-thread-1" [_thread_in_native, id=8680, stack(0x000000003e6a0000,0x000000003e7a0000)]
  0x000000002ed7d000 JavaThread "pool-91-thread-1" [_thread_in_native, id=66500, stack(0x000000003e7d0000,0x000000003e8d0000)]
  0x000000002ed7d800 JavaThread "pool-92-thread-1" [_thread_in_native, id=30304, stack(0x000000003e980000,0x000000003ea80000)]
  0x000000002ed7e800 JavaThread "pool-93-thread-1" [_thread_in_native, id=38272, stack(0x000000003eb30000,0x000000003ec30000)]
  0x000000002ed7f800 JavaThread "pool-94-thread-1" [_thread_in_native, id=4352, stack(0x000000003e590000,0x000000003e690000)]
  0x000000002ed80000 JavaThread "pool-95-thread-1" [_thread_in_native, id=49336, stack(0x000000003ed80000,0x000000003ee80000)]
  0x000000002ed81000 JavaThread "pool-96-thread-1" [_thread_in_native, id=52980, stack(0x000000003ec50000,0x000000003ed50000)]
  0x000000002ed81800 JavaThread "pool-97-thread-1" [_thread_in_native, id=55004, stack(0x000000003f030000,0x000000003f130000)]
  0x000000002ed82800 JavaThread "pool-98-thread-1" [_thread_in_native, id=73848, stack(0x000000003daa0000,0x000000003dba0000)]
  0x000000002ed83000 JavaThread "pool-99-thread-1" [_thread_in_native, id=48328, stack(0x000000003ee90000,0x000000003ef90000)]
  0x000000002ed84000 JavaThread "pool-100-thread-1" [_thread_in_native, id=42468, stack(0x000000003f270000,0x000000003f370000)]
  0x000000002bf9e000 JavaThread "pool-101-thread-1" [_thread_in_native, id=88384, stack(0x000000003f3f0000,0x000000003f4f0000)]
  0x000000002bf9f000 JavaThread "pool-102-thread-1" [_thread_in_native, id=66044, stack(0x000000003e340000,0x000000003e440000)]
  0x000000002bf9f800 JavaThread "pool-103-thread-1" [_thread_in_native, id=78532, stack(0x000000003df00000,0x000000003e000000)]
  0x000000002bfa0800 JavaThread "pool-104-thread-1" [_thread_in_native, id=52356, stack(0x000000003f5d0000,0x000000003f6d0000)]
  0x000000002bfa1800 JavaThread "pool-105-thread-1" [_thread_in_native, id=32208, stack(0x000000003f140000,0x000000003f240000)]
  0x000000002bfa2000 JavaThread "pool-106-thread-1" [_thread_in_native, id=68148, stack(0x000000003f7e0000,0x000000003f8e0000)]
  0x000000002bfa3000 JavaThread "pool-107-thread-1" [_thread_in_native, id=69484, stack(0x000000003fb20000,0x000000003fc20000)]
  0x000000002bfa3800 JavaThread "pool-108-thread-1" [_thread_in_native, id=86068, stack(0x000000003fe60000,0x000000003ff60000)]
  0x000000002bfa4800 JavaThread "pool-109-thread-1" [_thread_in_native, id=64696, stack(0x000000003fff0000,0x00000000400f0000)]
  0x000000002bfa5000 JavaThread "pool-110-thread-1" [_thread_in_native, id=50000, stack(0x00000000400f0000,0x00000000401f0000)]
  0x000000002f3c3000 JavaThread "pool-111-thread-1" [_thread_in_native, id=72564, stack(0x000000003f6d0000,0x000000003f7d0000)]
  0x000000002f3c4000 JavaThread "pool-112-thread-1" [_thread_in_native, id=12840, stack(0x00000000402a0000,0x00000000403a0000)]
  0x000000002f3c5000 JavaThread "pool-113-thread-1" [_thread_in_native, id=43896, stack(0x00000000403d0000,0x00000000404d0000)]
  0x000000002f3c5800 JavaThread "pool-114-thread-1" [_thread_in_native, id=3632, stack(0x0000000040520000,0x0000000040620000)]
  0x000000002f3c6800 JavaThread "pool-115-thread-1" [_thread_in_native, id=42284, stack(0x0000000040720000,0x0000000040820000)]
  0x000000002f3c7000 JavaThread "pool-116-thread-1" [_thread_in_native, id=64232, stack(0x0000000040960000,0x0000000040a60000)]
  0x000000002f3c8000 JavaThread "pool-117-thread-1" [_thread_in_native, id=64660, stack(0x0000000040b90000,0x0000000040c90000)]
  0x000000002f3c8800 JavaThread "pool-118-thread-1" [_thread_in_native, id=69300, stack(0x0000000040ce0000,0x0000000040de0000)]
  0x000000002f3c9800 JavaThread "pool-119-thread-1" [_thread_in_native, id=69904, stack(0x0000000040e90000,0x0000000040f90000)]
  0x000000002f3ca800 JavaThread "pool-120-thread-1" [_thread_in_native, id=86884, stack(0x000000003f9a0000,0x000000003faa0000)]
  0x000000002c391000 JavaThread "pool-121-thread-1" [_thread_in_native, id=49892, stack(0x000000003fd50000,0x000000003fe50000)]
  0x000000002c392000 JavaThread "pool-122-thread-1" [_thread_in_native, id=8984, stack(0x0000000041010000,0x0000000041110000)]

Other Threads:
=>0x000000002943f800 VMThread "VM Thread" [stack: 0x000000002a880000,0x000000002a980000] [id=28140] _threads_hazard_ptr=0x00000000303233a0
  0x000000002a69d000 WatcherThread [stack: 0x000000002b920000,0x000000002ba20000] [id=3856]
  0x0000000000489000 GCTaskThread "GC Thread#0" [stack: 0x000000001c8e0000,0x000000001c9e0000] [id=11900]
  0x000000000048a800 GCTaskThread "GC Thread#1" [stack: 0x000000001ca40000,0x000000001cb40000] [id=73536]
  0x000000000048c800 GCTaskThread "GC Thread#2" [stack: 0x000000001cc20000,0x000000001cd20000] [id=44196]
  0x0000000000492000 GCTaskThread "GC Thread#3" [stack: 0x000000001c7d0000,0x000000001c8d0000] [id=3600]
  0x00000000004db800 ConcurrentGCThread "G1 Main Marker" [stack: 0x0000000026d30000,0x0000000026e30000] [id=35264]
  0x00000000004dc800 ConcurrentGCThread "G1 Conc#0" [stack: 0x0000000026ba0000,0x0000000026ca0000] [id=73868]
  0x00000000292e2800 ConcurrentGCThread "G1 Refine#0" [stack: 0x0000000029590000,0x0000000029690000] [id=31044]
  0x00000000292e3000 ConcurrentGCThread "G1 Refine#1" [stack: 0x0000000029790000,0x0000000029890000] [id=55060]
  0x00000000292e6800 ConcurrentGCThread "G1 Refine#2" [stack: 0x00000000299f0000,0x0000000029af0000] [id=16868]
  0x00000000292ef800 ConcurrentGCThread "G1 Refine#3" [stack: 0x00000000298a0000,0x00000000299a0000] [id=30120]
  0x00000000292f0800 ConcurrentGCThread "G1 Young RemSet Sampling" [stack: 0x0000000029b50000,0x0000000029c50000] [id=85356]

Threads with active compile tasks:

VM state:at safepoint (normal execution)

VM Mutex/Monitor currently owned by a thread:  ([mutex/lock_event])
[0x000000000046db80] Threads_lock - owner thread: 0x000000002943f800

Heap address: 0x00000006c0000000, size: 4096 MB, Compressed Oops mode: Zero based, Oop shift amount: 3
Narrow klass base: 0x0000000000000000, Narrow klass shift: 3
Compressed class space size: 1073741824 Address: 0x00000007c0000000

Heap:
 garbage-first heap   total 262144K, used 61260K [0x00000006c0000000, 0x00000007c0000000)
  region size 1024K, 39 young (39936K), 5 survivors (5120K)
 Metaspace       used 46897K, capacity 48000K, committed 48256K, reserved 1091584K
  class space    used 5258K, capacity 5716K, committed 5760K, reserved 1048576K
Heap Regions: E=young(eden), S=young(survivor), O=old, HS=humongous(starts), HC=humongous(continues), CS=collection set, F=free, A=archive, TS=gc time stamp, AC=allocation context, TAMS=top-at-mark-start (previous, next)
|   0|0x00000006c0000000, 0x00000006c0100000, 0x00000006c0100000|100%| O|  |TS  0|AC  0|TAMS 0x00000006c0100000, 0x00000006c0100000|
|   1|0x00000006c0100000, 0x00000006c0200000, 0x00000006c0200000|100%| O|  |TS  0|AC  0|TAMS 0x00000006c0200000, 0x00000006c0200000|
|   2|0x00000006c0200000, 0x00000006c0300000, 0x00000006c0300000|100%| O|  |TS  0|AC  0|TAMS 0x00000006c0300000, 0x00000006c0300000|
|   3|0x00000006c0300000, 0x00000006c0400000, 0x00000006c0400000|100%| O|  |TS  0|AC  0|TAMS 0x00000006c0400000, 0x00000006c0400000|
|   4|0x00000006c0400000, 0x00000006c0500000, 0x00000006c0500000|100%| O|  |TS  1|AC  0|TAMS 0x00000006c0493c00, 0x00000006c0493c00|
|   5|0x00000006c0500000, 0x00000006c0600000, 0x00000006c0600000|100%| O|  |TS  1|AC  0|TAMS 0x00000006c0500000, 0x00000006c0500000|
|   6|0x00000006c0600000, 0x00000006c0700000, 0x00000006c0700000|100%| O|  |TS  1|AC  0|TAMS 0x00000006c0600000, 0x00000006c0600000|
|   7|0x00000006c0700000, 0x00000006c0800000, 0x00000006c0800000|100%| O|  |TS  1|AC  0|TAMS 0x00000006c0700000, 0x00000006c0700000|
|   8|0x00000006c0800000, 0x00000006c0900000, 0x00000006c0900000|100%| O|  |TS  1|AC  0|TAMS 0x00000006c0800000, 0x00000006c0800000|
|   9|0x00000006c0900000, 0x00000006c0a00000, 0x00000006c0a00000|100%| O|  |TS  2|AC  0|TAMS 0x00000006c0900000, 0x00000006c0900000|
|  10|0x00000006c0a00000, 0x00000006c0b00000, 0x00000006c0b00000|100%| O|  |TS  2|AC  0|TAMS 0x00000006c0a00000, 0x00000006c0a00000|
|  11|0x00000006c0b00000, 0x00000006c0c00000, 0x00000006c0c00000|100%| O|  |TS  2|AC  0|TAMS 0x00000006c0b00000, 0x00000006c0b00000|
|  12|0x00000006c0c00000, 0x00000006c0d00000, 0x00000006c0d00000|100%| O|  |TS  2|AC  0|TAMS 0x00000006c0c00000, 0x00000006c0c00000|
|  13|0x00000006c0d00000, 0x00000006c0e00000, 0x00000006c0e00000|100%| O|  |TS  2|AC  0|TAMS 0x00000006c0d00000, 0x00000006c0d00000|
|  14|0x00000006c0e00000, 0x00000006c0f00000, 0x00000006c0f00000|100%| O|  |TS  2|AC  0|TAMS 0x00000006c0e00000, 0x00000006c0e00000|
|  15|0x00000006c0f00000, 0x00000006c1000000, 0x00000006c1000000|100%| O|  |TS  2|AC  0|TAMS 0x00000006c0f00000, 0x00000006c0f00000|
|  16|0x00000006c1000000, 0x00000006c1100000, 0x00000006c1100000|100%| O|  |TS  2|AC  0|TAMS 0x00000006c1000000, 0x00000006c1000000|
|  17|0x00000006c1100000, 0x00000006c1200000, 0x00000006c1200000|100%| O|  |TS  2|AC  0|TAMS 0x00000006c1100000, 0x00000006c1100000|
|  18|0x00000006c1200000, 0x00000006c1300000, 0x00000006c1300000|100%| O|  |TS  2|AC  0|TAMS 0x00000006c1200000, 0x00000006c1200000|
|  19|0x00000006c1300000, 0x00000006c1400000, 0x00000006c1400000|100%| O|  |TS  2|AC  0|TAMS 0x00000006c1300000, 0x00000006c1300000|
|  20|0x00000006c1400000, 0x00000006c1500000, 0x00000006c1500000|100%| O|  |TS  2|AC  0|TAMS 0x00000006c1400000, 0x00000006c1400000|
|  21|0x00000006c1500000, 0x00000006c15d3000, 0x00000006c1600000| 82%| O|  |TS  2|AC  0|TAMS 0x00000006c1500000, 0x00000006c1500000|
|  22|0x00000006c1600000, 0x00000006c1600000, 0x00000006c1700000|  0%| F|  |TS  0|AC  0|TAMS 0x00000006c1600000, 0x00000006c1600000|
|  23|0x00000006c1700000, 0x00000006c1700000, 0x00000006c1800000|  0%| F|  |TS  0|AC  0|TAMS 0x00000006c1700000, 0x00000006c1700000|
|  24|0x00000006c1800000, 0x00000006c1800000, 0x00000006c1900000|  0%| F|  |TS  0|AC  0|TAMS 0x00000006c1800000, 0x00000006c1800000|
|  25|0x00000006c1900000, 0x00000006c1900000, 0x00000006c1a00000|  0%| F|  |TS  0|AC  0|TAMS 0x00000006c1900000, 0x00000006c1900000|
|  26|0x00000006c1a00000, 0x00000006c1a00000, 0x00000006c1b00000|  0%| F|  |TS  0|AC  0|TAMS 0x00000006c1a00000, 0x00000006c1a00000|
|  27|0x00000006c1b00000, 0x00000006c1b00000, 0x00000006c1c00000|  0%| F|  |TS  0|AC  0|TAMS 0x00000006c1b00000, 0x00000006c1b00000|
|  28|0x00000006c1c00000, 0x00000006c1c00000, 0x00000006c1d00000|  0%| F|  |TS  0|AC  0|TAMS 0x00000006c1c00000, 0x00000006c1c00000|
|  29|0x00000006c1d00000, 0x00000006c1d00000, 0x00000006c1e00000|  0%| F|  |TS  0|AC  0|TAMS 0x00000006c1d00000, 0x00000006c1d00000|
|  30|0x00000006c1e00000, 0x00000006c1e00000, 0x00000006c1f00000|  0%| F|  |TS  0|AC  0|TAMS 0x00000006c1e00000, 0x00000006c1e00000|
|  31|0x00000006c1f00000, 0x00000006c1f00000, 0x00000006c2000000|  0%| F|  |TS  0|AC  0|TAMS 0x00000006c1f00000, 0x00000006c1f00000|
|  32|0x00000006c2000000, 0x00000006c2000000, 0x00000006c2100000|  0%| F|  |TS  0|AC  0|TAMS 0x00000006c2000000, 0x00000006c2000000|
|  33|0x00000006c2100000, 0x00000006c2100000, 0x00000006c2200000|  0%| F|  |TS  0|AC  0|TAMS 0x00000006c2100000, 0x00000006c2100000|
|  34|0x00000006c2200000, 0x00000006c2200000, 0x00000006c2300000|  0%| F|  |TS  0|AC  0|TAMS 0x00000006c2200000, 0x00000006c2200000|
|  35|0x00000006c2300000, 0x00000006c2300000, 0x00000006c2400000|  0%| F|  |TS  0|AC  0|TAMS 0x00000006c2300000, 0x00000006c2300000|
|  36|0x00000006c2400000, 0x00000006c2400000, 0x00000006c2500000|  0%| F|  |TS  0|AC  0|TAMS 0x00000006c2400000, 0x00000006c2400000|
|  37|0x00000006c2500000, 0x00000006c2500000, 0x00000006c2600000|  0%| F|  |TS  0|AC  0|TAMS 0x00000006c2500000, 0x00000006c2500000|
|  38|0x00000006c2600000, 0x00000006c2600000, 0x00000006c2700000|  0%| F|  |TS  0|AC  0|TAMS 0x00000006c2600000, 0x00000006c2600000|
|  39|0x00000006c2700000, 0x00000006c2700000, 0x00000006c2800000|  0%| F|  |TS  0|AC  0|TAMS 0x00000006c2700000, 0x00000006c2700000|
|  40|0x00000006c2800000, 0x00000006c2800000, 0x00000006c2900000|  0%| F|  |TS  0|AC  0|TAMS 0x00000006c2800000, 0x00000006c2800000|
|  41|0x00000006c2900000, 0x00000006c2900000, 0x00000006c2a00000|  0%| F|  |TS  0|AC  0|TAMS 0x00000006c2900000, 0x00000006c2900000|
|  42|0x00000006c2a00000, 0x00000006c2a00000, 0x00000006c2b00000|  0%| F|  |TS  0|AC  0|TAMS 0x00000006c2a00000, 0x00000006c2a00000|
|  43|0x00000006c2b00000, 0x00000006c2b00000, 0x00000006c2c00000|  0%| F|  |TS  0|AC  0|TAMS 0x00000006c2b00000, 0x00000006c2b00000|
|  44|0x00000006c2c00000, 0x00000006c2c00000, 0x00000006c2d00000|  0%| F|  |TS  0|AC  0|TAMS 0x00000006c2c00000, 0x00000006c2c00000|
|  45|0x00000006c2d00000, 0x00000006c2d00000, 0x00000006c2e00000|  0%| F|  |TS  0|AC  0|TAMS 0x00000006c2d00000, 0x00000006c2d00000|
|  46|0x00000006c2e00000, 0x00000006c2e00000, 0x00000006c2f00000|  0%| F|  |TS  0|AC  0|TAMS 0x00000006c2e00000, 0x00000006c2e00000|
|  47|0x00000006c2f00000, 0x00000006c2f00000, 0x00000006c3000000|  0%| F|  |TS  0|AC  0|TAMS 0x00000006c2f00000, 0x00000006c2f00000|
|  48|0x00000006c3000000, 0x00000006c3000000, 0x00000006c3100000|  0%| F|  |TS  0|AC  0|TAMS 0x00000006c3000000, 0x00000006c3000000|
|  49|0x00000006c3100000, 0x00000006c3100000, 0x00000006c3200000|  0%| F|  |TS  0|AC  0|TAMS 0x00000006c3100000, 0x00000006c3100000|
|  50|0x00000006c3200000, 0x00000006c3200000, 0x00000006c3300000|  0%| F|  |TS  0|AC  0|TAMS 0x00000006c3200000, 0x00000006c3200000|
|  51|0x00000006c3300000, 0x00000006c3300000, 0x00000006c3400000|  0%| F|  |TS  0|AC  0|TAMS 0x00000006c3300000, 0x00000006c3300000|
|  52|0x00000006c3400000, 0x00000006c3400000, 0x00000006c3500000|  0%| F|  |TS  0|AC  0|TAMS 0x00000006c3400000, 0x00000006c3400000|
|  53|0x00000006c3500000, 0x00000006c3500000, 0x00000006c3600000|  0%| F|  |TS  0|AC  0|TAMS 0x00000006c3500000, 0x00000006c3500000|
|  54|0x00000006c3600000, 0x00000006c3600000, 0x00000006c3700000|  0%| F|  |TS  0|AC  0|TAMS 0x00000006c3600000, 0x00000006c3600000|
|  55|0x00000006c3700000, 0x00000006c3700000, 0x00000006c3800000|  0%| F|  |TS  0|AC  0|TAMS 0x00000006c3700000, 0x00000006c3700000|
|  56|0x00000006c3800000, 0x00000006c3800000, 0x00000006c3900000|  0%| F|  |TS  0|AC  0|TAMS 0x00000006c3800000, 0x00000006c3800000|
|  57|0x00000006c3900000, 0x00000006c3900000, 0x00000006c3a00000|  0%| F|  |TS  0|AC  0|TAMS 0x00000006c3900000, 0x00000006c3900000|
|  58|0x00000006c3a00000, 0x00000006c3a00000, 0x00000006c3b00000|  0%| F|  |TS  0|AC  0|TAMS 0x00000006c3a00000, 0x00000006c3a00000|
|  59|0x00000006c3b00000, 0x00000006c3b00000, 0x00000006c3c00000|  0%| F|  |TS  0|AC  0|TAMS 0x00000006c3b00000, 0x00000006c3b00000|
|  60|0x00000006c3c00000, 0x00000006c3c00000, 0x00000006c3d00000|  0%| F|  |TS  0|AC  0|TAMS 0x00000006c3c00000, 0x00000006c3c00000|
|  61|0x00000006c3d00000, 0x00000006c3d00000, 0x00000006c3e00000|  0%| F|  |TS  0|AC  0|TAMS 0x00000006c3d00000, 0x00000006c3d00000|
|  62|0x00000006c3e00000, 0x00000006c3e00000, 0x00000006c3f00000|  0%| F|  |TS  0|AC  0|TAMS 0x00000006c3e00000, 0x00000006c3e00000|
|  63|0x00000006c3f00000, 0x00000006c3f00000, 0x00000006c4000000|  0%| F|  |TS  0|AC  0|TAMS 0x00000006c3f00000, 0x00000006c3f00000|
|  64|0x00000006c4000000, 0x00000006c4000000, 0x00000006c4100000|  0%| F|  |TS  0|AC  0|TAMS 0x00000006c4000000, 0x00000006c4000000|
|  65|0x00000006c4100000, 0x00000006c4100000, 0x00000006c4200000|  0%| F|  |TS  0|AC  0|TAMS 0x00000006c4100000, 0x00000006c4100000|
|  66|0x00000006c4200000, 0x00000006c4200000, 0x00000006c4300000|  0%| F|  |TS  0|AC  0|TAMS 0x00000006c4200000, 0x00000006c4200000|
|  67|0x00000006c4300000, 0x00000006c4300000, 0x00000006c4400000|  0%| F|  |TS  0|AC  0|TAMS 0x00000006c4300000, 0x00000006c4300000|
|  68|0x00000006c4400000, 0x00000006c4400000, 0x00000006c4500000|  0%| F|  |TS  0|AC  0|TAMS 0x00000006c4400000, 0x00000006c4400000|
|  69|0x00000006c4500000, 0x00000006c4500000, 0x00000006c4600000|  0%| F|  |TS  0|AC  0|TAMS 0x00000006c4500000, 0x00000006c4500000|
|  70|0x00000006c4600000, 0x00000006c4600000, 0x00000006c4700000|  0%| F|  |TS  0|AC  0|TAMS 0x00000006c4600000, 0x00000006c4600000|
|  71|0x00000006c4700000, 0x00000006c4700000, 0x00000006c4800000|  0%| F|  |TS  0|AC  0|TAMS 0x00000006c4700000, 0x00000006c4700000|
|  72|0x00000006c4800000, 0x00000006c4800000, 0x00000006c4900000|  0%| F|  |TS  0|AC  0|TAMS 0x00000006c4800000, 0x00000006c4800000|
|  73|0x00000006c4900000, 0x00000006c4900000, 0x00000006c4a00000|  0%| F|  |TS  0|AC  0|TAMS 0x00000006c4900000, 0x00000006c4900000|
|  74|0x00000006c4a00000, 0x00000006c4a00000, 0x00000006c4b00000|  0%| F|  |TS  0|AC  0|TAMS 0x00000006c4a00000, 0x00000006c4a00000|
|  75|0x00000006c4b00000, 0x00000006c4b00000, 0x00000006c4c00000|  0%| F|  |TS  0|AC  0|TAMS 0x00000006c4b00000, 0x00000006c4b00000|
|  76|0x00000006c4c00000, 0x00000006c4c00000, 0x00000006c4d00000|  0%| F|  |TS  0|AC  0|TAMS 0x00000006c4c00000, 0x00000006c4c00000|
|  77|0x00000006c4d00000, 0x00000006c4d00000, 0x00000006c4e00000|  0%| F|  |TS  0|AC  0|TAMS 0x00000006c4d00000, 0x00000006c4d00000|
|  78|0x00000006c4e00000, 0x00000006c4e00000, 0x00000006c4f00000|  0%| F|  |TS  0|AC  0|TAMS 0x00000006c4e00000, 0x00000006c4e00000|
|  79|0x00000006c4f00000, 0x00000006c4f00000, 0x00000006c5000000|  0%| F|  |TS  0|AC  0|TAMS 0x00000006c4f00000, 0x00000006c4f00000|
|  80|0x00000006c5000000, 0x00000006c5000000, 0x00000006c5100000|  0%| F|  |TS  0|AC  0|TAMS 0x00000006c5000000, 0x00000006c5000000|
|  81|0x00000006c5100000, 0x00000006c5100000, 0x00000006c5200000|  0%| F|  |TS  0|AC  0|TAMS 0x00000006c5100000, 0x00000006c5100000|
|  82|0x00000006c5200000, 0x00000006c5200000, 0x00000006c5300000|  0%| F|  |TS  0|AC  0|TAMS 0x00000006c5200000, 0x00000006c5200000|
|  83|0x00000006c5300000, 0x00000006c5300000, 0x00000006c5400000|  0%| F|  |TS  0|AC  0|TAMS 0x00000006c5300000, 0x00000006c5300000|
|  84|0x00000006c5400000, 0x00000006c5400000, 0x00000006c5500000|  0%| F|  |TS  0|AC  0|TAMS 0x00000006c5400000, 0x00000006c5400000|
|  85|0x00000006c5500000, 0x00000006c5500000, 0x00000006c5600000|  0%| F|  |TS  0|AC  0|TAMS 0x00000006c5500000, 0x00000006c5500000|
|  86|0x00000006c5600000, 0x00000006c5600000, 0x00000006c5700000|  0%| F|  |TS  0|AC  0|TAMS 0x00000006c5600000, 0x00000006c5600000|
|  87|0x00000006c5700000, 0x00000006c5700000, 0x00000006c5800000|  0%| F|  |TS  0|AC  0|TAMS 0x00000006c5700000, 0x00000006c5700000|
|  88|0x00000006c5800000, 0x00000006c5800000, 0x00000006c5900000|  0%| F|  |TS  0|AC  0|TAMS 0x00000006c5800000, 0x00000006c5800000|
|  89|0x00000006c5900000, 0x00000006c5900000, 0x00000006c5a00000|  0%| F|  |TS  0|AC  0|TAMS 0x00000006c5900000, 0x00000006c5900000|
|  90|0x00000006c5a00000, 0x00000006c5a00000, 0x00000006c5b00000|  0%| F|  |TS  0|AC  0|TAMS 0x00000006c5a00000, 0x00000006c5a00000|
|  91|0x00000006c5b00000, 0x00000006c5b00000, 0x00000006c5c00000|  0%| F|  |TS  0|AC  0|TAMS 0x00000006c5b00000, 0x00000006c5b00000|
|  92|0x00000006c5c00000, 0x00000006c5c00000, 0x00000006c5d00000|  0%| F|  |TS  0|AC  0|TAMS 0x00000006c5c00000, 0x00000006c5c00000|
|  93|0x00000006c5d00000, 0x00000006c5d00000, 0x00000006c5e00000|  0%| F|  |TS  0|AC  0|TAMS 0x00000006c5d00000, 0x00000006c5d00000|
|  94|0x00000006c5e00000, 0x00000006c5e00000, 0x00000006c5f00000|  0%| F|  |TS  0|AC  0|TAMS 0x00000006c5e00000, 0x00000006c5e00000|
|  95|0x00000006c5f00000, 0x00000006c5f00000, 0x00000006c6000000|  0%| F|  |TS  0|AC  0|TAMS 0x00000006c5f00000, 0x00000006c5f00000|
|  96|0x00000006c6000000, 0x00000006c6000000, 0x00000006c6100000|  0%| F|  |TS  0|AC  0|TAMS 0x00000006c6000000, 0x00000006c6000000|
|  97|0x00000006c6100000, 0x00000006c6100000, 0x00000006c6200000|  0%| F|  |TS  0|AC  0|TAMS 0x00000006c6100000, 0x00000006c6100000|
|  98|0x00000006c6200000, 0x00000006c6200000, 0x00000006c6300000|  0%| F|  |TS  0|AC  0|TAMS 0x00000006c6200000, 0x00000006c6200000|
|  99|0x00000006c6300000, 0x00000006c6300000, 0x00000006c6400000|  0%| F|  |TS  0|AC  0|TAMS 0x00000006c6300000, 0x00000006c6300000|
| 100|0x00000006c6400000, 0x00000006c6400000, 0x00000006c6500000|  0%| F|  |TS  0|AC  0|TAMS 0x00000006c6400000, 0x00000006c6400000|
| 101|0x00000006c6500000, 0x00000006c6500000, 0x00000006c6600000|  0%| F|  |TS  0|AC  0|TAMS 0x00000006c6500000, 0x00000006c6500000|
| 102|0x00000006c6600000, 0x00000006c6600000, 0x00000006c6700000|  0%| F|  |TS  0|AC  0|TAMS 0x00000006c6600000, 0x00000006c6600000|
| 103|0x00000006c6700000, 0x00000006c6700000, 0x00000006c6800000|  0%| F|  |TS  0|AC  0|TAMS 0x00000006c6700000, 0x00000006c6700000|
| 104|0x00000006c6800000, 0x00000006c6800000, 0x00000006c6900000|  0%| F|  |TS  0|AC  0|TAMS 0x00000006c6800000, 0x00000006c6800000|
| 105|0x00000006c6900000, 0x00000006c6900000, 0x00000006c6a00000|  0%| F|  |TS  0|AC  0|TAMS 0x00000006c6900000, 0x00000006c6900000|
| 106|0x00000006c6a00000, 0x00000006c6a00000, 0x00000006c6b00000|  0%| F|  |TS  0|AC  0|TAMS 0x00000006c6a00000, 0x00000006c6a00000|
| 107|0x00000006c6b00000, 0x00000006c6b00000, 0x00000006c6c00000|  0%| F|  |TS  0|AC  0|TAMS 0x00000006c6b00000, 0x00000006c6b00000|
| 108|0x00000006c6c00000, 0x00000006c6c00000, 0x00000006c6d00000|  0%| F|  |TS  0|AC  0|TAMS 0x00000006c6c00000, 0x00000006c6c00000|
| 109|0x00000006c6d00000, 0x00000006c6d00000, 0x00000006c6e00000|  0%| F|  |TS  0|AC  0|TAMS 0x00000006c6d00000, 0x00000006c6d00000|
| 110|0x00000006c6e00000, 0x00000006c6e00000, 0x00000006c6f00000|  0%| F|  |TS  0|AC  0|TAMS 0x00000006c6e00000, 0x00000006c6e00000|
| 111|0x00000006c6f00000, 0x00000006c6f00000, 0x00000006c7000000|  0%| F|  |TS  0|AC  0|TAMS 0x00000006c6f00000, 0x00000006c6f00000|
| 112|0x00000006c7000000, 0x00000006c7000000, 0x00000006c7100000|  0%| F|  |TS  0|AC  0|TAMS 0x00000006c7000000, 0x00000006c7000000|
| 113|0x00000006c7100000, 0x00000006c7100000, 0x00000006c7200000|  0%| F|  |TS  0|AC  0|TAMS 0x00000006c7100000, 0x00000006c7100000|
| 114|0x00000006c7200000, 0x00000006c7200000, 0x00000006c7300000|  0%| F|  |TS  0|AC  0|TAMS 0x00000006c7200000, 0x00000006c7200000|
| 115|0x00000006c7300000, 0x00000006c7300000, 0x00000006c7400000|  0%| F|  |TS  0|AC  0|TAMS 0x00000006c7300000, 0x00000006c7300000|
| 116|0x00000006c7400000, 0x00000006c7400000, 0x00000006c7500000|  0%| F|  |TS  0|AC  0|TAMS 0x00000006c7400000, 0x00000006c7400000|
| 117|0x00000006c7500000, 0x00000006c7500000, 0x00000006c7600000|  0%| F|  |TS  0|AC  0|TAMS 0x00000006c7500000, 0x00000006c7500000|
| 118|0x00000006c7600000, 0x00000006c7600000, 0x00000006c7700000|  0%| F|  |TS  0|AC  0|TAMS 0x00000006c7600000, 0x00000006c7600000|
| 119|0x00000006c7700000, 0x00000006c7700000, 0x00000006c7800000|  0%| F|  |TS  0|AC  0|TAMS 0x00000006c7700000, 0x00000006c7700000|
| 120|0x00000006c7800000, 0x00000006c7800000, 0x00000006c7900000|  0%| F|  |TS  0|AC  0|TAMS 0x00000006c7800000, 0x00000006c7800000|
| 121|0x00000006c7900000, 0x00000006c7900000, 0x00000006c7a00000|  0%| F|  |TS  0|AC  0|TAMS 0x00000006c7900000, 0x00000006c7900000|
| 122|0x00000006c7a00000, 0x00000006c7a00000, 0x00000006c7b00000|  0%| F|  |TS  0|AC  0|TAMS 0x00000006c7a00000, 0x00000006c7a00000|
| 123|0x00000006c7b00000, 0x00000006c7b00000, 0x00000006c7c00000|  0%| F|  |TS  0|AC  0|TAMS 0x00000006c7b00000, 0x00000006c7b00000|
| 124|0x00000006c7c00000, 0x00000006c7c00000, 0x00000006c7d00000|  0%| F|  |TS  0|AC  0|TAMS 0x00000006c7c00000, 0x00000006c7c00000|
| 125|0x00000006c7d00000, 0x00000006c7d00000, 0x00000006c7e00000|  0%| F|  |TS  0|AC  0|TAMS 0x00000006c7d00000, 0x00000006c7d00000|
| 126|0x00000006c7e00000, 0x00000006c7e00000, 0x00000006c7f00000|  0%| F|  |TS  0|AC  0|TAMS 0x00000006c7e00000, 0x00000006c7e00000|
| 127|0x00000006c7f00000, 0x00000006c7f00000, 0x00000006c8000000|  0%| F|  |TS  0|AC  0|TAMS 0x00000006c7f00000, 0x00000006c7f00000|
| 128|0x00000006c8000000, 0x00000006c8000000, 0x00000006c8100000|  0%| F|  |TS  0|AC  0|TAMS 0x00000006c8000000, 0x00000006c8000000|
| 129|0x00000006c8100000, 0x00000006c8100000, 0x00000006c8200000|  0%| F|  |TS  0|AC  0|TAMS 0x00000006c8100000, 0x00000006c8100000|
| 130|0x00000006c8200000, 0x00000006c8200000, 0x00000006c8300000|  0%| F|  |TS  0|AC  0|TAMS 0x00000006c8200000, 0x00000006c8200000|
| 131|0x00000006c8300000, 0x00000006c8400000, 0x00000006c8400000|100%| S|CS|TS  2|AC  0|TAMS 0x00000006c8300000, 0x00000006c8300000|
| 132|0x00000006c8400000, 0x00000006c8500000, 0x00000006c8500000|100%| S|CS|TS  2|AC  0|TAMS 0x00000006c8400000, 0x00000006c8400000|
| 133|0x00000006c8500000, 0x00000006c8600000, 0x00000006c8600000|100%| S|CS|TS  2|AC  0|TAMS 0x00000006c8500000, 0x00000006c8500000|
| 134|0x00000006c8600000, 0x00000006c8700000, 0x00000006c8700000|100%| S|CS|TS  2|AC  0|TAMS 0x00000006c8600000, 0x00000006c8600000|
| 135|0x00000006c8700000, 0x00000006c8800000, 0x00000006c8800000|100%| S|CS|TS  2|AC  0|TAMS 0x00000006c8700000, 0x00000006c8700000|
| 136|0x00000006c8800000, 0x00000006c8800000, 0x00000006c8900000|  0%| F|  |TS  2|AC  0|TAMS 0x00000006c8800000, 0x00000006c8800000|
| 137|0x00000006c8900000, 0x00000006c8900000, 0x00000006c8a00000|  0%| F|  |TS  2|AC  0|TAMS 0x00000006c8900000, 0x00000006c8900000|
| 138|0x00000006c8a00000, 0x00000006c8a00000, 0x00000006c8b00000|  0%| F|  |TS  2|AC  0|TAMS 0x00000006c8a00000, 0x00000006c8a00000|
| 139|0x00000006c8b00000, 0x00000006c8b00000, 0x00000006c8c00000|  0%| F|  |TS  2|AC  0|TAMS 0x00000006c8b00000, 0x00000006c8b00000|
| 140|0x00000006c8c00000, 0x00000006c8c00000, 0x00000006c8d00000|  0%| F|  |TS  2|AC  0|TAMS 0x00000006c8c00000, 0x00000006c8c00000|
| 141|0x00000006c8d00000, 0x00000006c8d00000, 0x00000006c8e00000|  0%| F|  |TS  2|AC  0|TAMS 0x00000006c8d00000, 0x00000006c8d00000|
| 142|0x00000006c8e00000, 0x00000006c8e00000, 0x00000006c8f00000|  0%| F|  |TS  2|AC  0|TAMS 0x00000006c8e00000, 0x00000006c8e00000|
| 143|0x00000006c8f00000, 0x00000006c8f00000, 0x00000006c9000000|  0%| F|  |TS  2|AC  0|TAMS 0x00000006c8f00000, 0x00000006c8f00000|
| 144|0x00000006c9000000, 0x00000006c9000000, 0x00000006c9100000|  0%| F|  |TS  2|AC  0|TAMS 0x00000006c9000000, 0x00000006c9000000|
| 145|0x00000006c9100000, 0x00000006c9100000, 0x00000006c9200000|  0%| F|  |TS  2|AC  0|TAMS 0x00000006c9100000, 0x00000006c9100000|
| 146|0x00000006c9200000, 0x00000006c9200000, 0x00000006c9300000|  0%| F|  |TS  2|AC  0|TAMS 0x00000006c9200000, 0x00000006c9200000|
| 147|0x00000006c9300000, 0x00000006c9300000, 0x00000006c9400000|  0%| F|  |TS  2|AC  0|TAMS 0x00000006c9300000, 0x00000006c9300000|
| 148|0x00000006c9400000, 0x00000006c9400000, 0x00000006c9500000|  0%| F|  |TS  2|AC  0|TAMS 0x00000006c9400000, 0x00000006c9400000|
| 149|0x00000006c9500000, 0x00000006c9500000, 0x00000006c9600000|  0%| F|  |TS  2|AC  0|TAMS 0x00000006c9500000, 0x00000006c9500000|
| 150|0x00000006c9600000, 0x00000006c9600000, 0x00000006c9700000|  0%| F|  |TS  2|AC  0|TAMS 0x00000006c9600000, 0x00000006c9600000|
| 151|0x00000006c9700000, 0x00000006c9700000, 0x00000006c9800000|  0%| F|  |TS  2|AC  0|TAMS 0x00000006c9700000, 0x00000006c9700000|
| 152|0x00000006c9800000, 0x00000006c9800000, 0x00000006c9900000|  0%| F|  |TS  2|AC  0|TAMS 0x00000006c9800000, 0x00000006c9800000|
| 153|0x00000006c9900000, 0x00000006c9900000, 0x00000006c9a00000|  0%| F|  |TS  2|AC  0|TAMS 0x00000006c9900000, 0x00000006c9900000|
| 154|0x00000006c9a00000, 0x00000006c9a00000, 0x00000006c9b00000|  0%| F|  |TS  2|AC  0|TAMS 0x00000006c9a00000, 0x00000006c9a00000|
| 155|0x00000006c9b00000, 0x00000006c9b00000, 0x00000006c9c00000|  0%| F|  |TS  2|AC  0|TAMS 0x00000006c9b00000, 0x00000006c9b00000|
| 156|0x00000006c9c00000, 0x00000006c9c00000, 0x00000006c9d00000|  0%| F|  |TS  2|AC  0|TAMS 0x00000006c9c00000, 0x00000006c9c00000|
| 157|0x00000006c9d00000, 0x00000006c9d00000, 0x00000006c9e00000|  0%| F|  |TS  2|AC  0|TAMS 0x00000006c9d00000, 0x00000006c9d00000|
| 158|0x00000006c9e00000, 0x00000006c9e00000, 0x00000006c9f00000|  0%| F|  |TS  2|AC  0|TAMS 0x00000006c9e00000, 0x00000006c9e00000|
| 159|0x00000006c9f00000, 0x00000006c9f00000, 0x00000006ca000000|  0%| F|  |TS  2|AC  0|TAMS 0x00000006c9f00000, 0x00000006c9f00000|
| 160|0x00000006ca000000, 0x00000006ca000000, 0x00000006ca100000|  0%| F|  |TS  2|AC  0|TAMS 0x00000006ca000000, 0x00000006ca000000|
| 161|0x00000006ca100000, 0x00000006ca100000, 0x00000006ca200000|  0%| F|  |TS  2|AC  0|TAMS 0x00000006ca100000, 0x00000006ca100000|
| 162|0x00000006ca200000, 0x00000006ca200000, 0x00000006ca300000|  0%| F|  |TS  2|AC  0|TAMS 0x00000006ca200000, 0x00000006ca200000|
| 163|0x00000006ca300000, 0x00000006ca300000, 0x00000006ca400000|  0%| F|  |TS  2|AC  0|TAMS 0x00000006ca300000, 0x00000006ca300000|
| 164|0x00000006ca400000, 0x00000006ca400000, 0x00000006ca500000|  0%| F|  |TS  2|AC  0|TAMS 0x00000006ca400000, 0x00000006ca400000|
| 165|0x00000006ca500000, 0x00000006ca500000, 0x00000006ca600000|  0%| F|  |TS  2|AC  0|TAMS 0x00000006ca500000, 0x00000006ca500000|
| 166|0x00000006ca600000, 0x00000006ca600000, 0x00000006ca700000|  0%| F|  |TS  2|AC  0|TAMS 0x00000006ca600000, 0x00000006ca600000|
| 167|0x00000006ca700000, 0x00000006ca700000, 0x00000006ca800000|  0%| F|  |TS  2|AC  0|TAMS 0x00000006ca700000, 0x00000006ca700000|
| 168|0x00000006ca800000, 0x00000006ca800000, 0x00000006ca900000|  0%| F|  |TS  2|AC  0|TAMS 0x00000006ca800000, 0x00000006ca800000|
| 169|0x00000006ca900000, 0x00000006ca900000, 0x00000006caa00000|  0%| F|  |TS  2|AC  0|TAMS 0x00000006ca900000, 0x00000006ca900000|
| 170|0x00000006caa00000, 0x00000006caa00000, 0x00000006cab00000|  0%| F|  |TS  2|AC  0|TAMS 0x00000006caa00000, 0x00000006caa00000|
| 171|0x00000006cab00000, 0x00000006cab00000, 0x00000006cac00000|  0%| F|  |TS  2|AC  0|TAMS 0x00000006cab00000, 0x00000006cab00000|
| 172|0x00000006cac00000, 0x00000006cac00000, 0x00000006cad00000|  0%| F|  |TS  2|AC  0|TAMS 0x00000006cac00000, 0x00000006cac00000|
| 173|0x00000006cad00000, 0x00000006cad00000, 0x00000006cae00000|  0%| F|  |TS  2|AC  0|TAMS 0x00000006cad00000, 0x00000006cad00000|
| 174|0x00000006cae00000, 0x00000006cae00000, 0x00000006caf00000|  0%| F|  |TS  2|AC  0|TAMS 0x00000006cae00000, 0x00000006cae00000|
| 175|0x00000006caf00000, 0x00000006caf00000, 0x00000006cb000000|  0%| F|  |TS  2|AC  0|TAMS 0x00000006caf00000, 0x00000006caf00000|
| 176|0x00000006cb000000, 0x00000006cb000000, 0x00000006cb100000|  0%| F|  |TS  2|AC  0|TAMS 0x00000006cb000000, 0x00000006cb000000|
| 177|0x00000006cb100000, 0x00000006cb100000, 0x00000006cb200000|  0%| F|  |TS  2|AC  0|TAMS 0x00000006cb100000, 0x00000006cb100000|
| 178|0x00000006cb200000, 0x00000006cb200000, 0x00000006cb300000|  0%| F|  |TS  2|AC  0|TAMS 0x00000006cb200000, 0x00000006cb200000|
| 179|0x00000006cb300000, 0x00000006cb300000, 0x00000006cb400000|  0%| F|  |TS  2|AC  0|TAMS 0x00000006cb300000, 0x00000006cb300000|
| 180|0x00000006cb400000, 0x00000006cb400000, 0x00000006cb500000|  0%| F|  |TS  2|AC  0|TAMS 0x00000006cb400000, 0x00000006cb400000|
| 181|0x00000006cb500000, 0x00000006cb500000, 0x00000006cb600000|  0%| F|  |TS  2|AC  0|TAMS 0x00000006cb500000, 0x00000006cb500000|
| 182|0x00000006cb600000, 0x00000006cb600000, 0x00000006cb700000|  0%| F|  |TS  2|AC  0|TAMS 0x00000006cb600000, 0x00000006cb600000|
| 183|0x00000006cb700000, 0x00000006cb700000, 0x00000006cb800000|  0%| F|  |TS  2|AC  0|TAMS 0x00000006cb700000, 0x00000006cb700000|
| 184|0x00000006cb800000, 0x00000006cb800000, 0x00000006cb900000|  0%| F|  |TS  2|AC  0|TAMS 0x00000006cb800000, 0x00000006cb800000|
| 185|0x00000006cb900000, 0x00000006cb900000, 0x00000006cba00000|  0%| F|  |TS  2|AC  0|TAMS 0x00000006cb900000, 0x00000006cb900000|
| 186|0x00000006cba00000, 0x00000006cba00000, 0x00000006cbb00000|  0%| F|  |TS  2|AC  0|TAMS 0x00000006cba00000, 0x00000006cba00000|
| 187|0x00000006cbb00000, 0x00000006cbb00000, 0x00000006cbc00000|  0%| F|  |TS  2|AC  0|TAMS 0x00000006cbb00000, 0x00000006cbb00000|
| 188|0x00000006cbc00000, 0x00000006cbc00000, 0x00000006cbd00000|  0%| F|  |TS  2|AC  0|TAMS 0x00000006cbc00000, 0x00000006cbc00000|
| 189|0x00000006cbd00000, 0x00000006cbd00000, 0x00000006cbe00000|  0%| F|  |TS  2|AC  0|TAMS 0x00000006cbd00000, 0x00000006cbd00000|
| 190|0x00000006cbe00000, 0x00000006cbe00000, 0x00000006cbf00000|  0%| F|  |TS  2|AC  0|TAMS 0x00000006cbe00000, 0x00000006cbe00000|
| 191|0x00000006cbf00000, 0x00000006cbf00000, 0x00000006cc000000|  0%| F|  |TS  2|AC  0|TAMS 0x00000006cbf00000, 0x00000006cbf00000|
| 192|0x00000006cc000000, 0x00000006cc000000, 0x00000006cc100000|  0%| F|  |TS  2|AC  0|TAMS 0x00000006cc000000, 0x00000006cc000000|
| 193|0x00000006cc100000, 0x00000006cc100000, 0x00000006cc200000|  0%| F|  |TS  2|AC  0|TAMS 0x00000006cc100000, 0x00000006cc100000|
| 194|0x00000006cc200000, 0x00000006cc200000, 0x00000006cc300000|  0%| F|  |TS  2|AC  0|TAMS 0x00000006cc200000, 0x00000006cc200000|
| 195|0x00000006cc300000, 0x00000006cc300000, 0x00000006cc400000|  0%| F|  |TS  2|AC  0|TAMS 0x00000006cc300000, 0x00000006cc300000|
| 196|0x00000006cc400000, 0x00000006cc400000, 0x00000006cc500000|  0%| F|  |TS  2|AC  0|TAMS 0x00000006cc400000, 0x00000006cc400000|
| 197|0x00000006cc500000, 0x00000006cc500000, 0x00000006cc600000|  0%| F|  |TS  2|AC  0|TAMS 0x00000006cc500000, 0x00000006cc500000|
| 198|0x00000006cc600000, 0x00000006cc600000, 0x00000006cc700000|  0%| F|  |TS  2|AC  0|TAMS 0x00000006cc600000, 0x00000006cc600000|
| 199|0x00000006cc700000, 0x00000006cc700000, 0x00000006cc800000|  0%| F|  |TS  2|AC  0|TAMS 0x00000006cc700000, 0x00000006cc700000|
| 200|0x00000006cc800000, 0x00000006cc800000, 0x00000006cc900000|  0%| F|  |TS  2|AC  0|TAMS 0x00000006cc800000, 0x00000006cc800000|
| 201|0x00000006cc900000, 0x00000006cc900000, 0x00000006cca00000|  0%| F|  |TS  2|AC  0|TAMS 0x00000006cc900000, 0x00000006cc900000|
| 202|0x00000006cca00000, 0x00000006cca00000, 0x00000006ccb00000|  0%| F|  |TS  2|AC  0|TAMS 0x00000006cca00000, 0x00000006cca00000|
| 203|0x00000006ccb00000, 0x00000006ccb00000, 0x00000006ccc00000|  0%| F|  |TS  2|AC  0|TAMS 0x00000006ccb00000, 0x00000006ccb00000|
| 204|0x00000006ccc00000, 0x00000006ccc00000, 0x00000006ccd00000|  0%| F|  |TS  2|AC  0|TAMS 0x00000006ccc00000, 0x00000006ccc00000|
| 205|0x00000006ccd00000, 0x00000006ccd00000, 0x00000006cce00000|  0%| F|  |TS  2|AC  0|TAMS 0x00000006ccd00000, 0x00000006ccd00000|
| 206|0x00000006cce00000, 0x00000006cce00000, 0x00000006ccf00000|  0%| F|  |TS  2|AC  0|TAMS 0x00000006cce00000, 0x00000006cce00000|
| 207|0x00000006ccf00000, 0x00000006ccf00000, 0x00000006cd000000|  0%| F|  |TS  2|AC  0|TAMS 0x00000006ccf00000, 0x00000006ccf00000|
| 208|0x00000006cd000000, 0x00000006cd000000, 0x00000006cd100000|  0%| F|  |TS  2|AC  0|TAMS 0x00000006cd000000, 0x00000006cd000000|
| 209|0x00000006cd100000, 0x00000006cd100000, 0x00000006cd200000|  0%| F|  |TS  2|AC  0|TAMS 0x00000006cd100000, 0x00000006cd100000|
| 210|0x00000006cd200000, 0x00000006cd200000, 0x00000006cd300000|  0%| F|  |TS  2|AC  0|TAMS 0x00000006cd200000, 0x00000006cd200000|
| 211|0x00000006cd300000, 0x00000006cd300000, 0x00000006cd400000|  0%| F|  |TS  2|AC  0|TAMS 0x00000006cd300000, 0x00000006cd300000|
| 212|0x00000006cd400000, 0x00000006cd400000, 0x00000006cd500000|  0%| F|  |TS  2|AC  0|TAMS 0x00000006cd400000, 0x00000006cd400000|
| 213|0x00000006cd500000, 0x00000006cd500000, 0x00000006cd600000|  0%| F|  |TS  2|AC  0|TAMS 0x00000006cd500000, 0x00000006cd500000|
| 214|0x00000006cd600000, 0x00000006cd600000, 0x00000006cd700000|  0%| F|  |TS  2|AC  0|TAMS 0x00000006cd600000, 0x00000006cd600000|
| 215|0x00000006cd700000, 0x00000006cd700000, 0x00000006cd800000|  0%| F|  |TS  2|AC  0|TAMS 0x00000006cd700000, 0x00000006cd700000|
| 216|0x00000006cd800000, 0x00000006cd800000, 0x00000006cd900000|  0%| F|  |TS  2|AC  0|TAMS 0x00000006cd800000, 0x00000006cd800000|
| 217|0x00000006cd900000, 0x00000006cd900000, 0x00000006cda00000|  0%| F|  |TS  2|AC  0|TAMS 0x00000006cd900000, 0x00000006cd900000|
| 218|0x00000006cda00000, 0x00000006cda00000, 0x00000006cdb00000|  0%| F|  |TS  2|AC  0|TAMS 0x00000006cda00000, 0x00000006cda00000|
| 219|0x00000006cdb00000, 0x00000006cdb00000, 0x00000006cdc00000|  0%| F|  |TS  2|AC  0|TAMS 0x00000006cdb00000, 0x00000006cdb00000|
| 220|0x00000006cdc00000, 0x00000006cdc00000, 0x00000006cdd00000|  0%| F|  |TS  2|AC  0|TAMS 0x00000006cdc00000, 0x00000006cdc00000|
| 221|0x00000006cdd00000, 0x00000006cdd00000, 0x00000006cde00000|  0%| F|  |TS  2|AC  0|TAMS 0x00000006cdd00000, 0x00000006cdd00000|
| 222|0x00000006cde00000, 0x00000006cde00800, 0x00000006cdf00000|  0%| E|  |TS  2|AC  0|TAMS 0x00000006cde00000, 0x00000006cde00000|
| 223|0x00000006cdf00000, 0x00000006ce000000, 0x00000006ce000000|100%| E|CS|TS  2|AC  0|TAMS 0x00000006cdf00000, 0x00000006cdf00000|
| 224|0x00000006ce000000, 0x00000006ce100000, 0x00000006ce100000|100%| E|CS|TS  2|AC  0|TAMS 0x00000006ce000000, 0x00000006ce000000|
| 225|0x00000006ce100000, 0x00000006ce200000, 0x00000006ce200000|100%| E|CS|TS  2|AC  0|TAMS 0x00000006ce100000, 0x00000006ce100000|
| 226|0x00000006ce200000, 0x00000006ce300000, 0x00000006ce300000|100%| E|CS|TS  2|AC  0|TAMS 0x00000006ce200000, 0x00000006ce200000|
| 227|0x00000006ce300000, 0x00000006ce400000, 0x00000006ce400000|100%| E|CS|TS  2|AC  0|TAMS 0x00000006ce300000, 0x00000006ce300000|
| 228|0x00000006ce400000, 0x00000006ce500000, 0x00000006ce500000|100%| E|CS|TS  2|AC  0|TAMS 0x00000006ce400000, 0x00000006ce400000|
| 229|0x00000006ce500000, 0x00000006ce600000, 0x00000006ce600000|100%| E|CS|TS  2|AC  0|TAMS 0x00000006ce500000, 0x00000006ce500000|
| 230|0x00000006ce600000, 0x00000006ce700000, 0x00000006ce700000|100%| E|CS|TS  2|AC  0|TAMS 0x00000006ce600000, 0x00000006ce600000|
| 231|0x00000006ce700000, 0x00000006ce800000, 0x00000006ce800000|100%| E|CS|TS  2|AC  0|TAMS 0x00000006ce700000, 0x00000006ce700000|
| 232|0x00000006ce800000, 0x00000006ce900000, 0x00000006ce900000|100%| E|CS|TS  2|AC  0|TAMS 0x00000006ce800000, 0x00000006ce800000|
| 233|0x00000006ce900000, 0x00000006cea00000, 0x00000006cea00000|100%| E|CS|TS  2|AC  0|TAMS 0x00000006ce900000, 0x00000006ce900000|
| 234|0x00000006cea00000, 0x00000006ceb00000, 0x00000006ceb00000|100%| E|CS|TS  2|AC  0|TAMS 0x00000006cea00000, 0x00000006cea00000|
| 235|0x00000006ceb00000, 0x00000006cec00000, 0x00000006cec00000|100%| E|CS|TS  2|AC  0|TAMS 0x00000006ceb00000, 0x00000006ceb00000|
| 236|0x00000006cec00000, 0x00000006ced00000, 0x00000006ced00000|100%| E|CS|TS  2|AC  0|TAMS 0x00000006cec00000, 0x00000006cec00000|
| 237|0x00000006ced00000, 0x00000006cee00000, 0x00000006cee00000|100%| E|CS|TS  2|AC  0|TAMS 0x00000006ced00000, 0x00000006ced00000|
| 238|0x00000006cee00000, 0x00000006cef00000, 0x00000006cef00000|100%| E|CS|TS  2|AC  0|TAMS 0x00000006cee00000, 0x00000006cee00000|
| 239|0x00000006cef00000, 0x00000006cf000000, 0x00000006cf000000|100%| E|CS|TS  2|AC  0|TAMS 0x00000006cef00000, 0x00000006cef00000|
| 240|0x00000006cf000000, 0x00000006cf100000, 0x00000006cf100000|100%| E|CS|TS  2|AC  0|TAMS 0x00000006cf000000, 0x00000006cf000000|
| 241|0x00000006cf100000, 0x00000006cf200000, 0x00000006cf200000|100%| E|CS|TS  2|AC  0|TAMS 0x00000006cf100000, 0x00000006cf100000|
| 242|0x00000006cf200000, 0x00000006cf300000, 0x00000006cf300000|100%| E|CS|TS  2|AC  0|TAMS 0x00000006cf200000, 0x00000006cf200000|
| 243|0x00000006cf300000, 0x00000006cf400000, 0x00000006cf400000|100%| E|CS|TS  2|AC  0|TAMS 0x00000006cf300000, 0x00000006cf300000|
| 244|0x00000006cf400000, 0x00000006cf500000, 0x00000006cf500000|100%| E|CS|TS  2|AC  0|TAMS 0x00000006cf400000, 0x00000006cf400000|
| 245|0x00000006cf500000, 0x00000006cf600000, 0x00000006cf600000|100%| E|CS|TS  2|AC  0|TAMS 0x00000006cf500000, 0x00000006cf500000|
| 246|0x00000006cf600000, 0x00000006cf700000, 0x00000006cf700000|100%| E|CS|TS  2|AC  0|TAMS 0x00000006cf600000, 0x00000006cf600000|
| 247|0x00000006cf700000, 0x00000006cf800000, 0x00000006cf800000|100%| E|CS|TS  2|AC  0|TAMS 0x00000006cf700000, 0x00000006cf700000|
| 248|0x00000006cf800000, 0x00000006cf900000, 0x00000006cf900000|100%| E|CS|TS  2|AC  0|TAMS 0x00000006cf800000, 0x00000006cf800000|
| 249|0x00000006cf900000, 0x00000006cfa00000, 0x00000006cfa00000|100%| E|CS|TS  2|AC  0|TAMS 0x00000006cf900000, 0x00000006cf900000|
| 250|0x00000006cfa00000, 0x00000006cfb00000, 0x00000006cfb00000|100%| E|CS|TS  2|AC  0|TAMS 0x00000006cfa00000, 0x00000006cfa00000|
| 251|0x00000006cfb00000, 0x00000006cfc00000, 0x00000006cfc00000|100%| E|CS|TS  2|AC  0|TAMS 0x00000006cfb00000, 0x00000006cfb00000|
| 252|0x00000006cfc00000, 0x00000006cfd00000, 0x00000006cfd00000|100%| E|CS|TS  2|AC  0|TAMS 0x00000006cfc00000, 0x00000006cfc00000|
| 253|0x00000006cfd00000, 0x00000006cfe00000, 0x00000006cfe00000|100%| E|CS|TS  2|AC  0|TAMS 0x00000006cfd00000, 0x00000006cfd00000|
| 254|0x00000006cfe00000, 0x00000006cff00000, 0x00000006cff00000|100%| E|CS|TS  2|AC  0|TAMS 0x00000006cfe00000, 0x00000006cfe00000|
| 255|0x00000006cff00000, 0x00000006d0000000, 0x00000006d0000000|100%| E|CS|TS  2|AC  0|TAMS 0x00000006cff00000, 0x00000006cff00000|

Card table byte_map: [0x000000001d960000,0x000000001e160000] byte_map_base: 0x000000001a360000

Marking Bits (Prev, Next): (CMBitMap*) 0x00000000269e9180, (CMBitMap*) 0x00000000269e91b8
 Prev Bits: [0x000000001e960000, 0x0000000022960000)
 Next Bits: [0x0000000022960000, 0x0000000026960000)

Polling page: 0x00000000000f0000

CodeHeap 'non-profiled nmethods': size=120064Kb used=3786Kb max_used=3786Kb free=116277Kb
 bounds [0x00000000151b0000, 0x0000000015570000, 0x000000001c6f0000]
CodeHeap 'profiled nmethods': size=120000Kb used=13130Kb max_used=13130Kb free=106869Kb
 bounds [0x000000000dc80000, 0x000000000e960000, 0x00000000151b0000]
CodeHeap 'non-nmethods': size=5696Kb used=1162Kb max_used=1218Kb free=4533Kb
 bounds [0x000000000d6f0000, 0x000000000d960000, 0x000000000dc80000]
 total_blobs=7461 nmethods=5348 adapters=429
 compilation: enabled

Compilation events (10 events):
Event: 700.876 Thread 0x000000002946d000 5646   !   3       java.security.SecureRandom::nextBytes (41 bytes)
Event: 700.877 Thread 0x000000002946d000 nmethod 5646 0x000000000e954a90 code [0x000000000e954c80, 0x000000000e955158]
Event: 705.036 Thread 0x000000002946d000 5647       3       sun.security.provider.DigestBase::engineUpdate (32 bytes)
Event: 705.036 Thread 0x000000002946d000 nmethod 5647 0x000000000e955310 code [0x000000000e9554e0, 0x000000000e9557e8]
Event: 710.873 Thread 0x000000002946d000 5648       3       java.util.concurrent.ConcurrentSkipListMap$Iter::advance (47 bytes)
Event: 710.873 Thread 0x000000002946d000 nmethod 5648 0x000000000e955910 code [0x000000000e955ae0, 0x000000000e955eb0]
Event: 710.874 Thread 0x000000002946d000 5649       3       java.util.Optional::get (22 bytes)
Event: 710.875 Thread 0x000000002946d000 nmethod 5649 0x000000000e955f90 code [0x000000000e956160, 0x000000000e9563c8]
Event: 710.875 Thread 0x000000002946d000 5650       1       java.util.concurrent.ThreadPoolExecutor::getQueue (5 bytes)
Event: 710.875 Thread 0x000000002946d000 nmethod 5650 0x0000000015562610 code [0x00000000155627c0, 0x00000000155628d0]

GC Heap History (10 events):
Event: 3.021 GC heap before
{Heap before GC invocations=3 (full 0):
 garbage-first heap   total 262144K, used 18712K [0x00000006c0000000, 0x00000007c0000000)
  region size 1024K, 15 young (15360K), 2 survivors (2048K)
 Metaspace       used 20749K, capacity 21091K, committed 21296K, reserved 1069056K
  class space    used 2207K, capacity 2386K, committed 2432K, reserved 1048576K
}
Event: 3.027 GC heap after
{Heap after GC invocations=4 (full 0):
 garbage-first heap   total 262144K, used 6735K [0x00000006c0000000, 0x00000007c0000000)
  region size 1024K, 2 young (2048K), 2 survivors (2048K)
 Metaspace       used 20749K, capacity 21091K, committed 21296K, reserved 1069056K
  class space    used 2207K, capacity 2386K, committed 2432K, reserved 1048576K
}
Event: 30.231 GC heap before
{Heap before GC invocations=5 (full 0):
 garbage-first heap   total 262144K, used 54863K [0x00000006c0000000, 0x00000007c0000000)
  region size 1024K, 49 young (50176K), 2 survivors (2048K)
 Metaspace       used 28937K, capacity 29650K, committed 29952K, reserved 1075200K
  class space    used 3221K, capacity 3466K, committed 3584K, reserved 1048576K
}
Event: 30.249 GC heap after
{Heap after GC invocations=6 (full 0):
 garbage-first heap   total 262144K, used 9692K [0x00000006c0000000, 0x00000007c0000000)
  region size 1024K, 5 young (5120K), 5 survivors (5120K)
 Metaspace       used 28937K, capacity 29650K, committed 29952K, reserved 1075200K
  class space    used 3221K, capacity 3466K, committed 3584K, reserved 1048576K
}
Event: 33.218 GC heap before
{Heap before GC invocations=6 (full 0):
 garbage-first heap   total 262144K, used 78300K [0x00000006c0000000, 0x00000007c0000000)
  region size 1024K, 73 young (74752K), 5 survivors (5120K)
 Metaspace       used 34888K, capacity 35768K, committed 35920K, reserved 1081344K
  class space    used 3933K, capacity 4320K, committed 4352K, reserved 1048576K
}
Event: 33.237 GC heap after
{Heap after GC invocations=7 (full 0):
 garbage-first heap   total 262144K, used 13690K [0x00000006c0000000, 0x00000007c0000000)
  region size 1024K, 9 young (9216K), 9 survivors (9216K)
 Metaspace       used 34888K, capacity 35768K, committed 35920K, reserved 1081344K
  class space    used 3933K, capacity 4320K, committed 4352K, reserved 1048576K
}
Event: 48.207 GC heap before
{Heap before GC invocations=8 (full 0):
 garbage-first heap   total 262144K, used 108922K [0x00000006c0000000, 0x00000007c0000000)
  region size 1024K, 102 young (104448K), 9 survivors (9216K)
 Metaspace       used 41541K, capacity 42474K, committed 42752K, reserved 1087488K
  class space    used 4672K, capacity 5070K, committed 5120K, reserved 1048576K
}
Event: 48.228 GC heap after
{Heap after GC invocations=9 (full 0):
 garbage-first heap   total 262144K, used 22991K [0x00000006c0000000, 0x00000007c0000000)
  region size 1024K, 13 young (13312K), 13 survivors (13312K)
 Metaspace       used 41541K, capacity 42474K, committed 42752K, reserved 1087488K
  class space    used 4672K, capacity 5070K, committed 5120K, reserved 1048576K
}
Event: 150.884 GC heap before
{Heap before GC invocations=9 (full 0):
 garbage-first heap   total 262144K, used 132559K [0x00000006c0000000, 0x00000007c0000000)
  region size 1024K, 120 young (122880K), 13 survivors (13312K)
 Metaspace       used 46664K, capacity 47730K, committed 48000K, reserved 1091584K
  class space    used 5253K, capacity 5713K, committed 5760K, reserved 1048576K
}
Event: 150.905 GC heap after
{Heap after GC invocations=10 (full 0):
 garbage-first heap   total 262144K, used 27468K [0x00000006c0000000, 0x00000007c0000000)
  region size 1024K, 5 young (5120K), 5 survivors (5120K)
 Metaspace       used 46664K, capacity 47730K, committed 48000K, reserved 1091584K
  class space    used 5253K, capacity 5713K, committed 5760K, reserved 1048576K
}

Deoptimization events (10 events):
Event: 85.253 Thread 0x000000002d332000 Uncommon trap: reason=unstable_if action=reinterpret pc=0x00000000153acf3c method=java.util.Properties$LineReader.readLine()I @ 174 c2
Event: 85.255 Thread 0x000000002d332000 Uncommon trap: reason=unstable_if action=reinterpret pc=0x00000000151fbb60 method=java.net.URI.match(CJJ)Z @ 45 c2
Event: 85.275 Thread 0x0000000030709800 Uncommon trap: reason=unstable_if action=reinterpret pc=0x00000000152ee4bc method=java.util.HashMap.putVal(ILjava/lang/Object;Ljava/lang/Object;ZZ)Ljava/lang/Object; @ 162 c2
Event: 85.458 Thread 0x000000002f31c800 Uncommon trap: reason=class_check action=maybe_recompile pc=0x0000000015388db0 method=java.util.TreeMap.put(Ljava/lang/Object;Ljava/lang/Object;)Ljava/lang/Object; @ 127 c2
Event: 85.474 Thread 0x000000002f31c800 Uncommon trap: reason=unstable_if action=reinterpret pc=0x00000000152144f4 method=java.util.Objects.equals(Ljava/lang/Object;Ljava/lang/Object;)Z @ 6 c2
Event: 85.537 Thread 0x000000002f31c800 Uncommon trap: reason=unstable_if action=reinterpret pc=0x00000000151d81f8 method=java.lang.StringCoding.encodeUTF8(B[BZ)[B @ 2 c2
Event: 85.546 Thread 0x000000002f31e000 Uncommon trap: reason=class_check action=maybe_recompile pc=0x0000000015388db0 method=java.util.TreeMap.put(Ljava/lang/Object;Ljava/lang/Object;)Ljava/lang/Object; @ 127 c2
Event: 150.850 Thread 0x000000002c854800 Uncommon trap: reason=unstable_if action=reinterpret pc=0x000000001548c608 method=org.springframework.core.annotation.AnnotatedElementUtils.searchWithFindSemantics(Ljava/lang/reflect/AnnotatedElement;Ljava/lang/Class;Ljava/lang/String;Ljava/lang/Class;Lor
Event: 712.862 Thread 0x000000002e844800 Uncommon trap: reason=unloaded action=reinterpret pc=0x000000001554c738 method=java.net.SocketInputStream.read([BIII)I @ 151 c2
Event: 712.862 Thread 0x000000002e844800 Uncommon trap: reason=unstable_if action=reinterpret pc=0x000000001554bae0 method=java.net.AbstractPlainSocketImpl.isConnectionReset()Z @ 15 c2

Classes redefined (0 events):
No events

Internal exceptions (10 events):
Event: 115.261 Thread 0x000000002c854800 Exception <a 'java/lang/ClassNotFoundException'{0x00000006ca776718}: com/vistaprint/api/rethinkdb/RethinkDBConfiguration$$EnhancerBySpringCGLIB$$8660232Customizer> (0x00000006ca776718) thrown at [t:/workspace/open/src/hotspot/share/classfile/systemDiction
Event: 115.261 Thread 0x000000002c854800 Exception <a 'java/lang/ClassNotFoundException'{0x00000006ca788de0}: org/springframework/context/annotation/ConfigurationClassEnhancer$EnhancedConfigurationCustomizer> (0x00000006ca788de0) thrown at [t:/workspace/open/src/hotspot/share/classfile/systemDic
Event: 115.321 Thread 0x000000002c854800 Exception <a 'java/lang/ClassNotFoundException'{0x00000006ca49f538}: java/lang/ObjectCustomizer> (0x00000006ca49f538) thrown at [t:/workspace/open/src/hotspot/share/classfile/systemDictionary.cpp, line 233]
Event: 115.321 Thread 0x000000002c854800 Exception <a 'java/lang/ClassNotFoundException'{0x00000006ca4adf50}: com/vistaprint/api/rethinkdb/RethinkDBConnectionFactoryCustomizer> (0x00000006ca4adf50) thrown at [t:/workspace/open/src/hotspot/share/classfile/systemDictionary.cpp, line 233]
Event: 115.322 Thread 0x000000002c854800 Exception <a 'java/lang/ClassNotFoundException'{0x00000006ca4b6510}: java/lang/ObjectCustomizer> (0x00000006ca4b6510) thrown at [t:/workspace/open/src/hotspot/share/classfile/systemDictionary.cpp, line 233]
Event: 115.323 Thread 0x000000002c854800 Exception <a 'java/lang/ClassNotFoundException'{0x00000006ca4c4368}: com/vistaprint/api/rethinkdb/DbInitializerCustomizer> (0x00000006ca4c4368) thrown at [t:/workspace/open/src/hotspot/share/classfile/systemDictionary.cpp, line 233]
Event: 115.323 Thread 0x000000002c854800 Exception <a 'java/lang/ClassNotFoundException'{0x00000006ca4d0628}: org/springframework/beans/factory/InitializingBeanCustomizer> (0x00000006ca4d0628) thrown at [t:/workspace/open/src/hotspot/share/classfile/systemDictionary.cpp, line 233]
Event: 150.845 Thread 0x000000002c854800 Exception <a 'java/net/BindException'{0x00000006c9e377f0}: Address already in use: NET_Bind> (0x00000006c9e377f0) thrown at [t:/workspace/open/src/hotspot/share/prims/jni.cpp, line 632]
Event: 712.862 Thread 0x000000002e844800 Exception <a 'sun/net/ConnectionResetException'{0x00000006cf56d9f0}: > (0x00000006cf56d9f0) thrown at [t:/workspace/open/src/hotspot/share/prims/jni.cpp, line 632]
Event: 712.862 Thread 0x000000002e844800 Exception <a 'sun/net/ConnectionResetException'{0x00000006cf56dce8}: > (0x00000006cf56dce8) thrown at [t:/workspace/open/src/hotspot/share/prims/jni.cpp, line 632]

Events (10 events):
Event: 710.875 Thread 0x000000002c392000 Thread added: 0x000000002c392000
Event: 712.862 loading class sun/net/ConnectionResetException
Event: 712.862 loading class sun/net/ConnectionResetException done
Event: 712.862 Thread 0x000000002e844800 Uncommon trap: trap_request=0xffffffbd fr.pc=0x000000001554c738 relative=0x0000000000000958
Event: 712.862 Thread 0x000000002e844800 DEOPT PACKING pc=0x000000001554c738 sp=0x0000000039a0ef40
Event: 712.862 Thread 0x000000002e844800 DEOPT UNPACKING pc=0x000000000d717327 sp=0x0000000039a0eef0 mode 2
Event: 712.862 Thread 0x000000002e844800 Uncommon trap: trap_request=0xffffff55 fr.pc=0x000000001554bae0 relative=0x0000000000000240
Event: 712.862 Thread 0x000000002e844800 DEOPT PACKING pc=0x000000001554bae0 sp=0x0000000039a0eeb0
Event: 712.862 Thread 0x000000002e844800 DEOPT UNPACKING pc=0x000000000d717327 sp=0x0000000039a0ee58 mode 2
Event: 712.866 Executing VM operation: BulkRevokeBias


Dynamic libraries:
0x000000013f830000 - 0x000000013f86e000 	C:\Program Files\Java\jdk-10.0.2\bin\java.exe
0x0000000077c70000 - 0x0000000077e1a000 	C:\Windows\SYSTEM32\ntdll.dll
0x0000000077a50000 - 0x0000000077b6f000 	C:\Windows\system32\kernel32.dll
0x000007fefdad0000 - 0x000007fefdb3a000 	C:\Windows\system32\KERNELBASE.dll
0x000007feff420000 - 0x000007feff4fb000 	C:\Windows\system32\ADVAPI32.dll
0x000007feff5b0000 - 0x000007feff64f000 	C:\Windows\system32\msvcrt.dll
0x000007feff2d0000 - 0x000007feff2ef000 	C:\Windows\SYSTEM32\sechost.dll
0x000007feff2f0000 - 0x000007feff41d000 	C:\Windows\system32\RPCRT4.dll
0x0000000077b70000 - 0x0000000077c6a000 	C:\Windows\system32\USER32.dll
0x000007feffa50000 - 0x000007feffab7000 	C:\Windows\system32\GDI32.dll
0x000007feff5a0000 - 0x000007feff5ae000 	C:\Windows\system32\LPK.dll
0x000007feff650000 - 0x000007feff71a000 	C:\Windows\system32\USP10.dll
0x000007fefc350000 - 0x000007fefc544000 	C:\Windows\WinSxS\amd64_microsoft.windows.common-controls_6595b64144ccf1df_6.0.7601.18837_none_fa3b1e3d17594757\COMCTL32.dll
0x000007feff250000 - 0x000007feff2c1000 	C:\Windows\system32\SHLWAPI.dll
0x000007fefca10000 - 0x000007fefca1c000 	C:\Windows\system32\VERSION.dll
0x000007feffa00000 - 0x000007feffa2e000 	C:\Windows\system32\IMM32.DLL
0x000007feffac0000 - 0x000007feffbc9000 	C:\Windows\system32\MSCTF.dll
0x000007fee2210000 - 0x000007fee22ff000 	C:\Program Files\Java\jdk-10.0.2\bin\msvcr120.dll
0x000007fee2160000 - 0x000007fee2206000 	C:\Program Files\Java\jdk-10.0.2\bin\msvcp120.dll
0x000000006d040000 - 0x000000006dab0000 	C:\Program Files\Java\jdk-10.0.2\bin\server\jvm.dll
0x000007fefa710000 - 0x000007fefa719000 	C:\Windows\system32\WSOCK32.dll
0x000007feff9b0000 - 0x000007feff9fd000 	C:\Windows\system32\WS2_32.dll
0x000007feff720000 - 0x000007feff728000 	C:\Windows\system32\NSI.dll
0x000007fefa100000 - 0x000007fefa13b000 	C:\Windows\system32\WINMM.dll
0x0000000077e40000 - 0x0000000077e47000 	C:\Windows\system32\PSAPI.DLL
0x000007feef930000 - 0x000007feef93f000 	C:\Program Files\Java\jdk-10.0.2\bin\verify.dll
0x000007fef9e60000 - 0x000007fef9f85000 	C:\Windows\system32\DBGHELP.DLL
0x000007fee3a90000 - 0x000007fee3ab7000 	C:\Program Files\Java\jdk-10.0.2\bin\java.dll
0x000007fee37a0000 - 0x000007fee37b6000 	C:\Program Files\Java\jdk-10.0.2\bin\zip.dll
0x000007fee3ae0000 - 0x000007fee3aea000 	C:\Program Files\Java\jdk-10.0.2\bin\jimage.dll
0x000007fefe190000 - 0x000007fefef19000 	C:\Windows\system32\SHELL32.dll
0x000007fefdf90000 - 0x000007fefe18c000 	C:\Windows\system32\ole32.dll
0x000007fefd960000 - 0x000007fefd96f000 	C:\Windows\system32\profapi.dll
0x000007fee3620000 - 0x000007fee363a000 	C:\Program Files\Java\jdk-10.0.2\bin\net.dll
0x000007fefab20000 - 0x000007fefab91000 	C:\Windows\system32\WINHTTP.dll
0x000007fefaa90000 - 0x000007fefaaf4000 	C:\Windows\system32\webio.dll
0x000007fefd0f0000 - 0x000007fefd145000 	C:\Windows\system32\mswsock.dll
0x000007fefd0e0000 - 0x000007fefd0e7000 	C:\Windows\System32\wship6.dll
0x000007fee3ac0000 - 0x000007fee3ad1000 	C:\Program Files\Java\jdk-10.0.2\bin\nio.dll
0x000007fee3790000 - 0x000007fee3799000 	C:\Program Files\Java\jdk-10.0.2\bin\management.dll
0x000007fee2d60000 - 0x000007fee2d6a000 	C:\Program Files\Java\jdk-10.0.2\bin\management_ext.dll
0x000007fefc180000 - 0x000007fefc195000 	C:\Windows\system32\NLAapi.dll
0x000007fefa730000 - 0x000007fefa745000 	C:\Windows\system32\napinsp.dll
0x000007fefcf70000 - 0x000007fefcfcb000 	C:\Windows\system32\DNSAPI.dll
0x000007fefa760000 - 0x000007fefa76b000 	C:\Windows\System32\winrnr.dll
0x000007fefcae0000 - 0x000007fefcae7000 	C:\Windows\System32\wshtcpip.dll
0x000007fefbc30000 - 0x000007fefbc57000 	C:\Windows\system32\IPHLPAPI.DLL
0x000007fefbaf0000 - 0x000007fefbafb000 	C:\Windows\system32\WINNSI.DLL
0x000007fefb0c0000 - 0x000007fefb0c8000 	C:\Windows\system32\rasadhlp.dll
0x000007fefb9f0000 - 0x000007fefba43000 	C:\Windows\System32\fwpuclnt.dll
0x000007fefd150000 - 0x000007fefd168000 	C:\Windows\system32\CRYPTSP.dll
0x000007fefce50000 - 0x000007fefce97000 	C:\Windows\system32\rsaenh.dll
0x000007fefd980000 - 0x000007fefd99e000 	C:\Windows\system32\USERENV.dll
0x000007fefd7c0000 - 0x000007fefd7cf000 	C:\Windows\system32\CRYPTBASE.dll
0x000007fefb8c0000 - 0x000007fefb8d1000 	C:\Windows\system32\dhcpcsvc6.DLL
0x000007fefb890000 - 0x000007fefb8a8000 	C:\Windows\system32\dhcpcsvc.DLL
0x000007fee2660000 - 0x000007fee2683000 	C:\Program Files\Java\jdk-10.0.2\bin\sunec.dll

dbghelp: loaded successfully - version: 4.0.5 - missing functions: none
symbol engine: initialized successfully - sym options: 0x614 - pdb path: .;C:\Program Files\Java\jdk-10.0.2\bin;C:\Windows\SYSTEM32;C:\Windows\WinSxS\amd64_microsoft.windows.common-controls_6595b64144ccf1df_6.0.7601.18837_none_fa3b1e3d17594757;C:\Program Files\Java\jdk-10.0.2\bin\server

VM Arguments:
java_command: com.vistaprint.api.ApiRethinkdbApplication
java_class_path (initial): C:\Users\Administrator\Desktop\hassen_hosni\spring\vistaprintapi\api\target\classes;C:\Users\Administrator\.m2\repository\org\apache\cassandra\deps\avro\1.4.0-cassandra-1\avro-1.4.0-cassandra-1.jar;C:\Users\Administrator\.m2\repository\org\springframework\spring-aop\5.0.8.RELEASE\spring-aop-5.0.8.RELEASE.jar;C:\Users\Administrator\.m2\repository\org\apache\tomcat\embed\tomcat-embed-websocket\8.5.32\tomcat-embed-websocket-8.5.32.jar;C:\Users\Administrator\.m2\repository\org\apache\httpcomponents\httpcore\4.4.10\httpcore-4.4.10.jar;C:\Users\Administrator\.m2\repository\commons-lang\commons-lang\2.4\commons-lang-2.4.jar;C:\Users\Administrator\.m2\repository\org\antlr\stringtemplate\3.2\stringtemplate-3.2.jar;C:\Users\Administrator\.m2\repository\org\springframework\boot\spring-boot\2.0.4.RELEASE\spring-boot-2.0.4.RELEASE.jar;C:\Users\Administrator\.m2\repository\org\apache\tomcat\embed\tomcat-embed-el\8.5.32\tomcat-embed-el-8.5.32.jar;C:\Users\Administrator\.m2\repository\org\springframework\spring-messaging\5.0.8.RELEASE\spring-messaging-5.0.8.RELEASE.jar;C:\Users\Administrator\.m2\repository\com\rethinkdb\rethinkdb-driver\2.3.3\rethinkdb-driver-2.3.3.jar;C:\Users\Administrator\.m2\repository\org\mortbay\jetty\jetty-util\6.1.22\jetty-util-6.1.22.jar;C:\Users\Administrator\.m2\repository\javax\validation\validation-api\2.0.1.Final\validation-api-2.0.1.Final.jar;C:\Users\Administrator\.m2\repository\org\springframework\spring-web\5.0.8.RELEASE\spring-web-5.0.8.RELEASE.jar;C:\Users\Administrator\.m2\repository\org\springframework\spring-expression\5.0.8.RELEASE\spring-expression-5.0.8.RELEASE.jar;C:\Users\Administrator\.m2\repository\org\antlr\antlr\3.2\antlr-3.2.jar;C:\Users\Administrator\.m2\repository\antlr\antlr\2.7.7\antlr-2.7.7.jar;C:\Users\Administrator\.m2\repository\org\springframework\spring-jcl\5.0.8.RELEASE\spring-jcl-5.0.8.RELEASE.jar;C:\Users\Administrator\.m2\repository\org\springframework\spring-beans\5.0.8.RELEASE\spring-bean
Launcher Type: SUN_STANDARD

Logging:
Log output configuration:
#0: stdout all=warning uptime,level,tags
#1: stderr all=off uptime,level,tags

Environment Variables:
JAVA_HOME=C:/Program Files/Java/jdk-10.0.2
PATH=C:\Users\Administrator\bin;C:\Program Files\Git\mingw64\bin;C:\Program Files\Git\usr\local\bin;C:\Program Files\Git\usr\bin;C:\Program Files\Git\usr\bin;C:\Program Files\Git\mingw64\bin;C:\Program Files\Git\usr\bin;C:\Users\Administrator\bin;C:\Program Files (x86)\Common Files\Oracle\Java\javapath;C:\Windows\system32;C:\Windows;C:\Windows\System32\Wbem;C:\Windows\System32\WindowsPowerShell\v1.0;C:\Program Files\Amazon\cfn-bootstrap;C:\ProgramData\chocolatey\bin;C:\Program Files (x86)\Subversion\bin;C:\Program Files (x86)\Git\cmd;C:\tools\ruby24\bin;C:\vp\devenv\ps;C:\vp\devenv\bin;C:\Program Files\nodejs;C:\Windows\Microsoft.NET\Framework64\v4.0.30319;C:\Program Files\Git\cmd;C:\Program Files\TortoiseSVN\bin;C:\salt;C:\Program Files\nodejs;C:\Program Files (x86)\GitExtensions;C:\Program Files\Microsoft VS Code\bin;C:\Users\Administrator\AppData\Roaming\npm;C:\Program Files\Java\jdk-10.0.2;C:\Users\Administrator\AppData\Local\Programs\Microsoft VS Code\bin;C:\Program Files\Git\usr\bin\vendor_perl;C:\Program Files\Git\usr\bin\core_perl
USERNAME=Administrator
SHELL=C:\Program Files\Git\usr\bin\bash.exe
DISPLAY=needs-to-be-defined
OS=Windows_NT
PROCESSOR_IDENTIFIER=Intel64 Family 6 Model 63 Stepping 2, GenuineIntel



---------------  S Y S T E M  ---------------

OS: Windows Server 2008 R2 , 64 bit Build 7601 (6.1.7601.23796)

CPU:total 4 (initial active 4) (1 cores per cpu, 1 threads per core) family 6 model 63 stepping 2, cmov, cx8, fxsr, mmx, sse, sse2, sse3, ssse3, sse4.1, sse4.2, popcnt, avx, avx2, aes, clmul, erms, lzcnt, tsc, tscinvbit, bmi1, bmi2, fma

Memory: 4k page, physical 16776696k(3577916k free), swap 16774836k(6380k free)

vm_info: Java HotSpot(TM) 64-Bit Server VM (10.0.2+13) for windows-amd64 JRE (10.0.2+13), built on Jun 28 2018 01:57:56 by "mach5one" with MS VC++ 12.0 (VS2013)

END.
