#
# There is insufficient memory for the Java Runtime Environment to continue.
# Native memory allocation (malloc) failed to allocate 32744 bytes for ChunkPool::allocate
# Possible reasons:
#   The system is out of physical RAM or swap space
#   The process is running with CompressedOops enabled, and the Java Heap may be blocking the growth of the native heap
# Possible solutions:
#   Reduce memory load on the system
#   Increase physical memory or swap space
#   Check if swap backing store is full
#   Decrease Java heap size (-Xmx/-Xms)
#   Decrease number of Java threads
#   Decrease Java thread stack sizes (-Xss)
#   Set larger code cache with -XX:ReservedCodeCacheSize=
#   JVM is running with Zero Based Compressed Oops mode in which the Java heap is
#     placed in the first 32GB address space. The Java Heap base address is the
#     maximum limit for the native heap growth. Please use -XX:HeapBaseMinAddress
#     to set the Java Heap base and to place the Java Heap above 32GB virtual address.
# This output file may be truncated or incomplete.
#
#  Out of Memory Error (t:/workspace/open/src/hotspot/share/memory/arena.cpp:82), pid=38020, tid=38076
#
# JRE version: Java(TM) SE Runtime Environment (10.0.2+13) (build 10.0.2+13)
# Java VM: Java HotSpot(TM) 64-Bit Server VM (10.0.2+13, mixed mode, tiered, compressed oops, g1 gc, windows-amd64)
# Core dump will be written. Default location: C:\Users\Administrator\Desktop\hassen_hosni\spring\vistaprintapi\api\hs_err_pid38020.mdmp
#

---------------  S U M M A R Y ------------

Command Line: com.vistaprint.api.ApiRethinkdbApplication

Host: Intel(R) Xeon(R) CPU E5-2697 v3 @ 2.60GHz, 4 cores, 15G,  Windows Server 2008 R2 , 64 bit Build 7601 (6.1.7601.23796)
Time: Fri Sep 28 13:52:47 2018 GMT Daylight Time elapsed time: 3154 seconds (0d 0h 52m 34s)

---------------  T H R E A D  ---------------

Current thread (0x0000000029310000):  VMThread "VM Thread" [stack: 0x000000002a790000,0x000000002a890000] [id=38076] _threads_hazard_ptr=0x000000002c06cc10

Stack: [0x000000002a790000,0x000000002a890000]
[error occurred during error reporting (printing stack bounds), id 0xe0000001]

Native frames: (J=compiled Java code, j=interpreted, Vv=VM code, C=native code)
V  [jvm.dll+0x5a01a9]
V  [jvm.dll+0x6bcf31]
V  [jvm.dll+0x6be126]
V  [jvm.dll+0x6be715]
V  [jvm.dll+0x6be6cb]
V  [jvm.dll+0x59f993]
V  [jvm.dll+0x59fda8]
C  [ntdll.dll+0x2812d]
C  [ntdll.dll+0x1855f]
C  [ntdll.dll+0x4bcb8]
C  0x000000000d510e97

VM_Operation (0x000000003411f9c0): BulkRevokeBias, mode: safepoint, requested by thread 0x000000002c863800


---------------  P R O C E S S  ---------------

Threads class SMR info:
_java_thread_list=0x000000002c06cc10, length=219, elements={
0x0000000029315000, 0x0000000029319000, 0x000000002932a800, 0x000000002932c800,
0x0000000029330000, 0x000000002a372000, 0x000000002a375000, 0x000000002a37f800,
0x000000002a590000, 0x000000002a5d5000, 0x000000002cc61800, 0x000000002cebe800,
0x000000002cebf800, 0x000000002cec0800, 0x000000002cec1000, 0x000000002bf1e800,
0x000000002bf1a000, 0x000000002bf19000, 0x000000002bf18000, 0x000000002bf1d000,
0x000000002bf1f800, 0x000000002bf1b800, 0x000000002bf1c000, 0x000000002bf1d800,
0x000000002bf16800, 0x000000002bf17800, 0x000000002bf1a800, 0x0000000030a8f800,
0x0000000030a93800, 0x0000000030a90800, 0x0000000030a93000, 0x0000000030a8e000,
0x000000003100d000, 0x000000003100f800, 0x000000003100a000, 0x000000003100c800,
0x000000002bf22000, 0x000000002bf22800, 0x000000002bf23800, 0x000000002bf20800,
0x000000002bf26000, 0x000000002bf21000, 0x000000002e6e1000, 0x000000002e6e5800,
0x000000002e6e7800, 0x000000002e6e6800, 0x000000002e6e5000, 0x000000002cc5f000,
0x000000002cc64000, 0x000000002cc5d800, 0x000000002c85a800, 0x000000002c85b000,
0x000000002c85c000, 0x000000002c85c800, 0x000000002c85e000, 0x000000002c85d800,
0x000000002c860800, 0x000000002c863800, 0x000000002c860000, 0x000000002c861800,
0x000000002c867800, 0x000000002c864800, 0x000000002c866000, 0x000000002c85f000,
0x000000002c865800, 0x000000002c868800, 0x000000002c867000, 0x000000002c869000,
0x000000002ceb3800, 0x000000002ceb7000, 0x000000002ceba000, 0x000000002cebd000,
0x000000002ceb2000, 0x000000002ceb5800, 0x000000002ceb8800, 0x000000002cebb800,
0x000000002ceb4800, 0x000000002ceb7800, 0x000000002cebb000, 0x000000002ceb3000,
0x000000002ceb6000, 0x000000002ceb9000, 0x000000002cebc800, 0x000000002cebe000,
0x000000002bf12800, 0x000000002bf11000, 0x000000002bf14800, 0x000000002bf10800,
0x000000002bf13800, 0x000000002bf12000, 0x000000002bf15000, 0x000000002bf16000,
0x000000003100f000, 0x000000003100e000, 0x000000003100b800, 0x0000000031010800,
0x000000003100b000, 0x0000000031009800, 0x000000002cc5e800, 0x000000002cc60000,
0x000000002cc62800, 0x000000002cc61000, 0x000000002cc64800, 0x000000002cc63000,
0x0000000030a92000, 0x0000000030a8f000, 0x0000000030a91800, 0x0000000030a95000,
0x0000000030a94800, 0x000000002e6e2000, 0x000000002e6e4000, 0x000000002e6e3800,
0x000000002e6e0000, 0x000000002e6e2800, 0x000000002bf24800, 0x000000002bf25000,
0x000000002bf27800, 0x000000002bf26800, 0x000000003086e000, 0x000000003086e800,
0x000000003086f800, 0x0000000030870000, 0x0000000030871000, 0x0000000030872000,
0x0000000030872800, 0x0000000030873800, 0x0000000030874000, 0x0000000030875000,
0x000000002bd71000, 0x000000002bd72000, 0x000000002bd72800, 0x000000002bd73800,
0x000000002bd74800, 0x000000002bd75000, 0x000000002bd76000, 0x000000002bd76800,
0x000000002bd77800, 0x000000002bd78000, 0x0000000030184800, 0x0000000030185800,
0x0000000030186000, 0x0000000030187000, 0x0000000030187800, 0x0000000030188800,
0x0000000030189000, 0x000000003018a000, 0x000000003018b000, 0x000000003018b800,
0x000000002c744000, 0x000000002c745000, 0x000000002c745800, 0x000000002c746800,
0x000000002c747000, 0x000000002c748000, 0x000000002c748800, 0x000000002c749800,
0x000000002c74a000, 0x000000002c74b000, 0x000000003075b000, 0x000000003075c000,
0x000000003075c800, 0x000000003075d800, 0x000000003075e000, 0x000000003075f000,
0x000000003075f800, 0x0000000030760800, 0x0000000030761800, 0x0000000030762000,
0x000000002bb04000, 0x000000002bb04800, 0x000000002bb05800, 0x000000002bb06000,
0x000000002bb07000, 0x000000002bb07800, 0x000000002bb08800, 0x000000002bb09800,
0x000000002bb0a000, 0x000000002bb0b000, 0x000000002bf74000, 0x000000002bf75000,
0x000000002bf75800, 0x000000002bf76800, 0x000000002bf77000, 0x000000002bf78000,
0x000000002bf79000, 0x000000002bf79800, 0x000000002bf7a800, 0x000000002bf7b000,
0x000000002e569000, 0x000000002e56a000, 0x000000002e56a800, 0x000000002e56b800,
0x000000002e56c000, 0x000000002e56d000, 0x000000002e56d800, 0x000000002e56e800,
0x000000002e56f800, 0x000000002e570000, 0x00000000301bc000, 0x00000000301bc800,
0x00000000301bd800, 0x00000000301be800, 0x00000000301bf000, 0x00000000301c0000,
0x00000000301c0800, 0x00000000301c1800, 0x00000000301c2000, 0x00000000301c3000,
0x00000000301c4000, 0x00000000301c4800, 0x00000000301c5800, 0x00000000301c6000,
0x00000000301c7000, 0x00000000301c7800, 0x00000000301c8800, 0x00000000301c9800,
0x00000000301ca000, 0x00000000301cb000, 0x000000002e497800
}

Java Threads: ( => current thread )
  0x0000000029315000 JavaThread "Reference Handler" daemon [_thread_blocked, id=38052, stack(0x000000002a910000,0x000000002aa10000)]
  0x0000000029319000 JavaThread "Finalizer" daemon [_thread_blocked, id=38072, stack(0x0000000029570000,0x0000000029670000)]
  0x000000002932a800 JavaThread "Signal Dispatcher" daemon [_thread_blocked, id=28620, stack(0x00000000297c0000,0x00000000298c0000)]
  0x000000002932c800 JavaThread "Attach Listener" daemon [_thread_blocked, id=38080, stack(0x000000002aad0000,0x000000002abd0000)]
  0x0000000029330000 JavaThread "C2 CompilerThread0" daemon [_thread_blocked, id=38084, stack(0x000000002ac90000,0x000000002ad90000)]
  0x000000002a372000 JavaThread "C2 CompilerThread1" daemon [_thread_blocked, id=41408, stack(0x000000002ae70000,0x000000002af70000)]
  0x000000002a375000 JavaThread "C1 CompilerThread2" daemon [_thread_blocked, id=38088, stack(0x000000002b0c0000,0x000000002b1c0000)]
  0x000000002a37f800 JavaThread "Sweeper thread" daemon [_thread_blocked, id=38100, stack(0x000000002b270000,0x000000002b370000)]
  0x000000002a590000 JavaThread "Service Thread" daemon [_thread_blocked, id=17200, stack(0x000000002b440000,0x000000002b540000)]
  0x000000002a5d5000 JavaThread "Common-Cleaner" daemon [_thread_blocked, id=41420, stack(0x000000002b600000,0x000000002b700000)]
  0x000000002cc61800 JavaThread "DestroyJavaVM" [_thread_blocked, id=38016, stack(0x0000000001e90000,0x0000000001f90000)]
  0x000000002cebe800 JavaThread "ContainerBackgroundProcessor[StandardEngine[Tomcat]]" daemon [_thread_blocked, id=31248, stack(0x0000000033ec0000,0x0000000033fc0000)]
  0x000000002cebf800 JavaThread "container-0" [_thread_blocked, id=20396, stack(0x0000000034830000,0x0000000034930000)]
  0x000000002cec0800 JavaThread "MessageBroker-1" [_thread_blocked, id=31680, stack(0x0000000034a20000,0x0000000034b20000)]
  0x000000002cec1000 JavaThread "File Watcher" daemon [_thread_blocked, id=48484, stack(0x000000002d890000,0x000000002d990000)]
  0x000000002bf1e800 JavaThread "MessageBroker-2" [_thread_blocked, id=51700, stack(0x0000000034be0000,0x0000000034ce0000)]
  0x000000002bf1a000 JavaThread "MessageBroker-3" [_thread_blocked, id=46864, stack(0x0000000034df0000,0x0000000034ef0000)]
  0x000000002bf19000 JavaThread "NioBlockingSelector.BlockPoller-5" daemon [_thread_in_native, id=46620, stack(0x0000000034fb0000,0x00000000350b0000)]
  0x000000002bf18000 JavaThread "http-nio-auto-4-exec-1" daemon [_thread_blocked, id=48620, stack(0x0000000035160000,0x0000000035260000)]
  0x000000002bf1d000 JavaThread "http-nio-auto-4-exec-2" daemon [_thread_blocked, id=25712, stack(0x0000000035290000,0x0000000035390000)]
  0x000000002bf1f800 JavaThread "http-nio-auto-4-exec-3" daemon [_thread_blocked, id=31960, stack(0x00000000356d0000,0x00000000357d0000)]
  0x000000002bf1b800 JavaThread "http-nio-auto-4-exec-4" daemon [_thread_blocked, id=15980, stack(0x0000000034730000,0x0000000034830000)]
  0x000000002bf1c000 JavaThread "http-nio-auto-4-exec-5" daemon [_thread_blocked, id=29752, stack(0x0000000035800000,0x0000000035900000)]
  0x000000002bf1d800 JavaThread "http-nio-auto-4-exec-6" daemon [_thread_blocked, id=32156, stack(0x0000000035c80000,0x0000000035d80000)]
  0x000000002bf16800 JavaThread "http-nio-auto-4-exec-7" daemon [_thread_blocked, id=32184, stack(0x0000000034cf0000,0x0000000034df0000)]
  0x000000002bf17800 JavaThread "http-nio-auto-4-exec-8" daemon [_thread_blocked, id=32168, stack(0x0000000035e50000,0x0000000035f50000)]
  0x000000002bf1a800 JavaThread "http-nio-auto-4-exec-9" daemon [_thread_blocked, id=32152, stack(0x0000000036010000,0x0000000036110000)]
  0x0000000030a8f800 JavaThread "http-nio-auto-4-exec-10" daemon [_thread_blocked, id=32200, stack(0x0000000036760000,0x0000000036860000)]
  0x0000000030a93800 JavaThread "http-nio-auto-4-ClientPoller-0" daemon [_thread_in_native, id=32236, stack(0x00000000368b0000,0x00000000369b0000)]
  0x0000000030a90800 JavaThread "http-nio-auto-4-ClientPoller-1" daemon [_thread_in_native, id=32280, stack(0x00000000369d0000,0x0000000036ad0000)]
  0x0000000030a93000 JavaThread "http-nio-auto-4-Acceptor-0" daemon [_thread_in_native, id=33472, stack(0x0000000036de0000,0x0000000036ee0000)]
  0x0000000030a8e000 JavaThread "http-nio-auto-4-59222-AsyncTimeout" daemon [_thread_blocked, id=49808, stack(0x0000000036f60000,0x0000000037060000)]
  0x000000003100d000 JavaThread "MessageBroker-4" [_thread_blocked, id=24348, stack(0x00000000374b0000,0x00000000375b0000)]
  0x000000003100f800 JavaThread "ContainerBackgroundProcessor[StandardEngine[Tomcat-1]]" daemon [_thread_blocked, id=31180, stack(0x000000004ba30000,0x000000004bb30000)]
  0x000000003100a000 JavaThread "container-1" [_thread_blocked, id=41468, stack(0x0000000049830000,0x0000000049930000)]
  0x000000003100c800 JavaThread "MessageBroker-1" [_thread_blocked, id=21908, stack(0x0000000036660000,0x0000000036760000)]
  0x000000002bf22000 JavaThread "File Watcher" daemon [_thread_blocked, id=39108, stack(0x0000000035b70000,0x0000000035c70000)]
  0x000000002bf22800 JavaThread "MessageBroker-2" [_thread_blocked, id=41580, stack(0x000000004b890000,0x000000004b990000)]
  0x000000002bf23800 JavaThread "MessageBroker-3" [_thread_blocked, id=37108, stack(0x000000004bb40000,0x000000004bc40000)]
  0x000000002bf20800 JavaThread "NioBlockingSelector.BlockPoller-6" daemon [_thread_in_native, id=41912, stack(0x000000004bd90000,0x000000004be90000)]
  0x000000002bf26000 JavaThread "http-nio-auto-5-exec-1" daemon [_thread_blocked, id=29660, stack(0x000000004be90000,0x000000004bf90000)]
  0x000000002bf21000 JavaThread "http-nio-auto-5-exec-2" daemon [_thread_blocked, id=41564, stack(0x000000004c140000,0x000000004c240000)]
  0x000000002e6e1000 JavaThread "http-nio-auto-5-exec-3" daemon [_thread_blocked, id=37104, stack(0x000000004bfd0000,0x000000004c0d0000)]
  0x000000002e6e5800 JavaThread "http-nio-auto-5-exec-4" daemon [_thread_blocked, id=41708, stack(0x000000004cc20000,0x000000004cd20000)]
  0x000000002e6e7800 JavaThread "http-nio-auto-5-exec-5" daemon [_thread_blocked, id=14204, stack(0x000000004f0a0000,0x000000004f1a0000)]
  0x000000002e6e6800 JavaThread "http-nio-auto-5-exec-6" daemon [_thread_blocked, id=37924, stack(0x000000004f350000,0x000000004f450000)]
  0x000000002e6e5000 JavaThread "http-nio-auto-5-exec-7" daemon [_thread_blocked, id=36932, stack(0x000000004f500000,0x000000004f600000)]
  0x000000002cc5f000 JavaThread "http-nio-auto-5-exec-8" daemon [_thread_blocked, id=26872, stack(0x000000004f730000,0x000000004f830000)]
  0x000000002cc64000 JavaThread "http-nio-auto-5-exec-9" daemon [_thread_blocked, id=41172, stack(0x000000004f880000,0x000000004f980000)]
  0x000000002cc5d800 JavaThread "http-nio-auto-5-exec-10" daemon [_thread_blocked, id=21696, stack(0x000000004f1a0000,0x000000004f2a0000)]
  0x000000002c85a800 JavaThread "http-nio-auto-5-ClientPoller-0" daemon [_thread_in_native, id=41784, stack(0x000000004f9d0000,0x000000004fad0000)]
  0x000000002c85b000 JavaThread "http-nio-auto-5-ClientPoller-1" daemon [_thread_in_native, id=39116, stack(0x000000004fb80000,0x000000004fc80000)]
  0x000000002c85c000 JavaThread "http-nio-auto-5-Acceptor-0" daemon [_thread_in_native, id=39276, stack(0x000000004fcb0000,0x000000004fdb0000)]
  0x000000002c85c800 JavaThread "http-nio-auto-5-59349-AsyncTimeout" daemon [_thread_blocked, id=36940, stack(0x000000004f630000,0x000000004f730000)]
  0x000000002c85e000 JavaThread "MessageBroker-4" [_thread_blocked, id=39640, stack(0x000000004fed0000,0x000000004ffd0000)]
  0x000000002c85d800 JavaThread "pool-739-thread-1" [_thread_in_native, id=82476, stack(0x0000000033530000,0x0000000033630000)]
  0x000000002c860800 JavaThread "pool-740-thread-1" [_thread_blocked, id=53148, stack(0x000000002dbe0000,0x000000002dce0000)]
  0x000000002c863800 JavaThread "pool-741-thread-1" [_thread_blocked, id=26340, stack(0x0000000034020000,0x0000000034120000)]
  0x000000002c860000 JavaThread "pool-742-thread-1" [_thread_blocked, id=12960, stack(0x0000000033ad0000,0x0000000033bd0000)]
  0x000000002c861800 JavaThread "pool-743-thread-1" [_thread_in_native, id=58836, stack(0x00000000342b0000,0x00000000343b0000)]
  0x000000002c867800 JavaThread "pool-744-thread-1" [_thread_blocked, id=11204, stack(0x0000000033410000,0x0000000033510000)]
  0x000000002c864800 JavaThread "pool-745-thread-1" [_thread_blocked, id=47716, stack(0x0000000034470000,0x0000000034570000)]
  0x000000002c866000 JavaThread "pool-746-thread-1" [_thread_blocked, id=24256, stack(0x0000000034590000,0x0000000034690000)]
  0x000000002c85f000 JavaThread "pool-747-thread-1" [_thread_in_native, id=70600, stack(0x00000000341b0000,0x00000000342b0000)]
  0x000000002c865800 JavaThread "pool-748-thread-1" [_thread_blocked, id=14064, stack(0x0000000035400000,0x0000000035500000)]
  0x000000002c868800 JavaThread "pool-749-thread-1" [_thread_in_native, id=48852, stack(0x00000000359e0000,0x0000000035ae0000)]
  0x000000002c867000 JavaThread "pool-750-thread-1" [_thread_blocked, id=83496, stack(0x0000000035550000,0x0000000035650000)]
  0x000000002c869000 JavaThread "pool-751-thread-1" [_thread_in_native, id=79416, stack(0x0000000036260000,0x0000000036360000)]
  0x000000002ceb3800 JavaThread "pool-752-thread-1" [_thread_blocked, id=47164, stack(0x00000000363f0000,0x00000000364f0000)]
  0x000000002ceb7000 JavaThread "pool-753-thread-1" [_thread_in_native, id=22916, stack(0x0000000036530000,0x0000000036630000)]
  0x000000002ceba000 JavaThread "pool-754-thread-1" [_thread_blocked, id=24196, stack(0x0000000036b90000,0x0000000036c90000)]
  0x000000002cebd000 JavaThread "pool-755-thread-1" [_thread_in_native, id=83248, stack(0x00000000370e0000,0x00000000371e0000)]
  0x000000002ceb2000 JavaThread "pool-756-thread-1" [_thread_blocked, id=36536, stack(0x0000000036120000,0x0000000036220000)]
  0x000000002ceb5800 JavaThread "pool-757-thread-1" [_thread_in_native, id=30144, stack(0x0000000037250000,0x0000000037350000)]
  0x000000002ceb8800 JavaThread "pool-758-thread-1" [_thread_blocked, id=38452, stack(0x00000000375f0000,0x00000000376f0000)]
  0x000000002cebb800 JavaThread "pool-759-thread-1" [_thread_in_native, id=72224, stack(0x0000000036c90000,0x0000000036d90000)]
  0x000000002ceb4800 JavaThread "pool-760-thread-1" [_thread_blocked, id=48396, stack(0x0000000037350000,0x0000000037450000)]
  0x000000002ceb7800 JavaThread "pool-761-thread-1" [_thread_in_native, id=9368, stack(0x0000000037740000,0x0000000037840000)]
  0x000000002cebb000 JavaThread "pool-762-thread-1" [_thread_blocked, id=20596, stack(0x0000000037c70000,0x0000000037d70000)]
  0x000000002ceb3000 JavaThread "pool-763-thread-1" [_thread_in_native, id=70316, stack(0x0000000037dc0000,0x0000000037ec0000)]
  0x000000002ceb6000 JavaThread "pool-764-thread-1" [_thread_blocked, id=38480, stack(0x0000000037ec0000,0x0000000037fc0000)]
  0x000000002ceb9000 JavaThread "pool-765-thread-1" [_thread_in_native, id=32840, stack(0x0000000038120000,0x0000000038220000)]
  0x000000002cebc800 JavaThread "pool-766-thread-1" [_thread_blocked, id=56736, stack(0x0000000037fd0000,0x00000000380d0000)]
  0x000000002cebe000 JavaThread "pool-767-thread-1" [_thread_in_native, id=39064, stack(0x0000000037890000,0x0000000037990000)]
  0x000000002bf12800 JavaThread "pool-768-thread-1" [_thread_blocked, id=51240, stack(0x0000000038410000,0x0000000038510000)]
  0x000000002bf11000 JavaThread "pool-769-thread-1" [_thread_in_native, id=25588, stack(0x00000000382d0000,0x00000000383d0000)]
  0x000000002bf14800 JavaThread "pool-770-thread-1" [_thread_blocked, id=60100, stack(0x00000000385d0000,0x00000000386d0000)]
  0x000000002bf10800 JavaThread "pool-771-thread-1" [_thread_in_native, id=59424, stack(0x00000000388c0000,0x00000000389c0000)]
  0x000000002bf13800 JavaThread "pool-772-thread-1" [_thread_blocked, id=63624, stack(0x0000000038770000,0x0000000038870000)]
  0x000000002bf12000 JavaThread "pool-773-thread-1" [_thread_in_native, id=39976, stack(0x0000000038a60000,0x0000000038b60000)]
  0x000000002bf15000 JavaThread "pool-774-thread-1" [_thread_in_native, id=44340, stack(0x0000000038bf0000,0x0000000038cf0000)]
  0x000000002bf16000 JavaThread "pool-775-thread-1" [_thread_in_native, id=66084, stack(0x0000000038dd0000,0x0000000038ed0000)]
  0x000000003100f000 JavaThread "pool-776-thread-1" [_thread_blocked, id=59708, stack(0x0000000038f30000,0x0000000039030000)]
  0x000000003100e000 JavaThread "pool-777-thread-1" [_thread_in_native, id=82584, stack(0x0000000039060000,0x0000000039160000)]
  0x000000003100b800 JavaThread "pool-778-thread-1" [_thread_in_native, id=61136, stack(0x0000000039270000,0x0000000039370000)]
  0x0000000031010800 JavaThread "pool-779-thread-1" [_thread_in_native, id=26436, stack(0x00000000394d0000,0x00000000395d0000)]
  0x000000003100b000 JavaThread "pool-780-thread-1" [_thread_blocked, id=11008, stack(0x0000000039160000,0x0000000039260000)]
  0x0000000031009800 JavaThread "pool-781-thread-1" [_thread_in_native, id=79456, stack(0x0000000039650000,0x0000000039750000)]
  0x000000002cc5e800 JavaThread "pool-782-thread-1" [_thread_in_native, id=74108, stack(0x0000000039370000,0x0000000039470000)]
  0x000000002cc60000 JavaThread "pool-783-thread-1" [_thread_in_native, id=74092, stack(0x0000000039870000,0x0000000039970000)]
  0x000000002cc62800 JavaThread "pool-784-thread-1" [_thread_blocked, id=81240, stack(0x0000000039a70000,0x0000000039b70000)]
  0x000000002cc61000 JavaThread "pool-785-thread-1" [_thread_in_native, id=81420, stack(0x0000000039c00000,0x0000000039d00000)]
  0x000000002cc64800 JavaThread "pool-786-thread-1" [_thread_in_native, id=73372, stack(0x0000000039dd0000,0x0000000039ed0000)]
  0x000000002cc63000 JavaThread "pool-787-thread-1" [_thread_in_native, id=29512, stack(0x0000000039760000,0x0000000039860000)]
  0x0000000030a92000 JavaThread "pool-788-thread-1" [_thread_in_native, id=76764, stack(0x000000003a060000,0x000000003a160000)]
  0x0000000030a8f000 JavaThread "pool-789-thread-1" [_thread_in_native, id=30744, stack(0x0000000039ef0000,0x0000000039ff0000)]
  0x0000000030a91800 JavaThread "pool-790-thread-1" [_thread_in_native, id=60432, stack(0x000000003a310000,0x000000003a410000)]
  0x0000000030a95000 JavaThread "pool-791-thread-1" [_thread_in_native, id=29160, stack(0x000000003a4f0000,0x000000003a5f0000)]
  0x0000000030a94800 JavaThread "pool-792-thread-1" [_thread_in_native, id=46896, stack(0x000000003a170000,0x000000003a270000)]
  0x000000002e6e2000 JavaThread "pool-793-thread-1" [_thread_in_native, id=10424, stack(0x000000003a6c0000,0x000000003a7c0000)]
  0x000000002e6e4000 JavaThread "pool-794-thread-1" [_thread_in_native, id=60204, stack(0x000000003a970000,0x000000003aa70000)]
  0x000000002e6e3800 JavaThread "pool-795-thread-1" [_thread_in_native, id=33284, stack(0x000000003ab00000,0x000000003ac00000)]
  0x000000002e6e0000 JavaThread "pool-796-thread-1" [_thread_in_native, id=17984, stack(0x000000003ac90000,0x000000003ad90000)]
  0x000000002e6e2800 JavaThread "pool-797-thread-1" [_thread_in_native, id=56296, stack(0x000000003add0000,0x000000003aed0000)]
  0x000000002bf24800 JavaThread "pool-798-thread-1" [_thread_in_native, id=88120, stack(0x000000003aff0000,0x000000003b0f0000)]
  0x000000002bf25000 JavaThread "pool-799-thread-1" [_thread_in_native, id=33772, stack(0x000000003a7e0000,0x000000003a8e0000)]
  0x000000002bf27800 JavaThread "pool-800-thread-1" [_thread_in_native, id=44448, stack(0x000000003b1f0000,0x000000003b2f0000)]
  0x000000002bf26800 JavaThread "pool-801-thread-1" [_thread_in_native, id=14020, stack(0x000000003b390000,0x000000003b490000)]
  0x000000003086e000 JavaThread "pool-802-thread-1" [_thread_in_native, id=44148, stack(0x000000003b490000,0x000000003b590000)]
  0x000000003086e800 JavaThread "pool-803-thread-1" [_thread_in_native, id=8984, stack(0x000000003b6d0000,0x000000003b7d0000)]
  0x000000003086f800 JavaThread "pool-804-thread-1" [_thread_in_native, id=28656, stack(0x000000003aee0000,0x000000003afe0000)]
  0x0000000030870000 JavaThread "pool-805-thread-1" [_thread_in_native, id=67652, stack(0x000000003b890000,0x000000003b990000)]
  0x0000000030871000 JavaThread "pool-806-thread-1" [_thread_in_native, id=75384, stack(0x000000003bac0000,0x000000003bbc0000)]
  0x0000000030872000 JavaThread "pool-807-thread-1" [_thread_in_native, id=30800, stack(0x000000003bcb0000,0x000000003bdb0000)]
  0x0000000030872800 JavaThread "pool-808-thread-1" [_thread_in_native, id=43788, stack(0x000000003b9c0000,0x000000003bac0000)]
  0x0000000030873800 JavaThread "pool-809-thread-1" [_thread_in_native, id=51984, stack(0x000000003b5d0000,0x000000003b6d0000)]
  0x0000000030874000 JavaThread "pool-810-thread-1" [_thread_in_native, id=81872, stack(0x000000003b0f0000,0x000000003b1f0000)]
  0x0000000030875000 JavaThread "pool-811-thread-1" [_thread_in_native, id=71856, stack(0x000000003be40000,0x000000003bf40000)]
  0x000000002bd71000 JavaThread "pool-812-thread-1" [_thread_in_native, id=71904, stack(0x000000003c050000,0x000000003c150000)]
  0x000000002bd72000 JavaThread "pool-813-thread-1" [_thread_in_native, id=44360, stack(0x000000003c460000,0x000000003c560000)]
  0x000000002bd72800 JavaThread "pool-814-thread-1" [_thread_in_native, id=16756, stack(0x000000003c5d0000,0x000000003c6d0000)]
  0x000000002bd73800 JavaThread "pool-815-thread-1" [_thread_in_native, id=67400, stack(0x000000003c7b0000,0x000000003c8b0000)]
  0x000000002bd74800 JavaThread "pool-816-thread-1" [_thread_in_native, id=47212, stack(0x000000003ca40000,0x000000003cb40000)]
  0x000000002bd75000 JavaThread "pool-817-thread-1" [_thread_in_native, id=66720, stack(0x000000003cbb0000,0x000000003ccb0000)]
  0x000000002bd76000 JavaThread "pool-818-thread-1" [_thread_in_native, id=76652, stack(0x000000003c8e0000,0x000000003c9e0000)]
  0x000000002bd76800 JavaThread "pool-819-thread-1" [_thread_in_native, id=66744, stack(0x000000003cdd0000,0x000000003ced0000)]
  0x000000002bd77800 JavaThread "pool-820-thread-1" [_thread_in_native, id=51572, stack(0x000000003cee0000,0x000000003cfe0000)]
  0x000000002bd78000 JavaThread "pool-821-thread-1" [_thread_in_native, id=27188, stack(0x000000003d130000,0x000000003d230000)]
  0x0000000030184800 JavaThread "pool-822-thread-1" [_thread_in_native, id=55512, stack(0x000000003d290000,0x000000003d390000)]
  0x0000000030185800 JavaThread "pool-823-thread-1" [_thread_in_native, id=53020, stack(0x000000003cff0000,0x000000003d0f0000)]
  0x0000000030186000 JavaThread "pool-824-thread-1" [_thread_in_native, id=8068, stack(0x000000003d490000,0x000000003d590000)]
  0x0000000030187000 JavaThread "pool-825-thread-1" [_thread_in_native, id=45804, stack(0x000000003d390000,0x000000003d490000)]
  0x0000000030187800 JavaThread "pool-826-thread-1" [_thread_in_native, id=5820, stack(0x000000003d5d0000,0x000000003d6d0000)]
  0x0000000030188800 JavaThread "pool-827-thread-1" [_thread_in_native, id=39384, stack(0x000000003d790000,0x000000003d890000)]
  0x0000000030189000 JavaThread "pool-828-thread-1" [_thread_in_native, id=16340, stack(0x000000003ccc0000,0x000000003cdc0000)]
  0x000000003018a000 JavaThread "pool-829-thread-1" [_thread_in_native, id=38240, stack(0x000000003d9d0000,0x000000003dad0000)]
  0x000000003018b000 JavaThread "pool-830-thread-1" [_thread_in_native, id=46352, stack(0x000000003db40000,0x000000003dc40000)]
  0x000000003018b800 JavaThread "pool-831-thread-1" [_thread_in_native, id=24504, stack(0x000000003dce0000,0x000000003dde0000)]
  0x000000002c744000 JavaThread "pool-832-thread-1" [_thread_in_native, id=33336, stack(0x000000003d8a0000,0x000000003d9a0000)]
  0x000000002c745000 JavaThread "pool-833-thread-1" [_thread_in_native, id=77788, stack(0x000000003df30000,0x000000003e030000)]
  0x000000002c745800 JavaThread "pool-834-thread-1" [_thread_in_native, id=51340, stack(0x000000003e140000,0x000000003e240000)]
  0x000000002c746800 JavaThread "pool-835-thread-1" [_thread_in_native, id=44492, stack(0x000000003e350000,0x000000003e450000)]
  0x000000002c747000 JavaThread "pool-836-thread-1" [_thread_in_native, id=61772, stack(0x000000003e040000,0x000000003e140000)]
  0x000000002c748000 JavaThread "pool-837-thread-1" [_thread_in_native, id=63336, stack(0x000000003e550000,0x000000003e650000)]
  0x000000002c748800 JavaThread "pool-838-thread-1" [_thread_in_native, id=53856, stack(0x000000003ddf0000,0x000000003def0000)]
  0x000000002c749800 JavaThread "pool-839-thread-1" [_thread_in_native, id=8308, stack(0x000000003bf40000,0x000000003c040000)]
  0x000000002c74a000 JavaThread "pool-840-thread-1" [_thread_in_native, id=65240, stack(0x000000003e650000,0x000000003e750000)]
  0x000000002c74b000 JavaThread "pool-841-thread-1" [_thread_in_native, id=25436, stack(0x000000003e8d0000,0x000000003e9d0000)]
  0x000000003075b000 JavaThread "pool-842-thread-1" [_thread_in_native, id=38392, stack(0x000000003ea00000,0x000000003eb00000)]
  0x000000003075c000 JavaThread "pool-843-thread-1" [_thread_in_native, id=19628, stack(0x0000000039970000,0x0000000039a70000)]
  0x000000003075c800 JavaThread "pool-844-thread-1" [_thread_in_native, id=71952, stack(0x000000003eb30000,0x000000003ec30000)]
  0x000000003075d800 JavaThread "pool-845-thread-1" [_thread_in_native, id=68424, stack(0x000000003ec50000,0x000000003ed50000)]
  0x000000003075e000 JavaThread "pool-846-thread-1" [_thread_in_native, id=33416, stack(0x000000003edf0000,0x000000003eef0000)]
  0x000000003075f000 JavaThread "pool-847-thread-1" [_thread_in_native, id=63544, stack(0x000000003e250000,0x000000003e350000)]
  0x000000003075f800 JavaThread "pool-848-thread-1" [_thread_in_native, id=39844, stack(0x000000003eef0000,0x000000003eff0000)]
  0x0000000030760800 JavaThread "pool-849-thread-1" [_thread_in_native, id=16160, stack(0x000000003e7c0000,0x000000003e8c0000)]
  0x0000000030761800 JavaThread "pool-850-thread-1" [_thread_in_native, id=65648, stack(0x000000002b780000,0x000000002b880000)]
  0x0000000030762000 JavaThread "pool-851-thread-1" [_thread_in_native, id=37500, stack(0x000000002f7b0000,0x000000002f8b0000)]
  0x000000002bb04000 JavaThread "pool-852-thread-1" [_thread_in_native, id=21344, stack(0x000000003f0d0000,0x000000003f1d0000)]
  0x000000002bb04800 JavaThread "pool-853-thread-1" [_thread_in_native, id=71264, stack(0x000000003f3b0000,0x000000003f4b0000)]
  0x000000002bb05800 JavaThread "pool-854-thread-1" [_thread_in_native, id=16828, stack(0x000000003f2a0000,0x000000003f3a0000)]
  0x000000002bb06000 JavaThread "pool-855-thread-1" [_thread_in_native, id=87184, stack(0x000000003f590000,0x000000003f690000)]
  0x000000002bb07000 JavaThread "pool-856-thread-1" [_thread_in_native, id=84036, stack(0x000000003f810000,0x000000003f910000)]
  0x000000002bb07800 JavaThread "pool-857-thread-1" [_thread_in_native, id=51320, stack(0x000000003f6b0000,0x000000003f7b0000)]
  0x000000002bb08800 JavaThread "pool-858-thread-1" [_thread_in_native, id=77312, stack(0x000000003f9e0000,0x000000003fae0000)]
  0x000000002bb09800 JavaThread "pool-859-thread-1" [_thread_in_native, id=51676, stack(0x000000003fb00000,0x000000003fc00000)]
  0x000000002bb0a000 JavaThread "pool-860-thread-1" [_thread_in_native, id=63288, stack(0x000000003fc50000,0x000000003fd50000)]
  0x000000002bb0b000 JavaThread "pool-861-thread-1" [_thread_in_native, id=39304, stack(0x000000003fe90000,0x000000003ff90000)]
  0x000000002bf74000 JavaThread "pool-862-thread-1" [_thread_in_native, id=49056, stack(0x00000000400a0000,0x00000000401a0000)]
  0x000000002bf75000 JavaThread "pool-863-thread-1" [_thread_in_native, id=9304, stack(0x00000000401a0000,0x00000000402a0000)]
  0x000000002bf75800 JavaThread "pool-864-thread-1" [_thread_in_native, id=69968, stack(0x000000003fd70000,0x000000003fe70000)]
  0x000000002bf76800 JavaThread "pool-865-thread-1" [_thread_in_native, id=42876, stack(0x0000000040420000,0x0000000040520000)]
  0x000000002bf77000 JavaThread "pool-866-thread-1" [_thread_in_native, id=86924, stack(0x0000000040320000,0x0000000040420000)]
  0x000000002bf78000 JavaThread "pool-867-thread-1" [_thread_in_native, id=63396, stack(0x0000000040590000,0x0000000040690000)]
  0x000000002bf79000 JavaThread "pool-868-thread-1" [_thread_in_native, id=43364, stack(0x00000000407b0000,0x00000000408b0000)]
  0x000000002bf79800 JavaThread "pool-869-thread-1" [_thread_in_native, id=64364, stack(0x0000000040950000,0x0000000040a50000)]
  0x000000002bf7a800 JavaThread "pool-870-thread-1" [_thread_in_native, id=60852, stack(0x0000000040b20000,0x0000000040c20000)]
  0x000000002bf7b000 JavaThread "pool-871-thread-1" [_thread_in_native, id=63128, stack(0x0000000040c50000,0x0000000040d50000)]
  0x000000002e569000 JavaThread "pool-872-thread-1" [_thread_in_native, id=50716, stack(0x0000000040ec0000,0x0000000040fc0000)]
  0x000000002e56a000 JavaThread "pool-873-thread-1" [_thread_in_native, id=78132, stack(0x0000000040fd0000,0x00000000410d0000)]
  0x000000002e56a800 JavaThread "pool-874-thread-1" [_thread_in_native, id=21580, stack(0x00000000406a0000,0x00000000407a0000)]
  0x000000002e56b800 JavaThread "pool-875-thread-1" [_thread_in_native, id=56380, stack(0x0000000041180000,0x0000000041280000)]
  0x000000002e56c000 JavaThread "pool-876-thread-1" [_thread_in_native, id=38272, stack(0x0000000041320000,0x0000000041420000)]
  0x000000002e56d000 JavaThread "pool-877-thread-1" [_thread_in_native, id=49004, stack(0x000000003ff90000,0x0000000040090000)]
  0x000000002e56d800 JavaThread "pool-878-thread-1" [_thread_in_native, id=49104, stack(0x0000000040d80000,0x0000000040e80000)]
  0x000000002e56e800 JavaThread "pool-879-thread-1" [_thread_in_native, id=22668, stack(0x00000000414c0000,0x00000000415c0000)]
  0x000000002e56f800 JavaThread "pool-880-thread-1" [_thread_in_native, id=3444, stack(0x0000000041610000,0x0000000041710000)]
  0x000000002e570000 JavaThread "pool-881-thread-1" [_thread_in_native, id=68472, stack(0x0000000041890000,0x0000000041990000)]
  0x00000000301bc000 JavaThread "pool-882-thread-1" [_thread_in_native, id=52936, stack(0x0000000041780000,0x0000000041880000)]
  0x00000000301bc800 JavaThread "pool-883-thread-1" [_thread_in_native, id=6584, stack(0x0000000041b20000,0x0000000041c20000)]
  0x00000000301bd800 JavaThread "pool-884-thread-1" [_thread_in_native, id=71104, stack(0x00000000419a0000,0x0000000041aa0000)]
  0x00000000301be800 JavaThread "pool-885-thread-1" [_thread_in_native, id=30312, stack(0x0000000041dd0000,0x0000000041ed0000)]
  0x00000000301bf000 JavaThread "pool-886-thread-1" [_thread_in_native, id=50328, stack(0x0000000041f90000,0x0000000042090000)]
  0x00000000301c0000 JavaThread "pool-887-thread-1" [_thread_in_native, id=66884, stack(0x0000000041c40000,0x0000000041d40000)]
  0x00000000301c0800 JavaThread "pool-888-thread-1" [_thread_in_native, id=27312, stack(0x000000003e450000,0x000000003e550000)]
  0x00000000301c1800 JavaThread "pool-889-thread-1" [_thread_in_native, id=52228, stack(0x0000000042100000,0x0000000042200000)]
  0x00000000301c2000 JavaThread "pool-890-thread-1" [_thread_in_native, id=44720, stack(0x00000000422b0000,0x00000000423b0000)]
  0x00000000301c3000 JavaThread "pool-891-thread-1" [_thread_in_native, id=82472, stack(0x0000000042530000,0x0000000042630000)]
  0x00000000301c4000 JavaThread "pool-892-thread-1" [_thread_in_native, id=88932, stack(0x0000000042420000,0x0000000042520000)]
  0x00000000301c4800 JavaThread "pool-893-thread-1" [_thread_in_native, id=47584, stack(0x0000000042660000,0x0000000042760000)]
  0x00000000301c5800 JavaThread "pool-894-thread-1" [_thread_in_native, id=30832, stack(0x0000000042850000,0x0000000042950000)]
  0x00000000301c6000 JavaThread "pool-895-thread-1" [_thread_in_native, id=27400, stack(0x0000000042e80000,0x0000000042f80000)]
  0x00000000301c7000 JavaThread "pool-896-thread-1" [_thread_in_native, id=69984, stack(0x0000000042ba0000,0x0000000042ca0000)]
  0x00000000301c7800 JavaThread "pool-897-thread-1" [_thread_in_native, id=60936, stack(0x0000000043060000,0x0000000043160000)]
  0x00000000301c8800 JavaThread "pool-898-thread-1" [_thread_in_native, id=39612, stack(0x00000000432b0000,0x00000000433b0000)]
  0x00000000301c9800 JavaThread "pool-899-thread-1" [_thread_in_native, id=43544, stack(0x00000000433c0000,0x00000000434c0000)]
  0x00000000301ca000 JavaThread "pool-900-thread-1" [_thread_in_native, id=50152, stack(0x0000000043600000,0x0000000043700000)]
  0x00000000301cb000 JavaThread "pool-901-thread-1" [_thread_in_native, id=86844, stack(0x00000000437e0000,0x00000000438e0000)]
  0x000000002e497800 JavaThread "pool-902-thread-1" [_thread_in_native, id=16864, stack(0x0000000043180000,0x0000000043280000)]

Other Threads:
=>0x0000000029310000 VMThread "VM Thread" [stack: 0x000000002a790000,0x000000002a890000] [id=38076] _threads_hazard_ptr=0x000000002c06cc10
  0x000000002a5d5800 WatcherThread [stack: 0x000000002afc0000,0x000000002b0c0000] [id=41424]
  0x00000000004a9800 GCTaskThread "GC Thread#0" [stack: 0x000000001c7d0000,0x000000001c8d0000] [id=41328]
  0x00000000004ab000 GCTaskThread "GC Thread#1" [stack: 0x000000001c8f0000,0x000000001c9f0000] [id=26248]
  0x00000000004ad000 GCTaskThread "GC Thread#2" [stack: 0x000000001c9f0000,0x000000001caf0000] [id=41348]
  0x00000000004b3000 GCTaskThread "GC Thread#3" [stack: 0x000000001caf0000,0x000000001cbf0000] [id=38056]
  0x00000000004fc800 ConcurrentGCThread "G1 Main Marker" [stack: 0x0000000026bb0000,0x0000000026cb0000] [id=41356]
  0x00000000004fd800 ConcurrentGCThread "G1 Conc#0" [stack: 0x0000000026d10000,0x0000000026e10000] [id=15256]
  0x00000000291ab800 ConcurrentGCThread "G1 Refine#0" [stack: 0x0000000029460000,0x0000000029560000] [id=41384]
  0x00000000291ac800 ConcurrentGCThread "G1 Refine#1" [stack: 0x0000000029680000,0x0000000029780000] [id=41332]
  0x00000000291b0800 ConcurrentGCThread "G1 Refine#2" [stack: 0x0000000029360000,0x0000000029460000] [id=41360]
  0x00000000291b2000 ConcurrentGCThread "G1 Refine#3" [stack: 0x00000000298c0000,0x00000000299c0000] [id=41388]
  0x00000000291b3800 ConcurrentGCThread "G1 Young RemSet Sampling" [stack: 0x0000000029a30000,0x0000000029b30000] [id=41392]

Threads with active compile tasks:

VM state:at safepoint (normal execution)

VM Mutex/Monitor currently owned by a thread:  ([mutex/lock_event])
[0x000000000048dbb0] Threads_lock - owner thread: 0x0000000029310000

Heap address: 0x00000006c0000000, size: 4096 MB, Compressed Oops mode: Zero based, Oop shift amount: 3
Narrow klass base: 0x0000000000000000, Narrow klass shift: 3
Compressed class space size: 1073741824 Address: 0x00000007c0000000

Heap:
 garbage-first heap   total 92160K, used 32277K [0x00000006c0000000, 0x00000007c0000000)
  region size 1024K, 4 young (4096K), 1 survivors (1024K)
 Metaspace       used 49675K, capacity 51142K, committed 51456K, reserved 1095680K
  class space    used 5479K, capacity 6058K, committed 6144K, reserved 1048576K
Heap Regions: E=young(eden), S=young(survivor), O=old, HS=humongous(starts), HC=humongous(continues), CS=collection set, F=free, A=archive, TS=gc time stamp, AC=allocation context, TAMS=top-at-mark-start (previous, next)
|   0|0x00000006c0000000, 0x00000006c00fffd8, 0x00000006c0100000| 99%| O|  |TS  0|AC  0|TAMS 0x00000006c0000000, 0x00000006c0000000|
|   1|0x00000006c0100000, 0x00000006c0200000, 0x00000006c0200000|100%| O|  |TS  0|AC  0|TAMS 0x00000006c0100000, 0x00000006c0100000|
|   2|0x00000006c0200000, 0x00000006c02fffa0, 0x00000006c0300000| 99%| O|  |TS  0|AC  0|TAMS 0x00000006c0200000, 0x00000006c0200000|
|   3|0x00000006c0300000, 0x00000006c0400000, 0x00000006c0400000|100%| O|  |TS  0|AC  0|TAMS 0x00000006c0300000, 0x00000006c0300000|
|   4|0x00000006c0400000, 0x00000006c04fffd0, 0x00000006c0500000| 99%| O|  |TS  0|AC  0|TAMS 0x00000006c0400000, 0x00000006c0400000|
|   5|0x00000006c0500000, 0x00000006c05ffff0, 0x00000006c0600000| 99%| O|  |TS  0|AC  0|TAMS 0x00000006c0500000, 0x00000006c0500000|
|   6|0x00000006c0600000, 0x00000006c06fffe0, 0x00000006c0700000| 99%| O|  |TS  0|AC  0|TAMS 0x00000006c0600000, 0x00000006c0600000|
|   7|0x00000006c0700000, 0x00000006c07fffe0, 0x00000006c0800000| 99%| O|  |TS  0|AC  0|TAMS 0x00000006c0700000, 0x00000006c0700000|
|   8|0x00000006c0800000, 0x00000006c08fffd0, 0x00000006c0900000| 99%| O|  |TS  0|AC  0|TAMS 0x00000006c0800000, 0x00000006c0800000|
|   9|0x00000006c0900000, 0x00000006c09fffb0, 0x00000006c0a00000| 99%| O|  |TS  0|AC  0|TAMS 0x00000006c0900000, 0x00000006c0900000|
|  10|0x00000006c0a00000, 0x00000006c0affe70, 0x00000006c0b00000| 99%| O|  |TS  0|AC  0|TAMS 0x00000006c0a00000, 0x00000006c0a00000|
|  11|0x00000006c0b00000, 0x00000006c0bfffe8, 0x00000006c0c00000| 99%| O|  |TS  0|AC  0|TAMS 0x00000006c0b00000, 0x00000006c0b00000|
|  12|0x00000006c0c00000, 0x00000006c0cfff80, 0x00000006c0d00000| 99%| O|  |TS  0|AC  0|TAMS 0x00000006c0c00000, 0x00000006c0c00000|
|  13|0x00000006c0d00000, 0x00000006c0dffff8, 0x00000006c0e00000| 99%| O|  |TS  0|AC  0|TAMS 0x00000006c0d00000, 0x00000006c0d00000|
|  14|0x00000006c0e00000, 0x00000006c0efde58, 0x00000006c0f00000| 99%| O|  |TS  0|AC  0|TAMS 0x00000006c0e00000, 0x00000006c0e00000|
|  15|0x00000006c0f00000, 0x00000006c1000000, 0x00000006c1000000|100%| O|  |TS  0|AC  0|TAMS 0x00000006c0f00000, 0x00000006c0f00000|
|  16|0x00000006c1000000, 0x00000006c10fffe8, 0x00000006c1100000| 99%| O|  |TS  0|AC  0|TAMS 0x00000006c1000000, 0x00000006c1000000|
|  17|0x00000006c1100000, 0x00000006c11ffff0, 0x00000006c1200000| 99%| O|  |TS  0|AC  0|TAMS 0x00000006c1100000, 0x00000006c1100000|
|  18|0x00000006c1200000, 0x00000006c12fffe8, 0x00000006c1300000| 99%| O|  |TS  0|AC  0|TAMS 0x00000006c1200000, 0x00000006c1200000|
|  19|0x00000006c1300000, 0x00000006c13de888, 0x00000006c1400000| 86%| O|  |TS  0|AC  0|TAMS 0x00000006c1300000, 0x00000006c1300000|
|  20|0x00000006c1400000, 0x00000006c1500000, 0x00000006c1500000|100%| O|  |TS  3|AC  0|TAMS 0x00000006c1400000, 0x00000006c1400000|
|  21|0x00000006c1500000, 0x00000006c1600000, 0x00000006c1600000|100%| O|  |TS 17|AC  0|TAMS 0x00000006c1500000, 0x00000006c1500000|
|  22|0x00000006c1600000, 0x00000006c1700000, 0x00000006c1700000|100%| O|  |TS 18|AC  0|TAMS 0x00000006c1600000, 0x00000006c1600000|
|  23|0x00000006c1700000, 0x00000006c1800000, 0x00000006c1800000|100%| O|  |TS 19|AC  0|TAMS 0x00000006c1700000, 0x00000006c1700000|
|  24|0x00000006c1800000, 0x00000006c183a600, 0x00000006c1900000| 22%| O|  |TS 22|AC  0|TAMS 0x00000006c1800000, 0x00000006c1800000|
|  25|0x00000006c1900000, 0x00000006c1900000, 0x00000006c1a00000|  0%| F|  |TS  0|AC  0|TAMS 0x00000006c1900000, 0x00000006c1900000|
|  26|0x00000006c1a00000, 0x00000006c1b00000, 0x00000006c1b00000|100%| O|  |TS  0|AC  0|TAMS 0x00000006c1a00000, 0x00000006c1a00000|
|  27|0x00000006c1b00000, 0x00000006c1bfffe0, 0x00000006c1c00000| 99%| O|  |TS  0|AC  0|TAMS 0x00000006c1b00000, 0x00000006c1b00000|
|  28|0x00000006c1c00000, 0x00000006c1cfff68, 0x00000006c1d00000| 99%| O|  |TS  0|AC  0|TAMS 0x00000006c1c00000, 0x00000006c1c00000|
|  29|0x00000006c1d00000, 0x00000006c1da9ab0, 0x00000006c1e00000| 66%| O|  |TS  0|AC  0|TAMS 0x00000006c1d00000, 0x00000006c1d00000|
|  30|0x00000006c1e00000, 0x00000006c1e00000, 0x00000006c1f00000|  0%| F|  |TS  0|AC  0|TAMS 0x00000006c1e00000, 0x00000006c1e00000|
|  31|0x00000006c1f00000, 0x00000006c1f00000, 0x00000006c2000000|  0%| F|  |TS  0|AC  0|TAMS 0x00000006c1f00000, 0x00000006c1f00000|
|  32|0x00000006c2000000, 0x00000006c2000000, 0x00000006c2100000|  0%| F|  |TS  0|AC  0|TAMS 0x00000006c2000000, 0x00000006c2000000|
|  33|0x00000006c2100000, 0x00000006c2100000, 0x00000006c2200000|  0%| F|  |TS  0|AC  0|TAMS 0x00000006c2100000, 0x00000006c2100000|
|  34|0x00000006c2200000, 0x00000006c2200000, 0x00000006c2300000|  0%| F|  |TS  0|AC  0|TAMS 0x00000006c2200000, 0x00000006c2200000|
|  35|0x00000006c2300000, 0x00000006c2300000, 0x00000006c2400000|  0%| F|  |TS  0|AC  0|TAMS 0x00000006c2300000, 0x00000006c2300000|
|  36|0x00000006c2400000, 0x00000006c2400000, 0x00000006c2500000|  0%| F|  |TS 16|AC  0|TAMS 0x00000006c2400000, 0x00000006c2400000|
|  37|0x00000006c2500000, 0x00000006c2500000, 0x00000006c2600000|  0%| F|  |TS 18|AC  0|TAMS 0x00000006c2500000, 0x00000006c2500000|
|  38|0x00000006c2600000, 0x00000006c26ffff8, 0x00000006c2700000| 99%| O|  |TS  0|AC  0|TAMS 0x00000006c2600000, 0x00000006c2600000|
|  39|0x00000006c2700000, 0x00000006c2719290, 0x00000006c2800000|  9%| O|  |TS  0|AC  0|TAMS 0x00000006c2700000, 0x00000006c2700000|
|  40|0x00000006c2800000, 0x00000006c2800000, 0x00000006c2900000|  0%| F|  |TS 17|AC  0|TAMS 0x00000006c2800000, 0x00000006c2800000|
|  41|0x00000006c2900000, 0x00000006c2900000, 0x00000006c2a00000|  0%| F|  |TS 22|AC  0|TAMS 0x00000006c2900000, 0x00000006c2900000|
|  42|0x00000006c2a00000, 0x00000006c2a84580, 0x00000006c2b00000| 51%| S|CS|TS 22|AC  0|TAMS 0x00000006c2a00000, 0x00000006c2a00000|
|  43|0x00000006c2b00000, 0x00000006c2b00000, 0x00000006c2c00000|  0%| F|  |TS 22|AC  0|TAMS 0x00000006c2b00000, 0x00000006c2b00000|
|  44|0x00000006c2c00000, 0x00000006c2c00000, 0x00000006c2d00000|  0%| F|  |TS 22|AC  0|TAMS 0x00000006c2c00000, 0x00000006c2c00000|
|  45|0x00000006c2d00000, 0x00000006c2d00000, 0x00000006c2e00000|  0%| F|  |TS 22|AC  0|TAMS 0x00000006c2d00000, 0x00000006c2d00000|
|  46|0x00000006c2e00000, 0x00000006c2e00000, 0x00000006c2f00000|  0%| F|  |TS 22|AC  0|TAMS 0x00000006c2e00000, 0x00000006c2e00000|
|  47|0x00000006c2f00000, 0x00000006c2f00000, 0x00000006c3000000|  0%| F|  |TS 22|AC  0|TAMS 0x00000006c2f00000, 0x00000006c2f00000|
|  48|0x00000006c3000000, 0x00000006c3000000, 0x00000006c3100000|  0%| F|  |TS 22|AC  0|TAMS 0x00000006c3000000, 0x00000006c3000000|
|  49|0x00000006c3100000, 0x00000006c3100000, 0x00000006c3200000|  0%| F|  |TS 22|AC  0|TAMS 0x00000006c3100000, 0x00000006c3100000|
|  50|0x00000006c3200000, 0x00000006c3200000, 0x00000006c3300000|  0%| F|  |TS 22|AC  0|TAMS 0x00000006c3200000, 0x00000006c3200000|
|  51|0x00000006c3300000, 0x00000006c3300000, 0x00000006c3400000|  0%| F|  |TS 22|AC  0|TAMS 0x00000006c3300000, 0x00000006c3300000|
|  52|0x00000006c3400000, 0x00000006c3427b38, 0x00000006c3500000| 15%| O|  |TS  0|AC  0|TAMS 0x00000006c3400000, 0x00000006c3400000|
|  53|0x00000006c3500000, 0x00000006c3500000, 0x00000006c3600000|  0%| F|  |TS 22|AC  0|TAMS 0x00000006c3500000, 0x00000006c3500000|
|  54|0x00000006c3600000, 0x00000006c3600000, 0x00000006c3700000|  0%| F|  |TS 22|AC  0|TAMS 0x00000006c3600000, 0x00000006c3600000|
|  55|0x00000006c3700000, 0x00000006c3700000, 0x00000006c3800000|  0%| F|  |TS 22|AC  0|TAMS 0x00000006c3700000, 0x00000006c3700000|
|  56|0x00000006c3800000, 0x00000006c3800000, 0x00000006c3900000|  0%| F|  |TS 22|AC  0|TAMS 0x00000006c3800000, 0x00000006c3800000|
|  57|0x00000006c3900000, 0x00000006c3900000, 0x00000006c3a00000|  0%| F|  |TS 22|AC  0|TAMS 0x00000006c3900000, 0x00000006c3900000|
|  58|0x00000006c3a00000, 0x00000006c3a00000, 0x00000006c3b00000|  0%| F|  |TS 22|AC  0|TAMS 0x00000006c3a00000, 0x00000006c3a00000|
|  59|0x00000006c3b00000, 0x00000006c3b00000, 0x00000006c3c00000|  0%| F|  |TS 22|AC  0|TAMS 0x00000006c3b00000, 0x00000006c3b00000|
|  60|0x00000006c3c00000, 0x00000006c3c00000, 0x00000006c3d00000|  0%| F|  |TS 22|AC  0|TAMS 0x00000006c3c00000, 0x00000006c3c00000|
|  61|0x00000006c3d00000, 0x00000006c3d00000, 0x00000006c3e00000|  0%| F|  |TS 22|AC  0|TAMS 0x00000006c3d00000, 0x00000006c3d00000|
|  62|0x00000006c3e00000, 0x00000006c3e00000, 0x00000006c3f00000|  0%| F|  |TS 22|AC  0|TAMS 0x00000006c3e00000, 0x00000006c3e00000|
|  63|0x00000006c3f00000, 0x00000006c3f00000, 0x00000006c4000000|  0%| F|  |TS 22|AC  0|TAMS 0x00000006c3f00000, 0x00000006c3f00000|
|  64|0x00000006c4000000, 0x00000006c4000000, 0x00000006c4100000|  0%| F|  |TS 22|AC  0|TAMS 0x00000006c4000000, 0x00000006c4000000|
|  65|0x00000006c4100000, 0x00000006c4100000, 0x00000006c4200000|  0%| F|  |TS 22|AC  0|TAMS 0x00000006c4100000, 0x00000006c4100000|
|  66|0x00000006c4200000, 0x00000006c4200000, 0x00000006c4300000|  0%| F|  |TS 22|AC  0|TAMS 0x00000006c4200000, 0x00000006c4200000|
|  67|0x00000006c4300000, 0x00000006c4300000, 0x00000006c4400000|  0%| F|  |TS 22|AC  0|TAMS 0x00000006c4300000, 0x00000006c4300000|
|  68|0x00000006c4400000, 0x00000006c4400000, 0x00000006c4500000|  0%| F|  |TS 22|AC  0|TAMS 0x00000006c4400000, 0x00000006c4400000|
|  69|0x00000006c4500000, 0x00000006c4500000, 0x00000006c4600000|  0%| F|  |TS 22|AC  0|TAMS 0x00000006c4500000, 0x00000006c4500000|
|  70|0x00000006c4600000, 0x00000006c4600000, 0x00000006c4700000|  0%| F|  |TS 22|AC  0|TAMS 0x00000006c4600000, 0x00000006c4600000|
|  71|0x00000006c4700000, 0x00000006c4700000, 0x00000006c4800000|  0%| F|  |TS 22|AC  0|TAMS 0x00000006c4700000, 0x00000006c4700000|
|  72|0x00000006c4800000, 0x00000006c4800000, 0x00000006c4900000|  0%| F|  |TS 22|AC  0|TAMS 0x00000006c4800000, 0x00000006c4800000|
|  73|0x00000006c4900000, 0x00000006c4900000, 0x00000006c4a00000|  0%| F|  |TS 22|AC  0|TAMS 0x00000006c4900000, 0x00000006c4900000|
|  74|0x00000006c4a00000, 0x00000006c4a00000, 0x00000006c4b00000|  0%| F|  |TS 22|AC  0|TAMS 0x00000006c4a00000, 0x00000006c4a00000|
|  75|0x00000006c4b00000, 0x00000006c4b00000, 0x00000006c4c00000|  0%| F|  |TS 22|AC  0|TAMS 0x00000006c4b00000, 0x00000006c4b00000|
|  76|0x00000006c4c00000, 0x00000006c4c00000, 0x00000006c4d00000|  0%| F|  |TS 22|AC  0|TAMS 0x00000006c4c00000, 0x00000006c4c00000|
|  77|0x00000006c4d00000, 0x00000006c4d00000, 0x00000006c4e00000|  0%| F|  |TS 22|AC  0|TAMS 0x00000006c4d00000, 0x00000006c4d00000|
|  78|0x00000006c4e00000, 0x00000006c4e00000, 0x00000006c4f00000|  0%| F|  |TS 22|AC  0|TAMS 0x00000006c4e00000, 0x00000006c4e00000|
|  79|0x00000006c4f00000, 0x00000006c4f00000, 0x00000006c5000000|  0%| F|  |TS 22|AC  0|TAMS 0x00000006c4f00000, 0x00000006c4f00000|
|  80|0x00000006c5000000, 0x00000006c5000000, 0x00000006c5100000|  0%| F|  |TS 22|AC  0|TAMS 0x00000006c5000000, 0x00000006c5000000|
|  81|0x00000006c5100000, 0x00000006c5100000, 0x00000006c5200000|  0%| F|  |TS 22|AC  0|TAMS 0x00000006c5100000, 0x00000006c5100000|
|  82|0x00000006c5200000, 0x00000006c5200000, 0x00000006c5300000|  0%| F|  |TS 22|AC  0|TAMS 0x00000006c5200000, 0x00000006c5200000|
|  83|0x00000006c5300000, 0x00000006c5300000, 0x00000006c5400000|  0%| F|  |TS 22|AC  0|TAMS 0x00000006c5300000, 0x00000006c5300000|
|  84|0x00000006c5400000, 0x00000006c5400000, 0x00000006c5500000|  0%| F|  |TS 22|AC  0|TAMS 0x00000006c5400000, 0x00000006c5400000|
|  85|0x00000006c5500000, 0x00000006c5500000, 0x00000006c5600000|  0%| F|  |TS 22|AC  0|TAMS 0x00000006c5500000, 0x00000006c5500000|
|  86|0x00000006c5600000, 0x00000006c5600000, 0x00000006c5700000|  0%| F|  |TS 22|AC  0|TAMS 0x00000006c5600000, 0x00000006c5600000|
| 135|0x00000006c8700000, 0x00000006c8757bd0, 0x00000006c8800000| 34%| E|  |TS 22|AC  0|TAMS 0x00000006c8700000, 0x00000006c8700000|
| 138|0x00000006c8a00000, 0x00000006c8b00000, 0x00000006c8b00000|100%| E|CS|TS 22|AC  0|TAMS 0x00000006c8a00000, 0x00000006c8a00000|
| 140|0x00000006c8c00000, 0x00000006c8d00000, 0x00000006c8d00000|100%| E|CS|TS 22|AC  0|TAMS 0x00000006c8c00000, 0x00000006c8c00000|

Card table byte_map: [0x000000001d830000,0x000000001e030000] byte_map_base: 0x000000001a230000

Marking Bits (Prev, Next): (CMBitMap*) 0x00000000268b9180, (CMBitMap*) 0x00000000268b91b8
 Prev Bits: [0x000000001e830000, 0x0000000022830000)
 Next Bits: [0x0000000022830000, 0x0000000026830000)

Polling page: 0x0000000000100000

CodeHeap 'non-profiled nmethods': size=120064Kb used=6085Kb max_used=6085Kb free=113978Kb
 bounds [0x0000000014fd0000, 0x00000000155d0000, 0x000000001c510000]
CodeHeap 'profiled nmethods': size=120000Kb used=15086Kb max_used=15820Kb free=104913Kb
 bounds [0x000000000daa0000, 0x000000000ea40000, 0x0000000014fd0000]
CodeHeap 'non-nmethods': size=5696Kb used=1175Kb max_used=1244Kb free=4521Kb
 bounds [0x000000000d510000, 0x000000000d780000, 0x000000000daa0000]
 total_blobs=10427 nmethods=6512 adapters=450
 compilation: enabled

Compilation events (10 events):
Event: 3129.205 Thread 0x000000002a372000 7738       4       java.security.AccessControlContext::combine (205 bytes)
Event: 3129.217 Thread 0x000000002a372000 nmethod 7738 0x00000000155ba490 code [0x00000000155ba640, 0x00000000155bae78]
Event: 3147.592 Thread 0x0000000029330000 7739       4       java.lang.String::split (324 bytes)
Event: 3147.710 Thread 0x0000000029330000 nmethod 7739 0x00000000155bb210 code [0x00000000155bb560, 0x00000000155bf430]
Event: 3150.208 Thread 0x000000002a372000 7740       4       java.security.Provider$ServiceKey::<init> (8 bytes)
Event: 3150.212 Thread 0x000000002a372000 nmethod 7740 0x00000000155c1090 code [0x00000000155c1240, 0x00000000155c1638]
Event: 3151.158 Thread 0x000000002a375000 7741       3       java.util.TreeSet::iterator (15 bytes)
Event: 3151.159 Thread 0x000000002a375000 nmethod 7741 0x000000000e0b6310 code [0x000000000e0b64e0, 0x000000000e0b67b8]
Event: 3151.592 Thread 0x0000000029330000 7742   !   4       java.io.StringReader::read (133 bytes)
Event: 3151.598 Thread 0x0000000029330000 nmethod 7742 0x00000000155c1790 code [0x00000000155c1940, 0x00000000155c21b8]

GC Heap History (10 events):
Event: 2618.146 GC heap before
{Heap before GC invocations=32 (full 2):
 garbage-first heap   total 92160K, used 75842K [0x00000006c0000000, 0x00000007c0000000)
  region size 1024K, 47 young (48128K), 2 survivors (2048K)
 Metaspace       used 49659K, capacity 51110K, committed 51456K, reserved 1095680K
  class space    used 5477K, capacity 6026K, committed 6144K, reserved 1048576K
}
Event: 2618.150 GC heap after
{Heap after GC invocations=33 (full 2):
 garbage-first heap   total 92160K, used 29911K [0x00000006c0000000, 0x00000007c0000000)
  region size 1024K, 1 young (1024K), 1 survivors (1024K)
 Metaspace       used 49659K, capacity 51110K, committed 51456K, reserved 1095680K
  class space    used 5477K, capacity 6026K, committed 6144K, reserved 1048576K
}
Event: 2762.143 GC heap before
{Heap before GC invocations=33 (full 2):
 garbage-first heap   total 92160K, used 77015K [0x00000006c0000000, 0x00000007c0000000)
  region size 1024K, 47 young (48128K), 1 survivors (1024K)
 Metaspace       used 49659K, capacity 51110K, committed 51456K, reserved 1095680K
  class space    used 5477K, capacity 6026K, committed 6144K, reserved 1048576K
}
Event: 2762.145 GC heap after
{Heap after GC invocations=34 (full 2):
 garbage-first heap   total 92160K, used 29849K [0x00000006c0000000, 0x00000007c0000000)
  region size 1024K, 1 young (1024K), 1 survivors (1024K)
 Metaspace       used 49659K, capacity 51110K, committed 51456K, reserved 1095680K
  class space    used 5477K, capacity 6026K, committed 6144K, reserved 1048576K
}
Event: 2903.046 GC heap before
{Heap before GC invocations=34 (full 2):
 garbage-first heap   total 92160K, used 75929K [0x00000006c0000000, 0x00000007c0000000)
  region size 1024K, 46 young (47104K), 1 survivors (1024K)
 Metaspace       used 49659K, capacity 51110K, committed 51456K, reserved 1095680K
  class space    used 5477K, capacity 6026K, committed 6144K, reserved 1048576K
}
Event: 2903.049 GC heap after
{Heap after GC invocations=35 (full 2):
 garbage-first heap   total 92160K, used 29881K [0x00000006c0000000, 0x00000007c0000000)
  region size 1024K, 1 young (1024K), 1 survivors (1024K)
 Metaspace       used 49659K, capacity 51110K, committed 51456K, reserved 1095680K
  class space    used 5477K, capacity 6026K, committed 6144K, reserved 1048576K
}
Event: 3048.271 GC heap before
{Heap before GC invocations=35 (full 2):
 garbage-first heap   total 92160K, used 76985K [0x00000006c0000000, 0x00000007c0000000)
  region size 1024K, 47 young (48128K), 1 survivors (1024K)
 Metaspace       used 49672K, capacity 51110K, committed 51456K, reserved 1095680K
  class space    used 5477K, capacity 6026K, committed 6144K, reserved 1048576K
}
Event: 3048.272 GC heap after
{Heap after GC invocations=36 (full 2):
 garbage-first heap   total 92160K, used 29893K [0x00000006c0000000, 0x00000007c0000000)
  region size 1024K, 1 young (1024K), 1 survivors (1024K)
 Metaspace       used 49672K, capacity 51110K, committed 51456K, reserved 1095680K
  class space    used 5477K, capacity 6026K, committed 6144K, reserved 1048576K
}
Event: 3150.205 GC heap before
{Heap before GC invocations=36 (full 2):
 garbage-first heap   total 92160K, used 76997K [0x00000006c0000000, 0x00000007c0000000)
  region size 1024K, 47 young (48128K), 1 survivors (1024K)
 Metaspace       used 49674K, capacity 51110K, committed 51456K, reserved 1095680K
  class space    used 5478K, capacity 6026K, committed 6144K, reserved 1048576K
}
Event: 3150.207 GC heap after
{Heap after GC invocations=37 (full 2):
 garbage-first heap   total 92160K, used 30229K [0x00000006c0000000, 0x00000007c0000000)
  region size 1024K, 1 young (1024K), 1 survivors (1024K)
 Metaspace       used 49674K, capacity 51110K, committed 51456K, reserved 1095680K
  class space    used 5478K, capacity 6026K, committed 6144K, reserved 1048576K
}

Deoptimization events (10 events):
Event: 507.769 Thread 0x000000002e6e2000 Uncommon trap: reason=class_check action=maybe_recompile pc=0x0000000015392a1c method=java.security.MessageDigest$Delegate.engineDigest()[B @ 4 c2
Event: 507.769 Thread 0x000000002e6e2000 Uncommon trap: reason=class_check action=maybe_recompile pc=0x0000000015381f84 method=sun.security.provider.DigestBase.engineDigest([BII)I @ 97 c2
Event: 510.718 Thread 0x000000002e6e2000 Uncommon trap: reason=null_check action=make_not_entrant pc=0x000000001522ae64 method=org.springframework.core.annotation.AnnotationUtils.isSynthesizable(Ljava/lang/Class;)Z @ 119 c2
Event: 510.799 Thread 0x000000002e6e2000 Uncommon trap: reason=class_check action=maybe_recompile pc=0x0000000015392a1c method=java.security.MessageDigest$Delegate.engineDigest()[B @ 4 c2
Event: 510.799 Thread 0x000000002e6e2000 Uncommon trap: reason=class_check action=maybe_recompile pc=0x0000000015381f84 method=sun.security.provider.DigestBase.engineDigest([BII)I @ 97 c2
Event: 561.283 Thread 0x000000003100c800 Uncommon trap: reason=unstable_if action=reinterpret pc=0x00000000150d2654 method=java.lang.String.valueOf(Ljava/lang/Object;)Ljava/lang/String; @ 1 c2
Event: 583.993 Thread 0x000000003100c800 Uncommon trap: reason=unstable_if action=reinterpret pc=0x0000000015323528 method=java.util.concurrent.locks.ReentrantLock$Sync.nonfairTryAcquire(I)Z @ 19 c2
Event: 814.590 Thread 0x000000002bf1e800 Uncommon trap: reason=predicate action=maybe_recompile pc=0x00000000154fcc44 method=ch.qos.logback.classic.spi.ThrowableProxyUtil.findNumberOfCommonFrames([Ljava/lang/StackTraceElement;[Lch/qos/logback/classic/spi/StackTraceElementProxy;)I @ 27 c2
Event: 978.290 Thread 0x000000002c85e000 Uncommon trap: reason=predicate action=maybe_recompile pc=0x000000001550c15c method=ch.qos.logback.classic.spi.STEUtil.findNumberOfCommonFrames([Ljava/lang/StackTraceElement;[Lch/qos/logback/classic/spi/StackTraceElementProxy;)I @ 23 c2
Event: 1705.444 Thread 0x000000002cec0800 Uncommon trap: reason=unstable_if action=reinterpret pc=0x0000000015526dcc method=java.util.concurrent.ConcurrentSkipListMap$Iter.advance(Ljava/util/concurrent/ConcurrentSkipListMap$Node;)V @ 28 c2

Classes redefined (0 events):
No events

Internal exceptions (10 events):
Event: 3154.759 Thread 0x000000002c860800 Exception <a 'sun/net/ConnectionResetException'{0x00000006c8737038}: > (0x00000006c8737038) thrown at [t:/workspace/open/src/hotspot/share/prims/jni.cpp, line 632]
Event: 3154.759 Thread 0x000000002c860800 Exception <a 'sun/net/ConnectionResetException'{0x00000006c8737330}: > (0x00000006c8737330) thrown at [t:/workspace/open/src/hotspot/share/prims/jni.cpp, line 632]
Event: 3154.760 Thread 0x000000002c864800 Exception <a 'sun/net/ConnectionResetException'{0x00000006c873d8f8}: > (0x00000006c873d8f8) thrown at [t:/workspace/open/src/hotspot/share/prims/jni.cpp, line 632]
Event: 3154.760 Thread 0x000000002c864800 Exception <a 'sun/net/ConnectionResetException'{0x00000006c873dbf0}: > (0x00000006c873dbf0) thrown at [t:/workspace/open/src/hotspot/share/prims/jni.cpp, line 632]
Event: 3154.765 Thread 0x000000002c865800 Exception <a 'sun/net/ConnectionResetException'{0x00000006c87441b8}: > (0x00000006c87441b8) thrown at [t:/workspace/open/src/hotspot/share/prims/jni.cpp, line 632]
Event: 3154.765 Thread 0x000000002c865800 Exception <a 'sun/net/ConnectionResetException'{0x00000006c87444b0}: > (0x00000006c87444b0) thrown at [t:/workspace/open/src/hotspot/share/prims/jni.cpp, line 632]
Event: 3154.767 Thread 0x000000002ceb3800 Exception <a 'sun/net/ConnectionResetException'{0x00000006c874aa78}: > (0x00000006c874aa78) thrown at [t:/workspace/open/src/hotspot/share/prims/jni.cpp, line 632]
Event: 3154.767 Thread 0x000000002ceb3800 Exception <a 'sun/net/ConnectionResetException'{0x00000006c874ad70}: > (0x00000006c874ad70) thrown at [t:/workspace/open/src/hotspot/share/prims/jni.cpp, line 632]
Event: 3154.768 Thread 0x000000002c863800 Exception <a 'sun/net/ConnectionResetException'{0x00000006c8751338}: > (0x00000006c8751338) thrown at [t:/workspace/open/src/hotspot/share/prims/jni.cpp, line 632]
Event: 3154.768 Thread 0x000000002c863800 Exception <a 'sun/net/ConnectionResetException'{0x00000006c8751630}: > (0x00000006c8751630) thrown at [t:/workspace/open/src/hotspot/share/prims/jni.cpp, line 632]

Events (10 events):
Event: 3154.759 Executing VM operation: RevokeBias
Event: 3154.759 Executing VM operation: RevokeBias done
Event: 3154.760 Executing VM operation: RevokeBias
Event: 3154.760 Executing VM operation: RevokeBias done
Event: 3154.763 Thread 0x000000002c863000 Thread exited: 0x000000002c863000
Event: 3154.765 Executing VM operation: RevokeBias
Event: 3154.766 Executing VM operation: RevokeBias done
Event: 3154.767 Executing VM operation: RevokeBias
Event: 3154.768 Executing VM operation: RevokeBias done
Event: 3154.768 Executing VM operation: BulkRevokeBias


Dynamic libraries:
0x000000013f830000 - 0x000000013f86e000 	C:\Program Files\Java\jdk-10.0.2\bin\java.exe
0x0000000077c70000 - 0x0000000077e1a000 	C:\Windows\SYSTEM32\ntdll.dll
0x0000000077a50000 - 0x0000000077b6f000 	C:\Windows\system32\kernel32.dll
0x000007fefdad0000 - 0x000007fefdb3a000 	C:\Windows\system32\KERNELBASE.dll
0x000007feff420000 - 0x000007feff4fb000 	C:\Windows\system32\ADVAPI32.dll
0x000007feff5b0000 - 0x000007feff64f000 	C:\Windows\system32\msvcrt.dll
0x000007feff2d0000 - 0x000007feff2ef000 	C:\Windows\SYSTEM32\sechost.dll
0x000007feff2f0000 - 0x000007feff41d000 	C:\Windows\system32\RPCRT4.dll
0x0000000077b70000 - 0x0000000077c6a000 	C:\Windows\system32\USER32.dll
0x000007feffa50000 - 0x000007feffab7000 	C:\Windows\system32\GDI32.dll
0x000007feff5a0000 - 0x000007feff5ae000 	C:\Windows\system32\LPK.dll
0x000007feff650000 - 0x000007feff71a000 	C:\Windows\system32\USP10.dll
0x000007fefc350000 - 0x000007fefc544000 	C:\Windows\WinSxS\amd64_microsoft.windows.common-controls_6595b64144ccf1df_6.0.7601.18837_none_fa3b1e3d17594757\COMCTL32.dll
0x000007feff250000 - 0x000007feff2c1000 	C:\Windows\system32\SHLWAPI.dll
0x000007fefca10000 - 0x000007fefca1c000 	C:\Windows\system32\VERSION.dll
0x000007feffa00000 - 0x000007feffa2e000 	C:\Windows\system32\IMM32.DLL
0x000007feffac0000 - 0x000007feffbc9000 	C:\Windows\system32\MSCTF.dll
0x000007fee2210000 - 0x000007fee22ff000 	C:\Program Files\Java\jdk-10.0.2\bin\msvcr120.dll
0x000007fee2160000 - 0x000007fee2206000 	C:\Program Files\Java\jdk-10.0.2\bin\msvcp120.dll
0x000000006d040000 - 0x000000006dab0000 	C:\Program Files\Java\jdk-10.0.2\bin\server\jvm.dll
0x000007fefa710000 - 0x000007fefa719000 	C:\Windows\system32\WSOCK32.dll
0x000007feff9b0000 - 0x000007feff9fd000 	C:\Windows\system32\WS2_32.dll
0x000007feff720000 - 0x000007feff728000 	C:\Windows\system32\NSI.dll
0x000007fefa100000 - 0x000007fefa13b000 	C:\Windows\system32\WINMM.dll
0x0000000077e40000 - 0x0000000077e47000 	C:\Windows\system32\PSAPI.DLL
0x000007feef930000 - 0x000007feef93f000 	C:\Program Files\Java\jdk-10.0.2\bin\verify.dll
0x000007fef9e60000 - 0x000007fef9f85000 	C:\Windows\system32\DBGHELP.DLL
0x000007fee3a90000 - 0x000007fee3ab7000 	C:\Program Files\Java\jdk-10.0.2\bin\java.dll
0x000007fee37a0000 - 0x000007fee37b6000 	C:\Program Files\Java\jdk-10.0.2\bin\zip.dll
0x000007fee3ae0000 - 0x000007fee3aea000 	C:\Program Files\Java\jdk-10.0.2\bin\jimage.dll
0x000007fefe190000 - 0x000007fefef19000 	C:\Windows\system32\SHELL32.dll
0x000007fefdf90000 - 0x000007fefe18c000 	C:\Windows\system32\ole32.dll
0x000007fefd960000 - 0x000007fefd96f000 	C:\Windows\system32\profapi.dll
0x000007fee3620000 - 0x000007fee363a000 	C:\Program Files\Java\jdk-10.0.2\bin\net.dll
0x000007fefab20000 - 0x000007fefab91000 	C:\Windows\system32\WINHTTP.dll
0x000007fefaa90000 - 0x000007fefaaf4000 	C:\Windows\system32\webio.dll
0x000007fefd0f0000 - 0x000007fefd145000 	C:\Windows\system32\mswsock.dll
0x000007fefd0e0000 - 0x000007fefd0e7000 	C:\Windows\System32\wship6.dll
0x000007fee3ac0000 - 0x000007fee3ad1000 	C:\Program Files\Java\jdk-10.0.2\bin\nio.dll
0x000007fee3790000 - 0x000007fee3799000 	C:\Program Files\Java\jdk-10.0.2\bin\management.dll
0x000007fee2d60000 - 0x000007fee2d6a000 	C:\Program Files\Java\jdk-10.0.2\bin\management_ext.dll
0x000007fefc180000 - 0x000007fefc195000 	C:\Windows\system32\NLAapi.dll
0x000007fefa730000 - 0x000007fefa745000 	C:\Windows\system32\napinsp.dll
0x000007fefcf70000 - 0x000007fefcfcb000 	C:\Windows\system32\DNSAPI.dll
0x000007fefa760000 - 0x000007fefa76b000 	C:\Windows\System32\winrnr.dll
0x000007fefcae0000 - 0x000007fefcae7000 	C:\Windows\System32\wshtcpip.dll
0x000007fefbc30000 - 0x000007fefbc57000 	C:\Windows\system32\IPHLPAPI.DLL
0x000007fefbaf0000 - 0x000007fefbafb000 	C:\Windows\system32\WINNSI.DLL
0x000007fefb0c0000 - 0x000007fefb0c8000 	C:\Windows\system32\rasadhlp.dll
0x000007fefb9f0000 - 0x000007fefba43000 	C:\Windows\System32\fwpuclnt.dll
0x000007fefd150000 - 0x000007fefd168000 	C:\Windows\system32\CRYPTSP.dll
0x000007fefce50000 - 0x000007fefce97000 	C:\Windows\system32\rsaenh.dll
0x000007fefd980000 - 0x000007fefd99e000 	C:\Windows\system32\USERENV.dll
0x000007fefd7c0000 - 0x000007fefd7cf000 	C:\Windows\system32\CRYPTBASE.dll
0x000007fefb8c0000 - 0x000007fefb8d1000 	C:\Windows\system32\dhcpcsvc6.DLL
0x000007fefb890000 - 0x000007fefb8a8000 	C:\Windows\system32\dhcpcsvc.DLL
0x000007fee2660000 - 0x000007fee2683000 	C:\Program Files\Java\jdk-10.0.2\bin\sunec.dll

dbghelp: loaded successfully - version: 4.0.5 - missing functions: none
symbol engine: initialized successfully - sym options: 0x614 - pdb path: .;C:\Program Files\Java\jdk-10.0.2\bin;C:\Windows\SYSTEM32;C:\Windows\WinSxS\amd64_microsoft.windows.common-controls_6595b64144ccf1df_6.0.7601.18837_none_fa3b1e3d17594757;C:\Program Files\Java\jdk-10.0.2\bin\server

VM Arguments:
java_command: com.vistaprint.api.ApiRethinkdbApplication
java_class_path (initial): C:\Users\Administrator\Desktop\hassen_hosni\spring\vistaprintapi\api\target\classes;C:\Users\Administrator\.m2\repository\org\apache\cassandra\deps\avro\1.4.0-cassandra-1\avro-1.4.0-cassandra-1.jar;C:\Users\Administrator\.m2\repository\org\springframework\spring-aop\5.0.8.RELEASE\spring-aop-5.0.8.RELEASE.jar;C:\Users\Administrator\.m2\repository\org\apache\tomcat\embed\tomcat-embed-websocket\8.5.32\tomcat-embed-websocket-8.5.32.jar;C:\Users\Administrator\.m2\repository\org\apache\httpcomponents\httpcore\4.4.10\httpcore-4.4.10.jar;C:\Users\Administrator\.m2\repository\commons-lang\commons-lang\2.4\commons-lang-2.4.jar;C:\Users\Administrator\.m2\repository\org\antlr\stringtemplate\3.2\stringtemplate-3.2.jar;C:\Users\Administrator\.m2\repository\org\springframework\boot\spring-boot\2.0.4.RELEASE\spring-boot-2.0.4.RELEASE.jar;C:\Users\Administrator\.m2\repository\org\apache\tomcat\embed\tomcat-embed-el\8.5.32\tomcat-embed-el-8.5.32.jar;C:\Users\Administrator\.m2\repository\org\springframework\spring-messaging\5.0.8.RELEASE\spring-messaging-5.0.8.RELEASE.jar;C:\Users\Administrator\.m2\repository\com\rethinkdb\rethinkdb-driver\2.3.3\rethinkdb-driver-2.3.3.jar;C:\Users\Administrator\.m2\repository\org\mortbay\jetty\jetty-util\6.1.22\jetty-util-6.1.22.jar;C:\Users\Administrator\.m2\repository\javax\validation\validation-api\2.0.1.Final\validation-api-2.0.1.Final.jar;C:\Users\Administrator\.m2\repository\org\springframework\spring-web\5.0.8.RELEASE\spring-web-5.0.8.RELEASE.jar;C:\Users\Administrator\.m2\repository\org\springframework\spring-expression\5.0.8.RELEASE\spring-expression-5.0.8.RELEASE.jar;C:\Users\Administrator\.m2\repository\org\antlr\antlr\3.2\antlr-3.2.jar;C:\Users\Administrator\.m2\repository\antlr\antlr\2.7.7\antlr-2.7.7.jar;C:\Users\Administrator\.m2\repository\org\springframework\spring-jcl\5.0.8.RELEASE\spring-jcl-5.0.8.RELEASE.jar;C:\Users\Administrator\.m2\repository\org\springframework\spring-beans\5.0.8.RELEASE\spring-bean
Launcher Type: SUN_STANDARD

Logging:
Log output configuration:
#0: stdout all=warning uptime,level,tags
#1: stderr all=off uptime,level,tags

Environment Variables:
JAVA_HOME=C:/Program Files/Java/jdk-10.0.2
PATH=C:\Users\Administrator\bin;C:\Program Files\Git\mingw64\bin;C:\Program Files\Git\usr\local\bin;C:\Program Files\Git\usr\bin;C:\Program Files\Git\usr\bin;C:\Program Files\Git\mingw64\bin;C:\Program Files\Git\usr\bin;C:\Users\Administrator\bin;C:\Program Files (x86)\Common Files\Oracle\Java\javapath;C:\Windows\system32;C:\Windows;C:\Windows\System32\Wbem;C:\Windows\System32\WindowsPowerShell\v1.0;C:\Program Files\Amazon\cfn-bootstrap;C:\ProgramData\chocolatey\bin;C:\Program Files (x86)\Subversion\bin;C:\Program Files (x86)\Git\cmd;C:\tools\ruby24\bin;C:\vp\devenv\ps;C:\vp\devenv\bin;C:\Program Files\nodejs;C:\Windows\Microsoft.NET\Framework64\v4.0.30319;C:\Program Files\Git\cmd;C:\Program Files\TortoiseSVN\bin;C:\salt;C:\Program Files\nodejs;C:\Program Files\Microsoft VS Code\bin;C:\Users\Administrator\AppData\Roaming\npm;C:\Program Files\Java\jdk-10.0.2;C:\Users\Administrator\AppData\Local\Programs\Microsoft VS Code\bin;C:\Program Files\Git\usr\bin\vendor_perl;C:\Program Files\Git\usr\bin\core_perl
USERNAME=Administrator
SHELL=C:\Program Files\Git\usr\bin\bash.exe
DISPLAY=needs-to-be-defined
OS=Windows_NT
PROCESSOR_IDENTIFIER=Intel64 Family 6 Model 63 Stepping 2, GenuineIntel



---------------  S Y S T E M  ---------------

OS: Windows Server 2008 R2 , 64 bit Build 7601 (6.1.7601.23796)

CPU:total 4 (initial active 4) (1 cores per cpu, 1 threads per core) family 6 model 63 stepping 2, cmov, cx8, fxsr, mmx, sse, sse2, sse3, ssse3, sse4.1, sse4.2, popcnt, avx, avx2, aes, clmul, erms, lzcnt, tsc, tscinvbit, bmi1, bmi2, fma

Memory: 4k page, physical 16776696k(3586476k free), swap 16774836k(6348k free)

vm_info: Java HotSpot(TM) 64-Bit Server VM (10.0.2+13) for windows-amd64 JRE (10.0.2+13), built on Jun 28 2018 01:57:56 by "mach5one" with MS VC++ 12.0 (VS2013)

END.
