#
# There is insufficient memory for the Java Runtime Environment to continue.
# Native memory allocation (malloc) failed to allocate 131088 bytes for Chunk::new
# Possible reasons:
#   The system is out of physical RAM or swap space
#   The process is running with CompressedOops enabled, and the Java Heap may be blocking the growth of the native heap
# Possible solutions:
#   Reduce memory load on the system
#   Increase physical memory or swap space
#   Check if swap backing store is full
#   Decrease Java heap size (-Xmx/-Xms)
#   Decrease number of Java threads
#   Decrease Java thread stack sizes (-Xss)
#   Set larger code cache with -XX:ReservedCodeCacheSize=
#   JVM is running with Zero Based Compressed Oops mode in which the Java heap is
#     placed in the first 32GB address space. The Java Heap base address is the
#     maximum limit for the native heap growth. Please use -XX:HeapBaseMinAddress
#     to set the Java Heap base and to place the Java Heap above 32GB virtual address.
# This output file may be truncated or incomplete.
#
#  Out of Memory Error (t:/workspace/open/src/hotspot/share/memory/arena.cpp:198), pid=48796, tid=38192
#
# JRE version: Java(TM) SE Runtime Environment (10.0.2+13) (build 10.0.2+13)
# Java VM: Java HotSpot(TM) 64-Bit Server VM (10.0.2+13, mixed mode, tiered, compressed oops, g1 gc, windows-amd64)
# Core dump will be written. Default location: C:\Users\Administrator\Desktop\hassen_hosni\spring\vistaprintapi\api\hs_err_pid48796.mdmp
#

---------------  S U M M A R Y ------------

Command Line: com.vistaprint.api.ApiRethinkdbApplication

Host: Intel(R) Xeon(R) CPU E5-2697 v3 @ 2.60GHz, 4 cores, 15G,  Windows Server 2008 R2 , 64 bit Build 7601 (6.1.7601.23796)
Time: Tue Oct 02 10:39:01 2018 GMT Daylight Time elapsed time: 1914 seconds (0d 0h 31m 54s)

---------------  T H R E A D  ---------------

Current thread (0x0000000029315000):  JavaThread "C2 CompilerThread0" daemon [_thread_in_native, id=38192, stack(0x000000002ae80000,0x000000002af80000)]


Current CompileTask:
C2:1914395 7718       4       java.lang.Class::privateGetPublicMethods (224 bytes)

Stack: [0x000000002ae80000,0x000000002af80000]
Native frames: (J=compiled Java code, j=interpreted, Vv=VM code, C=native code)
V  [jvm.dll+0x5a01a9]
V  [jvm.dll+0x6bcf31]
V  [jvm.dll+0x6be126]
V  [jvm.dll+0x6be7b3]
V  [jvm.dll+0x234978]
V  [jvm.dll+0xbb69c]
V  [jvm.dll+0xbbbac]
V  [jvm.dll+0xbb7a8]
V  [jvm.dll+0x581de0]
V  [jvm.dll+0x5cc2c1]
V  [jvm.dll+0x20139b]
V  [jvm.dll+0x1ff0a1]
V  [jvm.dll+0x17c94b]
V  [jvm.dll+0x20c8dd]
V  [jvm.dll+0x20b6a6]
V  [jvm.dll+0x68b7ff]
V  [jvm.dll+0x59f4b0]
C  [msvcr120.dll+0x24f7f]
C  [msvcr120.dll+0x25126]
C  [kernel32.dll+0x159cd]
C  [ntdll.dll+0x2a561]


---------------  P R O C E S S  ---------------

Threads class SMR info:
_java_thread_list=0x000000002fa4f690, length=328, elements={
0x00000000292fc800, 0x0000000029308800, 0x0000000029311000, 0x0000000029312000,
0x0000000029315000, 0x000000002932d800, 0x000000002932e800, 0x000000002932f800,
0x000000002a6de800, 0x000000002a6e3800, 0x000000002fb68000, 0x000000002fb68800,
0x000000002fb6a800, 0x000000002fb6b000, 0x000000002ebe3800, 0x000000002fb6c800,
0x000000002ebfe800, 0x000000002c4f8000, 0x000000002c4f9800, 0x000000002c4fa800,
0x000000002c4fb800, 0x000000002c4fc000, 0x000000002c4fd000, 0x000000002c4fd800,
0x000000002c4fe800, 0x000000002c4ff000, 0x000000002c736800, 0x000000002c737800,
0x000000002c738800, 0x000000002c739000, 0x000000002c73a000, 0x000000002c73a800,
0x000000002c73b800, 0x000000002c73c000, 0x000000002c73d000, 0x000000002c73e000,
0x000000002bdc0000, 0x000000002bdc1000, 0x000000002bdc2000, 0x000000002bdc2800,
0x000000002bdc3800, 0x000000002bdc4000, 0x000000002bdc5000, 0x000000002bdc5800,
0x000000002bdc6800, 0x000000002bdc7800, 0x000000002ba7e800, 0x000000002ba7f800,
0x000000002ba80000, 0x000000002ba81000, 0x000000002ba82000, 0x000000002ba82800,
0x000000002ba83800, 0x000000002ba84000, 0x000000002ba85000, 0x000000002ba85800,
0x000000002c3d9800, 0x000000002c3da000, 0x000000002c3db000, 0x000000002c3db800,
0x000000002c3dc800, 0x000000002c3dd800, 0x000000002c3de000, 0x000000002c3df000,
0x000000002c3df800, 0x000000002c3e0800, 0x000000002ebda800, 0x000000002ebdb800,
0x000000002ebdc000, 0x000000002ebdd000, 0x000000002ebdd800, 0x000000002ebde800,
0x000000002ebdf000, 0x000000002ebe0000, 0x000000002ebe1000, 0x000000002ebe1800,
0x000000002c685800, 0x000000002c686800, 0x000000002c687000, 0x000000002c688000,
0x000000002c689000, 0x000000002c689800, 0x000000002c68a800, 0x000000002c68b000,
0x000000002c68c000, 0x000000002c68c800, 0x000000002fa0f800, 0x000000002fa10000,
0x000000002fa11000, 0x000000002fa12000, 0x000000002fa12800, 0x000000002fa13800,
0x000000002fa14000, 0x000000002fa15000, 0x000000002fa15800, 0x000000002fa16800,
0x000000002cdd4800, 0x000000002cdd5000, 0x000000002fb67000, 0x000000002fb69800,
0x000000002cdda000, 0x000000002cdda800, 0x000000002fb6c000, 0x000000002c4f9000,
0x000000002eae9800, 0x000000002fb6d800, 0x000000002cdd6000, 0x000000002ea78000,
0x000000002ea79800, 0x000000002ea7a800, 0x000000002ec01000, 0x000000002e1a7000,
0x000000002e1a8000, 0x000000002e1a9000, 0x000000002e1a9800, 0x000000002cdd9000,
0x000000002cdd8800, 0x000000002ebfb800, 0x000000002e1ab000, 0x000000002e1ac000,
0x000000002e1ac800, 0x000000002eae9000, 0x000000002e1ad800, 0x000000002e1ae800,
0x000000002e15b800, 0x000000002e15c000, 0x000000002e1aa800, 0x000000003031b000,
0x000000003031c000, 0x000000003031c800, 0x000000002ea76800, 0x000000002e2a3000,
0x000000002e2a4000, 0x000000002e2a5000, 0x000000002e2a5800, 0x000000002e2a6800,
0x000000002e2a7000, 0x000000002e2a8000, 0x000000002e2a8800, 0x000000002e2a9800,
0x000000002e2aa800, 0x000000002fca2000, 0x000000002fca2800, 0x000000002fca3800,
0x000000002fca4000, 0x000000002fca5000, 0x000000002fca5800, 0x000000002fca6800,
0x000000002fca7000, 0x000000002fca8000, 0x000000002fca9000, 0x000000002bd5a000,
0x000000002bd5b000, 0x000000002bd5b800, 0x000000002bd5c800, 0x000000002bd5d000,
0x000000002bd5e000, 0x000000002bd5f000, 0x000000002bd5f800, 0x000000002bd60800,
0x000000002bd61000, 0x000000002bd62000, 0x000000002bd62800, 0x000000002bd63800,
0x000000002bd64800, 0x000000002bd65000, 0x000000002bd66000, 0x000000002bd66800,
0x000000002bd67800, 0x000000002bd68000, 0x000000002bd69000, 0x000000003031d800,
0x000000003031e800, 0x000000003031f000, 0x0000000030320000, 0x0000000030320800,
0x0000000030321800, 0x0000000030322800, 0x0000000030323000, 0x0000000030324000,
0x0000000030324800, 0x0000000030325800, 0x0000000030326000, 0x0000000030327000,
0x0000000030328000, 0x0000000030328800, 0x0000000030329800, 0x000000003032a000,
0x000000003032b000, 0x000000003032b800, 0x000000003032c800, 0x000000002ba56800,
0x000000002ba57800, 0x000000002ba58000, 0x000000002ba59000, 0x000000002ba5a000,
0x000000002ba5a800, 0x000000002ba5b800, 0x000000002ba5c000, 0x000000002ba5d000,
0x000000002ba5d800, 0x000000002ec43000, 0x000000002ec44000, 0x000000002ec44800,
0x000000002ec45800, 0x000000002ec46000, 0x000000002ec47000, 0x000000002ec47800,
0x000000002ec48800, 0x000000002ec49800, 0x000000002ec4a000, 0x000000002ffb2000,
0x000000002ffb3000, 0x000000002ffb4000, 0x000000002ffb4800, 0x000000002ffb5800,
0x000000002ffb6000, 0x000000002ffb7000, 0x000000002ffb7800, 0x000000002ffb8800,
0x000000002ffb9800, 0x000000002e0f9800, 0x000000002e0fa800, 0x000000002e0fb000,
0x000000002e0fc000, 0x000000002e0fc800, 0x000000002e0fd800, 0x000000002e0fe000,
0x000000002e0ff000, 0x000000002e100000, 0x000000002e100800, 0x000000002fab2800,
0x000000002fab3000, 0x000000002fab4000, 0x000000002fab4800, 0x000000002fab5800,
0x000000002fab6800, 0x000000002fab7000, 0x000000002fab8000, 0x000000002fab8800,
0x000000002fab9800, 0x000000002c363000, 0x000000002c364000, 0x000000002c364800,
0x000000002c365800, 0x000000002c366800, 0x000000002c367000, 0x000000002c368000,
0x000000002c368800, 0x000000002c369800, 0x000000002c36a000, 0x000000002ba8b800,
0x000000002ba8c000, 0x000000002ba8d000, 0x000000002ba8d800, 0x000000002ba8e800,
0x000000002ba8f800, 0x000000002ba90000, 0x000000002ba91000, 0x000000002ba91800,
0x000000002ba92800, 0x000000002ba93000, 0x000000002ba94000, 0x000000002ba94800,
0x000000002ba95800, 0x000000002ba96800, 0x000000002ba97000, 0x000000002ba98000,
0x000000002ba98800, 0x000000002ba99800, 0x000000002ba9a000, 0x000000002e831000,
0x000000002e832000, 0x000000002e833000, 0x000000002e833800, 0x000000002e834800,
0x000000002e835000, 0x000000002ebfd000, 0x000000002e15a800, 0x000000002e15d800,
0x000000002e15d000, 0x000000002e159800, 0x000000002ea78800, 0x000000002ea73000,
0x000000002ea74000, 0x000000002eae7800, 0x000000002fb6e000, 0x000000002e836000,
0x000000002eee7000, 0x000000002eee7800, 0x000000002eaea800, 0x000000002fe87000,
0x000000002fe88000, 0x000000002fe89000, 0x000000002fe89800, 0x000000002fe8a800,
0x000000002fe8b000, 0x000000002fe8c000, 0x000000002fe8c800, 0x000000002fe8d800,
0x000000002fe8e800, 0x000000002c8e0800, 0x000000002c8e1800, 0x000000002c8e2000,
0x000000002c8e3000, 0x000000002c8e3800, 0x000000002c8e4800, 0x000000002c8e5000,
0x000000002c8e6000, 0x000000002c8e7000, 0x000000002c8e7800, 0x000000002c76a000,
0x000000002c76a800, 0x000000002c76b800, 0x000000002c76c800, 0x000000002c76d000,
0x000000002c76e000, 0x000000002c76e800, 0x000000002c76f800, 0x000000002c770000,
0x000000002c771000, 0x000000002c772000, 0x000000002c772800, 0x000000002c773800,
0x000000002e161000, 0x000000002ea75000, 0x000000002eee6000, 0x000000002eee5800
}

Java Threads: ( => current thread )
  0x00000000292fc800 JavaThread "Reference Handler" daemon [_thread_blocked, id=28592, stack(0x000000002a990000,0x000000002aa90000)]
  0x0000000029308800 JavaThread "Finalizer" daemon [_thread_blocked, id=58868, stack(0x000000002ab00000,0x000000002ac00000)]
  0x0000000029311000 JavaThread "Signal Dispatcher" daemon [_thread_blocked, id=29836, stack(0x000000002ac40000,0x000000002ad40000)]
  0x0000000029312000 JavaThread "Attach Listener" daemon [_thread_blocked, id=29992, stack(0x0000000029340000,0x0000000029440000)]
=>0x0000000029315000 JavaThread "C2 CompilerThread0" daemon [_thread_in_native, id=38192, stack(0x000000002ae80000,0x000000002af80000)]
  0x000000002932d800 JavaThread "C2 CompilerThread1" daemon [_thread_blocked, id=20732, stack(0x000000002ad80000,0x000000002ae80000)]
  0x000000002932e800 JavaThread "C1 CompilerThread2" daemon [_thread_blocked, id=28620, stack(0x000000002afb0000,0x000000002b0b0000)]
  0x000000002932f800 JavaThread "Sweeper thread" daemon [_thread_blocked, id=60952, stack(0x0000000029a30000,0x0000000029b30000)]
  0x000000002a6de800 JavaThread "Service Thread" daemon [_thread_blocked, id=70424, stack(0x000000002b120000,0x000000002b220000)]
  0x000000002a6e3800 JavaThread "Common-Cleaner" daemon [_thread_blocked, id=58688, stack(0x000000002b270000,0x000000002b370000)]
  0x000000002fb68000 JavaThread "pool-2-thread-1" [_thread_in_native, id=9028, stack(0x0000000034350000,0x0000000034450000)]
  0x000000002fb68800 JavaThread "pool-1-thread-1" [_thread_in_native, id=46096, stack(0x0000000034460000,0x0000000034560000)]
  0x000000002fb6a800 JavaThread "pool-3-thread-1" [_thread_in_native, id=74084, stack(0x0000000034770000,0x0000000034870000)]
  0x000000002fb6b000 JavaThread "pool-4-thread-1" [_thread_in_native, id=41132, stack(0x000000002f160000,0x000000002f260000)]
  0x000000002ebe3800 JavaThread "pool-5-thread-1" [_thread_in_native, id=8928, stack(0x0000000034f90000,0x0000000035090000)]
  0x000000002fb6c800 JavaThread "pool-6-thread-1" [_thread_in_native, id=75416, stack(0x00000000348f0000,0x00000000349f0000)]
  0x000000002ebfe800 JavaThread "pool-7-thread-1" [_thread_in_native, id=25252, stack(0x00000000365e0000,0x00000000366e0000)]
  0x000000002c4f8000 JavaThread "pool-8-thread-1" [_thread_in_native, id=44896, stack(0x0000000036a70000,0x0000000036b70000)]
  0x000000002c4f9800 JavaThread "DestroyJavaVM" [_thread_blocked, id=27328, stack(0x0000000001d70000,0x0000000001e70000)]
  0x000000002c4fa800 JavaThread "pool-9-thread-1" [_thread_in_native, id=73716, stack(0x000000002d310000,0x000000002d410000)]
  0x000000002c4fb800 JavaThread "pool-10-thread-1" [_thread_in_native, id=73128, stack(0x0000000036d30000,0x0000000036e30000)]
  0x000000002c4fc000 JavaThread "pool-11-thread-1" [_thread_in_native, id=56256, stack(0x000000002d450000,0x000000002d550000)]
  0x000000002c4fd000 JavaThread "pool-12-thread-1" [_thread_in_native, id=68548, stack(0x00000000372f0000,0x00000000373f0000)]
  0x000000002c4fd800 JavaThread "pool-13-thread-1" [_thread_in_native, id=26664, stack(0x0000000037160000,0x0000000037260000)]
  0x000000002c4fe800 JavaThread "pool-14-thread-1" [_thread_in_native, id=20360, stack(0x00000000374a0000,0x00000000375a0000)]
  0x000000002c4ff000 JavaThread "pool-15-thread-1" [_thread_in_native, id=81476, stack(0x0000000037710000,0x0000000037810000)]
  0x000000002c736800 JavaThread "pool-16-thread-1" [_thread_in_native, id=64396, stack(0x00000000378c0000,0x00000000379c0000)]
  0x000000002c737800 JavaThread "pool-17-thread-1" [_thread_in_native, id=65560, stack(0x0000000037a00000,0x0000000037b00000)]
  0x000000002c738800 JavaThread "pool-18-thread-1" [_thread_in_native, id=51976, stack(0x0000000033d10000,0x0000000033e10000)]
  0x000000002c739000 JavaThread "pool-19-thread-1" [_thread_in_native, id=14036, stack(0x0000000037610000,0x0000000037710000)]
  0x000000002c73a000 JavaThread "pool-20-thread-1" [_thread_in_native, id=22964, stack(0x0000000034b20000,0x0000000034c20000)]
  0x000000002c73a800 JavaThread "pool-21-thread-1" [_thread_in_native, id=11384, stack(0x00000000350f0000,0x00000000351f0000)]
  0x000000002c73b800 JavaThread "pool-22-thread-1" [_thread_in_native, id=15932, stack(0x0000000037b10000,0x0000000037c10000)]
  0x000000002c73c000 JavaThread "pool-23-thread-1" [_thread_in_native, id=47188, stack(0x0000000037cb0000,0x0000000037db0000)]
  0x000000002c73d000 JavaThread "pool-24-thread-1" [_thread_in_native, id=45956, stack(0x0000000037e80000,0x0000000037f80000)]
  0x000000002c73e000 JavaThread "pool-25-thread-1" [_thread_in_native, id=33320, stack(0x0000000038350000,0x0000000038450000)]
  0x000000002bdc0000 JavaThread "pool-26-thread-1" [_thread_in_native, id=22368, stack(0x0000000038520000,0x0000000038620000)]
  0x000000002bdc1000 JavaThread "pool-27-thread-1" [_thread_in_native, id=82952, stack(0x0000000038680000,0x0000000038780000)]
  0x000000002bdc2000 JavaThread "pool-28-thread-1" [_thread_in_native, id=83620, stack(0x00000000388a0000,0x00000000389a0000)]
  0x000000002bdc2800 JavaThread "pool-29-thread-1" [_thread_in_native, id=62600, stack(0x00000000389b0000,0x0000000038ab0000)]
  0x000000002bdc3800 JavaThread "pool-30-thread-1" [_thread_in_native, id=46332, stack(0x0000000038c50000,0x0000000038d50000)]
  0x000000002bdc4000 JavaThread "pool-31-thread-1" [_thread_in_native, id=66012, stack(0x0000000038af0000,0x0000000038bf0000)]
  0x000000002bdc5000 JavaThread "pool-32-thread-1" [_thread_in_native, id=11772, stack(0x0000000038e60000,0x0000000038f60000)]
  0x000000002bdc5800 JavaThread "pool-33-thread-1" [_thread_in_native, id=71696, stack(0x0000000039090000,0x0000000039190000)]
  0x000000002bdc6800 JavaThread "pool-34-thread-1" [_thread_in_native, id=68832, stack(0x0000000039270000,0x0000000039370000)]
  0x000000002bdc7800 JavaThread "pool-35-thread-1" [_thread_in_native, id=54348, stack(0x0000000039400000,0x0000000039500000)]
  0x000000002ba7e800 JavaThread "pool-36-thread-1" [_thread_in_native, id=69544, stack(0x0000000039520000,0x0000000039620000)]
  0x000000002ba7f800 JavaThread "pool-37-thread-1" [_thread_in_native, id=50624, stack(0x00000000396e0000,0x00000000397e0000)]
  0x000000002ba80000 JavaThread "pool-38-thread-1" [_thread_in_native, id=39076, stack(0x0000000038030000,0x0000000038130000)]
  0x000000002ba81000 JavaThread "pool-39-thread-1" [_thread_in_native, id=49864, stack(0x00000000381d0000,0x00000000382d0000)]
  0x000000002ba82000 JavaThread "pool-40-thread-1" [_thread_in_native, id=72624, stack(0x0000000038f60000,0x0000000039060000)]
  0x000000002ba82800 JavaThread "pool-41-thread-1" [_thread_in_native, id=18476, stack(0x0000000038790000,0x0000000038890000)]
  0x000000002ba83800 JavaThread "pool-42-thread-1" [_thread_in_native, id=58052, stack(0x0000000039990000,0x0000000039a90000)]
  0x000000002ba84000 JavaThread "pool-43-thread-1" [_thread_in_native, id=25560, stack(0x0000000039870000,0x0000000039970000)]
  0x000000002ba85000 JavaThread "pool-44-thread-1" [_thread_in_native, id=46756, stack(0x0000000039d40000,0x0000000039e40000)]
  0x000000002ba85800 JavaThread "pool-45-thread-1" [_thread_in_native, id=1856, stack(0x0000000039f80000,0x000000003a080000)]
  0x000000002c3d9800 JavaThread "pool-46-thread-1" [_thread_in_native, id=80144, stack(0x0000000039e80000,0x0000000039f80000)]
  0x000000002c3da000 JavaThread "pool-47-thread-1" [_thread_in_native, id=66232, stack(0x000000003a1b0000,0x000000003a2b0000)]
  0x000000002c3db000 JavaThread "pool-48-thread-1" [_thread_in_native, id=9768, stack(0x000000003a2d0000,0x000000003a3d0000)]
  0x000000002c3db800 JavaThread "pool-49-thread-1" [_thread_in_native, id=40172, stack(0x000000003a4b0000,0x000000003a5b0000)]
  0x000000002c3dc800 JavaThread "pool-50-thread-1" [_thread_in_native, id=55468, stack(0x000000003a090000,0x000000003a190000)]
  0x000000002c3dd800 JavaThread "pool-51-thread-1" [_thread_in_native, id=24472, stack(0x000000003a730000,0x000000003a830000)]
  0x000000002c3de000 JavaThread "pool-52-thread-1" [_thread_in_native, id=37408, stack(0x0000000038d50000,0x0000000038e50000)]
  0x000000002c3df000 JavaThread "pool-53-thread-1" [_thread_in_native, id=69528, stack(0x000000003a8e0000,0x000000003a9e0000)]
  0x000000002c3df800 JavaThread "pool-54-thread-1" [_thread_in_native, id=49184, stack(0x000000003aa80000,0x000000003ab80000)]
  0x000000002c3e0800 JavaThread "pool-55-thread-1" [_thread_in_native, id=28016, stack(0x000000003a620000,0x000000003a720000)]
  0x000000002ebda800 JavaThread "pool-56-thread-1" [_thread_in_native, id=50244, stack(0x000000003acd0000,0x000000003add0000)]
  0x000000002ebdb800 JavaThread "pool-57-thread-1" [_thread_in_native, id=72572, stack(0x0000000039a90000,0x0000000039b90000)]
  0x000000002ebdc000 JavaThread "pool-58-thread-1" [_thread_in_native, id=64208, stack(0x0000000039bb0000,0x0000000039cb0000)]
  0x000000002ebdd000 JavaThread "pool-59-thread-1" [_thread_in_native, id=16076, stack(0x000000003aee0000,0x000000003afe0000)]
  0x000000002ebdd800 JavaThread "pool-60-thread-1" [_thread_in_native, id=40348, stack(0x000000003b130000,0x000000003b230000)]
  0x000000002ebde800 JavaThread "pool-61-thread-1" [_thread_in_native, id=88732, stack(0x000000003b300000,0x000000003b400000)]
  0x000000002ebdf000 JavaThread "pool-62-thread-1" [_thread_in_native, id=48236, stack(0x000000003b550000,0x000000003b650000)]
  0x000000002ebe0000 JavaThread "pool-63-thread-1" [_thread_in_native, id=82636, stack(0x000000003b750000,0x000000003b850000)]
  0x000000002ebe1000 JavaThread "pool-64-thread-1" [_thread_in_native, id=44104, stack(0x000000003ade0000,0x000000003aee0000)]
  0x000000002ebe1800 JavaThread "pool-65-thread-1" [_thread_in_native, id=86312, stack(0x000000003b8b0000,0x000000003b9b0000)]
  0x000000002c685800 JavaThread "pool-66-thread-1" [_thread_in_native, id=24132, stack(0x000000003b9d0000,0x000000003bad0000)]
  0x000000002c686800 JavaThread "pool-67-thread-1" [_thread_in_native, id=78244, stack(0x000000003bc50000,0x000000003bd50000)]
  0x000000002c687000 JavaThread "pool-68-thread-1" [_thread_in_native, id=42040, stack(0x000000003bdb0000,0x000000003beb0000)]
  0x000000002c688000 JavaThread "pool-69-thread-1" [_thread_in_native, id=49720, stack(0x000000003bec0000,0x000000003bfc0000)]
  0x000000002c689000 JavaThread "pool-70-thread-1" [_thread_in_native, id=50628, stack(0x000000003c0a0000,0x000000003c1a0000)]
  0x000000002c689800 JavaThread "pool-71-thread-1" [_thread_in_native, id=45932, stack(0x000000003c280000,0x000000003c380000)]
  0x000000002c68a800 JavaThread "pool-72-thread-1" [_thread_in_native, id=9620, stack(0x000000003bb10000,0x000000003bc10000)]
  0x000000002c68b000 JavaThread "pool-73-thread-1" [_thread_in_native, id=75716, stack(0x000000003b410000,0x000000003b510000)]
  0x000000002c68c000 JavaThread "pool-74-thread-1" [_thread_in_native, id=67880, stack(0x000000003c3c0000,0x000000003c4c0000)]
  0x000000002c68c800 JavaThread "pool-75-thread-1" [_thread_in_native, id=7728, stack(0x000000003c5d0000,0x000000003c6d0000)]
  0x000000002fa0f800 JavaThread "pool-76-thread-1" [_thread_in_native, id=53360, stack(0x000000003c770000,0x000000003c870000)]
  0x000000002fa10000 JavaThread "pool-77-thread-1" [_thread_in_native, id=48604, stack(0x000000003ab80000,0x000000003ac80000)]
  0x000000002fa11000 JavaThread "pool-78-thread-1" [_thread_in_native, id=33196, stack(0x000000003c870000,0x000000003c970000)]
  0x000000002fa12000 JavaThread "pool-79-thread-1" [_thread_in_native, id=14864, stack(0x000000003ca70000,0x000000003cb70000)]
  0x000000002fa12800 JavaThread "pool-80-thread-1" [_thread_in_native, id=26628, stack(0x000000003d010000,0x000000003d110000)]
  0x000000002fa13800 JavaThread "pool-81-thread-1" [_thread_in_native, id=14624, stack(0x000000003d1c0000,0x000000003d2c0000)]
  0x000000002fa14000 JavaThread "pool-82-thread-1" [_thread_in_native, id=34572, stack(0x000000003d310000,0x000000003d410000)]
  0x000000002fa15000 JavaThread "pool-83-thread-1" [_thread_in_native, id=35356, stack(0x000000003afe0000,0x000000003b0e0000)]
  0x000000002fa15800 JavaThread "pool-84-thread-1" [_thread_in_native, id=49356, stack(0x000000003d480000,0x000000003d580000)]
  0x000000002fa16800 JavaThread "pool-85-thread-1" [_thread_in_native, id=79284, stack(0x000000003d640000,0x000000003d740000)]
  0x000000002cdd4800 JavaThread "pool-86-thread-1" [_thread_in_native, id=43232, stack(0x000000003d7e0000,0x000000003d8e0000)]
  0x000000002cdd5000 JavaThread "pool-87-thread-1" [_thread_in_native, id=32196, stack(0x000000003d8f0000,0x000000003d9f0000)]
  0x000000002fb67000 JavaThread "pool-88-thread-1" [_thread_in_native, id=56148, stack(0x0000000031080000,0x0000000031180000)]
  0x000000002fb69800 JavaThread "pool-89-thread-1" [_thread_in_native, id=54232, stack(0x0000000031330000,0x0000000031430000)]
  0x000000002cdda000 JavaThread "pool-90-thread-1" [_thread_in_native, id=69596, stack(0x0000000035660000,0x0000000035760000)]
  0x000000002cdda800 JavaThread "pool-91-thread-1" [_thread_in_native, id=43052, stack(0x0000000034db0000,0x0000000034eb0000)]
  0x000000002fb6c000 JavaThread "pool-92-thread-1" [_thread_in_native, id=70304, stack(0x0000000035830000,0x0000000035930000)]
  0x000000002c4f9000 JavaThread "pool-93-thread-1" [_thread_in_native, id=48124, stack(0x0000000035ec0000,0x0000000035fc0000)]
  0x000000002eae9800 JavaThread "pool-94-thread-1" [_thread_in_native, id=16756, stack(0x0000000036250000,0x0000000036350000)]
  0x000000002fb6d800 JavaThread "pool-95-thread-1" [_thread_in_native, id=21676, stack(0x0000000035a70000,0x0000000035b70000)]
  0x000000002cdd6000 JavaThread "pool-96-thread-1" [_thread_in_native, id=33060, stack(0x000000003f440000,0x000000003f540000)]
  0x000000002ea78000 JavaThread "pool-97-thread-1" [_thread_in_native, id=20844, stack(0x000000003cd00000,0x000000003ce00000)]
  0x000000002ea79800 JavaThread "pool-98-thread-1" [_thread_in_native, id=14936, stack(0x0000000032fd0000,0x00000000330d0000)]
  0x000000002ea7a800 JavaThread "pool-99-thread-1" [_thread_in_native, id=30880, stack(0x000000003f680000,0x000000003f780000)]
  0x000000002ec01000 JavaThread "pool-100-thread-1" [_thread_in_native, id=87992, stack(0x000000003f780000,0x000000003f880000)]
  0x000000002e1a7000 JavaThread "pool-101-thread-1" [_thread_in_native, id=80128, stack(0x000000003f970000,0x000000003fa70000)]
  0x000000002e1a8000 JavaThread "pool-102-thread-1" [_thread_in_native, id=49600, stack(0x000000003fb80000,0x000000003fc80000)]
  0x000000002e1a9000 JavaThread "pool-103-thread-1" [_thread_in_native, id=71464, stack(0x0000000031900000,0x0000000031a00000)]
  0x000000002e1a9800 JavaThread "pool-104-thread-1" [_thread_in_native, id=77648, stack(0x000000003fce0000,0x000000003fde0000)]
  0x000000002cdd9000 JavaThread "pool-105-thread-1" [_thread_in_native, id=53972, stack(0x0000000031520000,0x0000000031620000)]
  0x000000002cdd8800 JavaThread "pool-106-thread-1" [_thread_in_native, id=35944, stack(0x0000000032e80000,0x0000000032f80000)]
  0x000000002ebfb800 JavaThread "pool-107-thread-1" [_thread_in_native, id=27572, stack(0x00000000364a0000,0x00000000365a0000)]
  0x000000002e1ab000 JavaThread "pool-108-thread-1" [_thread_in_native, id=22792, stack(0x0000000036370000,0x0000000036470000)]
  0x000000002e1ac000 JavaThread "pool-109-thread-1" [_thread_in_native, id=83812, stack(0x0000000036920000,0x0000000036a20000)]
  0x000000002e1ac800 JavaThread "pool-110-thread-1" [_thread_in_native, id=43380, stack(0x0000000036e30000,0x0000000036f30000)]
  0x000000002eae9000 JavaThread "pool-111-thread-1" [_thread_in_native, id=72308, stack(0x000000003cc00000,0x000000003cd00000)]
  0x000000002e1ad800 JavaThread "pool-112-thread-1" [_thread_in_native, id=23828, stack(0x000000003e9e0000,0x000000003eae0000)]
  0x000000002e1ae800 JavaThread "pool-113-thread-1" [_thread_in_native, id=69552, stack(0x0000000036c10000,0x0000000036d10000)]
  0x000000002e15b800 JavaThread "pool-115-thread-1" [_thread_in_native, id=76496, stack(0x000000003f280000,0x000000003f380000)]
  0x000000002e15c000 JavaThread "pool-114-thread-1" [_thread_in_native, id=75760, stack(0x000000003fa80000,0x000000003fb80000)]
  0x000000002e1aa800 JavaThread "pool-116-thread-1" [_thread_in_native, id=25092, stack(0x00000000311a0000,0x00000000312a0000)]
  0x000000003031b000 JavaThread "pool-117-thread-1" [_thread_in_native, id=70112, stack(0x000000003fde0000,0x000000003fee0000)]
  0x000000003031c000 JavaThread "pool-118-thread-1" [_thread_in_native, id=47716, stack(0x0000000036140000,0x0000000036240000)]
  0x000000003031c800 JavaThread "pool-119-thread-1" [_thread_in_native, id=33176, stack(0x0000000035490000,0x0000000035590000)]
  0x000000002ea76800 JavaThread "pool-120-thread-1" [_thread_in_native, id=72284, stack(0x00000000405c0000,0x00000000406c0000)]
  0x000000002e2a3000 JavaThread "pool-121-thread-1" [_thread_in_native, id=57012, stack(0x000000003fee0000,0x000000003ffe0000)]
  0x000000002e2a4000 JavaThread "pool-122-thread-1" [_thread_in_native, id=75880, stack(0x0000000040ff0000,0x00000000410f0000)]
  0x000000002e2a5000 JavaThread "pool-123-thread-1" [_thread_in_native, id=10640, stack(0x0000000041550000,0x0000000041650000)]
  0x000000002e2a5800 JavaThread "pool-124-thread-1" [_thread_in_native, id=56544, stack(0x00000000416a0000,0x00000000417a0000)]
  0x000000002e2a6800 JavaThread "pool-125-thread-1" [_thread_in_native, id=2596, stack(0x00000000417c0000,0x00000000418c0000)]
  0x000000002e2a7000 JavaThread "pool-126-thread-1" [_thread_in_native, id=77180, stack(0x0000000041990000,0x0000000041a90000)]
  0x000000002e2a8000 JavaThread "pool-127-thread-1" [_thread_in_native, id=40736, stack(0x0000000041b70000,0x0000000041c70000)]
  0x000000002e2a8800 JavaThread "pool-128-thread-1" [_thread_in_native, id=72164, stack(0x0000000041d90000,0x0000000041e90000)]
  0x000000002e2a9800 JavaThread "pool-129-thread-1" [_thread_in_native, id=31108, stack(0x0000000041fe0000,0x00000000420e0000)]
  0x000000002e2aa800 JavaThread "pool-130-thread-1" [_thread_in_native, id=17260, stack(0x0000000042130000,0x0000000042230000)]
  0x000000002fca2000 JavaThread "pool-131-thread-1" [_thread_in_native, id=89036, stack(0x0000000042230000,0x0000000042330000)]
  0x000000002fca2800 JavaThread "pool-132-thread-1" [_thread_in_native, id=77440, stack(0x0000000040b80000,0x0000000040c80000)]
  0x000000002fca3800 JavaThread "pool-133-thread-1" [_thread_in_native, id=58684, stack(0x0000000041ec0000,0x0000000041fc0000)]
  0x000000002fca4000 JavaThread "pool-134-thread-1" [_thread_in_native, id=18644, stack(0x00000000423c0000,0x00000000424c0000)]
  0x000000002fca5000 JavaThread "pool-135-thread-1" [_thread_in_native, id=38260, stack(0x00000000425e0000,0x00000000426e0000)]
  0x000000002fca5800 JavaThread "pool-136-thread-1" [_thread_in_native, id=11356, stack(0x00000000410f0000,0x00000000411f0000)]
  0x000000002fca6800 JavaThread "pool-137-thread-1" [_thread_in_native, id=17972, stack(0x0000000041330000,0x0000000041430000)]
  0x000000002fca7000 JavaThread "pool-138-thread-1" [_thread_in_native, id=33696, stack(0x00000000426f0000,0x00000000427f0000)]
  0x000000002fca8000 JavaThread "pool-139-thread-1" [_thread_in_native, id=75320, stack(0x00000000411f0000,0x00000000412f0000)]
  0x000000002fca9000 JavaThread "pool-140-thread-1" [_thread_in_native, id=57800, stack(0x0000000042830000,0x0000000042930000)]
  0x000000002bd5a000 JavaThread "pool-141-thread-1" [_thread_in_native, id=21356, stack(0x0000000042be0000,0x0000000042ce0000)]
  0x000000002bd5b000 JavaThread "pool-142-thread-1" [_thread_in_native, id=59640, stack(0x0000000041c90000,0x0000000041d90000)]
  0x000000002bd5b800 JavaThread "pool-143-thread-1" [_thread_in_native, id=48596, stack(0x0000000042d90000,0x0000000042e90000)]
  0x000000002bd5c800 JavaThread "pool-144-thread-1" [_thread_in_native, id=35132, stack(0x00000000424c0000,0x00000000425c0000)]
  0x000000002bd5d000 JavaThread "pool-145-thread-1" [_thread_in_native, id=27228, stack(0x0000000042950000,0x0000000042a50000)]
  0x000000002bd5e000 JavaThread "pool-146-thread-1" [_thread_in_native, id=12712, stack(0x0000000042f80000,0x0000000043080000)]
  0x000000002bd5f000 JavaThread "pool-147-thread-1" [_thread_in_native, id=30012, stack(0x0000000043080000,0x0000000043180000)]
  0x000000002bd5f800 JavaThread "pool-148-thread-1" [_thread_in_native, id=63280, stack(0x0000000043360000,0x0000000043460000)]
  0x000000002bd60800 JavaThread "pool-149-thread-1" [_thread_in_native, id=53468, stack(0x0000000043560000,0x0000000043660000)]
  0x000000002bd61000 JavaThread "pool-150-thread-1" [_thread_in_native, id=68100, stack(0x0000000043730000,0x0000000043830000)]
  0x000000002bd62000 JavaThread "pool-151-thread-1" [_thread_in_native, id=27464, stack(0x0000000043240000,0x0000000043340000)]
  0x000000002bd62800 JavaThread "pool-152-thread-1" [_thread_in_native, id=29176, stack(0x0000000043950000,0x0000000043a50000)]
  0x000000002bd63800 JavaThread "pool-153-thread-1" [_thread_in_native, id=42340, stack(0x0000000043ab0000,0x0000000043bb0000)]
  0x000000002bd64800 JavaThread "pool-154-thread-1" [_thread_in_native, id=75268, stack(0x0000000031630000,0x0000000031730000)]
  0x000000002bd65000 JavaThread "pool-155-thread-1" [_thread_in_native, id=83908, stack(0x0000000043c20000,0x0000000043d20000)]
  0x000000002bd66000 JavaThread "pool-156-thread-1" [_thread_in_native, id=67976, stack(0x0000000041430000,0x0000000041530000)]
  0x000000002bd66800 JavaThread "pool-157-thread-1" [_thread_in_native, id=13020, stack(0x0000000042ae0000,0x0000000042be0000)]
  0x000000002bd67800 JavaThread "pool-158-thread-1" [_thread_in_native, id=58724, stack(0x0000000043d80000,0x0000000043e80000)]
  0x000000002bd68000 JavaThread "pool-159-thread-1" [_thread_in_native, id=61224, stack(0x0000000043f00000,0x0000000044000000)]
  0x000000002bd69000 JavaThread "pool-160-thread-1" [_thread_in_native, id=49648, stack(0x0000000044270000,0x0000000044370000)]
  0x000000003031d800 JavaThread "pool-161-thread-1" [_thread_in_native, id=77640, stack(0x0000000044470000,0x0000000044570000)]
  0x000000003031e800 JavaThread "pool-162-thread-1" [_thread_in_native, id=77968, stack(0x00000000446c0000,0x00000000447c0000)]
  0x000000003031f000 JavaThread "pool-163-thread-1" [_thread_in_native, id=77176, stack(0x00000000445a0000,0x00000000446a0000)]
  0x0000000030320000 JavaThread "pool-164-thread-1" [_thread_in_native, id=81872, stack(0x0000000044930000,0x0000000044a30000)]
  0x0000000030320800 JavaThread "pool-165-thread-1" [_thread_in_native, id=13836, stack(0x0000000043460000,0x0000000043560000)]
  0x0000000030321800 JavaThread "pool-166-thread-1" [_thread_in_native, id=29620, stack(0x0000000044150000,0x0000000044250000)]
  0x0000000030322800 JavaThread "pool-167-thread-1" [_thread_in_native, id=18096, stack(0x0000000044b00000,0x0000000044c00000)]
  0x0000000030323000 JavaThread "pool-168-thread-1" [_thread_in_native, id=9604, stack(0x0000000044c50000,0x0000000044d50000)]
  0x0000000030324000 JavaThread "pool-169-thread-1" [_thread_in_native, id=26652, stack(0x0000000044db0000,0x0000000044eb0000)]
  0x0000000030324800 JavaThread "pool-170-thread-1" [_thread_in_native, id=65072, stack(0x0000000044f50000,0x0000000045050000)]
  0x0000000030325800 JavaThread "pool-171-thread-1" [_thread_in_native, id=27628, stack(0x0000000045170000,0x0000000045270000)]
  0x0000000030326000 JavaThread "pool-172-thread-1" [_thread_in_native, id=18156, stack(0x0000000044820000,0x0000000044920000)]
  0x0000000030327000 JavaThread "pool-173-thread-1" [_thread_in_native, id=14892, stack(0x0000000043830000,0x0000000043930000)]
  0x0000000030328000 JavaThread "pool-174-thread-1" [_thread_in_native, id=83768, stack(0x00000000452f0000,0x00000000453f0000)]
  0x0000000030328800 JavaThread "pool-175-thread-1" [_thread_in_native, id=66344, stack(0x0000000045530000,0x0000000045630000)]
  0x0000000030329800 JavaThread "pool-176-thread-1" [_thread_in_native, id=52728, stack(0x0000000044040000,0x0000000044140000)]
  0x000000003032a000 JavaThread "pool-177-thread-1" [_thread_in_native, id=77368, stack(0x00000000453f0000,0x00000000454f0000)]
  0x000000003032b000 JavaThread "pool-178-thread-1" [_thread_in_native, id=61560, stack(0x0000000045940000,0x0000000045a40000)]
  0x000000003032b800 JavaThread "pool-179-thread-1" [_thread_in_native, id=84796, stack(0x0000000045b20000,0x0000000045c20000)]
  0x000000003032c800 JavaThread "pool-180-thread-1" [_thread_in_native, id=79524, stack(0x0000000045c30000,0x0000000045d30000)]
  0x000000002ba56800 JavaThread "pool-181-thread-1" [_thread_in_native, id=18448, stack(0x0000000045e40000,0x0000000045f40000)]
  0x000000002ba57800 JavaThread "pool-182-thread-1" [_thread_in_native, id=69880, stack(0x0000000046080000,0x0000000046180000)]
  0x000000002ba58000 JavaThread "pool-183-thread-1" [_thread_in_native, id=19024, stack(0x00000000461b0000,0x00000000462b0000)]
  0x000000002ba59000 JavaThread "pool-184-thread-1" [_thread_in_native, id=13940, stack(0x0000000045d40000,0x0000000045e40000)]
  0x000000002ba5a000 JavaThread "pool-185-thread-1" [_thread_in_native, id=81296, stack(0x0000000046350000,0x0000000046450000)]
  0x000000002ba5a800 JavaThread "pool-186-thread-1" [_thread_in_native, id=83676, stack(0x0000000044370000,0x0000000044470000)]
  0x000000002ba5b800 JavaThread "pool-187-thread-1" [_thread_in_native, id=86372, stack(0x0000000046530000,0x0000000046630000)]
  0x000000002ba5c000 JavaThread "pool-188-thread-1" [_thread_in_native, id=82784, stack(0x0000000046630000,0x0000000046730000)]
  0x000000002ba5d000 JavaThread "pool-189-thread-1" [_thread_in_native, id=33844, stack(0x0000000046860000,0x0000000046960000)]
  0x000000002ba5d800 JavaThread "pool-190-thread-1" [_thread_in_native, id=35708, stack(0x0000000045730000,0x0000000045830000)]
  0x000000002ec43000 JavaThread "pool-191-thread-1" [_thread_in_native, id=60000, stack(0x0000000046980000,0x0000000046a80000)]
  0x000000002ec44000 JavaThread "pool-192-thread-1" [_thread_in_native, id=87984, stack(0x0000000046aa0000,0x0000000046ba0000)]
  0x000000002ec44800 JavaThread "pool-193-thread-1" [_thread_in_native, id=88540, stack(0x0000000045f80000,0x0000000046080000)]
  0x000000002ec45800 JavaThread "pool-194-thread-1" [_thread_in_native, id=26920, stack(0x0000000046c90000,0x0000000046d90000)]
  0x000000002ec46000 JavaThread "pool-195-thread-1" [_thread_in_native, id=71948, stack(0x0000000047070000,0x0000000047170000)]
  0x000000002ec47000 JavaThread "pool-196-thread-1" [_thread_in_native, id=38956, stack(0x0000000046d90000,0x0000000046e90000)]
  0x000000002ec47800 JavaThread "pool-197-thread-1" [_thread_in_native, id=15104, stack(0x0000000045060000,0x0000000045160000)]
  0x000000002ec48800 JavaThread "pool-198-thread-1" [_thread_in_native, id=19996, stack(0x0000000047180000,0x0000000047280000)]
  0x000000002ec49800 JavaThread "pool-199-thread-1" [_thread_in_native, id=60068, stack(0x00000000472f0000,0x00000000473f0000)]
  0x000000002ec4a000 JavaThread "pool-200-thread-1" [_thread_in_native, id=18480, stack(0x0000000047460000,0x0000000047560000)]
  0x000000002ffb2000 JavaThread "pool-201-thread-1" [_thread_in_native, id=82876, stack(0x0000000047560000,0x0000000047660000)]
  0x000000002ffb3000 JavaThread "pool-202-thread-1" [_thread_in_native, id=47460, stack(0x00000000477e0000,0x00000000478e0000)]
  0x000000002ffb4000 JavaThread "pool-203-thread-1" [_thread_in_native, id=9748, stack(0x0000000045830000,0x0000000045930000)]
  0x000000002ffb4800 JavaThread "pool-204-thread-1" [_thread_in_native, id=80580, stack(0x0000000047920000,0x0000000047a20000)]
  0x000000002ffb5800 JavaThread "pool-205-thread-1" [_thread_in_native, id=75628, stack(0x0000000047a20000,0x0000000047b20000)]
  0x000000002ffb6000 JavaThread "pool-206-thread-1" [_thread_in_native, id=55840, stack(0x0000000047680000,0x0000000047780000)]
  0x000000002ffb7000 JavaThread "pool-207-thread-1" [_thread_in_native, id=67672, stack(0x0000000047bb0000,0x0000000047cb0000)]
  0x000000002ffb7800 JavaThread "pool-208-thread-1" [_thread_in_native, id=45092, stack(0x0000000046f00000,0x0000000047000000)]
  0x000000002ffb8800 JavaThread "pool-209-thread-1" [_thread_in_native, id=17388, stack(0x0000000047e20000,0x0000000047f20000)]
  0x000000002ffb9800 JavaThread "pool-210-thread-1" [_thread_in_native, id=35168, stack(0x0000000047ff0000,0x00000000480f0000)]
  0x000000002e0f9800 JavaThread "pool-211-thread-1" [_thread_in_native, id=88708, stack(0x0000000048180000,0x0000000048280000)]
  0x000000002e0fa800 JavaThread "pool-212-thread-1" [_thread_in_native, id=15380, stack(0x0000000048320000,0x0000000048420000)]
  0x000000002e0fb000 JavaThread "pool-213-thread-1" [_thread_in_native, id=49676, stack(0x00000000485c0000,0x00000000486c0000)]
  0x000000002e0fc000 JavaThread "pool-214-thread-1" [_thread_in_native, id=76768, stack(0x0000000048750000,0x0000000048850000)]
  0x000000002e0fc800 JavaThread "pool-215-thread-1" [_thread_in_native, id=48816, stack(0x00000000488b0000,0x00000000489b0000)]
  0x000000002e0fd800 JavaThread "pool-216-thread-1" [_thread_in_native, id=75928, stack(0x0000000048b50000,0x0000000048c50000)]
  0x000000002e0fe000 JavaThread "pool-217-thread-1" [_thread_in_native, id=86488, stack(0x0000000048a20000,0x0000000048b20000)]
  0x000000002e0ff000 JavaThread "pool-218-thread-1" [_thread_in_native, id=77960, stack(0x0000000046760000,0x0000000046860000)]
  0x000000002e100000 JavaThread "pool-219-thread-1" [_thread_in_native, id=26576, stack(0x0000000048d50000,0x0000000048e50000)]
  0x000000002e100800 JavaThread "pool-220-thread-1" [_thread_in_native, id=84772, stack(0x0000000048f20000,0x0000000049020000)]
  0x000000002fab2800 JavaThread "pool-221-thread-1" [_thread_in_native, id=47484, stack(0x0000000049080000,0x0000000049180000)]
  0x000000002fab3000 JavaThread "pool-222-thread-1" [_thread_in_native, id=12320, stack(0x0000000049340000,0x0000000049440000)]
  0x000000002fab4000 JavaThread "pool-223-thread-1" [_thread_in_native, id=55800, stack(0x00000000491a0000,0x00000000492a0000)]
  0x000000002fab4800 JavaThread "pool-224-thread-1" [_thread_in_native, id=24464, stack(0x0000000049590000,0x0000000049690000)]
  0x000000002fab5800 JavaThread "pool-225-thread-1" [_thread_in_native, id=78252, stack(0x0000000049720000,0x0000000049820000)]
  0x000000002fab6800 JavaThread "pool-226-thread-1" [_thread_in_native, id=50500, stack(0x0000000047d10000,0x0000000047e10000)]
  0x000000002fab7000 JavaThread "pool-227-thread-1" [_thread_in_native, id=17196, stack(0x00000000498c0000,0x00000000499c0000)]
  0x000000002fab8000 JavaThread "pool-228-thread-1" [_thread_in_native, id=41824, stack(0x0000000049a30000,0x0000000049b30000)]
  0x000000002fab8800 JavaThread "pool-229-thread-1" [_thread_in_native, id=44620, stack(0x0000000049450000,0x0000000049550000)]
  0x000000002fab9800 JavaThread "pool-230-thread-1" [_thread_in_native, id=86732, stack(0x0000000048440000,0x0000000048540000)]
  0x000000002c363000 JavaThread "pool-231-thread-1" [_thread_in_native, id=45968, stack(0x0000000049d50000,0x0000000049e50000)]
  0x000000002c364000 JavaThread "pool-232-thread-1" [_thread_in_native, id=46164, stack(0x0000000049f90000,0x000000004a090000)]
  0x000000002c364800 JavaThread "pool-233-thread-1" [_thread_in_native, id=69216, stack(0x000000004a1b0000,0x000000004a2b0000)]
  0x000000002c365800 JavaThread "pool-234-thread-1" [_thread_in_native, id=35736, stack(0x000000004a300000,0x000000004a400000)]
  0x000000002c366800 JavaThread "pool-235-thread-1" [_thread_in_native, id=70952, stack(0x000000004a440000,0x000000004a540000)]
  0x000000002c367000 JavaThread "pool-236-thread-1" [_thread_in_native, id=50316, stack(0x000000004a5c0000,0x000000004a6c0000)]
  0x000000002c368000 JavaThread "pool-237-thread-1" [_thread_in_native, id=74820, stack(0x000000004a730000,0x000000004a830000)]
  0x000000002c368800 JavaThread "pool-238-thread-1" [_thread_in_native, id=10228, stack(0x0000000049e80000,0x0000000049f80000)]
  0x000000002c369800 JavaThread "pool-239-thread-1" [_thread_in_native, id=5236, stack(0x000000004a940000,0x000000004aa40000)]
  0x000000002c36a000 JavaThread "pool-240-thread-1" [_thread_in_native, id=55356, stack(0x000000004aaf0000,0x000000004abf0000)]
  0x000000002ba8b800 JavaThread "pool-241-thread-1" [_thread_in_native, id=81788, stack(0x000000004a830000,0x000000004a930000)]
  0x000000002ba8c000 JavaThread "pool-242-thread-1" [_thread_in_native, id=34620, stack(0x000000004acb0000,0x000000004adb0000)]
  0x000000002ba8d000 JavaThread "pool-243-thread-1" [_thread_in_native, id=82984, stack(0x000000004aea0000,0x000000004afa0000)]
  0x000000002ba8d800 JavaThread "pool-244-thread-1" [_thread_in_native, id=3892, stack(0x0000000049bc0000,0x0000000049cc0000)]
  0x000000002ba8e800 JavaThread "pool-245-thread-1" [_thread_in_native, id=16996, stack(0x000000004b070000,0x000000004b170000)]
  0x000000002ba8f800 JavaThread "pool-246-thread-1" [_thread_in_native, id=46248, stack(0x000000004b1a0000,0x000000004b2a0000)]
  0x000000002ba90000 JavaThread "pool-247-thread-1" [_thread_in_native, id=51528, stack(0x0000000045630000,0x0000000045730000)]
  0x000000002ba91000 JavaThread "pool-248-thread-1" [_thread_in_native, id=82044, stack(0x000000004b450000,0x000000004b550000)]
  0x000000002ba91800 JavaThread "pool-249-thread-1" [_thread_in_native, id=85244, stack(0x000000004b710000,0x000000004b810000)]
  0x000000002ba92800 JavaThread "pool-250-thread-1" [_thread_in_native, id=54408, stack(0x000000004b590000,0x000000004b690000)]
  0x000000002ba93000 JavaThread "pool-251-thread-1" [_thread_in_native, id=51552, stack(0x000000004b980000,0x000000004ba80000)]
  0x000000002ba94000 JavaThread "pool-252-thread-1" [_thread_in_native, id=5128, stack(0x0000000048c50000,0x0000000048d50000)]
  0x000000002ba94800 JavaThread "pool-253-thread-1" [_thread_in_native, id=68412, stack(0x000000004bb10000,0x000000004bc10000)]
  0x000000002ba95800 JavaThread "pool-254-thread-1" [_thread_in_native, id=16596, stack(0x000000004b820000,0x000000004b920000)]
  0x000000002ba96800 JavaThread "pool-255-thread-1" [_thread_in_native, id=30736, stack(0x000000004bdd0000,0x000000004bed0000)]
  0x000000002ba97000 JavaThread "pool-256-thread-1" [_thread_in_native, id=75236, stack(0x000000004bf40000,0x000000004c040000)]
  0x000000002ba98000 JavaThread "pool-257-thread-1" [_thread_in_native, id=76552, stack(0x000000004bc60000,0x000000004bd60000)]
  0x000000002ba98800 JavaThread "pool-258-thread-1" [_thread_in_native, id=69344, stack(0x000000004c1a0000,0x000000004c2a0000)]
  0x000000002ba99800 JavaThread "pool-259-thread-1" [_thread_in_native, id=44616, stack(0x000000004c2b0000,0x000000004c3b0000)]
  0x000000002ba9a000 JavaThread "pool-260-thread-1" [_thread_in_native, id=13240, stack(0x000000004c3b0000,0x000000004c4b0000)]
  0x000000002e831000 JavaThread "pool-261-thread-1" [_thread_in_native, id=10120, stack(0x000000004c510000,0x000000004c610000)]
  0x000000002e832000 JavaThread "pool-262-thread-1" [_thread_in_native, id=56948, stack(0x000000004a090000,0x000000004a190000)]
  0x000000002e833000 JavaThread "pool-263-thread-1" [_thread_in_native, id=4012, stack(0x000000004c060000,0x000000004c160000)]
  0x000000002e833800 JavaThread "pool-264-thread-1" [_thread_in_native, id=45448, stack(0x000000004b2c0000,0x000000004b3c0000)]
  0x000000002e834800 JavaThread "pool-265-thread-1" [_thread_in_native, id=26640, stack(0x000000004c750000,0x000000004c850000)]
  0x000000002e835000 JavaThread "pool-266-thread-1" [_thread_in_native, id=67160, stack(0x000000004c960000,0x000000004ca60000)]
  0x000000002ebfd000 JavaThread "pool-267-thread-1" [_thread_in_native, id=14060, stack(0x0000000031740000,0x0000000031840000)]
  0x000000002e15a800 JavaThread "pool-268-thread-1" [_thread_in_native, id=33896, stack(0x000000003ce90000,0x000000003cf90000)]
  0x000000002e15d800 JavaThread "pool-269-thread-1" [_thread_in_native, id=36668, stack(0x000000003ed50000,0x000000003ee50000)]
  0x000000002e15d000 JavaThread "pool-270-thread-1" [_thread_in_native, id=72892, stack(0x0000000035950000,0x0000000035a50000)]
  0x000000002e159800 JavaThread "pool-271-thread-1" [_thread_in_native, id=7880, stack(0x000000003f540000,0x000000003f640000)]
  0x000000002ea78800 JavaThread "pool-272-thread-1" [_thread_in_native, id=10260, stack(0x0000000040420000,0x0000000040520000)]
  0x000000002ea73000 JavaThread "pool-273-thread-1" [_thread_in_native, id=77040, stack(0x00000000407d0000,0x00000000408d0000)]
  0x000000002ea74000 JavaThread "pool-274-thread-1" [_thread_in_native, id=47936, stack(0x0000000040970000,0x0000000040a70000)]
  0x000000002eae7800 JavaThread "pool-275-thread-1" [_thread_in_native, id=35604, stack(0x000000004d1d0000,0x000000004d2d0000)]
  0x000000002fb6e000 JavaThread "pool-276-thread-1" [_thread_in_native, id=55456, stack(0x000000004d350000,0x000000004d450000)]
  0x000000002e836000 JavaThread "pool-277-thread-1" [_thread_in_native, id=10476, stack(0x000000004c850000,0x000000004c950000)]
  0x000000002eee7000 JavaThread "pool-278-thread-1" [_thread_in_native, id=5124, stack(0x0000000040a80000,0x0000000040b80000)]
  0x000000002eee7800 JavaThread "pool-279-thread-1" [_thread_in_native, id=58860, stack(0x000000004cb30000,0x000000004cc30000)]
  0x000000002eaea800 JavaThread "pool-280-thread-1" [_thread_in_native, id=85936, stack(0x000000004de90000,0x000000004df90000)]
  0x000000002fe87000 JavaThread "pool-281-thread-1" [_thread_in_native, id=65988, stack(0x000000003ffe0000,0x00000000400e0000)]
  0x000000002fe88000 JavaThread "pool-282-thread-1" [_thread_in_native, id=11472, stack(0x000000003ef90000,0x000000003f090000)]
  0x000000002fe89000 JavaThread "pool-283-thread-1" [_thread_in_native, id=86424, stack(0x000000004dfc0000,0x000000004e0c0000)]
  0x000000002fe89800 JavaThread "pool-284-thread-1" [_thread_in_native, id=75672, stack(0x0000000033650000,0x0000000033750000)]
  0x000000002fe8a800 JavaThread "pool-285-thread-1" [_thread_in_native, id=45656, stack(0x000000004e520000,0x000000004e620000)]
  0x000000002fe8b000 JavaThread "pool-286-thread-1" [_thread_in_native, id=44252, stack(0x000000004e6a0000,0x000000004e7a0000)]
  0x000000002fe8c000 JavaThread "pool-287-thread-1" [_thread_in_native, id=84460, stack(0x000000004e270000,0x000000004e370000)]
  0x000000002fe8c800 JavaThread "pool-288-thread-1" [_thread_in_native, id=12120, stack(0x000000004e970000,0x000000004ea70000)]
  0x000000002fe8d800 JavaThread "pool-289-thread-1" [_thread_in_native, id=18672, stack(0x000000004e870000,0x000000004e970000)]
  0x000000002fe8e800 JavaThread "pool-290-thread-1" [_thread_in_native, id=75584, stack(0x000000004eaf0000,0x000000004ebf0000)]
  0x000000002c8e0800 JavaThread "pool-291-thread-1" [_thread_in_native, id=34432, stack(0x000000004ece0000,0x000000004ede0000)]
  0x000000002c8e1800 JavaThread "pool-292-thread-1" [_thread_in_native, id=4840, stack(0x000000004edf0000,0x000000004eef0000)]
  0x000000002c8e2000 JavaThread "pool-293-thread-1" [_thread_in_native, id=54300, stack(0x000000004f000000,0x000000004f100000)]
  0x000000002c8e3000 JavaThread "pool-294-thread-1" [_thread_in_native, id=85008, stack(0x000000004f280000,0x000000004f380000)]
  0x000000002c8e3800 JavaThread "pool-295-thread-1" [_thread_in_native, id=70124, stack(0x000000004f400000,0x000000004f500000)]
  0x000000002c8e4800 JavaThread "pool-296-thread-1" [_thread_in_native, id=31944, stack(0x000000004f510000,0x000000004f610000)]
  0x000000002c8e5000 JavaThread "pool-297-thread-1" [_thread_in_native, id=38152, stack(0x000000004f150000,0x000000004f250000)]
  0x000000002c8e6000 JavaThread "pool-298-thread-1" [_thread_in_native, id=33012, stack(0x000000004f610000,0x000000004f710000)]
  0x000000002c8e7000 JavaThread "pool-299-thread-1" [_thread_in_native, id=54836, stack(0x000000004ef00000,0x000000004f000000)]
  0x000000002c8e7800 JavaThread "pool-300-thread-1" [_thread_in_native, id=25180, stack(0x000000004e140000,0x000000004e240000)]
  0x000000002c76a000 JavaThread "pool-301-thread-1" [_thread_in_native, id=84784, stack(0x000000004e3f0000,0x000000004e4f0000)]
  0x000000002c76a800 JavaThread "pool-302-thread-1" [_thread_in_native, id=51864, stack(0x0000000035390000,0x0000000035490000)]
  0x000000002c76b800 JavaThread "pool-303-thread-1" [_thread_in_native, id=41916, stack(0x000000004fb40000,0x000000004fc40000)]
  0x000000002c76c800 JavaThread "pool-304-thread-1" [_thread_in_native, id=52264, stack(0x000000004fc90000,0x000000004fd90000)]
  0x000000002c76d000 JavaThread "pool-305-thread-1" [_thread_in_native, id=15600, stack(0x000000004fe70000,0x000000004ff70000)]
  0x000000002c76e000 JavaThread "pool-306-thread-1" [_thread_in_native, id=72052, stack(0x0000000050080000,0x0000000050180000)]
  0x000000002c76e800 JavaThread "pool-307-thread-1" [_thread_in_native, id=23248, stack(0x0000000050270000,0x0000000050370000)]
  0x000000002c76f800 JavaThread "pool-308-thread-1" [_thread_in_native, id=17788, stack(0x0000000050410000,0x0000000050510000)]
  0x000000002c770000 JavaThread "pool-309-thread-1" [_thread_in_native, id=47392, stack(0x0000000050530000,0x0000000050630000)]
  0x000000002c771000 JavaThread "pool-310-thread-1" [_thread_in_native, id=82528, stack(0x0000000050770000,0x0000000050870000)]
  0x000000002c772000 JavaThread "pool-311-thread-1" [_thread_in_native, id=38628, stack(0x0000000050920000,0x0000000050a20000)]
  0x000000002c772800 JavaThread "pool-312-thread-1" [_thread_in_native, id=15392, stack(0x0000000050a30000,0x0000000050b30000)]
  0x000000002c773800 JavaThread "Thread-31" [_thread_blocked, id=9500, stack(0x0000000050b80000,0x0000000050c80000)]
  0x000000002e161000 JavaThread "pool-313-thread-1" [_thread_in_native, id=86160, stack(0x00000000334a0000,0x00000000335a0000)]
  0x000000002ea75000 JavaThread "restartedMain" [_thread_blocked, id=87972, stack(0x00000000338e0000,0x00000000339e0000)]
  0x000000002eee6000 JavaThread "Tomcat-startStop-1" daemon [_thread_blocked, id=54268, stack(0x0000000033f80000,0x0000000034080000)]
  0x000000002eee5800 JavaThread "localhost-startStop-1" daemon [_thread_in_Java, id=88324, stack(0x0000000034130000,0x0000000034230000)]

Other Threads:
  0x00000000292f8000 VMThread "VM Thread" [stack: 0x000000002a890000,0x000000002a990000] [id=21720]
  0x000000002a6e5000 WatcherThread [stack: 0x000000002b420000,0x000000002b520000] [id=3940]
  0x0000000000309000 GCTaskThread "GC Thread#0" [stack: 0x000000001c8f0000,0x000000001c9f0000] [id=45036]
  0x000000000030a800 GCTaskThread "GC Thread#1" [stack: 0x000000001ca00000,0x000000001cb00000] [id=42884]
  0x000000000030c000 GCTaskThread "GC Thread#2" [stack: 0x000000001c760000,0x000000001c860000] [id=24248]
  0x0000000000319800 GCTaskThread "GC Thread#3" [stack: 0x000000001cb40000,0x000000001cc40000] [id=83408]
  0x0000000000363000 ConcurrentGCThread "G1 Main Marker" [stack: 0x0000000026ae0000,0x0000000026be0000] [id=65044]
  0x0000000000364000 ConcurrentGCThread "G1 Conc#0" [stack: 0x0000000026bf0000,0x0000000026cf0000] [id=61268]
  0x00000000291a1800 ConcurrentGCThread "G1 Refine#0" [stack: 0x0000000029440000,0x0000000029540000] [id=26884]
  0x00000000291a2800 ConcurrentGCThread "G1 Refine#1" [stack: 0x0000000029550000,0x0000000029650000] [id=22708]
  0x00000000291a5800 ConcurrentGCThread "G1 Refine#2" [stack: 0x0000000029700000,0x0000000029800000] [id=33700]
  0x00000000291a7000 ConcurrentGCThread "G1 Refine#3" [stack: 0x0000000029930000,0x0000000029a30000] [id=87664]
  0x00000000291a8800 ConcurrentGCThread "G1 Young RemSet Sampling" [stack: 0x0000000029b70000,0x0000000029c70000] [id=44392]

Threads with active compile tasks:
C2 CompilerThread07718       4       java.lang.Class::privateGetPublicMethods (224 bytes)

VM state:not at safepoint (normal execution)

VM Mutex/Monitor currently owned by a thread: None

Heap address: 0x00000006c0000000, size: 4096 MB, Compressed Oops mode: Zero based, Oop shift amount: 3
Narrow klass base: 0x0000000000000000, Narrow klass shift: 3
Compressed class space size: 1073741824 Address: 0x00000007c0000000

Heap:
 garbage-first heap   total 89088K, used 67521K [0x00000006c0000000, 0x00000007c0000000)
  region size 1024K, 42 young (43008K), 0 survivors (0K)
 Metaspace       used 48616K, capacity 50380K, committed 50560K, reserved 1093632K
  class space    used 5342K, capacity 5976K, committed 6016K, reserved 1048576K
Heap Regions: E=young(eden), S=young(survivor), O=old, HS=humongous(starts), HC=humongous(continues), CS=collection set, F=free, A=archive, TS=gc time stamp, AC=allocation context, TAMS=top-at-mark-start (previous, next)
|   0|0x00000006c0000000, 0x00000006c00fffd8, 0x00000006c0100000| 99%| O|  |TS  0|AC  0|TAMS 0x00000006c0000000, 0x00000006c0000000|
|   1|0x00000006c0100000, 0x00000006c01ffff0, 0x00000006c0200000| 99%| O|  |TS  0|AC  0|TAMS 0x00000006c0100000, 0x00000006c0100000|
|   2|0x00000006c0200000, 0x00000006c02ffff0, 0x00000006c0300000| 99%| O|  |TS  0|AC  0|TAMS 0x00000006c0200000, 0x00000006c0200000|
|   3|0x00000006c0300000, 0x00000006c03fffd8, 0x00000006c0400000| 99%| O|  |TS  0|AC  0|TAMS 0x00000006c0300000, 0x00000006c0300000|
|   4|0x00000006c0400000, 0x00000006c0500000, 0x00000006c0500000|100%| O|  |TS  0|AC  0|TAMS 0x00000006c0400000, 0x00000006c0400000|
|   5|0x00000006c0500000, 0x00000006c05fff70, 0x00000006c0600000| 99%| O|  |TS  0|AC  0|TAMS 0x00000006c0500000, 0x00000006c0500000|
|   6|0x00000006c0600000, 0x00000006c06ffff0, 0x00000006c0700000| 99%| O|  |TS  0|AC  0|TAMS 0x00000006c0600000, 0x00000006c0600000|
|   7|0x00000006c0700000, 0x00000006c07ffff0, 0x00000006c0800000| 99%| O|  |TS  0|AC  0|TAMS 0x00000006c0700000, 0x00000006c0700000|
|   8|0x00000006c0800000, 0x00000006c08ffff8, 0x00000006c0900000| 99%| O|  |TS  0|AC  0|TAMS 0x00000006c0800000, 0x00000006c0800000|
|   9|0x00000006c0900000, 0x00000006c09ffff8, 0x00000006c0a00000| 99%| O|  |TS  0|AC  0|TAMS 0x00000006c0900000, 0x00000006c0900000|
|  10|0x00000006c0a00000, 0x00000006c0afff98, 0x00000006c0b00000| 99%| O|  |TS  0|AC  0|TAMS 0x00000006c0a00000, 0x00000006c0a00000|
|  11|0x00000006c0b00000, 0x00000006c0bfffe8, 0x00000006c0c00000| 99%| O|  |TS  0|AC  0|TAMS 0x00000006c0b00000, 0x00000006c0b00000|
|  12|0x00000006c0c00000, 0x00000006c0cffff0, 0x00000006c0d00000| 99%| O|  |TS  0|AC  0|TAMS 0x00000006c0c00000, 0x00000006c0c00000|
|  13|0x00000006c0d00000, 0x00000006c0dff778, 0x00000006c0e00000| 99%| O|  |TS  0|AC  0|TAMS 0x00000006c0d00000, 0x00000006c0d00000|
|  14|0x00000006c0e00000, 0x00000006c0effff8, 0x00000006c0f00000| 99%| O|  |TS  0|AC  0|TAMS 0x00000006c0e00000, 0x00000006c0e00000|
|  15|0x00000006c0f00000, 0x00000006c0ffff40, 0x00000006c1000000| 99%| O|  |TS  0|AC  0|TAMS 0x00000006c0f00000, 0x00000006c0f00000|
|  16|0x00000006c1000000, 0x00000006c10fffe0, 0x00000006c1100000| 99%| O|  |TS  0|AC  0|TAMS 0x00000006c1000000, 0x00000006c1000000|
|  17|0x00000006c1100000, 0x00000006c11fffb8, 0x00000006c1200000| 99%| O|  |TS  0|AC  0|TAMS 0x00000006c1100000, 0x00000006c1100000|
|  18|0x00000006c1200000, 0x00000006c12ffdb8, 0x00000006c1300000| 99%| O|  |TS  0|AC  0|TAMS 0x00000006c1200000, 0x00000006c1200000|
|  19|0x00000006c1300000, 0x00000006c13ffff8, 0x00000006c1400000| 99%| O|  |TS  0|AC  0|TAMS 0x00000006c1300000, 0x00000006c1300000|
|  20|0x00000006c1400000, 0x00000006c14fff68, 0x00000006c1500000| 99%| O|  |TS  0|AC  0|TAMS 0x00000006c1400000, 0x00000006c1400000|
|  21|0x00000006c1500000, 0x00000006c15fffb8, 0x00000006c1600000| 99%| O|  |TS  0|AC  0|TAMS 0x00000006c1500000, 0x00000006c1500000|
|  22|0x00000006c1600000, 0x00000006c16fffc8, 0x00000006c1700000| 99%| O|  |TS  0|AC  0|TAMS 0x00000006c1600000, 0x00000006c1600000|
|  23|0x00000006c1700000, 0x00000006c1759498, 0x00000006c1800000| 34%| O|  |TS  0|AC  0|TAMS 0x00000006c1700000, 0x00000006c1700000|
|  24|0x00000006c1800000, 0x00000006c1800000, 0x00000006c1900000|  0%| F|  |TS  0|AC  0|TAMS 0x00000006c1800000, 0x00000006c1800000|
|  25|0x00000006c1900000, 0x00000006c19b7428, 0x00000006c1a00000| 71%| O|  |TS  0|AC  0|TAMS 0x00000006c1900000, 0x00000006c1900000|
|  26|0x00000006c1a00000, 0x00000006c1a00000, 0x00000006c1b00000|  0%| F|  |TS  0|AC  0|TAMS 0x00000006c1a00000, 0x00000006c1a00000|
|  27|0x00000006c1b00000, 0x00000006c1b00000, 0x00000006c1c00000|  0%| F|  |TS  0|AC  0|TAMS 0x00000006c1b00000, 0x00000006c1b00000|
|  28|0x00000006c1c00000, 0x00000006c1c00000, 0x00000006c1d00000|  0%| F|  |TS  0|AC  0|TAMS 0x00000006c1c00000, 0x00000006c1c00000|
|  29|0x00000006c1d00000, 0x00000006c1d00000, 0x00000006c1e00000|  0%| F|  |TS  0|AC  0|TAMS 0x00000006c1d00000, 0x00000006c1d00000|
|  30|0x00000006c1e00000, 0x00000006c1e00000, 0x00000006c1f00000|  0%| F|  |TS  0|AC  0|TAMS 0x00000006c1e00000, 0x00000006c1e00000|
|  31|0x00000006c1f00000, 0x00000006c1f00000, 0x00000006c2000000|  0%| F|  |TS  0|AC  0|TAMS 0x00000006c1f00000, 0x00000006c1f00000|
|  32|0x00000006c2000000, 0x00000006c2000000, 0x00000006c2100000|  0%| F|  |TS  0|AC  0|TAMS 0x00000006c2000000, 0x00000006c2000000|
|  33|0x00000006c2100000, 0x00000006c2100000, 0x00000006c2200000|  0%| F|  |TS  0|AC  0|TAMS 0x00000006c2100000, 0x00000006c2100000|
|  34|0x00000006c2200000, 0x00000006c2200000, 0x00000006c2300000|  0%| F|  |TS  0|AC  0|TAMS 0x00000006c2200000, 0x00000006c2200000|
|  35|0x00000006c2300000, 0x00000006c2300000, 0x00000006c2400000|  0%| F|  |TS  0|AC  0|TAMS 0x00000006c2300000, 0x00000006c2300000|
|  36|0x00000006c2400000, 0x00000006c24a2aa8, 0x00000006c2500000| 63%| O|  |TS  0|AC  0|TAMS 0x00000006c2400000, 0x00000006c2400000|
|  37|0x00000006c2500000, 0x00000006c2500000, 0x00000006c2600000|  0%| F|  |TS  0|AC  0|TAMS 0x00000006c2500000, 0x00000006c2500000|
|  38|0x00000006c2600000, 0x00000006c2600000, 0x00000006c2700000|  0%| F|  |TS  0|AC  0|TAMS 0x00000006c2600000, 0x00000006c2600000|
|  39|0x00000006c2700000, 0x00000006c2700000, 0x00000006c2800000|  0%| F|  |TS  0|AC  0|TAMS 0x00000006c2700000, 0x00000006c2700000|
|  40|0x00000006c2800000, 0x00000006c2800000, 0x00000006c2900000|  0%| F|  |TS  0|AC  0|TAMS 0x00000006c2800000, 0x00000006c2800000|
|  41|0x00000006c2900000, 0x00000006c2900000, 0x00000006c2a00000|  0%| F|  |TS  0|AC  0|TAMS 0x00000006c2900000, 0x00000006c2900000|
|  42|0x00000006c2a00000, 0x00000006c2a00000, 0x00000006c2b00000|  0%| F|  |TS  0|AC  0|TAMS 0x00000006c2a00000, 0x00000006c2a00000|
|  43|0x00000006c2b00000, 0x00000006c2b00000, 0x00000006c2c00000|  0%| F|  |TS  0|AC  0|TAMS 0x00000006c2b00000, 0x00000006c2b00000|
|  44|0x00000006c2c00000, 0x00000006c2c51110, 0x00000006c2d00000| 31%| E|  |TS  0|AC  0|TAMS 0x00000006c2c00000, 0x00000006c2c00000|
|  45|0x00000006c2d00000, 0x00000006c2d3dfc8, 0x00000006c2e00000| 24%| O|  |TS  0|AC  0|TAMS 0x00000006c2d00000, 0x00000006c2d00000|
|  46|0x00000006c2e00000, 0x00000006c2f00000, 0x00000006c2f00000|100%| E|CS|TS  0|AC  0|TAMS 0x00000006c2e00000, 0x00000006c2e00000|
|  47|0x00000006c2f00000, 0x00000006c3000000, 0x00000006c3000000|100%| E|CS|TS  0|AC  0|TAMS 0x00000006c2f00000, 0x00000006c2f00000|
|  48|0x00000006c3000000, 0x00000006c3100000, 0x00000006c3100000|100%| E|CS|TS  0|AC  0|TAMS 0x00000006c3000000, 0x00000006c3000000|
|  49|0x00000006c3100000, 0x00000006c3200000, 0x00000006c3200000|100%| E|CS|TS  0|AC  0|TAMS 0x00000006c3100000, 0x00000006c3100000|
|  50|0x00000006c3200000, 0x00000006c3300000, 0x00000006c3300000|100%| E|CS|TS  0|AC  0|TAMS 0x00000006c3200000, 0x00000006c3200000|
|  51|0x00000006c3300000, 0x00000006c3400000, 0x00000006c3400000|100%| E|CS|TS  0|AC  0|TAMS 0x00000006c3300000, 0x00000006c3300000|
|  52|0x00000006c3400000, 0x00000006c3500000, 0x00000006c3500000|100%| E|CS|TS  0|AC  0|TAMS 0x00000006c3400000, 0x00000006c3400000|
|  53|0x00000006c3500000, 0x00000006c3600000, 0x00000006c3600000|100%| E|CS|TS  0|AC  0|TAMS 0x00000006c3500000, 0x00000006c3500000|
|  54|0x00000006c3600000, 0x00000006c3700000, 0x00000006c3700000|100%| E|CS|TS  0|AC  0|TAMS 0x00000006c3600000, 0x00000006c3600000|
|  55|0x00000006c3700000, 0x00000006c3800000, 0x00000006c3800000|100%| E|CS|TS  0|AC  0|TAMS 0x00000006c3700000, 0x00000006c3700000|
|  56|0x00000006c3800000, 0x00000006c3900000, 0x00000006c3900000|100%| E|CS|TS  0|AC  0|TAMS 0x00000006c3800000, 0x00000006c3800000|
|  57|0x00000006c3900000, 0x00000006c3a00000, 0x00000006c3a00000|100%| E|CS|TS  0|AC  0|TAMS 0x00000006c3900000, 0x00000006c3900000|
|  58|0x00000006c3a00000, 0x00000006c3b00000, 0x00000006c3b00000|100%| E|CS|TS  0|AC  0|TAMS 0x00000006c3a00000, 0x00000006c3a00000|
|  59|0x00000006c3b00000, 0x00000006c3c00000, 0x00000006c3c00000|100%| E|CS|TS  0|AC  0|TAMS 0x00000006c3b00000, 0x00000006c3b00000|
|  60|0x00000006c3c00000, 0x00000006c3d00000, 0x00000006c3d00000|100%| E|CS|TS  0|AC  0|TAMS 0x00000006c3c00000, 0x00000006c3c00000|
|  61|0x00000006c3d00000, 0x00000006c3e00000, 0x00000006c3e00000|100%| E|CS|TS  0|AC  0|TAMS 0x00000006c3d00000, 0x00000006c3d00000|
|  62|0x00000006c3e00000, 0x00000006c3f00000, 0x00000006c3f00000|100%| E|CS|TS  0|AC  0|TAMS 0x00000006c3e00000, 0x00000006c3e00000|
|  63|0x00000006c3f00000, 0x00000006c4000000, 0x00000006c4000000|100%| E|CS|TS  0|AC  0|TAMS 0x00000006c3f00000, 0x00000006c3f00000|
|  64|0x00000006c4000000, 0x00000006c4100000, 0x00000006c4100000|100%| E|CS|TS  0|AC  0|TAMS 0x00000006c4000000, 0x00000006c4000000|
|  65|0x00000006c4100000, 0x00000006c4200000, 0x00000006c4200000|100%| E|CS|TS  0|AC  0|TAMS 0x00000006c4100000, 0x00000006c4100000|
|  66|0x00000006c4200000, 0x00000006c4300000, 0x00000006c4300000|100%| E|CS|TS  0|AC  0|TAMS 0x00000006c4200000, 0x00000006c4200000|
|  67|0x00000006c4300000, 0x00000006c4400000, 0x00000006c4400000|100%| E|CS|TS  0|AC  0|TAMS 0x00000006c4300000, 0x00000006c4300000|
|  68|0x00000006c4400000, 0x00000006c4500000, 0x00000006c4500000|100%| E|CS|TS  0|AC  0|TAMS 0x00000006c4400000, 0x00000006c4400000|
|  69|0x00000006c4500000, 0x00000006c4600000, 0x00000006c4600000|100%| E|CS|TS  0|AC  0|TAMS 0x00000006c4500000, 0x00000006c4500000|
|  70|0x00000006c4600000, 0x00000006c4700000, 0x00000006c4700000|100%| E|CS|TS  0|AC  0|TAMS 0x00000006c4600000, 0x00000006c4600000|
|  71|0x00000006c4700000, 0x00000006c4800000, 0x00000006c4800000|100%| E|CS|TS  0|AC  0|TAMS 0x00000006c4700000, 0x00000006c4700000|
|  72|0x00000006c4800000, 0x00000006c4900000, 0x00000006c4900000|100%| E|CS|TS  0|AC  0|TAMS 0x00000006c4800000, 0x00000006c4800000|
|  73|0x00000006c4900000, 0x00000006c4a00000, 0x00000006c4a00000|100%| E|CS|TS  0|AC  0|TAMS 0x00000006c4900000, 0x00000006c4900000|
|  74|0x00000006c4a00000, 0x00000006c4b00000, 0x00000006c4b00000|100%| E|CS|TS  0|AC  0|TAMS 0x00000006c4a00000, 0x00000006c4a00000|
|  75|0x00000006c4b00000, 0x00000006c4c00000, 0x00000006c4c00000|100%| E|CS|TS  0|AC  0|TAMS 0x00000006c4b00000, 0x00000006c4b00000|
|  76|0x00000006c4c00000, 0x00000006c4d00000, 0x00000006c4d00000|100%| E|CS|TS  0|AC  0|TAMS 0x00000006c4c00000, 0x00000006c4c00000|
|  77|0x00000006c4d00000, 0x00000006c4e00000, 0x00000006c4e00000|100%| E|CS|TS  0|AC  0|TAMS 0x00000006c4d00000, 0x00000006c4d00000|
|  78|0x00000006c4e00000, 0x00000006c4f00000, 0x00000006c4f00000|100%| E|CS|TS  0|AC  0|TAMS 0x00000006c4e00000, 0x00000006c4e00000|
|  79|0x00000006c4f00000, 0x00000006c5000000, 0x00000006c5000000|100%| E|CS|TS  0|AC  0|TAMS 0x00000006c4f00000, 0x00000006c4f00000|
|  80|0x00000006c5000000, 0x00000006c5100000, 0x00000006c5100000|100%| E|CS|TS  0|AC  0|TAMS 0x00000006c5000000, 0x00000006c5000000|
|  81|0x00000006c5100000, 0x00000006c5200000, 0x00000006c5200000|100%| E|CS|TS  0|AC  0|TAMS 0x00000006c5100000, 0x00000006c5100000|
|  82|0x00000006c5200000, 0x00000006c5300000, 0x00000006c5300000|100%| E|CS|TS  0|AC  0|TAMS 0x00000006c5200000, 0x00000006c5200000|
|  83|0x00000006c5300000, 0x00000006c5400000, 0x00000006c5400000|100%| E|CS|TS  0|AC  0|TAMS 0x00000006c5300000, 0x00000006c5300000|
|  84|0x00000006c5400000, 0x00000006c5500000, 0x00000006c5500000|100%| E|CS|TS  0|AC  0|TAMS 0x00000006c5400000, 0x00000006c5400000|
|  85|0x00000006c5500000, 0x00000006c5600000, 0x00000006c5600000|100%| E|CS|TS  0|AC  0|TAMS 0x00000006c5500000, 0x00000006c5500000|
|  86|0x00000006c5600000, 0x00000006c5700000, 0x00000006c5700000|100%| E|CS|TS  0|AC  0|TAMS 0x00000006c5600000, 0x00000006c5600000|

Card table byte_map: [0x000000001d880000,0x000000001e080000] byte_map_base: 0x000000001a280000

Marking Bits (Prev, Next): (CMBitMap*) 0x0000000026909180, (CMBitMap*) 0x00000000269091b8
 Prev Bits: [0x000000001e880000, 0x0000000022880000)
 Next Bits: [0x0000000022880000, 0x0000000026880000)

Polling page: 0x00000000001f0000

CodeHeap 'non-profiled nmethods': size=120064Kb used=6298Kb max_used=6298Kb free=113765Kb
 bounds [0x00000000150e0000, 0x0000000015710000, 0x000000001c620000]
CodeHeap 'profiled nmethods': size=120000Kb used=15133Kb max_used=15263Kb free=104866Kb
 bounds [0x000000000dbb0000, 0x000000000eac0000, 0x00000000150e0000]
CodeHeap 'non-nmethods': size=5696Kb used=1161Kb max_used=1219Kb free=4534Kb
 bounds [0x000000000d620000, 0x000000000d890000, 0x000000000dbb0000]
 total_blobs=10517 nmethods=6485 adapters=421
 compilation: enabled

Compilation events (10 events):
Event: 1914.309 Thread 0x000000002932e800 7713       3       org.springframework.boot.context.properties.bind.JavaBeanBinder$$Lambda$276/562606591::test (12 bytes)
Event: 1914.309 Thread 0x000000002932e800 nmethod 7713 0x000000000e167c10 code [0x000000000e167de0, 0x000000000e1681c8]
Event: 1914.309 Thread 0x000000002932e800 7714       3       org.springframework.boot.context.properties.bind.JavaBeanBinder::lambda$bind$0 (19 bytes)
Event: 1914.309 Thread 0x000000002932e800 nmethod 7714 0x000000000e17ae90 code [0x000000000e17b060, 0x000000000e17b2c8]
Event: 1914.323 Thread 0x0000000029315000 7716       4       java.lang.reflect.Modifier::isAbstract (14 bytes)
Event: 1914.323 Thread 0x0000000029315000 nmethod 7716 0x0000000015705710 code [0x00000000157058a0, 0x00000000157058f8]
Event: 1914.324 Thread 0x000000002932e800 7717       3       org.apache.catalina.util.LifecycleBase::<init> (23 bytes)
Event: 1914.324 Thread 0x000000002932e800 nmethod 7717 0x000000000e21f210 code [0x000000000e21f400, 0x000000000e21f9f0]
Event: 1914.331 Thread 0x000000002932d800 nmethod 7715 0x0000000015705990 code [0x0000000015705ca0, 0x0000000015706cd0]
Event: 1914.361 Thread 0x0000000029315000 7718       4       java.lang.Class::privateGetPublicMethods (224 bytes)

GC Heap History (10 events):
Event: 1083.170 GC heap before
{Heap before GC invocations=16 (full 2):
 garbage-first heap   total 89088K, used 69136K [0x00000006c0000000, 0x00000007c0000000)
  region size 1024K, 44 young (45056K), 4 survivors (4096K)
 Metaspace       used 47929K, capacity 49420K, committed 49664K, reserved 1093632K
  class space    used 5294K, capacity 5853K, committed 5888K, reserved 1048576K
}
Event: 1083.176 GC heap after
{Heap after GC invocations=17 (full 2):
 garbage-first heap   total 89088K, used 28897K [0x00000006c0000000, 0x00000007c0000000)
  region size 1024K, 3 young (3072K), 3 survivors (3072K)
 Metaspace       used 47929K, capacity 49420K, committed 49664K, reserved 1093632K
  class space    used 5294K, capacity 5853K, committed 5888K, reserved 1048576K
}
Event: 1552.548 GC heap before
{Heap before GC invocations=17 (full 2):
 garbage-first heap   total 89088K, used 45281K [0x00000006c0000000, 0x00000007c0000000)
  region size 1024K, 20 young (20480K), 3 survivors (3072K)
 Metaspace       used 48046K, capacity 49625K, committed 49664K, reserved 1093632K
  class space    used 5296K, capacity 5857K, committed 5888K, reserved 1048576K
}
Event: 1552.602 GC heap after
{Heap after GC invocations=18 (full 3):
 garbage-first heap   total 89088K, used 25249K [0x00000006c0000000, 0x00000007c0000000)
  region size 1024K, 0 young (0K), 0 survivors (0K)
 Metaspace       used 48041K, capacity 49613K, committed 49664K, reserved 1093632K
  class space    used 5294K, capacity 5853K, committed 5888K, reserved 1048576K
}
Event: 1588.858 GC heap before
{Heap before GC invocations=18 (full 3):
 garbage-first heap   total 89088K, used 69281K [0x00000006c0000000, 0x00000007c0000000)
  region size 1024K, 43 young (44032K), 0 survivors (0K)
 Metaspace       used 48202K, capacity 49809K, committed 50048K, reserved 1093632K
  class space    used 5304K, capacity 5894K, committed 6016K, reserved 1048576K
}
Event: 1588.862 GC heap after
{Heap after GC invocations=19 (full 3):
 garbage-first heap   total 89088K, used 27432K [0x00000006c0000000, 0x00000007c0000000)
  region size 1024K, 3 young (3072K), 3 survivors (3072K)
 Metaspace       used 48202K, capacity 49809K, committed 50048K, reserved 1093632K
  class space    used 5304K, capacity 5894K, committed 6016K, reserved 1048576K
}
Event: 1644.790 GC heap before
{Heap before GC invocations=19 (full 3):
 garbage-first heap   total 89088K, used 69416K [0x00000006c0000000, 0x00000007c0000000)
  region size 1024K, 44 young (45056K), 3 survivors (3072K)
 Metaspace       used 48348K, capacity 49941K, committed 50304K, reserved 1093632K
  class space    used 5315K, capacity 5905K, committed 6016K, reserved 1048576K
}
Event: 1644.817 GC heap after
{Heap after GC invocations=20 (full 3):
 garbage-first heap   total 89088K, used 28746K [0x00000006c0000000, 0x00000007c0000000)
  region size 1024K, 4 young (4096K), 4 survivors (4096K)
 Metaspace       used 48348K, capacity 49941K, committed 50304K, reserved 1093632K
  class space    used 5315K, capacity 5905K, committed 6016K, reserved 1048576K
}
Event: 1873.503 GC heap before
{Heap before GC invocations=20 (full 3):
 garbage-first heap   total 89088K, used 65610K [0x00000006c0000000, 0x00000007c0000000)
  region size 1024K, 41 young (41984K), 4 survivors (4096K)
 Metaspace       used 48517K, capacity 50268K, committed 50560K, reserved 1093632K
  class space    used 5335K, capacity 5940K, committed 6016K, reserved 1048576K
}
Event: 1873.561 GC heap after
{Heap after GC invocations=21 (full 4):
 garbage-first heap   total 89088K, used 25537K [0x00000006c0000000, 0x00000007c0000000)
  region size 1024K, 0 young (0K), 0 survivors (0K)
 Metaspace       used 48511K, capacity 50256K, committed 50560K, reserved 1093632K
  class space    used 5334K, capacity 5936K, committed 6016K, reserved 1048576K
}

Deoptimization events (10 events):
Event: 753.259 Thread 0x000000002ea76800 Uncommon trap: reason=predicate action=maybe_recompile pc=0x00000000155f91f0 method=org.springframework.core.type.classreading.AnnotationReadingVisitorUtils.convertClassValues(Ljava/lang/Object;Ljava/lang/ClassLoader;Lorg/springframework/core/annotation/A
Event: 1572.852 Thread 0x000000002eaea800 Uncommon trap: reason=array_check action=maybe_recompile pc=0x0000000015609880 method=org.springframework.core.type.classreading.AnnotationReadingVisitorUtils.convertClassValues(Ljava/lang/Object;Ljava/lang/ClassLoader;Lorg/springframework/core/annotation
Event: 1572.854 Thread 0x000000002eaea800 Uncommon trap: reason=array_check action=maybe_recompile pc=0x0000000015609880 method=org.springframework.core.type.classreading.AnnotationReadingVisitorUtils.convertClassValues(Ljava/lang/Object;Ljava/lang/ClassLoader;Lorg/springframework/core/annotation
Event: 1572.866 Thread 0x000000002eaea800 Uncommon trap: reason=array_check action=maybe_recompile pc=0x0000000015609880 method=org.springframework.core.type.classreading.AnnotationReadingVisitorUtils.convertClassValues(Ljava/lang/Object;Ljava/lang/ClassLoader;Lorg/springframework/core/annotation
Event: 1572.866 Thread 0x000000002eaea800 Uncommon trap: reason=array_check action=maybe_recompile pc=0x0000000015609880 method=org.springframework.core.type.classreading.AnnotationReadingVisitorUtils.convertClassValues(Ljava/lang/Object;Ljava/lang/ClassLoader;Lorg/springframework/core/annotation
Event: 1904.732 Thread 0x000000002ea75000 Uncommon trap: reason=array_check action=maybe_recompile pc=0x00000000156a1494 method=org.springframework.util.ObjectUtils.addObjectToArray([Ljava/lang/Object;Ljava/lang/Object;)[Ljava/lang/Object; @ 75 c2
Event: 1906.531 Thread 0x000000002ea75000 Uncommon trap: reason=array_check action=maybe_recompile pc=0x000000001569ea0c method=org.springframework.util.ObjectUtils.addObjectToArray([Ljava/lang/Object;Ljava/lang/Object;)[Ljava/lang/Object; @ 75 c2
Event: 1906.534 Thread 0x000000002ea75000 Uncommon trap: reason=array_check action=maybe_recompile pc=0x000000001569ea0c method=org.springframework.util.ObjectUtils.addObjectToArray([Ljava/lang/Object;Ljava/lang/Object;)[Ljava/lang/Object; @ 75 c2
Event: 1906.534 Thread 0x000000002ea75000 Uncommon trap: reason=array_check action=maybe_recompile pc=0x000000001569ea0c method=org.springframework.util.ObjectUtils.addObjectToArray([Ljava/lang/Object;Ljava/lang/Object;)[Ljava/lang/Object; @ 75 c2
Event: 1914.284 Thread 0x000000002ea75000 Uncommon trap: reason=null_check action=make_not_entrant pc=0x0000000015262720 method=org.springframework.beans.factory.support.DefaultListableBeanFactory.getBeanDefinition(Ljava/lang/String;)Lorg/springframework/beans/factory/config/BeanDefinition; @ 10 

Classes redefined (0 events):
No events

Internal exceptions (10 events):
Event: 1881.133 Thread 0x000000002ea75000 Exception <a 'java/io/IOException'{0x00000006c535e380}> (0x00000006c535e380) thrown at [t:/workspace/open/src/hotspot/share/prims/jni.cpp, line 611]
Event: 1881.133 Thread 0x000000002ea75000 Exception <a 'java/io/IOException'{0x00000006c535e938}> (0x00000006c535e938) thrown at [t:/workspace/open/src/hotspot/share/prims/jni.cpp, line 611]
Event: 1914.284 Thread 0x000000002ea75000 Implicit null exception at 0x0000000015262437 to 0x0000000015262712
Event: 1914.330 Thread 0x000000002ea75000 Exception <a 'java/io/IOException'{0x00000006c2e5fe40}> (0x00000006c2e5fe40) thrown at [t:/workspace/open/src/hotspot/share/prims/jni.cpp, line 611]
Event: 1914.330 Thread 0x000000002ea75000 Exception <a 'java/io/IOException'{0x00000006c2e603f8}> (0x00000006c2e603f8) thrown at [t:/workspace/open/src/hotspot/share/prims/jni.cpp, line 611]
Event: 1914.332 Thread 0x000000002ea75000 Exception <a 'java/io/IOException'{0x00000006c2e6baf8}> (0x00000006c2e6baf8) thrown at [t:/workspace/open/src/hotspot/share/prims/jni.cpp, line 611]
Event: 1914.332 Thread 0x000000002ea75000 Exception <a 'java/io/IOException'{0x00000006c2e6c0b0}> (0x00000006c2e6c0b0) thrown at [t:/workspace/open/src/hotspot/share/prims/jni.cpp, line 611]
Event: 1914.332 Thread 0x000000002ea75000 Exception <a 'java/io/IOException'{0x00000006c2e6df58}> (0x00000006c2e6df58) thrown at [t:/workspace/open/src/hotspot/share/prims/jni.cpp, line 611]
Event: 1914.332 Thread 0x000000002ea75000 Exception <a 'java/io/IOException'{0x00000006c2e6e510}> (0x00000006c2e6e510) thrown at [t:/workspace/open/src/hotspot/share/prims/jni.cpp, line 611]
Event: 1914.382 Thread 0x000000002eee5800 Exception <a 'java/io/FileNotFoundException'{0x00000006c2ead518}> (0x00000006c2ead518) thrown at [t:/workspace/open/src/hotspot/share/prims/jni.cpp, line 611]

Events (10 events):
Event: 1914.324 loading class org/apache/jasper/servlet$JspServlet
Event: 1914.324 loading class org/apache/jasper/servlet$JspServlet done
Event: 1914.340 Thread 0x000000002eee6000 Thread added: 0x000000002eee6000
Event: 1914.340 Executing VM operation: RevokeBias
Event: 1914.342 Executing VM operation: RevokeBias done
Event: 1914.342 Thread 0x000000002eee5800 Thread added: 0x000000002eee5800
Event: 1914.355 Executing VM operation: RevokeBias
Event: 1914.356 Executing VM operation: RevokeBias done
Event: 1914.375 Executing VM operation: RevokeBias
Event: 1914.377 Executing VM operation: RevokeBias done


Dynamic libraries:
0x000000013f830000 - 0x000000013f86e000 	C:\Program Files\Java\jdk-10.0.2\bin\java.exe
0x0000000077c70000 - 0x0000000077e1a000 	C:\Windows\SYSTEM32\ntdll.dll
0x0000000077a50000 - 0x0000000077b6f000 	C:\Windows\system32\kernel32.dll
0x000007fefdad0000 - 0x000007fefdb3a000 	C:\Windows\system32\KERNELBASE.dll
0x000007feff420000 - 0x000007feff4fb000 	C:\Windows\system32\ADVAPI32.dll
0x000007feff5b0000 - 0x000007feff64f000 	C:\Windows\system32\msvcrt.dll
0x000007feff2d0000 - 0x000007feff2ef000 	C:\Windows\SYSTEM32\sechost.dll
0x000007feff2f0000 - 0x000007feff41d000 	C:\Windows\system32\RPCRT4.dll
0x0000000077b70000 - 0x0000000077c6a000 	C:\Windows\system32\USER32.dll
0x000007feffa50000 - 0x000007feffab7000 	C:\Windows\system32\GDI32.dll
0x000007feff5a0000 - 0x000007feff5ae000 	C:\Windows\system32\LPK.dll
0x000007feff650000 - 0x000007feff71a000 	C:\Windows\system32\USP10.dll
0x000007fefc350000 - 0x000007fefc544000 	C:\Windows\WinSxS\amd64_microsoft.windows.common-controls_6595b64144ccf1df_6.0.7601.18837_none_fa3b1e3d17594757\COMCTL32.dll
0x000007feff250000 - 0x000007feff2c1000 	C:\Windows\system32\SHLWAPI.dll
0x000007fefca10000 - 0x000007fefca1c000 	C:\Windows\system32\VERSION.dll
0x000007feffa00000 - 0x000007feffa2e000 	C:\Windows\system32\IMM32.DLL
0x000007feffac0000 - 0x000007feffbc9000 	C:\Windows\system32\MSCTF.dll
0x000007fee2210000 - 0x000007fee22ff000 	C:\Program Files\Java\jdk-10.0.2\bin\msvcr120.dll
0x000007fee2160000 - 0x000007fee2206000 	C:\Program Files\Java\jdk-10.0.2\bin\msvcp120.dll
0x000000006d040000 - 0x000000006dab0000 	C:\Program Files\Java\jdk-10.0.2\bin\server\jvm.dll
0x000007fefa710000 - 0x000007fefa719000 	C:\Windows\system32\WSOCK32.dll
0x000007feff9b0000 - 0x000007feff9fd000 	C:\Windows\system32\WS2_32.dll
0x000007feff720000 - 0x000007feff728000 	C:\Windows\system32\NSI.dll
0x000007fefa100000 - 0x000007fefa13b000 	C:\Windows\system32\WINMM.dll
0x0000000077e40000 - 0x0000000077e47000 	C:\Windows\system32\PSAPI.DLL
0x000007feef930000 - 0x000007feef93f000 	C:\Program Files\Java\jdk-10.0.2\bin\verify.dll
0x000007fef9e60000 - 0x000007fef9f85000 	C:\Windows\system32\DBGHELP.DLL
0x000007fee3a90000 - 0x000007fee3ab7000 	C:\Program Files\Java\jdk-10.0.2\bin\java.dll
0x000007fee37a0000 - 0x000007fee37b6000 	C:\Program Files\Java\jdk-10.0.2\bin\zip.dll
0x000007fee3ae0000 - 0x000007fee3aea000 	C:\Program Files\Java\jdk-10.0.2\bin\jimage.dll
0x000007fefe190000 - 0x000007fefef19000 	C:\Windows\system32\SHELL32.dll
0x000007fefdf90000 - 0x000007fefe18c000 	C:\Windows\system32\ole32.dll
0x000007fefd960000 - 0x000007fefd96f000 	C:\Windows\system32\profapi.dll
0x000007fee3620000 - 0x000007fee363a000 	C:\Program Files\Java\jdk-10.0.2\bin\net.dll
0x000007fefab20000 - 0x000007fefab91000 	C:\Windows\system32\WINHTTP.dll
0x000007fefaa90000 - 0x000007fefaaf4000 	C:\Windows\system32\webio.dll
0x000007fefd0f0000 - 0x000007fefd145000 	C:\Windows\system32\mswsock.dll
0x000007fefd0e0000 - 0x000007fefd0e7000 	C:\Windows\System32\wship6.dll
0x000007fee3ac0000 - 0x000007fee3ad1000 	C:\Program Files\Java\jdk-10.0.2\bin\nio.dll
0x000007fee3790000 - 0x000007fee3799000 	C:\Program Files\Java\jdk-10.0.2\bin\management.dll
0x000007fee2d60000 - 0x000007fee2d6a000 	C:\Program Files\Java\jdk-10.0.2\bin\management_ext.dll
0x000007fefc180000 - 0x000007fefc195000 	C:\Windows\system32\NLAapi.dll
0x000007fefa730000 - 0x000007fefa745000 	C:\Windows\system32\napinsp.dll
0x000007fefcf70000 - 0x000007fefcfcb000 	C:\Windows\system32\DNSAPI.dll
0x000007fefa760000 - 0x000007fefa76b000 	C:\Windows\System32\winrnr.dll
0x000007fefcae0000 - 0x000007fefcae7000 	C:\Windows\System32\wshtcpip.dll
0x000007fefbc30000 - 0x000007fefbc57000 	C:\Windows\system32\IPHLPAPI.DLL
0x000007fefbaf0000 - 0x000007fefbafb000 	C:\Windows\system32\WINNSI.DLL
0x000007fefb0c0000 - 0x000007fefb0c8000 	C:\Windows\system32\rasadhlp.dll
0x000007fefb9f0000 - 0x000007fefba43000 	C:\Windows\System32\fwpuclnt.dll
0x000007fefd150000 - 0x000007fefd168000 	C:\Windows\system32\CRYPTSP.dll
0x000007fefce50000 - 0x000007fefce97000 	C:\Windows\system32\rsaenh.dll
0x000007fefd980000 - 0x000007fefd99e000 	C:\Windows\system32\USERENV.dll
0x000007fefd7c0000 - 0x000007fefd7cf000 	C:\Windows\system32\CRYPTBASE.dll
0x000007fefb8c0000 - 0x000007fefb8d1000 	C:\Windows\system32\dhcpcsvc6.DLL
0x000007fefb890000 - 0x000007fefb8a8000 	C:\Windows\system32\dhcpcsvc.DLL
0x000007fee2660000 - 0x000007fee2683000 	C:\Program Files\Java\jdk-10.0.2\bin\sunec.dll

dbghelp: loaded successfully - version: 4.0.5 - missing functions: none
symbol engine: initialized successfully - sym options: 0x614 - pdb path: .;C:\Program Files\Java\jdk-10.0.2\bin;C:\Windows\SYSTEM32;C:\Windows\WinSxS\amd64_microsoft.windows.common-controls_6595b64144ccf1df_6.0.7601.18837_none_fa3b1e3d17594757;C:\Program Files\Java\jdk-10.0.2\bin\server

VM Arguments:
java_command: com.vistaprint.api.ApiRethinkdbApplication
java_class_path (initial): C:\Users\Administrator\Desktop\hassen_hosni\spring\vistaprintapi\api\target\classes;C:\Users\Administrator\.m2\repository\org\apache\cassandra\deps\avro\1.4.0-cassandra-1\avro-1.4.0-cassandra-1.jar;C:\Users\Administrator\.m2\repository\org\springframework\spring-aop\5.0.8.RELEASE\spring-aop-5.0.8.RELEASE.jar;C:\Users\Administrator\.m2\repository\org\apache\tomcat\embed\tomcat-embed-websocket\8.5.32\tomcat-embed-websocket-8.5.32.jar;C:\Users\Administrator\.m2\repository\org\apache\httpcomponents\httpcore\4.4.10\httpcore-4.4.10.jar;C:\Users\Administrator\.m2\repository\commons-lang\commons-lang\2.4\commons-lang-2.4.jar;C:\Users\Administrator\.m2\repository\org\antlr\stringtemplate\3.2\stringtemplate-3.2.jar;C:\Users\Administrator\.m2\repository\org\springframework\boot\spring-boot\2.0.4.RELEASE\spring-boot-2.0.4.RELEASE.jar;C:\Users\Administrator\.m2\repository\org\apache\tomcat\embed\tomcat-embed-el\8.5.32\tomcat-embed-el-8.5.32.jar;C:\Users\Administrator\.m2\repository\org\springframework\spring-messaging\5.0.8.RELEASE\spring-messaging-5.0.8.RELEASE.jar;C:\Users\Administrator\.m2\repository\com\rethinkdb\rethinkdb-driver\2.3.3\rethinkdb-driver-2.3.3.jar;C:\Users\Administrator\.m2\repository\org\mortbay\jetty\jetty-util\6.1.22\jetty-util-6.1.22.jar;C:\Users\Administrator\.m2\repository\javax\validation\validation-api\2.0.1.Final\validation-api-2.0.1.Final.jar;C:\Users\Administrator\.m2\repository\org\springframework\spring-web\5.0.8.RELEASE\spring-web-5.0.8.RELEASE.jar;C:\Users\Administrator\.m2\repository\org\springframework\spring-expression\5.0.8.RELEASE\spring-expression-5.0.8.RELEASE.jar;C:\Users\Administrator\.m2\repository\org\antlr\antlr\3.2\antlr-3.2.jar;C:\Users\Administrator\.m2\repository\antlr\antlr\2.7.7\antlr-2.7.7.jar;C:\Users\Administrator\.m2\repository\org\springframework\spring-jcl\5.0.8.RELEASE\spring-jcl-5.0.8.RELEASE.jar;C:\Users\Administrator\.m2\repository\org\springframework\spring-beans\5.0.8.RELEASE\spring-bean
Launcher Type: SUN_STANDARD

Logging:
Log output configuration:
#0: stdout all=warning uptime,level,tags
#1: stderr all=off uptime,level,tags

Environment Variables:
JAVA_HOME=C:/Program Files/Java/jdk-10.0.2
PATH=C:\Users\Administrator\bin;C:\Program Files\Git\mingw64\bin;C:\Program Files\Git\usr\local\bin;C:\Program Files\Git\usr\bin;C:\Program Files\Git\usr\bin;C:\Program Files\Git\mingw64\bin;C:\Program Files\Git\usr\bin;C:\Users\Administrator\bin;C:\Program Files (x86)\Common Files\Oracle\Java\javapath;C:\Windows\system32;C:\Windows;C:\Windows\System32\Wbem;C:\Windows\System32\WindowsPowerShell\v1.0;C:\Program Files\Amazon\cfn-bootstrap;C:\ProgramData\chocolatey\bin;C:\Program Files (x86)\Subversion\bin;C:\Program Files (x86)\Git\cmd;C:\tools\ruby24\bin;C:\vp\devenv\ps;C:\vp\devenv\bin;C:\Program Files\nodejs;C:\Windows\Microsoft.NET\Framework64\v4.0.30319;C:\Program Files\Git\cmd;C:\Program Files\TortoiseSVN\bin;C:\salt;C:\Program Files\nodejs;C:\Program Files (x86)\GitExtensions;C:\Program Files\Microsoft VS Code\bin;C:\Users\Administrator\AppData\Roaming\npm;C:\Program Files\Java\jdk-10.0.2;C:\Users\Administrator\AppData\Local\Programs\Microsoft VS Code\bin;C:\Program Files\Git\usr\bin\vendor_perl;C:\Program Files\Git\usr\bin\core_perl
USERNAME=Administrator
SHELL=C:\Program Files\Git\usr\bin\bash.exe
DISPLAY=needs-to-be-defined
OS=Windows_NT
PROCESSOR_IDENTIFIER=Intel64 Family 6 Model 63 Stepping 2, GenuineIntel



---------------  S Y S T E M  ---------------

OS: Windows Server 2008 R2 , 64 bit Build 7601 (6.1.7601.23796)

CPU:total 4 (initial active 4) (1 cores per cpu, 1 threads per core) family 6 model 63 stepping 2, cmov, cx8, fxsr, mmx, sse, sse2, sse3, ssse3, sse4.1, sse4.2, popcnt, avx, avx2, aes, clmul, erms, lzcnt, tsc, tscinvbit, bmi1, bmi2, fma

Memory: 4k page, physical 16776696k(3691296k free), swap 16774836k(21640k free)

vm_info: Java HotSpot(TM) 64-Bit Server VM (10.0.2+13) for windows-amd64 JRE (10.0.2+13), built on Jun 28 2018 01:57:56 by "mach5one" with MS VC++ 12.0 (VS2013)

END.
