#
# There is insufficient memory for the Java Runtime Environment to continue.
# Native memory allocation (malloc) failed to allocate 65552 bytes for Chunk::new
# Possible reasons:
#   The system is out of physical RAM or swap space
#   The process is running with CompressedOops enabled, and the Java Heap may be blocking the growth of the native heap
# Possible solutions:
#   Reduce memory load on the system
#   Increase physical memory or swap space
#   Check if swap backing store is full
#   Decrease Java heap size (-Xmx/-Xms)
#   Decrease number of Java threads
#   Decrease Java thread stack sizes (-Xss)
#   Set larger code cache with -XX:ReservedCodeCacheSize=
#   JVM is running with Zero Based Compressed Oops mode in which the Java heap is
#     placed in the first 32GB address space. The Java Heap base address is the
#     maximum limit for the native heap growth. Please use -XX:HeapBaseMinAddress
#     to set the Java Heap base and to place the Java Heap above 32GB virtual address.
# This output file may be truncated or incomplete.
#
#  Out of Memory Error (t:/workspace/open/src/hotspot/share/memory/arena.cpp:198), pid=41204, tid=42132
#
# JRE version: Java(TM) SE Runtime Environment (10.0.2+13) (build 10.0.2+13)
# Java VM: Java HotSpot(TM) 64-Bit Server VM (10.0.2+13, mixed mode, tiered, compressed oops, g1 gc, windows-amd64)
# Core dump will be written. Default location: C:\Users\Administrator\Desktop\hassen_hosni\spring\vistaprintapi\api\hs_err_pid41204.mdmp
#

---------------  S U M M A R Y ------------

Command Line: com.vistaprint.api.ApiRethinkdbApplication

Host: Intel(R) Xeon(R) CPU E5-2697 v3 @ 2.60GHz, 4 cores, 15G,  Windows Server 2008 R2 , 64 bit Build 7601 (6.1.7601.23796)
Time: Tue Oct 02 12:14:15 2018 GMT Daylight Time elapsed time: 478 seconds (0d 0h 7m 58s)

---------------  T H R E A D  ---------------

Current thread (0x0000000029515000):  JavaThread "C2 CompilerThread1" daemon [_thread_in_native, id=42132, stack(0x00000000299b0000,0x0000000029ab0000)]


Current CompileTask:
C2: 478191 5775       4       java.util.TreeMap::put (247 bytes)

Stack: [0x00000000299b0000,0x0000000029ab0000]
Native frames: (J=compiled Java code, j=interpreted, Vv=VM code, C=native code)
V  [jvm.dll+0x5a01a9]
V  [jvm.dll+0x6bcf31]
V  [jvm.dll+0x6be126]
V  [jvm.dll+0x6be7b3]
V  [jvm.dll+0x234978]
V  [jvm.dll+0xbb69c]
V  [jvm.dll+0xbbbac]
V  [jvm.dll+0xbb7a8]
V  [jvm.dll+0x581de0]
V  [jvm.dll+0x4bf64a]
V  [jvm.dll+0x2011b0]
V  [jvm.dll+0x1ff0a1]
V  [jvm.dll+0x17c94b]
V  [jvm.dll+0x20c8dd]
V  [jvm.dll+0x20b6a6]
V  [jvm.dll+0x68b7ff]
V  [jvm.dll+0x59f4b0]
C  [msvcr120.dll+0x24f7f]
C  [msvcr120.dll+0x25126]
C  [kernel32.dll+0x159cd]
C  [ntdll.dll+0x2a561]


---------------  P R O C E S S  ---------------

Threads class SMR info:
_java_thread_list=0x000000002eda30e0, length=140, elements={
0x00000000294f4800, 0x0000000029500800, 0x0000000029508800, 0x0000000029509800,
0x000000002950c800, 0x0000000029515000, 0x0000000029516000, 0x0000000029518800,
0x000000002a77d800, 0x000000002a77e800, 0x000000002a782800, 0x000000002a783000,
0x000000002a781000, 0x000000002a781800, 0x000000002a784000, 0x000000002a784800,
0x000000002a785800, 0x000000002a786800, 0x000000002a787000, 0x000000002a788000,
0x000000002a788800, 0x000000002a789800, 0x000000002a78a000, 0x000000002a78b000,
0x000000002a78c000, 0x000000002a78c800, 0x000000002c2a6000, 0x000000002c2a7000,
0x000000002c2a7800, 0x000000002c2a8800, 0x000000002c2a9000, 0x000000002c2aa000,
0x000000002c2ab000, 0x000000002c2ab800, 0x000000002c2ac800, 0x000000002c2ad000,
0x000000002cbcf800, 0x000000002cbd2000, 0x000000002cbd2800, 0x000000002cbd3800,
0x000000002cbd4000, 0x000000002cbd1000, 0x000000002cbd0800, 0x000000002cbd5000,
0x000000002cbd6000, 0x000000002cbd6800, 0x000000002ec9d000, 0x000000002ec9e000,
0x000000002ec9f000, 0x000000002ec9f800, 0x000000002eca0800, 0x000000002eca1000,
0x000000002eca2000, 0x000000002eca2800, 0x000000002eca3800, 0x000000002eca4800,
0x000000002cd76000, 0x000000002cd77000, 0x000000002cd77800, 0x000000002cd78800,
0x000000002cd79000, 0x000000002cd7a000, 0x000000002cd7b000, 0x000000002cd7b800,
0x000000002cd7c800, 0x000000002cd7d000, 0x000000002a77f000, 0x000000002a780000,
0x000000002ce4f800, 0x000000002ce50800, 0x000000002ce51000, 0x000000002ce52000,
0x000000002ce53000, 0x000000002ce53800, 0x000000002ce54800, 0x000000002ce55000,
0x000000002ce56000, 0x000000002ce56800, 0x000000002ecf6000, 0x000000002ecf6800,
0x000000002ecf7800, 0x000000002ecf8000, 0x000000002ecf9000, 0x000000002ecf9800,
0x000000002ecfa800, 0x000000002ecfb800, 0x000000002ecfc000, 0x000000002ecfd000,
0x000000002ed49800, 0x000000002ed4a800, 0x000000002ed4b000, 0x000000002ed4c000,
0x000000002ed4d000, 0x000000002ed4d800, 0x000000002ed4e800, 0x000000002ed4f000,
0x000000002ed50000, 0x000000002ed50800, 0x000000002cbe7800, 0x000000002cbe8800,
0x000000002cbe9000, 0x000000002ec77000, 0x000000002ec7a800, 0x000000002ec7b800,
0x000000002ec7c800, 0x000000002bcc1000, 0x000000002bcc2000, 0x000000002bcc3000,
0x000000002bcc3800, 0x000000002bcc4800, 0x000000002bcc5000, 0x000000002bcc6000,
0x000000002bcc6800, 0x000000002bcc7800, 0x000000002ec79000, 0x000000002ec7a000,
0x000000002ec77800, 0x000000002ec78800, 0x000000002ec76000, 0x000000002ec75000,
0x000000002bcc8800, 0x000000002cbec000, 0x000000002cbeb800, 0x000000002cbea800,
0x000000002cbee000, 0x000000002cbee800, 0x000000002cbed000, 0x000000002c2f0800,
0x000000002c2f1800, 0x000000002c2f2000, 0x000000002c2f3000, 0x000000002c2f4000,
0x000000002c2f4800, 0x000000002c2f5800, 0x000000002c2f6000, 0x000000002c2f7000,
0x000000002c2f7800, 0x000000003235f800, 0x0000000032360000, 0x0000000032361000
}

Java Threads: ( => current thread )
  0x00000000294f4800 JavaThread "Reference Handler" daemon [_thread_blocked, id=88484, stack(0x000000002a970000,0x000000002aa70000)]
  0x0000000029500800 JavaThread "Finalizer" daemon [_thread_blocked, id=71204, stack(0x000000002ab90000,0x000000002ac90000)]
  0x0000000029508800 JavaThread "Signal Dispatcher" daemon [_thread_blocked, id=12980, stack(0x000000002ad90000,0x000000002ae90000)]
  0x0000000029509800 JavaThread "Attach Listener" daemon [_thread_blocked, id=78804, stack(0x000000002aed0000,0x000000002afd0000)]
  0x000000002950c800 JavaThread "C2 CompilerThread0" daemon [_thread_blocked, id=79816, stack(0x000000002b120000,0x000000002b220000)]
=>0x0000000029515000 JavaThread "C2 CompilerThread1" daemon [_thread_in_native, id=42132, stack(0x00000000299b0000,0x0000000029ab0000)]
  0x0000000029516000 JavaThread "C1 CompilerThread2" daemon [_thread_blocked, id=87656, stack(0x000000002b230000,0x000000002b330000)]
  0x0000000029518800 JavaThread "Sweeper thread" daemon [_thread_blocked, id=42172, stack(0x000000002b3d0000,0x000000002b4d0000)]
  0x000000002a77d800 JavaThread "Service Thread" daemon [_thread_blocked, id=68336, stack(0x000000002b520000,0x000000002b620000)]
  0x000000002a77e800 JavaThread "Common-Cleaner" daemon [_thread_blocked, id=77176, stack(0x000000002b660000,0x000000002b760000)]
  0x000000002a782800 JavaThread "ContainerBackgroundProcessor[StandardEngine[Tomcat]]" daemon [_thread_blocked, id=53132, stack(0x0000000031600000,0x0000000031700000)]
  0x000000002a783000 JavaThread "container-0" [_thread_blocked, id=51224, stack(0x000000002e540000,0x000000002e640000)]
  0x000000002a781000 JavaThread "MessageBroker-1" [_thread_blocked, id=85952, stack(0x000000002d9d0000,0x000000002dad0000)]
  0x000000002a781800 JavaThread "File Watcher" daemon [_thread_in_native, id=61156, stack(0x0000000031d60000,0x0000000031e60000)]
  0x000000002a784000 JavaThread "MessageBroker-2" [_thread_blocked, id=36380, stack(0x0000000033040000,0x0000000033140000)]
  0x000000002a784800 JavaThread "MessageBroker-3" [_thread_blocked, id=87472, stack(0x0000000031e60000,0x0000000031f60000)]
  0x000000002a785800 JavaThread "NioBlockingSelector.BlockPoller-1" daemon [_thread_in_native, id=18952, stack(0x0000000033420000,0x0000000033520000)]
  0x000000002a786800 JavaThread "http-nio-1330-exec-1" daemon [_thread_blocked, id=67464, stack(0x0000000033800000,0x0000000033900000)]
  0x000000002a787000 JavaThread "http-nio-1330-exec-2" daemon [_thread_blocked, id=40000, stack(0x0000000033a60000,0x0000000033b60000)]
  0x000000002a788000 JavaThread "http-nio-1330-exec-3" daemon [_thread_blocked, id=37704, stack(0x0000000033ca0000,0x0000000033da0000)]
  0x000000002a788800 JavaThread "http-nio-1330-exec-4" daemon [_thread_blocked, id=88580, stack(0x0000000033da0000,0x0000000033ea0000)]
  0x000000002a789800 JavaThread "http-nio-1330-exec-5" daemon [_thread_blocked, id=43012, stack(0x0000000033900000,0x0000000033a00000)]
  0x000000002a78a000 JavaThread "http-nio-1330-exec-6" daemon [_thread_blocked, id=73716, stack(0x0000000034020000,0x0000000034120000)]
  0x000000002a78b000 JavaThread "http-nio-1330-exec-7" daemon [_thread_blocked, id=74264, stack(0x0000000033ee0000,0x0000000033fe0000)]
  0x000000002a78c000 JavaThread "http-nio-1330-exec-8" daemon [_thread_blocked, id=88488, stack(0x0000000034190000,0x0000000034290000)]
  0x000000002a78c800 JavaThread "http-nio-1330-exec-9" daemon [_thread_blocked, id=50992, stack(0x0000000034430000,0x0000000034530000)]
  0x000000002c2a6000 JavaThread "http-nio-1330-exec-10" daemon [_thread_blocked, id=24992, stack(0x00000000345e0000,0x00000000346e0000)]
  0x000000002c2a7000 JavaThread "http-nio-1330-ClientPoller-0" daemon [_thread_in_native, id=87840, stack(0x0000000033570000,0x0000000033670000)]
  0x000000002c2a7800 JavaThread "http-nio-1330-ClientPoller-1" daemon [_thread_in_native, id=24336, stack(0x0000000034700000,0x0000000034800000)]
  0x000000002c2a8800 JavaThread "http-nio-1330-Acceptor-0" daemon [_thread_in_native, id=26336, stack(0x0000000033b90000,0x0000000033c90000)]
  0x000000002c2a9000 JavaThread "http-nio-1330-AsyncTimeout" daemon [_thread_blocked, id=10400, stack(0x00000000342d0000,0x00000000343d0000)]
  0x000000002c2aa000 JavaThread "pool-1-thread-1" [_thread_in_native, id=86280, stack(0x00000000348e0000,0x00000000349e0000)]
  0x000000002c2ab000 JavaThread "MessageBroker-4" [_thread_blocked, id=36128, stack(0x00000000336e0000,0x00000000337e0000)]
  0x000000002c2ab800 JavaThread "pool-2-thread-1" [_thread_in_native, id=47836, stack(0x0000000034ad0000,0x0000000034bd0000)]
  0x000000002c2ac800 JavaThread "pool-3-thread-1" [_thread_in_native, id=35040, stack(0x0000000034be0000,0x0000000034ce0000)]
  0x000000002c2ad000 JavaThread "pool-4-thread-1" [_thread_in_native, id=17660, stack(0x0000000034da0000,0x0000000034ea0000)]
  0x000000002cbcf800 JavaThread "pool-5-thread-1" [_thread_in_native, id=66340, stack(0x0000000034ef0000,0x0000000034ff0000)]
  0x000000002cbd2000 JavaThread "ContainerBackgroundProcessor[StandardEngine[Tomcat-1]]" daemon [_thread_blocked, id=76116, stack(0x0000000035090000,0x0000000035190000)]
  0x000000002cbd2800 JavaThread "container-1" [_thread_blocked, id=68348, stack(0x0000000035320000,0x0000000035420000)]
  0x000000002cbd3800 JavaThread "MessageBroker-1" [_thread_blocked, id=83032, stack(0x0000000035220000,0x0000000035320000)]
  0x000000002cbd4000 JavaThread "pool-6-thread-1" [_thread_in_native, id=70816, stack(0x00000000355d0000,0x00000000356d0000)]
  0x000000002cbd1000 JavaThread "pool-7-thread-1" [_thread_in_native, id=78360, stack(0x0000000035460000,0x0000000035560000)]
  0x000000002cbd0800 JavaThread "pool-8-thread-1" [_thread_in_native, id=53708, stack(0x0000000035730000,0x0000000035830000)]
  0x000000002cbd5000 JavaThread "pool-9-thread-1" [_thread_in_native, id=72624, stack(0x00000000358c0000,0x00000000359c0000)]
  0x000000002cbd6000 JavaThread "pool-10-thread-1" [_thread_in_native, id=22584, stack(0x0000000035a20000,0x0000000035b20000)]
  0x000000002cbd6800 JavaThread "File Watcher" daemon [_thread_in_native, id=14720, stack(0x0000000036d60000,0x0000000036e60000)]
  0x000000002ec9d000 JavaThread "MessageBroker-2" [_thread_blocked, id=41260, stack(0x0000000036ee0000,0x0000000036fe0000)]
  0x000000002ec9e000 JavaThread "MessageBroker-3" [_thread_blocked, id=47168, stack(0x0000000035bb0000,0x0000000035cb0000)]
  0x000000002ec9f000 JavaThread "NioBlockingSelector.BlockPoller-2" daemon [_thread_in_native, id=78388, stack(0x0000000036ff0000,0x00000000370f0000)]
  0x000000002ec9f800 JavaThread "http-nio-auto-1-exec-1" daemon [_thread_blocked, id=24100, stack(0x0000000037120000,0x0000000037220000)]
  0x000000002eca0800 JavaThread "http-nio-auto-1-exec-2" daemon [_thread_blocked, id=82260, stack(0x00000000372c0000,0x00000000373c0000)]
  0x000000002eca1000 JavaThread "http-nio-auto-1-exec-3" daemon [_thread_blocked, id=43524, stack(0x0000000037590000,0x0000000037690000)]
  0x000000002eca2000 JavaThread "http-nio-auto-1-exec-4" daemon [_thread_blocked, id=77936, stack(0x0000000037450000,0x0000000037550000)]
  0x000000002eca2800 JavaThread "http-nio-auto-1-exec-5" daemon [_thread_blocked, id=28844, stack(0x0000000037840000,0x0000000037940000)]
  0x000000002eca3800 JavaThread "http-nio-auto-1-exec-6" daemon [_thread_blocked, id=27828, stack(0x00000000379a0000,0x0000000037aa0000)]
  0x000000002eca4800 JavaThread "http-nio-auto-1-exec-7" daemon [_thread_blocked, id=87340, stack(0x0000000037b40000,0x0000000037c40000)]
  0x000000002cd76000 JavaThread "http-nio-auto-1-exec-8" daemon [_thread_blocked, id=26008, stack(0x0000000037c80000,0x0000000037d80000)]
  0x000000002cd77000 JavaThread "http-nio-auto-1-exec-9" daemon [_thread_blocked, id=28932, stack(0x0000000037da0000,0x0000000037ea0000)]
  0x000000002cd77800 JavaThread "http-nio-auto-1-exec-10" daemon [_thread_blocked, id=53512, stack(0x0000000037ee0000,0x0000000037fe0000)]
  0x000000002cd78800 JavaThread "http-nio-auto-1-ClientPoller-0" daemon [_thread_in_native, id=54088, stack(0x0000000037fe0000,0x00000000380e0000)]
  0x000000002cd79000 JavaThread "http-nio-auto-1-ClientPoller-1" daemon [_thread_in_native, id=34640, stack(0x00000000381a0000,0x00000000382a0000)]
  0x000000002cd7a000 JavaThread "http-nio-auto-1-Acceptor-0" daemon [_thread_in_native, id=55720, stack(0x00000000382a0000,0x00000000383a0000)]
  0x000000002cd7b000 JavaThread "pool-11-thread-1" [_thread_in_native, id=8616, stack(0x0000000038420000,0x0000000038520000)]
  0x000000002cd7b800 JavaThread "http-nio-auto-1-53292-AsyncTimeout" daemon [_thread_blocked, id=64988, stack(0x0000000038650000,0x0000000038750000)]
  0x000000002cd7c800 JavaThread "pool-12-thread-1" [_thread_in_native, id=28828, stack(0x0000000037690000,0x0000000037790000)]
  0x000000002cd7d000 JavaThread "MessageBroker-4" [_thread_blocked, id=15280, stack(0x0000000038530000,0x0000000038630000)]
  0x000000002a77f000 JavaThread "DestroyJavaVM" [_thread_blocked, id=52672, stack(0x0000000001e60000,0x0000000001f60000)]
  0x000000002a780000 JavaThread "pool-13-thread-1" [_thread_in_native, id=75100, stack(0x000000002d830000,0x000000002d930000)]
  0x000000002ce4f800 JavaThread "pool-14-thread-1" [_thread_in_native, id=47744, stack(0x000000002d630000,0x000000002d730000)]
  0x000000002ce50800 JavaThread "pool-15-thread-1" [_thread_in_native, id=57380, stack(0x0000000038920000,0x0000000038a20000)]
  0x000000002ce51000 JavaThread "pool-16-thread-1" [_thread_in_native, id=60008, stack(0x000000002d530000,0x000000002d630000)]
  0x000000002ce52000 JavaThread "pool-17-thread-1" [_thread_in_native, id=15172, stack(0x0000000038a30000,0x0000000038b30000)]
  0x000000002ce53000 JavaThread "pool-18-thread-1" [_thread_in_native, id=49172, stack(0x0000000038dc0000,0x0000000038ec0000)]
  0x000000002ce53800 JavaThread "pool-19-thread-1" [_thread_in_native, id=49024, stack(0x0000000038f40000,0x0000000039040000)]
  0x000000002ce54800 JavaThread "pool-20-thread-1" [_thread_in_native, id=60184, stack(0x0000000039040000,0x0000000039140000)]
  0x000000002ce55000 JavaThread "pool-21-thread-1" [_thread_in_native, id=46140, stack(0x0000000031710000,0x0000000031810000)]
  0x000000002ce56000 JavaThread "pool-22-thread-1" [_thread_in_native, id=88576, stack(0x00000000391a0000,0x00000000392a0000)]
  0x000000002ce56800 JavaThread "pool-23-thread-1" [_thread_in_native, id=49408, stack(0x0000000038820000,0x0000000038920000)]
  0x000000002ecf6000 JavaThread "pool-24-thread-1" [_thread_in_native, id=78332, stack(0x0000000039310000,0x0000000039410000)]
  0x000000002ecf6800 JavaThread "pool-25-thread-1" [_thread_in_native, id=53328, stack(0x000000002e860000,0x000000002e960000)]
  0x000000002ecf7800 JavaThread "pool-26-thread-1" [_thread_in_native, id=44856, stack(0x0000000039570000,0x0000000039670000)]
  0x000000002ecf8000 JavaThread "pool-27-thread-1" [_thread_in_native, id=45636, stack(0x00000000396e0000,0x00000000397e0000)]
  0x000000002ecf9000 JavaThread "pool-28-thread-1" [_thread_in_native, id=63228, stack(0x00000000397e0000,0x00000000398e0000)]
  0x000000002ecf9800 JavaThread "pool-29-thread-1" [_thread_in_native, id=56396, stack(0x0000000039cd0000,0x0000000039dd0000)]
  0x000000002ecfa800 JavaThread "pool-30-thread-1" [_thread_in_native, id=26620, stack(0x0000000039e30000,0x0000000039f30000)]
  0x000000002ecfb800 JavaThread "pool-31-thread-1" [_thread_in_native, id=67756, stack(0x000000003a020000,0x000000003a120000)]
  0x000000002ecfc000 JavaThread "pool-32-thread-1" [_thread_in_native, id=79364, stack(0x000000003a1c0000,0x000000003a2c0000)]
  0x000000002ecfd000 JavaThread "pool-33-thread-1" [_thread_in_native, id=63748, stack(0x0000000039430000,0x0000000039530000)]
  0x000000002ed49800 JavaThread "pool-34-thread-1" [_thread_in_native, id=26352, stack(0x000000003a3f0000,0x000000003a4f0000)]
  0x000000002ed4a800 JavaThread "pool-35-thread-1" [_thread_in_native, id=79172, stack(0x000000003a520000,0x000000003a620000)]
  0x000000002ed4b000 JavaThread "pool-36-thread-1" [_thread_in_native, id=74356, stack(0x000000003a700000,0x000000003a800000)]
  0x000000002ed4c000 JavaThread "pool-37-thread-1" [_thread_in_native, id=19920, stack(0x000000003a810000,0x000000003a910000)]
  0x000000002ed4d000 JavaThread "pool-38-thread-1" [_thread_in_native, id=46524, stack(0x000000003a990000,0x000000003aa90000)]
  0x000000002ed4d800 JavaThread "pool-39-thread-1" [_thread_in_native, id=62832, stack(0x000000003a2f0000,0x000000003a3f0000)]
  0x000000002ed4e800 JavaThread "pool-40-thread-1" [_thread_in_native, id=85884, stack(0x000000003ab80000,0x000000003ac80000)]
  0x000000002ed4f000 JavaThread "pool-41-thread-1" [_thread_in_native, id=30616, stack(0x000000003ad80000,0x000000003ae80000)]
  0x000000002ed50000 JavaThread "pool-42-thread-1" [_thread_in_native, id=17488, stack(0x000000003ae80000,0x000000003af80000)]
  0x000000002ed50800 JavaThread "pool-43-thread-1" [_thread_in_native, id=49692, stack(0x000000003afc0000,0x000000003b0c0000)]
  0x000000002cbe7800 JavaThread "pool-44-thread-1" [_thread_in_native, id=85820, stack(0x000000003b150000,0x000000003b250000)]
  0x000000002cbe8800 JavaThread "pool-45-thread-1" [_thread_in_native, id=42608, stack(0x000000003b430000,0x000000003b530000)]
  0x000000002cbe9000 JavaThread "pool-46-thread-1" [_thread_in_native, id=34564, stack(0x000000003b5c0000,0x000000003b6c0000)]
  0x000000002ec77000 JavaThread "pool-47-thread-1" [_thread_in_native, id=36992, stack(0x000000003c280000,0x000000003c380000)]
  0x000000002ec7a800 JavaThread "pool-48-thread-1" [_thread_in_native, id=4032, stack(0x000000003c7f0000,0x000000003c8f0000)]
  0x000000002ec7b800 JavaThread "pool-49-thread-1" [_thread_in_native, id=36508, stack(0x000000003cae0000,0x000000003cbe0000)]
  0x000000002ec7c800 JavaThread "pool-50-thread-1" [_thread_in_native, id=48348, stack(0x00000000399d0000,0x0000000039ad0000)]
  0x000000002bcc1000 JavaThread "pool-51-thread-1" [_thread_in_native, id=80488, stack(0x000000003c9d0000,0x000000003cad0000)]
  0x000000002bcc2000 JavaThread "pool-52-thread-1" [_thread_in_native, id=32696, stack(0x0000000039bb0000,0x0000000039cb0000)]
  0x000000002bcc3000 JavaThread "pool-53-thread-1" [_thread_in_native, id=75688, stack(0x000000003cbe0000,0x000000003cce0000)]
  0x000000002bcc3800 JavaThread "pool-54-thread-1" [_thread_in_native, id=44748, stack(0x000000003ce10000,0x000000003cf10000)]
  0x000000002bcc4800 JavaThread "pool-55-thread-1" [_thread_in_native, id=4236, stack(0x000000003cf10000,0x000000003d010000)]
  0x000000002bcc5000 JavaThread "pool-56-thread-1" [_thread_in_native, id=79648, stack(0x000000003d4f0000,0x000000003d5f0000)]
  0x000000002bcc6000 JavaThread "pool-57-thread-1" [_thread_in_native, id=35868, stack(0x000000003d6c0000,0x000000003d7c0000)]
  0x000000002bcc6800 JavaThread "pool-58-thread-1" [_thread_in_native, id=36196, stack(0x000000003d890000,0x000000003d990000)]
  0x000000002bcc7800 JavaThread "pool-59-thread-1" [_thread_in_native, id=46244, stack(0x000000003d260000,0x000000003d360000)]
  0x000000002ec79000 JavaThread "pool-60-thread-1" [_thread_in_native, id=36712, stack(0x000000003b7b0000,0x000000003b8b0000)]
  0x000000002ec7a000 JavaThread "pool-61-thread-1" [_thread_in_native, id=39508, stack(0x000000003b9c0000,0x000000003bac0000)]
  0x000000002ec77800 JavaThread "pool-62-thread-1" [_thread_in_native, id=74956, stack(0x000000003bac0000,0x000000003bbc0000)]
  0x000000002ec78800 JavaThread "pool-63-thread-1" [_thread_in_native, id=30816, stack(0x000000003bc60000,0x000000003bd60000)]
  0x000000002ec76000 JavaThread "pool-64-thread-1" [_thread_in_native, id=84516, stack(0x000000003ac80000,0x000000003ad80000)]
  0x000000002ec75000 JavaThread "pool-65-thread-1" [_thread_in_native, id=69028, stack(0x000000003bef0000,0x000000003bff0000)]
  0x000000002bcc8800 JavaThread "pool-66-thread-1" [_thread_in_native, id=53044, stack(0x000000003c0c0000,0x000000003c1c0000)]
  0x000000002cbec000 JavaThread "pool-67-thread-1" [_thread_in_native, id=83844, stack(0x000000003c3e0000,0x000000003c4e0000)]
  0x000000002cbeb800 JavaThread "pool-68-thread-1" [_thread_in_native, id=38568, stack(0x000000003c590000,0x000000003c690000)]
  0x000000002cbea800 JavaThread "pool-69-thread-1" [_thread_in_native, id=36984, stack(0x000000003bd80000,0x000000003be80000)]
  0x000000002cbee000 JavaThread "pool-70-thread-1" [_thread_in_native, id=75264, stack(0x000000003d050000,0x000000003d150000)]
  0x000000002cbee800 JavaThread "pool-71-thread-1" [_thread_in_native, id=58212, stack(0x000000003b8b0000,0x000000003b9b0000)]
  0x000000002cbed000 JavaThread "pool-72-thread-1" [_thread_in_native, id=66500, stack(0x000000003c690000,0x000000003c790000)]
  0x000000002c2f0800 JavaThread "pool-73-thread-1" [_thread_in_native, id=18800, stack(0x000000003da80000,0x000000003db80000)]
  0x000000002c2f1800 JavaThread "pool-74-thread-1" [_thread_in_native, id=61872, stack(0x000000003dd40000,0x000000003de40000)]
  0x000000002c2f2000 JavaThread "pool-75-thread-1" [_thread_in_native, id=33592, stack(0x000000003d150000,0x000000003d250000)]
  0x000000002c2f3000 JavaThread "pool-76-thread-1" [_thread_in_native, id=83268, stack(0x000000003df10000,0x000000003e010000)]
  0x000000002c2f4000 JavaThread "pool-77-thread-1" [_thread_in_native, id=84072, stack(0x000000003e130000,0x000000003e230000)]
  0x000000002c2f4800 JavaThread "clientInboundChannel-9" [_thread_blocked, id=68520, stack(0x000000003e020000,0x000000003e120000)]
  0x000000002c2f5800 JavaThread "clientInboundChannel-11" [_thread_blocked, id=56436, stack(0x000000003d3f0000,0x000000003d4f0000)]
  0x000000002c2f6000 JavaThread "clientInboundChannel-12" [_thread_blocked, id=83212, stack(0x000000003e250000,0x000000003e350000)]
  0x000000002c2f7000 JavaThread "clientInboundChannel-10" [_thread_blocked, id=5636, stack(0x000000003e380000,0x000000003e480000)]
  0x000000002c2f7800 JavaThread "clientInboundChannel-13" [_thread_blocked, id=76436, stack(0x000000003e5e0000,0x000000003e6e0000)]
  0x000000003235f800 JavaThread "clientInboundChannel-14" [_thread_blocked, id=28072, stack(0x000000003e840000,0x000000003e940000)]
  0x0000000032360000 JavaThread "clientOutboundChannel-5" [_thread_blocked, id=26728, stack(0x000000003e9d0000,0x000000003ead0000)]
  0x0000000032361000 JavaThread "clientOutboundChannel-6" [_thread_blocked, id=39200, stack(0x000000003e720000,0x000000003e820000)]

Other Threads:
  0x00000000294f2800 VMThread "VM Thread" [stack: 0x000000002aa90000,0x000000002ab90000] [id=35176]
  0x000000002a791800 WatcherThread [stack: 0x000000002b790000,0x000000002b890000] [id=30092]
  0x0000000000539000 GCTaskThread "GC Thread#0" [stack: 0x000000001c870000,0x000000001c970000] [id=34400]
  0x000000000053a800 GCTaskThread "GC Thread#1" [stack: 0x000000001ca00000,0x000000001cb00000] [id=41292]
  0x000000000053c800 GCTaskThread "GC Thread#2" [stack: 0x000000001ccf0000,0x000000001cdf0000] [id=32108]
  0x0000000000541800 GCTaskThread "GC Thread#3" [stack: 0x000000001ce60000,0x000000001cf60000] [id=60956]
  0x000000000058b800 ConcurrentGCThread "G1 Main Marker" [stack: 0x0000000026cd0000,0x0000000026dd0000] [id=60064]
  0x000000000058d000 ConcurrentGCThread "G1 Conc#0" [stack: 0x0000000026ef0000,0x0000000026ff0000] [id=56408]
  0x0000000029392800 ConcurrentGCThread "G1 Refine#0" [stack: 0x0000000029670000,0x0000000029770000] [id=38668]
  0x0000000029393000 ConcurrentGCThread "G1 Refine#1" [stack: 0x0000000029530000,0x0000000029630000] [id=66596]
  0x0000000029398800 ConcurrentGCThread "G1 Refine#2" [stack: 0x0000000029870000,0x0000000029970000] [id=9392]
  0x0000000029399800 ConcurrentGCThread "G1 Refine#3" [stack: 0x0000000029ab0000,0x0000000029bb0000] [id=54656]
  0x000000002939b800 ConcurrentGCThread "G1 Young RemSet Sampling" [stack: 0x0000000029c40000,0x0000000029d40000] [id=5124]

Threads with active compile tasks:
C2 CompilerThread15775       4       java.util.TreeMap::put (247 bytes)
C1 CompilerThread25783       3       java.lang.StringBuilder::append (8 bytes)

VM state:at safepoint (normal execution)

VM Mutex/Monitor currently owned by a thread:  ([mutex/lock_event])
[0x000000000051db80] Threads_lock - owner thread: 0x00000000294f2800
[0x000000000051e120] Heap_lock - owner thread: 0x000000002a78a000

OutOfMemory and StackOverflow Exception counts:
OutOfMemoryError java_heap_errors=1

Heap address: 0x00000006c0000000, size: 4096 MB, Compressed Oops mode: Zero based, Oop shift amount: 3
Narrow klass base: 0x0000000000000000, Narrow klass shift: 3
Compressed class space size: 1073741824 Address: 0x00000007c0000000

Heap:
 garbage-first heap   total 315392K, used 58748K [0x00000006c0000000, 0x00000007c0000000)
  region size 1024K, 35 young (35840K), 5 survivors (5120K)
 Metaspace       used 47356K, capacity 48450K, committed 48640K, reserved 1097728K
  class space    used 5323K, capacity 5763K, committed 5888K, reserved 1048576K
Heap Regions: E=young(eden), S=young(survivor), O=old, HS=humongous(starts), HC=humongous(continues), CS=collection set, F=free, A=archive, TS=gc time stamp, AC=allocation context, TAMS=top-at-mark-start (previous, next)
|   0|0x00000006c0000000, 0x00000006c0100000, 0x00000006c0100000|100%| O|  |TS  0|AC  0|TAMS 0x00000006c0100000, 0x00000006c0100000|
|   1|0x00000006c0100000, 0x00000006c0200000, 0x00000006c0200000|100%| O|  |TS  0|AC  0|TAMS 0x00000006c0200000, 0x00000006c0200000|
|   2|0x00000006c0200000, 0x00000006c0300000, 0x00000006c0300000|100%| O|  |TS  0|AC  0|TAMS 0x00000006c0300000, 0x00000006c0300000|
|   3|0x00000006c0300000, 0x00000006c0400000, 0x00000006c0400000|100%| O|  |TS  0|AC  0|TAMS 0x00000006c0400000, 0x00000006c0400000|
|   4|0x00000006c0400000, 0x00000006c0500000, 0x00000006c0500000|100%| O|  |TS  1|AC  0|TAMS 0x00000006c04abe00, 0x00000006c0500000|
|   5|0x00000006c0500000, 0x00000006c0600000, 0x00000006c0600000|100%| O|  |TS  1|AC  0|TAMS 0x00000006c0500000, 0x00000006c0600000|
|   6|0x00000006c0600000, 0x00000006c0700000, 0x00000006c0700000|100%| O|  |TS  1|AC  0|TAMS 0x00000006c0600000, 0x00000006c0700000|
|   7|0x00000006c0700000, 0x00000006c0800000, 0x00000006c0800000|100%| O|  |TS  1|AC  0|TAMS 0x00000006c0700000, 0x00000006c0800000|
|   8|0x00000006c0800000, 0x00000006c0900000, 0x00000006c0900000|100%| O|  |TS  1|AC  0|TAMS 0x00000006c0800000, 0x00000006c0900000|
|   9|0x00000006c0900000, 0x00000006c0a00000, 0x00000006c0a00000|100%| O|  |TS  2|AC  0|TAMS 0x00000006c0900000, 0x00000006c0a00000|
|  10|0x00000006c0a00000, 0x00000006c0b00000, 0x00000006c0b00000|100%| O|  |TS  2|AC  0|TAMS 0x00000006c0a00000, 0x00000006c0b00000|
|  11|0x00000006c0b00000, 0x00000006c0c00000, 0x00000006c0c00000|100%| O|  |TS  2|AC  0|TAMS 0x00000006c0b00000, 0x00000006c0c00000|
|  12|0x00000006c0c00000, 0x00000006c0d00000, 0x00000006c0d00000|100%| O|  |TS  2|AC  0|TAMS 0x00000006c0c00000, 0x00000006c0d00000|
|  13|0x00000006c0d00000, 0x00000006c0e00000, 0x00000006c0e00000|100%| O|  |TS  2|AC  0|TAMS 0x00000006c0d00000, 0x00000006c0e00000|
|  14|0x00000006c0e00000, 0x00000006c0f00000, 0x00000006c0f00000|100%| O|  |TS  2|AC  0|TAMS 0x00000006c0e00000, 0x00000006c0f00000|
|  15|0x00000006c0f00000, 0x00000006c1000000, 0x00000006c1000000|100%| O|  |TS  2|AC  0|TAMS 0x00000006c0f00000, 0x00000006c1000000|
|  16|0x00000006c1000000, 0x00000006c1100000, 0x00000006c1100000|100%| O|  |TS  2|AC  0|TAMS 0x00000006c1000000, 0x00000006c1100000|
|  17|0x00000006c1100000, 0x00000006c1200000, 0x00000006c1200000|100%| O|  |TS  2|AC  0|TAMS 0x00000006c1100000, 0x00000006c1200000|
|  18|0x00000006c1200000, 0x00000006c1300000, 0x00000006c1300000|100%| O|  |TS  2|AC  0|TAMS 0x00000006c1200000, 0x00000006c1300000|
|  19|0x00000006c1300000, 0x00000006c1400000, 0x00000006c1400000|100%| O|  |TS  2|AC  0|TAMS 0x00000006c1300000, 0x00000006c1400000|
|  20|0x00000006c1400000, 0x00000006c1500000, 0x00000006c1500000|100%| O|  |TS  2|AC  0|TAMS 0x00000006c1400000, 0x00000006c1500000|
|  21|0x00000006c1500000, 0x00000006c15df200, 0x00000006c1600000| 87%| O|  |TS  3|AC  0|TAMS 0x00000006c1500000, 0x00000006c1600000|
|  22|0x00000006c1600000, 0x00000006c1600000, 0x00000006c1700000|  0%| F|  |TS  0|AC  0|TAMS 0x00000006c1600000, 0x00000006c1600000|
|  23|0x00000006c1700000, 0x00000006c1700000, 0x00000006c1800000|  0%| F|  |TS  0|AC  0|TAMS 0x00000006c1700000, 0x00000006c1700000|
|  24|0x00000006c1800000, 0x00000006c1800000, 0x00000006c1900000|  0%| F|  |TS  0|AC  0|TAMS 0x00000006c1800000, 0x00000006c1800000|
|  25|0x00000006c1900000, 0x00000006c1900000, 0x00000006c1a00000|  0%| F|  |TS  0|AC  0|TAMS 0x00000006c1900000, 0x00000006c1900000|
|  26|0x00000006c1a00000, 0x00000006c1a00000, 0x00000006c1b00000|  0%| F|  |TS  0|AC  0|TAMS 0x00000006c1a00000, 0x00000006c1a00000|
|  27|0x00000006c1b00000, 0x00000006c1b00000, 0x00000006c1c00000|  0%| F|  |TS  0|AC  0|TAMS 0x00000006c1b00000, 0x00000006c1b00000|
|  28|0x00000006c1c00000, 0x00000006c1c00000, 0x00000006c1d00000|  0%| F|  |TS  0|AC  0|TAMS 0x00000006c1c00000, 0x00000006c1c00000|
|  29|0x00000006c1d00000, 0x00000006c1d00000, 0x00000006c1e00000|  0%| F|  |TS  0|AC  0|TAMS 0x00000006c1d00000, 0x00000006c1d00000|
|  30|0x00000006c1e00000, 0x00000006c1e00000, 0x00000006c1f00000|  0%| F|  |TS  0|AC  0|TAMS 0x00000006c1e00000, 0x00000006c1e00000|
|  31|0x00000006c1f00000, 0x00000006c1f00000, 0x00000006c2000000|  0%| F|  |TS  0|AC  0|TAMS 0x00000006c1f00000, 0x00000006c1f00000|
|  32|0x00000006c2000000, 0x00000006c2000000, 0x00000006c2100000|  0%| F|  |TS  0|AC  0|TAMS 0x00000006c2000000, 0x00000006c2000000|
|  33|0x00000006c2100000, 0x00000006c2100000, 0x00000006c2200000|  0%| F|  |TS  0|AC  0|TAMS 0x00000006c2100000, 0x00000006c2100000|
|  34|0x00000006c2200000, 0x00000006c2200000, 0x00000006c2300000|  0%| F|  |TS  0|AC  0|TAMS 0x00000006c2200000, 0x00000006c2200000|
|  35|0x00000006c2300000, 0x00000006c2300000, 0x00000006c2400000|  0%| F|  |TS  0|AC  0|TAMS 0x00000006c2300000, 0x00000006c2300000|
|  36|0x00000006c2400000, 0x00000006c2400000, 0x00000006c2500000|  0%| F|  |TS  0|AC  0|TAMS 0x00000006c2400000, 0x00000006c2400000|
|  37|0x00000006c2500000, 0x00000006c2500000, 0x00000006c2600000|  0%| F|  |TS  0|AC  0|TAMS 0x00000006c2500000, 0x00000006c2500000|
|  38|0x00000006c2600000, 0x00000006c2600000, 0x00000006c2700000|  0%| F|  |TS  0|AC  0|TAMS 0x00000006c2600000, 0x00000006c2600000|
|  39|0x00000006c2700000, 0x00000006c2700000, 0x00000006c2800000|  0%| F|  |TS  0|AC  0|TAMS 0x00000006c2700000, 0x00000006c2700000|
|  40|0x00000006c2800000, 0x00000006c2800000, 0x00000006c2900000|  0%| F|  |TS  0|AC  0|TAMS 0x00000006c2800000, 0x00000006c2800000|
|  41|0x00000006c2900000, 0x00000006c2900000, 0x00000006c2a00000|  0%| F|  |TS  0|AC  0|TAMS 0x00000006c2900000, 0x00000006c2900000|
|  42|0x00000006c2a00000, 0x00000006c2a00000, 0x00000006c2b00000|  0%| F|  |TS  0|AC  0|TAMS 0x00000006c2a00000, 0x00000006c2a00000|
|  43|0x00000006c2b00000, 0x00000006c2b00000, 0x00000006c2c00000|  0%| F|  |TS  0|AC  0|TAMS 0x00000006c2b00000, 0x00000006c2b00000|
|  44|0x00000006c2c00000, 0x00000006c2c00000, 0x00000006c2d00000|  0%| F|  |TS  0|AC  0|TAMS 0x00000006c2c00000, 0x00000006c2c00000|
|  45|0x00000006c2d00000, 0x00000006c2d00000, 0x00000006c2e00000|  0%| F|  |TS  0|AC  0|TAMS 0x00000006c2d00000, 0x00000006c2d00000|
|  46|0x00000006c2e00000, 0x00000006c2e00000, 0x00000006c2f00000|  0%| F|  |TS  0|AC  0|TAMS 0x00000006c2e00000, 0x00000006c2e00000|
|  47|0x00000006c2f00000, 0x00000006c2f00000, 0x00000006c3000000|  0%| F|  |TS  0|AC  0|TAMS 0x00000006c2f00000, 0x00000006c2f00000|
|  48|0x00000006c3000000, 0x00000006c3000000, 0x00000006c3100000|  0%| F|  |TS  0|AC  0|TAMS 0x00000006c3000000, 0x00000006c3000000|
|  49|0x00000006c3100000, 0x00000006c3100000, 0x00000006c3200000|  0%| F|  |TS  0|AC  0|TAMS 0x00000006c3100000, 0x00000006c3100000|
|  50|0x00000006c3200000, 0x00000006c3200000, 0x00000006c3300000|  0%| F|  |TS  0|AC  0|TAMS 0x00000006c3200000, 0x00000006c3200000|
|  51|0x00000006c3300000, 0x00000006c3300000, 0x00000006c3400000|  0%| F|  |TS  0|AC  0|TAMS 0x00000006c3300000, 0x00000006c3300000|
|  52|0x00000006c3400000, 0x00000006c3400000, 0x00000006c3500000|  0%| F|  |TS  0|AC  0|TAMS 0x00000006c3400000, 0x00000006c3400000|
|  53|0x00000006c3500000, 0x00000006c3500000, 0x00000006c3600000|  0%| F|  |TS  0|AC  0|TAMS 0x00000006c3500000, 0x00000006c3500000|
|  54|0x00000006c3600000, 0x00000006c3600000, 0x00000006c3700000|  0%| F|  |TS  0|AC  0|TAMS 0x00000006c3600000, 0x00000006c3600000|
|  55|0x00000006c3700000, 0x00000006c3700000, 0x00000006c3800000|  0%| F|  |TS  0|AC  0|TAMS 0x00000006c3700000, 0x00000006c3700000|
|  56|0x00000006c3800000, 0x00000006c3800000, 0x00000006c3900000|  0%| F|  |TS  0|AC  0|TAMS 0x00000006c3800000, 0x00000006c3800000|
|  57|0x00000006c3900000, 0x00000006c3900000, 0x00000006c3a00000|  0%| F|  |TS  0|AC  0|TAMS 0x00000006c3900000, 0x00000006c3900000|
|  58|0x00000006c3a00000, 0x00000006c3a00000, 0x00000006c3b00000|  0%| F|  |TS  0|AC  0|TAMS 0x00000006c3a00000, 0x00000006c3a00000|
|  59|0x00000006c3b00000, 0x00000006c3b00000, 0x00000006c3c00000|  0%| F|  |TS  0|AC  0|TAMS 0x00000006c3b00000, 0x00000006c3b00000|
|  60|0x00000006c3c00000, 0x00000006c3c00000, 0x00000006c3d00000|  0%| F|  |TS  0|AC  0|TAMS 0x00000006c3c00000, 0x00000006c3c00000|
|  61|0x00000006c3d00000, 0x00000006c3d00000, 0x00000006c3e00000|  0%| F|  |TS  0|AC  0|TAMS 0x00000006c3d00000, 0x00000006c3d00000|
|  62|0x00000006c3e00000, 0x00000006c3e00000, 0x00000006c3f00000|  0%| F|  |TS  0|AC  0|TAMS 0x00000006c3e00000, 0x00000006c3e00000|
|  63|0x00000006c3f00000, 0x00000006c3f00000, 0x00000006c4000000|  0%| F|  |TS  0|AC  0|TAMS 0x00000006c3f00000, 0x00000006c3f00000|
|  64|0x00000006c4000000, 0x00000006c4000000, 0x00000006c4100000|  0%| F|  |TS  0|AC  0|TAMS 0x00000006c4000000, 0x00000006c4000000|
|  65|0x00000006c4100000, 0x00000006c4100000, 0x00000006c4200000|  0%| F|  |TS  0|AC  0|TAMS 0x00000006c4100000, 0x00000006c4100000|
|  66|0x00000006c4200000, 0x00000006c4200000, 0x00000006c4300000|  0%| F|  |TS  0|AC  0|TAMS 0x00000006c4200000, 0x00000006c4200000|
|  67|0x00000006c4300000, 0x00000006c4300000, 0x00000006c4400000|  0%| F|  |TS  0|AC  0|TAMS 0x00000006c4300000, 0x00000006c4300000|
|  68|0x00000006c4400000, 0x00000006c4400000, 0x00000006c4500000|  0%| F|  |TS  0|AC  0|TAMS 0x00000006c4400000, 0x00000006c4400000|
|  69|0x00000006c4500000, 0x00000006c4500000, 0x00000006c4600000|  0%| F|  |TS  0|AC  0|TAMS 0x00000006c4500000, 0x00000006c4500000|
|  70|0x00000006c4600000, 0x00000006c4600000, 0x00000006c4700000|  0%| F|  |TS  0|AC  0|TAMS 0x00000006c4600000, 0x00000006c4600000|
|  71|0x00000006c4700000, 0x00000006c4700000, 0x00000006c4800000|  0%| F|  |TS  0|AC  0|TAMS 0x00000006c4700000, 0x00000006c4700000|
|  72|0x00000006c4800000, 0x00000006c4800000, 0x00000006c4900000|  0%| F|  |TS  0|AC  0|TAMS 0x00000006c4800000, 0x00000006c4800000|
|  73|0x00000006c4900000, 0x00000006c4900000, 0x00000006c4a00000|  0%| F|  |TS  0|AC  0|TAMS 0x00000006c4900000, 0x00000006c4900000|
|  74|0x00000006c4a00000, 0x00000006c4a00000, 0x00000006c4b00000|  0%| F|  |TS  0|AC  0|TAMS 0x00000006c4a00000, 0x00000006c4a00000|
|  75|0x00000006c4b00000, 0x00000006c4b00000, 0x00000006c4c00000|  0%| F|  |TS  0|AC  0|TAMS 0x00000006c4b00000, 0x00000006c4b00000|
|  76|0x00000006c4c00000, 0x00000006c4c00000, 0x00000006c4d00000|  0%| F|  |TS  0|AC  0|TAMS 0x00000006c4c00000, 0x00000006c4c00000|
|  77|0x00000006c4d00000, 0x00000006c4d00000, 0x00000006c4e00000|  0%| F|  |TS  0|AC  0|TAMS 0x00000006c4d00000, 0x00000006c4d00000|
|  78|0x00000006c4e00000, 0x00000006c4e00000, 0x00000006c4f00000|  0%| F|  |TS  0|AC  0|TAMS 0x00000006c4e00000, 0x00000006c4e00000|
|  79|0x00000006c4f00000, 0x00000006c4f00000, 0x00000006c5000000|  0%| F|  |TS  0|AC  0|TAMS 0x00000006c4f00000, 0x00000006c4f00000|
|  80|0x00000006c5000000, 0x00000006c5000000, 0x00000006c5100000|  0%| F|  |TS  0|AC  0|TAMS 0x00000006c5000000, 0x00000006c5000000|
|  81|0x00000006c5100000, 0x00000006c5100000, 0x00000006c5200000|  0%| F|  |TS  0|AC  0|TAMS 0x00000006c5100000, 0x00000006c5100000|
|  82|0x00000006c5200000, 0x00000006c5200000, 0x00000006c5300000|  0%| F|  |TS  0|AC  0|TAMS 0x00000006c5200000, 0x00000006c5200000|
|  83|0x00000006c5300000, 0x00000006c5300000, 0x00000006c5400000|  0%| F|  |TS  0|AC  0|TAMS 0x00000006c5300000, 0x00000006c5300000|
|  84|0x00000006c5400000, 0x00000006c5400000, 0x00000006c5500000|  0%| F|  |TS  0|AC  0|TAMS 0x00000006c5400000, 0x00000006c5400000|
|  85|0x00000006c5500000, 0x00000006c5500000, 0x00000006c5600000|  0%| F|  |TS  0|AC  0|TAMS 0x00000006c5500000, 0x00000006c5500000|
|  86|0x00000006c5600000, 0x00000006c5600000, 0x00000006c5700000|  0%| F|  |TS  0|AC  0|TAMS 0x00000006c5600000, 0x00000006c5600000|
|  87|0x00000006c5700000, 0x00000006c5700000, 0x00000006c5800000|  0%| F|  |TS  0|AC  0|TAMS 0x00000006c5700000, 0x00000006c5700000|
|  88|0x00000006c5800000, 0x00000006c5800000, 0x00000006c5900000|  0%| F|  |TS  0|AC  0|TAMS 0x00000006c5800000, 0x00000006c5800000|
|  89|0x00000006c5900000, 0x00000006c5900000, 0x00000006c5a00000|  0%| F|  |TS  0|AC  0|TAMS 0x00000006c5900000, 0x00000006c5900000|
|  90|0x00000006c5a00000, 0x00000006c5a00000, 0x00000006c5b00000|  0%| F|  |TS  0|AC  0|TAMS 0x00000006c5a00000, 0x00000006c5a00000|
|  91|0x00000006c5b00000, 0x00000006c5b00000, 0x00000006c5c00000|  0%| F|  |TS  0|AC  0|TAMS 0x00000006c5b00000, 0x00000006c5b00000|
|  92|0x00000006c5c00000, 0x00000006c5c00000, 0x00000006c5d00000|  0%| F|  |TS  0|AC  0|TAMS 0x00000006c5c00000, 0x00000006c5c00000|
|  93|0x00000006c5d00000, 0x00000006c5d00000, 0x00000006c5e00000|  0%| F|  |TS  0|AC  0|TAMS 0x00000006c5d00000, 0x00000006c5d00000|
|  94|0x00000006c5e00000, 0x00000006c5e00000, 0x00000006c5f00000|  0%| F|  |TS  0|AC  0|TAMS 0x00000006c5e00000, 0x00000006c5e00000|
|  95|0x00000006c5f00000, 0x00000006c5f00000, 0x00000006c6000000|  0%| F|  |TS  0|AC  0|TAMS 0x00000006c5f00000, 0x00000006c5f00000|
|  96|0x00000006c6000000, 0x00000006c6000000, 0x00000006c6100000|  0%| F|  |TS  0|AC  0|TAMS 0x00000006c6000000, 0x00000006c6000000|
|  97|0x00000006c6100000, 0x00000006c6100000, 0x00000006c6200000|  0%| F|  |TS  0|AC  0|TAMS 0x00000006c6100000, 0x00000006c6100000|
|  98|0x00000006c6200000, 0x00000006c6200000, 0x00000006c6300000|  0%| F|  |TS  0|AC  0|TAMS 0x00000006c6200000, 0x00000006c6200000|
|  99|0x00000006c6300000, 0x00000006c6300000, 0x00000006c6400000|  0%| F|  |TS  0|AC  0|TAMS 0x00000006c6300000, 0x00000006c6300000|
| 100|0x00000006c6400000, 0x00000006c6400000, 0x00000006c6500000|  0%| F|  |TS  0|AC  0|TAMS 0x00000006c6400000, 0x00000006c6400000|
| 101|0x00000006c6500000, 0x00000006c6500000, 0x00000006c6600000|  0%| F|  |TS  0|AC  0|TAMS 0x00000006c6500000, 0x00000006c6500000|
| 102|0x00000006c6600000, 0x00000006c6600000, 0x00000006c6700000|  0%| F|  |TS  0|AC  0|TAMS 0x00000006c6600000, 0x00000006c6600000|
| 103|0x00000006c6700000, 0x00000006c6700000, 0x00000006c6800000|  0%| F|  |TS  0|AC  0|TAMS 0x00000006c6700000, 0x00000006c6700000|
| 104|0x00000006c6800000, 0x00000006c6800000, 0x00000006c6900000|  0%| F|  |TS  0|AC  0|TAMS 0x00000006c6800000, 0x00000006c6800000|
| 105|0x00000006c6900000, 0x00000006c6900000, 0x00000006c6a00000|  0%| F|  |TS  0|AC  0|TAMS 0x00000006c6900000, 0x00000006c6900000|
| 106|0x00000006c6a00000, 0x00000006c6a00000, 0x00000006c6b00000|  0%| F|  |TS  0|AC  0|TAMS 0x00000006c6a00000, 0x00000006c6a00000|
| 107|0x00000006c6b00000, 0x00000006c6b00000, 0x00000006c6c00000|  0%| F|  |TS  0|AC  0|TAMS 0x00000006c6b00000, 0x00000006c6b00000|
| 108|0x00000006c6c00000, 0x00000006c6c00000, 0x00000006c6d00000|  0%| F|  |TS  0|AC  0|TAMS 0x00000006c6c00000, 0x00000006c6c00000|
| 109|0x00000006c6d00000, 0x00000006c6d00000, 0x00000006c6e00000|  0%| F|  |TS  0|AC  0|TAMS 0x00000006c6d00000, 0x00000006c6d00000|
| 110|0x00000006c6e00000, 0x00000006c6e00000, 0x00000006c6f00000|  0%| F|  |TS  0|AC  0|TAMS 0x00000006c6e00000, 0x00000006c6e00000|
| 111|0x00000006c6f00000, 0x00000006c6f00000, 0x00000006c7000000|  0%| F|  |TS  0|AC  0|TAMS 0x00000006c6f00000, 0x00000006c6f00000|
| 112|0x00000006c7000000, 0x00000006c7000000, 0x00000006c7100000|  0%| F|  |TS  0|AC  0|TAMS 0x00000006c7000000, 0x00000006c7000000|
| 113|0x00000006c7100000, 0x00000006c7100000, 0x00000006c7200000|  0%| F|  |TS  0|AC  0|TAMS 0x00000006c7100000, 0x00000006c7100000|
| 114|0x00000006c7200000, 0x00000006c7200000, 0x00000006c7300000|  0%| F|  |TS  0|AC  0|TAMS 0x00000006c7200000, 0x00000006c7200000|
| 115|0x00000006c7300000, 0x00000006c7300000, 0x00000006c7400000|  0%| F|  |TS  0|AC  0|TAMS 0x00000006c7300000, 0x00000006c7300000|
| 116|0x00000006c7400000, 0x00000006c7400000, 0x00000006c7500000|  0%| F|  |TS  0|AC  0|TAMS 0x00000006c7400000, 0x00000006c7400000|
| 117|0x00000006c7500000, 0x00000006c7500000, 0x00000006c7600000|  0%| F|  |TS  0|AC  0|TAMS 0x00000006c7500000, 0x00000006c7500000|
| 118|0x00000006c7600000, 0x00000006c7600000, 0x00000006c7700000|  0%| F|  |TS  0|AC  0|TAMS 0x00000006c7600000, 0x00000006c7600000|
| 119|0x00000006c7700000, 0x00000006c7700000, 0x00000006c7800000|  0%| F|  |TS  0|AC  0|TAMS 0x00000006c7700000, 0x00000006c7700000|
| 120|0x00000006c7800000, 0x00000006c7800000, 0x00000006c7900000|  0%| F|  |TS  0|AC  0|TAMS 0x00000006c7800000, 0x00000006c7800000|
| 121|0x00000006c7900000, 0x00000006c7900000, 0x00000006c7a00000|  0%| F|  |TS  0|AC  0|TAMS 0x00000006c7900000, 0x00000006c7900000|
| 122|0x00000006c7a00000, 0x00000006c7a00000, 0x00000006c7b00000|  0%| F|  |TS  0|AC  0|TAMS 0x00000006c7a00000, 0x00000006c7a00000|
| 123|0x00000006c7b00000, 0x00000006c7b00000, 0x00000006c7c00000|  0%| F|  |TS  0|AC  0|TAMS 0x00000006c7b00000, 0x00000006c7b00000|
| 124|0x00000006c7c00000, 0x00000006c7c00000, 0x00000006c7d00000|  0%| F|  |TS  0|AC  0|TAMS 0x00000006c7c00000, 0x00000006c7c00000|
| 125|0x00000006c7d00000, 0x00000006c7d00000, 0x00000006c7e00000|  0%| F|  |TS  0|AC  0|TAMS 0x00000006c7d00000, 0x00000006c7d00000|
| 126|0x00000006c7e00000, 0x00000006c7e00000, 0x00000006c7f00000|  0%| F|  |TS  0|AC  0|TAMS 0x00000006c7e00000, 0x00000006c7e00000|
| 127|0x00000006c7f00000, 0x00000006c7f00000, 0x00000006c8000000|  0%| F|  |TS  0|AC  0|TAMS 0x00000006c7f00000, 0x00000006c7f00000|
| 128|0x00000006c8000000, 0x00000006c8000000, 0x00000006c8100000|  0%| F|  |TS  0|AC  0|TAMS 0x00000006c8000000, 0x00000006c8000000|
| 129|0x00000006c8100000, 0x00000006c8100000, 0x00000006c8200000|  0%| F|  |TS  0|AC  0|TAMS 0x00000006c8100000, 0x00000006c8100000|
| 130|0x00000006c8200000, 0x00000006c8200000, 0x00000006c8300000|  0%| F|  |TS  0|AC  0|TAMS 0x00000006c8200000, 0x00000006c8200000|
| 131|0x00000006c8300000, 0x00000006c8300000, 0x00000006c8400000|  0%| F|  |TS  0|AC  0|TAMS 0x00000006c8300000, 0x00000006c8300000|
| 132|0x00000006c8400000, 0x00000006c8400000, 0x00000006c8500000|  0%| F|  |TS  0|AC  0|TAMS 0x00000006c8400000, 0x00000006c8400000|
| 133|0x00000006c8500000, 0x00000006c8500000, 0x00000006c8600000|  0%| F|  |TS  0|AC  0|TAMS 0x00000006c8500000, 0x00000006c8500000|
| 134|0x00000006c8600000, 0x00000006c8600000, 0x00000006c8700000|  0%| F|  |TS  0|AC  0|TAMS 0x00000006c8600000, 0x00000006c8600000|
| 135|0x00000006c8700000, 0x00000006c8700000, 0x00000006c8800000|  0%| F|  |TS  0|AC  0|TAMS 0x00000006c8700000, 0x00000006c8700000|
| 136|0x00000006c8800000, 0x00000006c8800000, 0x00000006c8900000|  0%| F|  |TS  0|AC  0|TAMS 0x00000006c8800000, 0x00000006c8800000|
| 137|0x00000006c8900000, 0x00000006c8900000, 0x00000006c8a00000|  0%| F|  |TS  0|AC  0|TAMS 0x00000006c8900000, 0x00000006c8900000|
| 138|0x00000006c8a00000, 0x00000006c8a00000, 0x00000006c8b00000|  0%| F|  |TS  0|AC  0|TAMS 0x00000006c8a00000, 0x00000006c8a00000|
| 139|0x00000006c8b00000, 0x00000006c8b00000, 0x00000006c8c00000|  0%| F|  |TS  0|AC  0|TAMS 0x00000006c8b00000, 0x00000006c8b00000|
| 140|0x00000006c8c00000, 0x00000006c8c00000, 0x00000006c8d00000|  0%| F|  |TS  0|AC  0|TAMS 0x00000006c8c00000, 0x00000006c8c00000|
| 141|0x00000006c8d00000, 0x00000006c8d00000, 0x00000006c8e00000|  0%| F|  |TS  0|AC  0|TAMS 0x00000006c8d00000, 0x00000006c8d00000|
| 142|0x00000006c8e00000, 0x00000006c8e00000, 0x00000006c8f00000|  0%| F|  |TS  0|AC  0|TAMS 0x00000006c8e00000, 0x00000006c8e00000|
| 143|0x00000006c8f00000, 0x00000006c8f00000, 0x00000006c9000000|  0%| F|  |TS  0|AC  0|TAMS 0x00000006c8f00000, 0x00000006c8f00000|
| 144|0x00000006c9000000, 0x00000006c9000000, 0x00000006c9100000|  0%| F|  |TS  0|AC  0|TAMS 0x00000006c9000000, 0x00000006c9000000|
| 145|0x00000006c9100000, 0x00000006c9100000, 0x00000006c9200000|  0%| F|  |TS  0|AC  0|TAMS 0x00000006c9100000, 0x00000006c9100000|
| 146|0x00000006c9200000, 0x00000006c9200000, 0x00000006c9300000|  0%| F|  |TS  0|AC  0|TAMS 0x00000006c9200000, 0x00000006c9200000|
| 147|0x00000006c9300000, 0x00000006c9300000, 0x00000006c9400000|  0%| F|  |TS  0|AC  0|TAMS 0x00000006c9300000, 0x00000006c9300000|
| 148|0x00000006c9400000, 0x00000006c9400000, 0x00000006c9500000|  0%| F|  |TS  0|AC  0|TAMS 0x00000006c9400000, 0x00000006c9400000|
| 149|0x00000006c9500000, 0x00000006c9500000, 0x00000006c9600000|  0%| F|  |TS  0|AC  0|TAMS 0x00000006c9500000, 0x00000006c9500000|
| 150|0x00000006c9600000, 0x00000006c9600000, 0x00000006c9700000|  0%| F|  |TS  0|AC  0|TAMS 0x00000006c9600000, 0x00000006c9600000|
| 151|0x00000006c9700000, 0x00000006c9700000, 0x00000006c9800000|  0%| F|  |TS  0|AC  0|TAMS 0x00000006c9700000, 0x00000006c9700000|
| 152|0x00000006c9800000, 0x00000006c9800000, 0x00000006c9900000|  0%| F|  |TS  0|AC  0|TAMS 0x00000006c9800000, 0x00000006c9800000|
| 153|0x00000006c9900000, 0x00000006c9900000, 0x00000006c9a00000|  0%| F|  |TS  0|AC  0|TAMS 0x00000006c9900000, 0x00000006c9900000|
| 154|0x00000006c9a00000, 0x00000006c9a00000, 0x00000006c9b00000|  0%| F|  |TS  0|AC  0|TAMS 0x00000006c9a00000, 0x00000006c9a00000|
| 155|0x00000006c9b00000, 0x00000006c9b00000, 0x00000006c9c00000|  0%| F|  |TS  0|AC  0|TAMS 0x00000006c9b00000, 0x00000006c9b00000|
| 156|0x00000006c9c00000, 0x00000006c9c00000, 0x00000006c9d00000|  0%| F|  |TS  0|AC  0|TAMS 0x00000006c9c00000, 0x00000006c9c00000|
| 157|0x00000006c9d00000, 0x00000006c9d00000, 0x00000006c9e00000|  0%| F|  |TS  0|AC  0|TAMS 0x00000006c9d00000, 0x00000006c9d00000|
| 158|0x00000006c9e00000, 0x00000006c9e00000, 0x00000006c9f00000|  0%| F|  |TS  0|AC  0|TAMS 0x00000006c9e00000, 0x00000006c9e00000|
| 159|0x00000006c9f00000, 0x00000006c9f00000, 0x00000006ca000000|  0%| F|  |TS  0|AC  0|TAMS 0x00000006c9f00000, 0x00000006c9f00000|
| 160|0x00000006ca000000, 0x00000006ca000000, 0x00000006ca100000|  0%| F|  |TS  0|AC  0|TAMS 0x00000006ca000000, 0x00000006ca000000|
| 161|0x00000006ca100000, 0x00000006ca100000, 0x00000006ca200000|  0%| F|  |TS  0|AC  0|TAMS 0x00000006ca100000, 0x00000006ca100000|
| 162|0x00000006ca200000, 0x00000006ca200000, 0x00000006ca300000|  0%| F|  |TS  0|AC  0|TAMS 0x00000006ca200000, 0x00000006ca200000|
| 163|0x00000006ca300000, 0x00000006ca300000, 0x00000006ca400000|  0%| F|  |TS  0|AC  0|TAMS 0x00000006ca300000, 0x00000006ca300000|
| 164|0x00000006ca400000, 0x00000006ca400000, 0x00000006ca500000|  0%| F|  |TS  0|AC  0|TAMS 0x00000006ca400000, 0x00000006ca400000|
| 165|0x00000006ca500000, 0x00000006ca500000, 0x00000006ca600000|  0%| F|  |TS  0|AC  0|TAMS 0x00000006ca500000, 0x00000006ca500000|
| 166|0x00000006ca600000, 0x00000006ca600000, 0x00000006ca700000|  0%| F|  |TS  0|AC  0|TAMS 0x00000006ca600000, 0x00000006ca600000|
| 167|0x00000006ca700000, 0x00000006ca700000, 0x00000006ca800000|  0%| F|  |TS  0|AC  0|TAMS 0x00000006ca700000, 0x00000006ca700000|
| 168|0x00000006ca800000, 0x00000006ca800000, 0x00000006ca900000|  0%| F|  |TS  0|AC  0|TAMS 0x00000006ca800000, 0x00000006ca800000|
| 169|0x00000006ca900000, 0x00000006ca900000, 0x00000006caa00000|  0%| F|  |TS  0|AC  0|TAMS 0x00000006ca900000, 0x00000006ca900000|
| 170|0x00000006caa00000, 0x00000006caa00000, 0x00000006cab00000|  0%| F|  |TS  0|AC  0|TAMS 0x00000006caa00000, 0x00000006caa00000|
| 171|0x00000006cab00000, 0x00000006cab00000, 0x00000006cac00000|  0%| F|  |TS  0|AC  0|TAMS 0x00000006cab00000, 0x00000006cab00000|
| 172|0x00000006cac00000, 0x00000006cac00000, 0x00000006cad00000|  0%| F|  |TS  0|AC  0|TAMS 0x00000006cac00000, 0x00000006cac00000|
| 173|0x00000006cad00000, 0x00000006cad00000, 0x00000006cae00000|  0%| F|  |TS  0|AC  0|TAMS 0x00000006cad00000, 0x00000006cad00000|
| 174|0x00000006cae00000, 0x00000006cae00000, 0x00000006caf00000|  0%| F|  |TS  0|AC  0|TAMS 0x00000006cae00000, 0x00000006cae00000|
| 175|0x00000006caf00000, 0x00000006caf00000, 0x00000006cb000000|  0%| F|  |TS  0|AC  0|TAMS 0x00000006caf00000, 0x00000006caf00000|
| 176|0x00000006cb000000, 0x00000006cb000000, 0x00000006cb100000|  0%| F|  |TS  0|AC  0|TAMS 0x00000006cb000000, 0x00000006cb000000|
| 177|0x00000006cb100000, 0x00000006cb100000, 0x00000006cb200000|  0%| F|  |TS  0|AC  0|TAMS 0x00000006cb100000, 0x00000006cb100000|
| 178|0x00000006cb200000, 0x00000006cb200000, 0x00000006cb300000|  0%| F|  |TS  0|AC  0|TAMS 0x00000006cb200000, 0x00000006cb200000|
| 179|0x00000006cb300000, 0x00000006cb300000, 0x00000006cb400000|  0%| F|  |TS  0|AC  0|TAMS 0x00000006cb300000, 0x00000006cb300000|
| 180|0x00000006cb400000, 0x00000006cb400000, 0x00000006cb500000|  0%| F|  |TS  0|AC  0|TAMS 0x00000006cb400000, 0x00000006cb400000|
| 181|0x00000006cb500000, 0x00000006cb500000, 0x00000006cb600000|  0%| F|  |TS  0|AC  0|TAMS 0x00000006cb500000, 0x00000006cb500000|
| 182|0x00000006cb600000, 0x00000006cb680000, 0x00000006cb700000| 50%| E|CS|TS  2|AC  0|TAMS 0x00000006cb600000, 0x00000006cb680000|
| 183|0x00000006cb700000, 0x00000006cb800000, 0x00000006cb800000|100%| E|CS|TS  2|AC  0|TAMS 0x00000006cb700000, 0x00000006cb800000|
| 184|0x00000006cb800000, 0x00000006cb900000, 0x00000006cb900000|100%| E|CS|TS  2|AC  0|TAMS 0x00000006cb800000, 0x00000006cb900000|
| 185|0x00000006cb900000, 0x00000006cba00000, 0x00000006cba00000|100%| E|CS|TS  2|AC  0|TAMS 0x00000006cb900000, 0x00000006cba00000|
| 186|0x00000006cba00000, 0x00000006cbb00000, 0x00000006cbb00000|100%| E|CS|TS  2|AC  0|TAMS 0x00000006cba00000, 0x00000006cbb00000|
| 187|0x00000006cbb00000, 0x00000006cbc00000, 0x00000006cbc00000|100%| E|CS|TS  2|AC  0|TAMS 0x00000006cbb00000, 0x00000006cbc00000|
| 188|0x00000006cbc00000, 0x00000006cbc00000, 0x00000006cbd00000|  0%| F|  |TS  2|AC  0|TAMS 0x00000006cbc00000, 0x00000006cbc00000|
| 189|0x00000006cbd00000, 0x00000006cbd00000, 0x00000006cbe00000|  0%| F|  |TS  2|AC  0|TAMS 0x00000006cbd00000, 0x00000006cbd00000|
| 190|0x00000006cbe00000, 0x00000006cbe00000, 0x00000006cbf00000|  0%| F|  |TS  2|AC  0|TAMS 0x00000006cbe00000, 0x00000006cbe00000|
| 191|0x00000006cbf00000, 0x00000006cbf00000, 0x00000006cc000000|  0%| F|  |TS  2|AC  0|TAMS 0x00000006cbf00000, 0x00000006cbf00000|
| 192|0x00000006cc000000, 0x00000006cc000000, 0x00000006cc100000|  0%| F|  |TS  2|AC  0|TAMS 0x00000006cc000000, 0x00000006cc000000|
| 193|0x00000006cc100000, 0x00000006cc100000, 0x00000006cc200000|  0%| F|  |TS  2|AC  0|TAMS 0x00000006cc100000, 0x00000006cc100000|
| 194|0x00000006cc200000, 0x00000006cc200000, 0x00000006cc300000|  0%| F|  |TS  2|AC  0|TAMS 0x00000006cc200000, 0x00000006cc200000|
| 195|0x00000006cc300000, 0x00000006cc300000, 0x00000006cc400000|  0%| F|  |TS  2|AC  0|TAMS 0x00000006cc300000, 0x00000006cc300000|
| 196|0x00000006cc400000, 0x00000006cc400000, 0x00000006cc500000|  0%| F|  |TS  2|AC  0|TAMS 0x00000006cc400000, 0x00000006cc400000|
| 197|0x00000006cc500000, 0x00000006cc500000, 0x00000006cc600000|  0%| F|  |TS  2|AC  0|TAMS 0x00000006cc500000, 0x00000006cc500000|
| 198|0x00000006cc600000, 0x00000006cc600000, 0x00000006cc700000|  0%| F|  |TS  2|AC  0|TAMS 0x00000006cc600000, 0x00000006cc600000|
| 199|0x00000006cc700000, 0x00000006cc700000, 0x00000006cc800000|  0%| F|  |TS  2|AC  0|TAMS 0x00000006cc700000, 0x00000006cc700000|
| 200|0x00000006cc800000, 0x00000006cc800000, 0x00000006cc900000|  0%| F|  |TS  2|AC  0|TAMS 0x00000006cc800000, 0x00000006cc800000|
| 201|0x00000006cc900000, 0x00000006cc900000, 0x00000006cca00000|  0%| F|  |TS  2|AC  0|TAMS 0x00000006cc900000, 0x00000006cc900000|
| 202|0x00000006cca00000, 0x00000006cca00000, 0x00000006ccb00000|  0%| F|  |TS  2|AC  0|TAMS 0x00000006cca00000, 0x00000006cca00000|
| 203|0x00000006ccb00000, 0x00000006ccb00000, 0x00000006ccc00000|  0%| F|  |TS  2|AC  0|TAMS 0x00000006ccb00000, 0x00000006ccb00000|
| 204|0x00000006ccc00000, 0x00000006ccc00000, 0x00000006ccd00000|  0%| F|  |TS  2|AC  0|TAMS 0x00000006ccc00000, 0x00000006ccc00000|
| 205|0x00000006ccd00000, 0x00000006ccd00000, 0x00000006cce00000|  0%| F|  |TS  2|AC  0|TAMS 0x00000006ccd00000, 0x00000006ccd00000|
| 206|0x00000006cce00000, 0x00000006cce00000, 0x00000006ccf00000|  0%| F|  |TS  2|AC  0|TAMS 0x00000006cce00000, 0x00000006cce00000|
| 207|0x00000006ccf00000, 0x00000006ccf00000, 0x00000006cd000000|  0%| F|  |TS  2|AC  0|TAMS 0x00000006ccf00000, 0x00000006ccf00000|
| 208|0x00000006cd000000, 0x00000006cd000000, 0x00000006cd100000|  0%| F|  |TS  2|AC  0|TAMS 0x00000006cd000000, 0x00000006cd000000|
| 209|0x00000006cd100000, 0x00000006cd100000, 0x00000006cd200000|  0%| F|  |TS  2|AC  0|TAMS 0x00000006cd100000, 0x00000006cd100000|
| 210|0x00000006cd200000, 0x00000006cd200000, 0x00000006cd300000|  0%| F|  |TS  2|AC  0|TAMS 0x00000006cd200000, 0x00000006cd200000|
| 211|0x00000006cd300000, 0x00000006cd300000, 0x00000006cd400000|  0%| F|  |TS  2|AC  0|TAMS 0x00000006cd300000, 0x00000006cd300000|
| 212|0x00000006cd400000, 0x00000006cd400000, 0x00000006cd500000|  0%| F|  |TS  2|AC  0|TAMS 0x00000006cd400000, 0x00000006cd400000|
| 213|0x00000006cd500000, 0x00000006cd500000, 0x00000006cd600000|  0%| F|  |TS  2|AC  0|TAMS 0x00000006cd500000, 0x00000006cd500000|
| 214|0x00000006cd600000, 0x00000006cd600000, 0x00000006cd700000|  0%| F|  |TS  2|AC  0|TAMS 0x00000006cd600000, 0x00000006cd600000|
| 215|0x00000006cd700000, 0x00000006cd700000, 0x00000006cd800000|  0%| F|  |TS  2|AC  0|TAMS 0x00000006cd700000, 0x00000006cd700000|
| 216|0x00000006cd800000, 0x00000006cd800000, 0x00000006cd900000|  0%| F|  |TS  2|AC  0|TAMS 0x00000006cd800000, 0x00000006cd800000|
| 217|0x00000006cd900000, 0x00000006cd900000, 0x00000006cda00000|  0%| F|  |TS  2|AC  0|TAMS 0x00000006cd900000, 0x00000006cd900000|
| 218|0x00000006cda00000, 0x00000006cda00000, 0x00000006cdb00000|  0%| F|  |TS  2|AC  0|TAMS 0x00000006cda00000, 0x00000006cda00000|
| 219|0x00000006cdb00000, 0x00000006cdb00000, 0x00000006cdc00000|  0%| F|  |TS  2|AC  0|TAMS 0x00000006cdb00000, 0x00000006cdb00000|
| 220|0x00000006cdc00000, 0x00000006cdc00000, 0x00000006cdd00000|  0%| F|  |TS  2|AC  0|TAMS 0x00000006cdc00000, 0x00000006cdc00000|
| 221|0x00000006cdd00000, 0x00000006cdd00000, 0x00000006cde00000|  0%| F|  |TS  2|AC  0|TAMS 0x00000006cdd00000, 0x00000006cdd00000|
| 222|0x00000006cde00000, 0x00000006cde00000, 0x00000006cdf00000|  0%| F|  |TS  2|AC  0|TAMS 0x00000006cde00000, 0x00000006cde00000|
| 223|0x00000006cdf00000, 0x00000006cdf00000, 0x00000006ce000000|  0%| F|  |TS  2|AC  0|TAMS 0x00000006cdf00000, 0x00000006cdf00000|
| 224|0x00000006ce000000, 0x00000006ce000000, 0x00000006ce100000|  0%| F|  |TS  2|AC  0|TAMS 0x00000006ce000000, 0x00000006ce000000|
| 225|0x00000006ce100000, 0x00000006ce100000, 0x00000006ce200000|  0%| F|  |TS  2|AC  0|TAMS 0x00000006ce100000, 0x00000006ce100000|
| 226|0x00000006ce200000, 0x00000006ce200000, 0x00000006ce300000|  0%| F|  |TS  2|AC  0|TAMS 0x00000006ce200000, 0x00000006ce200000|
| 227|0x00000006ce300000, 0x00000006ce300000, 0x00000006ce400000|  0%| F|  |TS  2|AC  0|TAMS 0x00000006ce300000, 0x00000006ce300000|
| 228|0x00000006ce400000, 0x00000006ce400000, 0x00000006ce500000|  0%| F|  |TS  2|AC  0|TAMS 0x00000006ce400000, 0x00000006ce400000|
| 229|0x00000006ce500000, 0x00000006ce500000, 0x00000006ce600000|  0%| F|  |TS  2|AC  0|TAMS 0x00000006ce500000, 0x00000006ce500000|
| 230|0x00000006ce600000, 0x00000006ce600000, 0x00000006ce700000|  0%| F|  |TS  2|AC  0|TAMS 0x00000006ce600000, 0x00000006ce600000|
| 231|0x00000006ce700000, 0x00000006ce700000, 0x00000006ce800000|  0%| F|  |TS  2|AC  0|TAMS 0x00000006ce700000, 0x00000006ce700000|
| 232|0x00000006ce800000, 0x00000006ce800000, 0x00000006ce900000|  0%| F|  |TS  2|AC  0|TAMS 0x00000006ce800000, 0x00000006ce800000|
| 233|0x00000006ce900000, 0x00000006ce900000, 0x00000006cea00000|  0%| F|  |TS  2|AC  0|TAMS 0x00000006ce900000, 0x00000006ce900000|
| 234|0x00000006cea00000, 0x00000006cea00000, 0x00000006ceb00000|  0%| F|  |TS  2|AC  0|TAMS 0x00000006cea00000, 0x00000006cea00000|
| 235|0x00000006ceb00000, 0x00000006ceb00000, 0x00000006cec00000|  0%| F|  |TS  2|AC  0|TAMS 0x00000006ceb00000, 0x00000006ceb00000|
| 236|0x00000006cec00000, 0x00000006cec00000, 0x00000006ced00000|  0%| F|  |TS  2|AC  0|TAMS 0x00000006cec00000, 0x00000006cec00000|
| 237|0x00000006ced00000, 0x00000006ced00000, 0x00000006cee00000|  0%| F|  |TS  2|AC  0|TAMS 0x00000006ced00000, 0x00000006ced00000|
| 238|0x00000006cee00000, 0x00000006cee00000, 0x00000006cef00000|  0%| F|  |TS  2|AC  0|TAMS 0x00000006cee00000, 0x00000006cee00000|
| 239|0x00000006cef00000, 0x00000006cef00000, 0x00000006cf000000|  0%| F|  |TS  2|AC  0|TAMS 0x00000006cef00000, 0x00000006cef00000|
| 240|0x00000006cf000000, 0x00000006cf000000, 0x00000006cf100000|  0%| F|  |TS  2|AC  0|TAMS 0x00000006cf000000, 0x00000006cf000000|
| 241|0x00000006cf100000, 0x00000006cf100000, 0x00000006cf200000|  0%| F|  |TS  2|AC  0|TAMS 0x00000006cf100000, 0x00000006cf100000|
| 242|0x00000006cf200000, 0x00000006cf200000, 0x00000006cf300000|  0%| F|  |TS  2|AC  0|TAMS 0x00000006cf200000, 0x00000006cf200000|
| 243|0x00000006cf300000, 0x00000006cf300000, 0x00000006cf400000|  0%| F|  |TS  2|AC  0|TAMS 0x00000006cf300000, 0x00000006cf300000|
| 244|0x00000006cf400000, 0x00000006cf400000, 0x00000006cf500000|  0%| F|  |TS  2|AC  0|TAMS 0x00000006cf400000, 0x00000006cf400000|
| 245|0x00000006cf500000, 0x00000006cf500000, 0x00000006cf600000|  0%| F|  |TS  2|AC  0|TAMS 0x00000006cf500000, 0x00000006cf500000|
| 246|0x00000006cf600000, 0x00000006cf600000, 0x00000006cf700000|  0%| F|  |TS  2|AC  0|TAMS 0x00000006cf600000, 0x00000006cf600000|
| 247|0x00000006cf700000, 0x00000006cf700000, 0x00000006cf800000|  0%| F|  |TS  2|AC  0|TAMS 0x00000006cf700000, 0x00000006cf700000|
| 248|0x00000006cf800000, 0x00000006cf800000, 0x00000006cf900000|  0%| F|  |TS  2|AC  0|TAMS 0x00000006cf800000, 0x00000006cf800000|
| 249|0x00000006cf900000, 0x00000006cf900000, 0x00000006cfa00000|  0%| F|  |TS  2|AC  0|TAMS 0x00000006cf900000, 0x00000006cf900000|
| 250|0x00000006cfa00000, 0x00000006cfa00000, 0x00000006cfb00000|  0%| F|  |TS  2|AC  0|TAMS 0x00000006cfa00000, 0x00000006cfa00000|
| 251|0x00000006cfb00000, 0x00000006cfb00000, 0x00000006cfc00000|  0%| F|  |TS  2|AC  0|TAMS 0x00000006cfb00000, 0x00000006cfb00000|
| 252|0x00000006cfc00000, 0x00000006cfc00000, 0x00000006cfd00000|  0%| F|  |TS  2|AC  0|TAMS 0x00000006cfc00000, 0x00000006cfc00000|
| 253|0x00000006cfd00000, 0x00000006cfd00000, 0x00000006cfe00000|  0%| F|  |TS  2|AC  0|TAMS 0x00000006cfd00000, 0x00000006cfd00000|
| 254|0x00000006cfe00000, 0x00000006cfe00000, 0x00000006cff00000|  0%| F|  |TS  2|AC  0|TAMS 0x00000006cfe00000, 0x00000006cfe00000|
| 255|0x00000006cff00000, 0x00000006cff00000, 0x00000006d0000000|  0%| F|  |TS  2|AC  0|TAMS 0x00000006cff00000, 0x00000006cff00000|
| 256|0x00000006d0000000, 0x00000006d0000000, 0x00000006d0100000|  0%| F|  |TS  2|AC  0|TAMS 0x00000006d0000000, 0x00000006d0000000|
| 257|0x00000006d0100000, 0x00000006d0100000, 0x00000006d0200000|  0%| F|  |TS  2|AC  0|TAMS 0x00000006d0100000, 0x00000006d0100000|
| 258|0x00000006d0200000, 0x00000006d0200000, 0x00000006d0300000|  0%| F|  |TS  2|AC  0|TAMS 0x00000006d0200000, 0x00000006d0200000|
| 259|0x00000006d0300000, 0x00000006d0300000, 0x00000006d0400000|  0%| F|  |TS  2|AC  0|TAMS 0x00000006d0300000, 0x00000006d0300000|
| 260|0x00000006d0400000, 0x00000006d0400000, 0x00000006d0500000|  0%| F|  |TS  2|AC  0|TAMS 0x00000006d0400000, 0x00000006d0400000|
| 261|0x00000006d0500000, 0x00000006d0500000, 0x00000006d0600000|  0%| F|  |TS  2|AC  0|TAMS 0x00000006d0500000, 0x00000006d0500000|
| 262|0x00000006d0600000, 0x00000006d0600000, 0x00000006d0700000|  0%| F|  |TS  2|AC  0|TAMS 0x00000006d0600000, 0x00000006d0600000|
| 263|0x00000006d0700000, 0x00000006d0700000, 0x00000006d0800000|  0%| F|  |TS  2|AC  0|TAMS 0x00000006d0700000, 0x00000006d0700000|
| 264|0x00000006d0800000, 0x00000006d0800000, 0x00000006d0900000|  0%| F|  |TS  2|AC  0|TAMS 0x00000006d0800000, 0x00000006d0800000|
| 265|0x00000006d0900000, 0x00000006d0900000, 0x00000006d0a00000|  0%| F|  |TS  2|AC  0|TAMS 0x00000006d0900000, 0x00000006d0900000|
| 266|0x00000006d0a00000, 0x00000006d0a00000, 0x00000006d0b00000|  0%| F|  |TS  2|AC  0|TAMS 0x00000006d0a00000, 0x00000006d0a00000|
| 267|0x00000006d0b00000, 0x00000006d0b00000, 0x00000006d0c00000|  0%| F|  |TS  2|AC  0|TAMS 0x00000006d0b00000, 0x00000006d0b00000|
| 268|0x00000006d0c00000, 0x00000006d0c00000, 0x00000006d0d00000|  0%| F|  |TS  2|AC  0|TAMS 0x00000006d0c00000, 0x00000006d0c00000|
| 269|0x00000006d0d00000, 0x00000006d0d00000, 0x00000006d0e00000|  0%| F|  |TS  2|AC  0|TAMS 0x00000006d0d00000, 0x00000006d0d00000|
| 270|0x00000006d0e00000, 0x00000006d0e00000, 0x00000006d0f00000|  0%| F|  |TS  2|AC  0|TAMS 0x00000006d0e00000, 0x00000006d0e00000|
| 271|0x00000006d0f00000, 0x00000006d0f00000, 0x00000006d1000000|  0%| F|  |TS  2|AC  0|TAMS 0x00000006d0f00000, 0x00000006d0f00000|
| 272|0x00000006d1000000, 0x00000006d1000000, 0x00000006d1100000|  0%| F|  |TS  2|AC  0|TAMS 0x00000006d1000000, 0x00000006d1000000|
| 273|0x00000006d1100000, 0x00000006d1200000, 0x00000006d1200000|100%| S|  |TS  3|AC  0|TAMS 0x00000006d1100000, 0x00000006d1100000|
| 274|0x00000006d1200000, 0x00000006d1300000, 0x00000006d1300000|100%| S|  |TS  3|AC  0|TAMS 0x00000006d1200000, 0x00000006d1200000|
| 275|0x00000006d1300000, 0x00000006d1400000, 0x00000006d1400000|100%| S|  |TS  3|AC  0|TAMS 0x00000006d1300000, 0x00000006d1300000|
| 276|0x00000006d1400000, 0x00000006d1500000, 0x00000006d1500000|100%| S|  |TS  3|AC  0|TAMS 0x00000006d1400000, 0x00000006d1400000|
| 277|0x00000006d1500000, 0x00000006d1600000, 0x00000006d1600000|100%| S|  |TS  3|AC  0|TAMS 0x00000006d1500000, 0x00000006d1500000|
| 278|0x00000006d1600000, 0x00000006d1700000, 0x00000006d1700000|100%| E|CS|TS  2|AC  0|TAMS 0x00000006d1600000, 0x00000006d1700000|
| 279|0x00000006d1700000, 0x00000006d1800000, 0x00000006d1800000|100%| E|CS|TS  2|AC  0|TAMS 0x00000006d1700000, 0x00000006d1800000|
| 280|0x00000006d1800000, 0x00000006d1900000, 0x00000006d1900000|100%| E|CS|TS  2|AC  0|TAMS 0x00000006d1800000, 0x00000006d1900000|
| 281|0x00000006d1900000, 0x00000006d1a00000, 0x00000006d1a00000|100%| E|CS|TS  2|AC  0|TAMS 0x00000006d1900000, 0x00000006d1a00000|
| 282|0x00000006d1a00000, 0x00000006d1b00000, 0x00000006d1b00000|100%| E|CS|TS  2|AC  0|TAMS 0x00000006d1a00000, 0x00000006d1b00000|
| 283|0x00000006d1b00000, 0x00000006d1c00000, 0x00000006d1c00000|100%| E|CS|TS  2|AC  0|TAMS 0x00000006d1b00000, 0x00000006d1c00000|
| 284|0x00000006d1c00000, 0x00000006d1d00000, 0x00000006d1d00000|100%| E|CS|TS  2|AC  0|TAMS 0x00000006d1c00000, 0x00000006d1d00000|
| 285|0x00000006d1d00000, 0x00000006d1e00000, 0x00000006d1e00000|100%| E|CS|TS  2|AC  0|TAMS 0x00000006d1d00000, 0x00000006d1e00000|
| 286|0x00000006d1e00000, 0x00000006d1f00000, 0x00000006d1f00000|100%| E|CS|TS  2|AC  0|TAMS 0x00000006d1e00000, 0x00000006d1f00000|
| 287|0x00000006d1f00000, 0x00000006d2000000, 0x00000006d2000000|100%| E|CS|TS  2|AC  0|TAMS 0x00000006d1f00000, 0x00000006d2000000|
| 288|0x00000006d2000000, 0x00000006d2100000, 0x00000006d2100000|100%| E|CS|TS  2|AC  0|TAMS 0x00000006d2000000, 0x00000006d2100000|
| 289|0x00000006d2100000, 0x00000006d2200000, 0x00000006d2200000|100%| E|CS|TS  2|AC  0|TAMS 0x00000006d2100000, 0x00000006d2200000|
| 290|0x00000006d2200000, 0x00000006d2300000, 0x00000006d2300000|100%| E|CS|TS  2|AC  0|TAMS 0x00000006d2200000, 0x00000006d2300000|
| 291|0x00000006d2300000, 0x00000006d2400000, 0x00000006d2400000|100%| E|CS|TS  2|AC  0|TAMS 0x00000006d2300000, 0x00000006d2400000|
| 292|0x00000006d2400000, 0x00000006d2500000, 0x00000006d2500000|100%| E|CS|TS  2|AC  0|TAMS 0x00000006d2400000, 0x00000006d2500000|
| 293|0x00000006d2500000, 0x00000006d2600000, 0x00000006d2600000|100%| E|CS|TS  2|AC  0|TAMS 0x00000006d2500000, 0x00000006d2600000|
| 294|0x00000006d2600000, 0x00000006d2700000, 0x00000006d2700000|100%| E|CS|TS  2|AC  0|TAMS 0x00000006d2600000, 0x00000006d2700000|
| 295|0x00000006d2700000, 0x00000006d2800000, 0x00000006d2800000|100%| E|CS|TS  2|AC  0|TAMS 0x00000006d2700000, 0x00000006d2800000|
| 296|0x00000006d2800000, 0x00000006d2900000, 0x00000006d2900000|100%| E|CS|TS  2|AC  0|TAMS 0x00000006d2800000, 0x00000006d2900000|
| 297|0x00000006d2900000, 0x00000006d2a00000, 0x00000006d2a00000|100%| E|CS|TS  2|AC  0|TAMS 0x00000006d2900000, 0x00000006d2a00000|
| 298|0x00000006d2a00000, 0x00000006d2b00000, 0x00000006d2b00000|100%| E|CS|TS  2|AC  0|TAMS 0x00000006d2a00000, 0x00000006d2b00000|
| 299|0x00000006d2b00000, 0x00000006d2c00000, 0x00000006d2c00000|100%| E|CS|TS  2|AC  0|TAMS 0x00000006d2b00000, 0x00000006d2c00000|
| 300|0x00000006d2c00000, 0x00000006d2d00000, 0x00000006d2d00000|100%| E|CS|TS  2|AC  0|TAMS 0x00000006d2c00000, 0x00000006d2d00000|
| 301|0x00000006d2d00000, 0x00000006d2e00000, 0x00000006d2e00000|100%| E|CS|TS  2|AC  0|TAMS 0x00000006d2d00000, 0x00000006d2e00000|
| 302|0x00000006d2e00000, 0x00000006d2f00000, 0x00000006d2f00000|100%| E|CS|TS  2|AC  0|TAMS 0x00000006d2e00000, 0x00000006d2f00000|
| 303|0x00000006d2f00000, 0x00000006d3000000, 0x00000006d3000000|100%| E|CS|TS  2|AC  0|TAMS 0x00000006d2f00000, 0x00000006d3000000|
| 304|0x00000006d3000000, 0x00000006d3100000, 0x00000006d3100000|100%| E|CS|TS  2|AC  0|TAMS 0x00000006d3000000, 0x00000006d3100000|
| 305|0x00000006d3100000, 0x00000006d3200000, 0x00000006d3200000|100%| E|CS|TS  2|AC  0|TAMS 0x00000006d3100000, 0x00000006d3200000|
| 306|0x00000006d3200000, 0x00000006d3300000, 0x00000006d3300000|100%| E|CS|TS  2|AC  0|TAMS 0x00000006d3200000, 0x00000006d3300000|
| 307|0x00000006d3300000, 0x00000006d3400000, 0x00000006d3400000|100%| E|CS|TS  2|AC  0|TAMS 0x00000006d3300000, 0x00000006d3400000|

Card table byte_map: [0x000000001da90000,0x000000001e290000] byte_map_base: 0x000000001a490000

Marking Bits (Prev, Next): (CMBitMap*) 0x0000000026b19180, (CMBitMap*) 0x0000000026b191b8
 Prev Bits: [0x000000001ea90000, 0x0000000022a90000)
 Next Bits: [0x0000000022a90000, 0x0000000026a90000)

Polling page: 0x00000000000f0000

CodeHeap 'non-profiled nmethods': size=120064Kb used=3916Kb max_used=4126Kb free=116147Kb
 bounds [0x00000000151c0000, 0x0000000015600000, 0x000000001c700000]
CodeHeap 'profiled nmethods': size=120000Kb used=12029Kb max_used=13873Kb free=107970Kb
 bounds [0x000000000dc90000, 0x000000000ea20000, 0x00000000151c0000]
CodeHeap 'non-nmethods': size=5696Kb used=1159Kb max_used=1208Kb free=4537Kb
 bounds [0x000000000d700000, 0x000000000d970000, 0x000000000dc90000]
 total_blobs=7724 nmethods=5086 adapters=429
 compilation: enabled

Compilation events (10 events):
Event: 478.181 Thread 0x0000000029516000 5776   !   3       org.apache.catalina.connector.Request::setAttribute (170 bytes)
Event: 478.182 Thread 0x0000000029516000 nmethod 5776 0x000000000dce5c10 code [0x000000000dce5ec0, 0x000000000dce6a78]
Event: 478.182 Thread 0x0000000029516000 5779       3       org.springframework.util.StringUtils::uriDecode (240 bytes)
Event: 478.184 Thread 0x0000000029516000 nmethod 5779 0x000000000dd3fd90 code [0x000000000dd403a0, 0x000000000dd43978]
Event: 478.184 Thread 0x0000000029516000 5777       3       org.springframework.http.HttpMethod::resolve (21 bytes)
Event: 478.185 Thread 0x0000000029516000 nmethod 5777 0x000000000dcd1f90 code [0x000000000dcd2180, 0x000000000dcd2698]
Event: 478.185 Thread 0x0000000029516000 5780       3       org.springframework.util.LinkedCaseInsensitiveMap::get (41 bytes)
Event: 478.185 Thread 0x0000000029516000 nmethod 5780 0x000000000dceca90 code [0x000000000dcecd00, 0x000000000dced8d8]
Event: 478.185 Thread 0x0000000029516000 5778       3       org.apache.catalina.connector.Request::getRequestURI (11 bytes)
Event: 478.185 Thread 0x0000000029516000 nmethod 5778 0x000000000dcd1990 code [0x000000000dcd1b60, 0x000000000dcd1d28]

GC Heap History (10 events):
Event: 1.426 GC heap before
{Heap before GC invocations=3 (full 0):
 garbage-first heap   total 262144K, used 19911K [0x00000006c0000000, 0x00000007c0000000)
  region size 1024K, 16 young (16384K), 2 survivors (2048K)
 Metaspace       used 20716K, capacity 21063K, committed 21296K, reserved 1069056K
  class space    used 2198K, capacity 2376K, committed 2432K, reserved 1048576K
}
Event: 1.429 GC heap after
{Heap after GC invocations=4 (full 0):
 garbage-first heap   total 262144K, used 6900K [0x00000006c0000000, 0x00000007c0000000)
  region size 1024K, 3 young (3072K), 3 survivors (3072K)
 Metaspace       used 20716K, capacity 21063K, committed 21296K, reserved 1069056K
  class space    used 2198K, capacity 2376K, committed 2432K, reserved 1048576K
}
Event: 49.676 GC heap before
{Heap before GC invocations=5 (full 0):
 garbage-first heap   total 262144K, used 57076K [0x00000006c0000000, 0x00000007c0000000)
  region size 1024K, 52 young (53248K), 3 survivors (3072K)
 Metaspace       used 29054K, capacity 29716K, committed 29952K, reserved 1075200K
  class space    used 3225K, capacity 3466K, committed 3584K, reserved 1048576K
}
Event: 49.686 GC heap after
{Heap after GC invocations=6 (full 0):
 garbage-first heap   total 315392K, used 9903K [0x00000006c0000000, 0x00000007c0000000)
  region size 1024K, 5 young (5120K), 5 survivors (5120K)
 Metaspace       used 29054K, capacity 29716K, committed 29952K, reserved 1075200K
  class space    used 3225K, capacity 3466K, committed 3584K, reserved 1048576K
}
Event: 55.344 GC heap before
{Heap before GC invocations=6 (full 0):
 garbage-first heap   total 315392K, used 76463K [0x00000006c0000000, 0x00000007c0000000)
  region size 1024K, 71 young (72704K), 5 survivors (5120K)
 Metaspace       used 34914K, capacity 35741K, committed 35920K, reserved 1081344K
  class space    used 3927K, capacity 4288K, committed 4352K, reserved 1048576K
}
Event: 55.363 GC heap after
{Heap after GC invocations=7 (full 0):
 garbage-first heap   total 315392K, used 13828K [0x00000006c0000000, 0x00000007c0000000)
  region size 1024K, 9 young (9216K), 9 survivors (9216K)
 Metaspace       used 34914K, capacity 35741K, committed 35920K, reserved 1081344K
  class space    used 3927K, capacity 4288K, committed 4352K, reserved 1048576K
}
Event: 67.103 GC heap before
{Heap before GC invocations=8 (full 0):
 garbage-first heap   total 315392K, used 108036K [0x00000006c0000000, 0x00000007c0000000)
  region size 1024K, 101 young (103424K), 9 survivors (9216K)
 Metaspace       used 41584K, capacity 42594K, committed 42752K, reserved 1087488K
  class space    used 4669K, capacity 5068K, committed 5120K, reserved 1048576K
}
Event: 67.131 GC heap after
{Heap after GC invocations=9 (full 0):
 garbage-first heap   total 315392K, used 23105K [0x00000006c0000000, 0x00000007c0000000)
  region size 1024K, 13 young (13312K), 13 survivors (13312K)
 Metaspace       used 41584K, capacity 42594K, committed 42752K, reserved 1087488K
  class space    used 4669K, capacity 5068K, committed 5120K, reserved 1048576K
}
Event: 231.490 GC heap before
{Heap before GC invocations=9 (full 0):
 garbage-first heap   total 315392K, used 132673K [0x00000006c0000000, 0x00000007c0000000)
  region size 1024K, 120 young (122880K), 13 survivors (13312K)
 Metaspace       used 46055K, capacity 47219K, committed 47488K, reserved 1091584K
  class space    used 5189K, capacity 5653K, committed 5760K, reserved 1048576K
}
Event: 231.509 GC heap after
{Heap after GC invocations=10 (full 0):
 garbage-first heap   total 315392K, used 28028K [0x00000006c0000000, 0x00000007c0000000)
  region size 1024K, 6 young (6144K), 6 survivors (6144K)
 Metaspace       used 46055K, capacity 47219K, committed 47488K, reserved 1091584K
  class space    used 5189K, capacity 5653K, committed 5760K, reserved 1048576K
}

Deoptimization events (10 events):
Event: 231.523 Thread 0x000000002a786800 Uncommon trap: reason=unstable_if action=reinterpret pc=0x00000000153120d4 method=java.lang.String.valueOf(Ljava/lang/Object;)Ljava/lang/String; @ 1 c2
Event: 231.523 Thread 0x000000002a786800 Uncommon trap: reason=unstable_if action=reinterpret pc=0x00000000153b37f8 method=java.lang.String.valueOf(Ljava/lang/Object;)Ljava/lang/String; @ 1 c2
Event: 231.531 Thread 0x000000002a786800 Uncommon trap: reason=class_check action=maybe_recompile pc=0x0000000015219dec method=java.util.concurrent.ConcurrentHashMap.putVal(Ljava/lang/Object;Ljava/lang/Object;Z)Ljava/lang/Object; @ 159 c2
Event: 231.531 Thread 0x000000002a786800 Uncommon trap: reason=class_check action=maybe_recompile pc=0x0000000015219dec method=java.util.concurrent.ConcurrentHashMap.putVal(Ljava/lang/Object;Ljava/lang/Object;Z)Ljava/lang/Object; @ 159 c2
Event: 231.531 Thread 0x000000002a786800 Uncommon trap: reason=unstable_if action=reinterpret pc=0x000000001524f8d8 method=java.util.concurrent.ConcurrentHashMap.get(Ljava/lang/Object;)Ljava/lang/Object; @ 152 c2
Event: 260.271 Thread 0x000000002a78c800 Uncommon trap: reason=class_check action=maybe_recompile pc=0x00000000153a65c4 method=java.util.TreeMap.put(Ljava/lang/Object;Ljava/lang/Object;)Ljava/lang/Object; @ 127 c2
Event: 260.568 Thread 0x000000002a788800 Uncommon trap: reason=class_check action=maybe_recompile pc=0x00000000153a65c4 method=java.util.TreeMap.put(Ljava/lang/Object;Ljava/lang/Object;)Ljava/lang/Object; @ 127 c2
Event: 293.237 Thread 0x000000002c2a6000 Uncommon trap: reason=class_check action=maybe_recompile pc=0x00000000153a65c4 method=java.util.TreeMap.put(Ljava/lang/Object;Ljava/lang/Object;)Ljava/lang/Object; @ 127 c2
Event: 327.284 Thread 0x000000002a78b000 Uncommon trap: reason=unstable_if action=reinterpret pc=0x00000000155bb28c method=java.lang.CharacterDataLatin1.digit(II)I @ 60 c2
Event: 327.322 Thread 0x000000002a78b000 Uncommon trap: reason=unstable_if action=reinterpret pc=0x00000000151f15f8 method=java.lang.StringCoding.encodeUTF8(B[BZ)[B @ 2 c2

Classes redefined (0 events):
No events

Internal exceptions (10 events):
Event: 231.414 Thread 0x000000002a786800 Exception <a 'java/lang/ClassNotFoundException'{0x00000006cbe8f348}: org/springframework/web/servlet/view/DefaultRequestToViewNameTranslatorCustomizer> (0x00000006cbe8f348) thrown at [t:/workspace/open/src/hotspot/share/classfile/systemDictionary.cpp, lin
Event: 231.416 Thread 0x000000002a786800 Exception <a 'java/lang/ClassNotFoundException'{0x00000006cbeac170}: org/springframework/web/servlet/RequestToViewNameTranslatorCustomizer> (0x00000006cbeac170) thrown at [t:/workspace/open/src/hotspot/share/classfile/systemDictionary.cpp, line 233]
Event: 231.419 Thread 0x000000002a786800 Exception <a 'java/lang/ClassNotFoundException'{0x00000006cbed7350}: java/lang/ObjectCustomizer> (0x00000006cbed7350) thrown at [t:/workspace/open/src/hotspot/share/classfile/systemDictionary.cpp, line 233]
Event: 231.420 Thread 0x000000002a786800 Exception <a 'java/lang/ClassNotFoundException'{0x00000006cbee7610}: org/springframework/web/servlet/support/AbstractFlashMapManagerCustomizer> (0x00000006cbee7610) thrown at [t:/workspace/open/src/hotspot/share/classfile/systemDictionary.cpp, line 233]
Event: 231.421 Thread 0x000000002a786800 Exception <a 'java/lang/ClassNotFoundException'{0x00000006cbef9310}: org/springframework/web/servlet/support/SessionFlashMapManagerCustomizer> (0x00000006cbef9310) thrown at [t:/workspace/open/src/hotspot/share/classfile/systemDictionary.cpp, line 233]
Event: 231.422 Thread 0x000000002a786800 Exception <a 'java/lang/ClassNotFoundException'{0x00000006cbd07cb8}: org/springframework/web/servlet/FlashMapManagerCustomizer> (0x00000006cbd07cb8) thrown at [t:/workspace/open/src/hotspot/share/classfile/systemDictionary.cpp, line 233]
Event: 231.457 Thread 0x000000002a786800 Exception <a 'java/lang/NoSuchMethodError'{0x00000006cbdef810}: java.lang.invoke.DirectMethodHandle$Holder.invokeStaticInit(Ljava/lang/Object;Ljava/lang/Object;Ljava/lang/Object;Ljava/lang/Object;)V> (0x00000006cbdef810) thrown at [t:/workspace/open/src/h
Event: 231.523 Thread 0x000000002a786800 Implicit null exception at 0x00000000153b37ac to 0x00000000153b37e7
Event: 231.527 Thread 0x000000002a786800 Exception <a 'java/lang/NoSuchMethodError'{0x00000006d33ae720}: java.lang.Object.lambda$thenComparing$36697e65$1(Ljava/util/Comparator;Ljava/lang/Object;Ljava/lang/Object;)I> (0x00000006d33ae720) thrown at [t:/workspace/open/src/hotspot/share/interpreter/
Event: 478.186 Thread 0x000000002a78a000 Exception <a 'java/lang/OutOfMemoryError'{0x00000006d2099a48}> (0x00000006d2099a48) thrown at [t:/workspace/open/src/hotspot/share/prims/jni.cpp, line 632]

Events (10 events):
Event: 478.186 loading class org/springframework/web/servlet/ModelAndViewDefiningException
Event: 478.186 loading class org/springframework/web/servlet/ModelAndViewDefiningException done
Event: 478.187 loading class org/springframework/web/server/ResponseStatusException
Event: 478.187 loading class org/springframework/web/server/ResponseStatusException done
Event: 478.188 loading class org/springframework/web/context/request/async/AsyncRequestTimeoutException
Event: 478.188 loading class org/springframework/web/context/request/async/AsyncRequestTimeoutException done
Event: 478.189 Executing VM operation: RevokeBias
Event: 478.189 Executing VM operation: RevokeBias done
Event: 478.189 loading class ch/qos/logback/classic/spi/ThrowableProxy
Event: 478.189 loading class ch/qos/logback/classic/spi/ThrowableProxy done


Dynamic libraries:
0x000000013f830000 - 0x000000013f86e000 	C:\Program Files\Java\jdk-10.0.2\bin\java.exe
0x0000000077c70000 - 0x0000000077e1a000 	C:\Windows\SYSTEM32\ntdll.dll
0x0000000077a50000 - 0x0000000077b6f000 	C:\Windows\system32\kernel32.dll
0x000007fefdad0000 - 0x000007fefdb3a000 	C:\Windows\system32\KERNELBASE.dll
0x000007feff420000 - 0x000007feff4fb000 	C:\Windows\system32\ADVAPI32.dll
0x000007feff5b0000 - 0x000007feff64f000 	C:\Windows\system32\msvcrt.dll
0x000007feff2d0000 - 0x000007feff2ef000 	C:\Windows\SYSTEM32\sechost.dll
0x000007feff2f0000 - 0x000007feff41d000 	C:\Windows\system32\RPCRT4.dll
0x0000000077b70000 - 0x0000000077c6a000 	C:\Windows\system32\USER32.dll
0x000007feffa50000 - 0x000007feffab7000 	C:\Windows\system32\GDI32.dll
0x000007feff5a0000 - 0x000007feff5ae000 	C:\Windows\system32\LPK.dll
0x000007feff650000 - 0x000007feff71a000 	C:\Windows\system32\USP10.dll
0x000007fefc350000 - 0x000007fefc544000 	C:\Windows\WinSxS\amd64_microsoft.windows.common-controls_6595b64144ccf1df_6.0.7601.18837_none_fa3b1e3d17594757\COMCTL32.dll
0x000007feff250000 - 0x000007feff2c1000 	C:\Windows\system32\SHLWAPI.dll
0x000007fefca10000 - 0x000007fefca1c000 	C:\Windows\system32\VERSION.dll
0x000007feffa00000 - 0x000007feffa2e000 	C:\Windows\system32\IMM32.DLL
0x000007feffac0000 - 0x000007feffbc9000 	C:\Windows\system32\MSCTF.dll
0x000007fee2210000 - 0x000007fee22ff000 	C:\Program Files\Java\jdk-10.0.2\bin\msvcr120.dll
0x000007fee2160000 - 0x000007fee2206000 	C:\Program Files\Java\jdk-10.0.2\bin\msvcp120.dll
0x000000006d040000 - 0x000000006dab0000 	C:\Program Files\Java\jdk-10.0.2\bin\server\jvm.dll
0x000007fefa710000 - 0x000007fefa719000 	C:\Windows\system32\WSOCK32.dll
0x000007feff9b0000 - 0x000007feff9fd000 	C:\Windows\system32\WS2_32.dll
0x000007feff720000 - 0x000007feff728000 	C:\Windows\system32\NSI.dll
0x000007fefa100000 - 0x000007fefa13b000 	C:\Windows\system32\WINMM.dll
0x0000000077e40000 - 0x0000000077e47000 	C:\Windows\system32\PSAPI.DLL
0x000007feef930000 - 0x000007feef93f000 	C:\Program Files\Java\jdk-10.0.2\bin\verify.dll
0x000007fef9e60000 - 0x000007fef9f85000 	C:\Windows\system32\DBGHELP.DLL
0x000007fee3a90000 - 0x000007fee3ab7000 	C:\Program Files\Java\jdk-10.0.2\bin\java.dll
0x000007fee37a0000 - 0x000007fee37b6000 	C:\Program Files\Java\jdk-10.0.2\bin\zip.dll
0x000007fee3ae0000 - 0x000007fee3aea000 	C:\Program Files\Java\jdk-10.0.2\bin\jimage.dll
0x000007fefe190000 - 0x000007fefef19000 	C:\Windows\system32\SHELL32.dll
0x000007fefdf90000 - 0x000007fefe18c000 	C:\Windows\system32\ole32.dll
0x000007fefd960000 - 0x000007fefd96f000 	C:\Windows\system32\profapi.dll
0x000007fee3620000 - 0x000007fee363a000 	C:\Program Files\Java\jdk-10.0.2\bin\net.dll
0x000007fefab20000 - 0x000007fefab91000 	C:\Windows\system32\WINHTTP.dll
0x000007fefaa90000 - 0x000007fefaaf4000 	C:\Windows\system32\webio.dll
0x000007fefd0f0000 - 0x000007fefd145000 	C:\Windows\system32\mswsock.dll
0x000007fefd0e0000 - 0x000007fefd0e7000 	C:\Windows\System32\wship6.dll
0x000007fee3ac0000 - 0x000007fee3ad1000 	C:\Program Files\Java\jdk-10.0.2\bin\nio.dll
0x000007fee3790000 - 0x000007fee3799000 	C:\Program Files\Java\jdk-10.0.2\bin\management.dll
0x000007fee2d60000 - 0x000007fee2d6a000 	C:\Program Files\Java\jdk-10.0.2\bin\management_ext.dll
0x000007fefc180000 - 0x000007fefc195000 	C:\Windows\system32\NLAapi.dll
0x000007fefa730000 - 0x000007fefa745000 	C:\Windows\system32\napinsp.dll
0x000007fefcf70000 - 0x000007fefcfcb000 	C:\Windows\system32\DNSAPI.dll
0x000007fefa760000 - 0x000007fefa76b000 	C:\Windows\System32\winrnr.dll
0x000007fefcae0000 - 0x000007fefcae7000 	C:\Windows\System32\wshtcpip.dll
0x000007fefbc30000 - 0x000007fefbc57000 	C:\Windows\system32\IPHLPAPI.DLL
0x000007fefbaf0000 - 0x000007fefbafb000 	C:\Windows\system32\WINNSI.DLL
0x000007fefb0c0000 - 0x000007fefb0c8000 	C:\Windows\system32\rasadhlp.dll
0x000007fefb9f0000 - 0x000007fefba43000 	C:\Windows\System32\fwpuclnt.dll
0x000007fefd150000 - 0x000007fefd168000 	C:\Windows\system32\CRYPTSP.dll
0x000007fefce50000 - 0x000007fefce97000 	C:\Windows\system32\rsaenh.dll
0x000007fefd980000 - 0x000007fefd99e000 	C:\Windows\system32\USERENV.dll
0x000007fefd7c0000 - 0x000007fefd7cf000 	C:\Windows\system32\CRYPTBASE.dll
0x000007fefb8c0000 - 0x000007fefb8d1000 	C:\Windows\system32\dhcpcsvc6.DLL
0x000007fefb890000 - 0x000007fefb8a8000 	C:\Windows\system32\dhcpcsvc.DLL
0x000007fee3a60000 - 0x000007fee3a6b000 	C:\Program Files\Java\jdk-10.0.2\bin\sunmscapi.dll
0x000007fefdb60000 - 0x000007fefdccd000 	C:\Windows\system32\CRYPT32.dll
0x000007fefd970000 - 0x000007fefd97f000 	C:\Windows\system32\MSASN1.dll
0x000007fee2660000 - 0x000007fee2683000 	C:\Program Files\Java\jdk-10.0.2\bin\sunec.dll

dbghelp: loaded successfully - version: 4.0.5 - missing functions: none
symbol engine: initialized successfully - sym options: 0x614 - pdb path: .;C:\Program Files\Java\jdk-10.0.2\bin;C:\Windows\SYSTEM32;C:\Windows\WinSxS\amd64_microsoft.windows.common-controls_6595b64144ccf1df_6.0.7601.18837_none_fa3b1e3d17594757;C:\Program Files\Java\jdk-10.0.2\bin\server

VM Arguments:
java_command: com.vistaprint.api.ApiRethinkdbApplication
java_class_path (initial): C:\Users\Administrator\Desktop\hassen_hosni\spring\vistaprintapi\api\target\classes;C:\Users\Administrator\.m2\repository\org\apache\cassandra\deps\avro\1.4.0-cassandra-1\avro-1.4.0-cassandra-1.jar;C:\Users\Administrator\.m2\repository\org\springframework\spring-aop\5.0.8.RELEASE\spring-aop-5.0.8.RELEASE.jar;C:\Users\Administrator\.m2\repository\org\apache\tomcat\embed\tomcat-embed-websocket\8.5.32\tomcat-embed-websocket-8.5.32.jar;C:\Users\Administrator\.m2\repository\org\apache\httpcomponents\httpcore\4.4.10\httpcore-4.4.10.jar;C:\Users\Administrator\.m2\repository\commons-lang\commons-lang\2.4\commons-lang-2.4.jar;C:\Users\Administrator\.m2\repository\org\antlr\stringtemplate\3.2\stringtemplate-3.2.jar;C:\Users\Administrator\.m2\repository\org\springframework\boot\spring-boot\2.0.4.RELEASE\spring-boot-2.0.4.RELEASE.jar;C:\Users\Administrator\.m2\repository\org\apache\tomcat\embed\tomcat-embed-el\8.5.32\tomcat-embed-el-8.5.32.jar;C:\Users\Administrator\.m2\repository\org\springframework\spring-messaging\5.0.8.RELEASE\spring-messaging-5.0.8.RELEASE.jar;C:\Users\Administrator\.m2\repository\com\rethinkdb\rethinkdb-driver\2.3.3\rethinkdb-driver-2.3.3.jar;C:\Users\Administrator\.m2\repository\org\mortbay\jetty\jetty-util\6.1.22\jetty-util-6.1.22.jar;C:\Users\Administrator\.m2\repository\javax\validation\validation-api\2.0.1.Final\validation-api-2.0.1.Final.jar;C:\Users\Administrator\.m2\repository\org\springframework\spring-web\5.0.8.RELEASE\spring-web-5.0.8.RELEASE.jar;C:\Users\Administrator\.m2\repository\org\springframework\spring-expression\5.0.8.RELEASE\spring-expression-5.0.8.RELEASE.jar;C:\Users\Administrator\.m2\repository\org\antlr\antlr\3.2\antlr-3.2.jar;C:\Users\Administrator\.m2\repository\antlr\antlr\2.7.7\antlr-2.7.7.jar;C:\Users\Administrator\.m2\repository\org\springframework\spring-jcl\5.0.8.RELEASE\spring-jcl-5.0.8.RELEASE.jar;C:\Users\Administrator\.m2\repository\org\springframework\spring-beans\5.0.8.RELEASE\spring-bean
Launcher Type: SUN_STANDARD

Logging:
Log output configuration:
#0: stdout all=warning uptime,level,tags
#1: stderr all=off uptime,level,tags

Environment Variables:
JAVA_HOME=C:/Program Files/Java/jdk-10.0.2
PATH=C:\Users\Administrator\bin;C:\Program Files\Git\mingw64\bin;C:\Program Files\Git\usr\local\bin;C:\Program Files\Git\usr\bin;C:\Program Files\Git\usr\bin;C:\Program Files\Git\mingw64\bin;C:\Program Files\Git\usr\bin;C:\Users\Administrator\bin;C:\Program Files (x86)\Common Files\Oracle\Java\javapath;C:\Windows\system32;C:\Windows;C:\Windows\System32\Wbem;C:\Windows\System32\WindowsPowerShell\v1.0;C:\Program Files\Amazon\cfn-bootstrap;C:\ProgramData\chocolatey\bin;C:\Program Files (x86)\Subversion\bin;C:\Program Files (x86)\Git\cmd;C:\tools\ruby24\bin;C:\vp\devenv\ps;C:\vp\devenv\bin;C:\Program Files\nodejs;C:\Windows\Microsoft.NET\Framework64\v4.0.30319;C:\Program Files\Git\cmd;C:\Program Files\TortoiseSVN\bin;C:\salt;C:\Program Files\nodejs;C:\Program Files (x86)\GitExtensions;C:\Program Files\Microsoft VS Code\bin;C:\Users\Administrator\AppData\Roaming\npm;C:\Program Files\Java\jdk-10.0.2;C:\Users\Administrator\AppData\Local\Programs\Microsoft VS Code\bin;C:\Program Files\Git\usr\bin\vendor_perl;C:\Program Files\Git\usr\bin\core_perl
USERNAME=Administrator
SHELL=C:\Program Files\Git\usr\bin\bash.exe
DISPLAY=needs-to-be-defined
OS=Windows_NT
PROCESSOR_IDENTIFIER=Intel64 Family 6 Model 63 Stepping 2, GenuineIntel



---------------  S Y S T E M  ---------------

OS: Windows Server 2008 R2 , 64 bit Build 7601 (6.1.7601.23796)

CPU:total 4 (initial active 4) (1 cores per cpu, 1 threads per core) family 6 model 63 stepping 2, cmov, cx8, fxsr, mmx, sse, sse2, sse3, ssse3, sse4.1, sse4.2, popcnt, avx, avx2, aes, clmul, erms, lzcnt, tsc, tscinvbit, bmi1, bmi2, fma

Memory: 4k page, physical 16776696k(2816408k free), swap 16774836k(5096k free)

vm_info: Java HotSpot(TM) 64-Bit Server VM (10.0.2+13) for windows-amd64 JRE (10.0.2+13), built on Jun 28 2018 01:57:56 by "mach5one" with MS VC++ 12.0 (VS2013)

END.
